iteration 0 
([1.0, 1.0, 1.0, 0.9682246904294749, 1.0, 1.0], [1, 1, 1, 1, 1, 1], 1) 
hit_rate: 0.9 
iteration 1 
([1.0, 1.0, 1.0, 1.4202209128642909, 1.0, 1.0], [1, 1, 1, 1, 1, 1], 1) 
hit_rate: 0.9 
iteration 2 
([1.0, 1.0, 1.6806948054249828, 1.4202209128642909, 1.0, 1.0], [1, 1, 1, 1, 1, 1], 1) 
hit_rate: 0.9 
iteration 3 
([1.0, 1.0, 2.2166299742645483, 1.4202209128642909, 1.0, 1.0], [1, 1, 1, 1, 1, 1], 1) 
hit_rate: 0.9 
iteration 4 
([1.0, 1.0, 2.2166299742645483, 1.0361136286688097, 1.0, 1.0], [1, 1, 1, 1, 1, 1], 1) 
hit_rate: 0.9 
iteration 5 
([1.0, 1.2818501919074565, 2.2166299742645483, 1.0361136286688097, 1.0, 1.0], [1, 1, 1, 1, 1, 1], 1) 
hit_rate: 0.9 
iteration 6 
([1.0, 1.2818501919074565, 2.2166299742645483, 1.0361136286688097, 1.5006966689563321, 1.0], [1, 1, 1, 1, 1, 1], 1) 
hit_rate: 0.9 
iteration 7 
([0.24393036408074353, 1.2818501919074565, 2.2166299742645483, 1.0361136286688097, 1.5006966689563321, 1.0], [1, 1, 1, 1, 1, 1], 1) 
hit_rate: 1.0 
iteration 8 
([0.24393036408074353, 1.7865838344455856, 2.2166299742645483, 1.0361136286688097, 1.5006966689563321, 1.0], [1, 1, 1, 1, 1, 1], 1) 
hit_rate: 1.0 
iteration 9 
([0.24393036408074353, 1.7865838344455856, 2.2166299742645483, 1.5714834270991083, 1.5006966689563321, 1.0], [1, 1, 1, 1, 1, 1], 3) 
hit_rate: 0.9 
iteration 10 
([0.24393036408074353, 1.7865838344455856, 2.2166299742645483, 1.3645898089641182, 1.5006966689563321, 1.0], [1, 1, 1, 1, 1, 1], 1) 
hit_rate: 1.0 
iteration 11 
([0.24393036408074353, 1.0974479722604837, 2.2166299742645483, 1.3645898089641182, 1.5006966689563321, 1.0], [1, 1, 1, 1, 1, 1], 1) 
hit_rate: 1.0 
iteration 12 
([0.42687801947207338, 1.0974479722604837, 2.2166299742645483, 1.3645898089641182, 1.5006966689563321, 1.0], [1, 1, 1, 1, 1, 1], 1) 
hit_rate: 1.0 
iteration 13 
([0.42687801947207338, 1.0974479722604837, 2.2166299742645483, 1.2933889527389058, 1.5006966689563321, 1.0], [1, 1, 1, 1, 1, 1], 1) 
hit_rate: 1.0 
iteration 14 
([0.42687801947207338, 1.0974479722604837, 1.5386464624278489, 1.2933889527389058, 1.5006966689563321, 1.0], [1, 1, 1, 1, 1, 1], 3) 
hit_rate: 1.0 
iteration 15 
([0.42687801947207338, 1.0974479722604837, 1.5386464624278489, 1.2933889527389058, 1.6127855505918942, 1.0], [1, 1, 1, 1, 1, 1], 1) 
hit_rate: 1.0 
iteration 16 
([0.42687801947207338, 1.0974479722604837, 2.2923926020466863, 1.2933889527389058, 1.6127855505918942, 1.0], [1, 1, 1, 1, 1, 1], 3) 
hit_rate: 1.0 
iteration 17 
([0.1862029620001846, 1.0974479722604837, 2.2923926020466863, 1.2933889527389058, 1.6127855505918942, 1.0], [1, 1, 1, 1, 1, 1], 1) 
hit_rate: 1.0 
iteration 18 
([0.1862029620001846, 1.0974479722604837, 2.2923926020466863, 1.2933889527389058, 1.2868066718430371, 1.0], [1, 1, 1, 1, 1, 1], 1) 
hit_rate: 1.0 
iteration 19 
([0.1862029620001846, 1.0974479722604837, 2.2923926020466863, 1.2933889527389058, 2.030059239692354, 1.0], [1, 1, 1, 1, 1, 1], 1) 
hit_rate: 1.0 
iteration 20 
([0.1862029620001846, 1.0974479722604837, 2.2923926020466863, 1.2933889527389058, 2.030059239692354, 1.3078935936709746], [1, 1, 1, 1, 1, 1], 3) 
hit_rate: 1.0 
iteration 21 
([0.1862029620001846, 0.4869288013489681, 2.2923926020466863, 1.2933889527389058, 2.030059239692354, 1.3078935936709746], [1, 1, 1, 1, 1, 1], 3) 
hit_rate: 1.0 
iteration 22 
([-0.41413575956784077, 0.4869288013489681, 2.2923926020466863, 1.2933889527389058, 2.030059239692354, 1.3078935936709746], [1, 1, 1, 1, 1, 1], 3) 
hit_rate: 1.0 
iteration 23 
([-0.41413575956784077, 0.4869288013489681, 2.2923926020466863, 1.2933889527389058, 2.030059239692354, 1.1855681062248065], [1, 1, 1, 1, 1, 1], 1) 
hit_rate: 1.0 
iteration 24 
([-0.41413575956784077, 0.4869288013489681, 2.024292325719673, 1.2933889527389058, 2.030059239692354, 1.1855681062248065], [1, 1, 1, 1, 1, 1], 7) 
hit_rate: 1.0 
iteration 25 
([-0.41413575956784077, 0.49185482409745784, 2.024292325719673, 1.2933889527389058, 2.030059239692354, 1.1855681062248065], [1, 1, 1, 1, 1, 1], 9) 
hit_rate: 1.0 
iteration 26 
([-0.41413575956784077, 0.49185482409745784, 2.024292325719673, 2.048394988949314, 2.030059239692354, 1.1855681062248065], [1, 1, 1, 1, 1, 1], 7) 
hit_rate: 1.0 
iteration 27 
([-0.41413575956784077, -0.48280288433982754, 2.024292325719673, 2.048394988949314, 2.030059239692354, 1.1855681062248065], [1, 1, 1, 1, 1, 1], 7) 
hit_rate: 1.0 
iteration 28 
([-0.41413575956784077, -0.48280288433982754, 2.024292325719673, 2.3403521360364996, 2.030059239692354, 1.1855681062248065], [1, 1, 1, 1, 1, 1], 7) 
hit_rate: 1.0 
iteration 29 
([-0.41413575956784077, -1.1430996356426892, 2.024292325719673, 2.3403521360364996, 2.030059239692354, 1.1855681062248065], [1, 1, 1, 1, 1, 1], 3) 
hit_rate: 1.0 
iteration 30 
([-0.41413575956784077, -1.308581651478266, 2.024292325719673, 2.3403521360364996, 2.030059239692354, 1.1855681062248065], [1, 1, 1, 1, 1, 1], 3) 
hit_rate: 1.0 
iteration 31 
([-0.41413575956784077, -0.58138306526135586, 2.024292325719673, 2.3403521360364996, 2.030059239692354, 1.1855681062248065], [1, 1, 1, 1, 1, 1], 3) 
hit_rate: 1.0 
iteration 32 
([-0.41413575956784077, -1.1603730233448357, 2.024292325719673, 2.3403521360364996, 2.030059239692354, 1.1855681062248065], [1, 1, 1, 1, 1, 1], 3) 
hit_rate: 1.0 
iteration 33 
([-0.41413575956784077, -1.1603730233448357, 1.9170502841524157, 2.3403521360364996, 2.030059239692354, 1.1855681062248065], [1, 1, 1, 1, 1, 1], 3) 
hit_rate: 1.0 
iteration 34 
([0.26343761779624231, -1.1603730233448357, 1.9170502841524157, 2.3403521360364996, 2.030059239692354, 1.1855681062248065], [1, 1, 1, 1, 1, 1], 1) 
hit_rate: 1.0 
iteration 35 
([0.26343761779624231, -1.1603730233448357, 1.9170502841524157, 2.3013299000064631, 2.030059239692354, 1.1855681062248065], [1, 1, 1, 1, 1, 1], 1) 
hit_rate: 1.0 
iteration 36 
([0.26343761779624231, -1.1603730233448357, 1.9170502841524157, 1.3865128488331946, 2.030059239692354, 1.1855681062248065], [1, 1, 1, 1, 1, 1], 3) 
hit_rate: 1.0 
iteration 37 
([0.26343761779624231, -1.1603730233448357, 1.9170502841524157, 1.0729532997435944, 2.030059239692354, 1.1855681062248065], [1, 1, 1, 1, 1, 1], 3) 
hit_rate: 1.0 
iteration 38 
([0.26343761779624231, -1.1603730233448357, 1.9170502841524157, 1.0729532997435944, 2.030059239692354, 1.054161990246788], [1, 1, 1, 1, 1, 1], 1) 
hit_rate: 1.0 
iteration 39 
([0.26343761779624231, -1.1603730233448357, 1.9170502841524157, 1.603926063875255, 2.030059239692354, 1.054161990246788], [1, 1, 1, 1, 1, 1], 3) 
hit_rate: 1.0 
iteration 40 
([0.45684522225455559, -1.1603730233448357, 1.9170502841524157, 1.603926063875255, 2.030059239692354, 1.054161990246788], [1, 1, 1, 1, 1, 1], 3) 
hit_rate: 1.0 
iteration 41 
([0.45684522225455559, -1.1873377881351881, 1.9170502841524157, 1.603926063875255, 2.030059239692354, 1.054161990246788], [1, 1, 1, 1, 1, 1], 3) 
hit_rate: 1.0 
iteration 42 
([0.45684522225455559, -1.1873377881351881, 1.9170502841524157, 1.603926063875255, 2.0326931477953343, 1.054161990246788], [1, 1, 1, 1, 1, 1], 1) 
hit_rate: 1.0 
iteration 43 
([0.45684522225455559, -1.1873377881351881, 1.7579601055569882, 1.603926063875255, 2.0326931477953343, 1.054161990246788], [1, 1, 1, 1, 1, 1], 3) 
hit_rate: 1.0 
iteration 44 
([0.45684522225455559, -1.1873377881351881, 2.1201202922827189, 1.603926063875255, 2.0326931477953343, 1.054161990246788], [1, 1, 1, 1, 1, 1], 3) 
hit_rate: 1.0 
iteration 45 
([-0.44015975503686655, -1.1873377881351881, 2.1201202922827189, 1.603926063875255, 2.0326931477953343, 1.054161990246788], [1, 1, 1, 1, 1, 1], 1) 
hit_rate: 1.0 
iteration 46 
([-0.44015975503686655, -1.1873377881351881, 2.1201202922827189, 1.603926063875255, 2.5820185797471367, 1.054161990246788], [1, 1, 1, 1, 1, 1], 1) 
hit_rate: 1.0 
iteration 47 
([-0.44015975503686655, -1.1873377881351881, 2.1201202922827189, 1.603926063875255, 2.5820185797471367, 1.4613623389252917], [1, 1, 1, 1, 1, 1], 3) 
hit_rate: 1.0 
iteration 48 
([-0.44015975503686655, -1.1873377881351881, 2.2172136980754833, 1.603926063875255, 2.5820185797471367, 1.4613623389252917], [1, 1, 1, 1, 1, 1], 3) 
hit_rate: 1.0 
iteration 49 
([0.47159075277250606, -1.1873377881351881, 2.2172136980754833, 1.603926063875255, 2.5820185797471367, 1.4613623389252917], [1, 1, 1, 1, 1, 1], 3) 
hit_rate: 1.0 
iteration 50 
([0.65976252139550273, -1.1873377881351881, 2.2172136980754833, 1.603926063875255, 2.5820185797471367, 1.4613623389252917], [1, 1, 1, 1, 1, 1], 3) 
hit_rate: 1.0 
iteration 51 
([0.65976252139550273, -1.1873377881351881, 2.2172136980754833, 1.603926063875255, 2.5820185797471367, 2.3316818648141213], [1, 1, 1, 1, 1, 1], 3) 
hit_rate: 1.0 
iteration 52 
([0.65976252139550273, -1.1873377881351881, 2.2172136980754833, 1.603926063875255, 2.9921384549750929, 2.3316818648141213], [1, 1, 1, 1, 1, 1], 3) 
hit_rate: 1.0 
iteration 53 
([0.65976252139550273, -0.59577821216880711, 2.2172136980754833, 1.603926063875255, 2.9921384549750929, 2.3316818648141213], [1, 1, 1, 1, 1, 1], 3) 
hit_rate: 1.0 
iteration 54 
([0.65976252139550273, -0.59577821216880711, 2.2172136980754833, 1.603926063875255, 2.0675754096992147, 2.3316818648141213], [1, 1, 1, 1, 1, 1], 3) 
hit_rate: 1.0 
iteration 55 
([-0.19343552639006201, -0.59577821216880711, 2.2172136980754833, 1.603926063875255, 2.0675754096992147, 2.3316818648141213], [1, 1, 1, 1, 1, 1], 9) 
hit_rate: 1.0 
iteration 56 
([-0.19343552639006201, -0.59577821216880711, 2.2172136980754833, 1.603926063875255, 1.4473951339531501, 2.3316818648141213], [1, 1, 1, 1, 1, 1], 3) 
hit_rate: 1.0 
iteration 57 
([-0.19343552639006201, -0.59577821216880711, 1.9113687333141718, 1.603926063875255, 1.4473951339531501, 2.3316818648141213], [1, 1, 1, 1, 1, 1], 3) 
hit_rate: 1.0 
iteration 58 
([-0.19343552639006201, -0.59577821216880711, 1.9113687333141718, 1.603926063875255, 0.93519880082025386, 2.3316818648141213], [1, 1, 1, 1, 1, 1], 7) 
hit_rate: 1.0 
iteration 59 
([-0.19343552639006201, -0.59577821216880711, 1.9113687333141718, 2.2692057353280899, 0.93519880082025386, 2.3316818648141213], [1, 1, 1, 1, 1, 1], 9) 
hit_rate: 1.0 
iteration 60 
([-0.19343552639006201, -0.59577821216880711, 2.5166804920941317, 2.2692057353280899, 0.93519880082025386, 2.3316818648141213], [1, 1, 1, 1, 1, 1], 3) 
hit_rate: 1.0 
iteration 61 
([-0.19343552639006201, -0.59577821216880711, 2.5166804920941317, 2.2692057353280899, 0.93519880082025386, 3.194879654626698], [1, 1, 1, 1, 1, 1], 9) 
hit_rate: 1.0 
iteration 62 
([0.24308917394880103, -0.59577821216880711, 2.5166804920941317, 2.2692057353280899, 0.93519880082025386, 3.194879654626698], [1, 1, 1, 1, 1, 1], 5) 
hit_rate: 1.0 
iteration 63 
([0.24308917394880103, -0.59577821216880711, 2.5166804920941317, 2.2692057353280899, 0.52174642382937875, 3.194879654626698], [1, 1, 1, 1, 1, 1], 9) 
hit_rate: 1.0 
iteration 64 
([0.24308917394880103, -0.59577821216880711, 2.456035184112729, 2.2692057353280899, 0.52174642382937875, 3.194879654626698], [1, 1, 1, 1, 1, 1], 7) 
hit_rate: 1.0 
iteration 65 
([0.24308917394880103, -0.59577821216880711, 2.456035184112729, 2.2692057353280899, -0.080021019888554701, 3.194879654626698], [1, 1, 1, 1, 1, 1], 7) 
hit_rate: 1.0 
iteration 66 
([0.24308917394880103, -0.59577821216880711, 2.456035184112729, 2.2692057353280899, -0.63493891450947015, 3.194879654626698], [1, 1, 1, 1, 1, 1], 5) 
hit_rate: 1.0 
iteration 67 
([0.24308917394880103, -0.59577821216880711, 2.456035184112729, 2.1014952378115361, -0.63493891450947015, 3.194879654626698], [1, 1, 1, 1, 1, 1], 7) 
hit_rate: 1.0 
iteration 68 
([0.24308917394880103, -0.59577821216880711, 2.456035184112729, 2.8105267466566204, -0.63493891450947015, 3.194879654626698], [1, 1, 1, 1, 1, 1], 7) 
hit_rate: 1.0 
iteration 69 
([0.24308917394880103, -0.59577821216880711, 2.456035184112729, 2.8105267466566204, -0.63493891450947015, 2.524768728445216], [1, 1, 1, 1, 1, 1], 9) 
hit_rate: 1.0 
iteration 70 
([0.24308917394880103, -0.59577821216880711, 2.456035184112729, 2.8105267466566204, -0.63493891450947015, 2.6752515081700183], [1, 1, 1, 1, 1, 1], 9) 
hit_rate: 1.0 
iteration 71 
([0.24308917394880103, -0.59577821216880711, 2.456035184112729, 2.8105267466566204, -0.11817887351597611, 2.6752515081700183], [1, 1, 1, 1, 1, 1], 5) 
hit_rate: 1.0 
iteration 72 
([0.24308917394880103, -0.59577821216880711, 2.456035184112729, 1.9496237179972757, -0.11817887351597611, 2.6752515081700183], [1, 1, 1, 1, 1, 1], 9) 
hit_rate: 1.0 
iteration 73 
([0.24308917394880103, -0.59577821216880711, 2.456035184112729, 1.9496237179972757, -0.11817887351597611, 3.3023830489418211], [1, 1, 1, 1, 1, 1], 9) 
hit_rate: 1.0 
iteration 74 
([0.24308917394880103, -1.133326420199338, 2.456035184112729, 1.9496237179972757, -0.11817887351597611, 3.3023830489418211], [1, 1, 1, 1, 1, 1], 5) 
hit_rate: 1.0 
iteration 75 
([0.24308917394880103, -1.133326420199338, 2.456035184112729, 2.7540929627506001, -0.11817887351597611, 3.3023830489418211], [1, 1, 1, 1, 1, 1], 7) 
hit_rate: 1.0 
iteration 76 
([0.24308917394880103, -1.133326420199338, 2.456035184112729, 2.7540929627506001, -0.7311855555198068, 3.3023830489418211], [1, 1, 1, 1, 1, 1], 9) 
hit_rate: 1.0 
iteration 77 
([0.24308917394880103, -1.133326420199338, 1.9989056921093313, 2.7540929627506001, -0.7311855555198068, 3.3023830489418211], [1, 1, 1, 1, 1, 1], 5) 
hit_rate: 1.0 
iteration 78 
([0.24308917394880103, -0.80734406337947995, 1.9989056921093313, 2.7540929627506001, -0.7311855555198068, 3.3023830489418211], [1, 1, 1, 1, 1, 1], 5) 
hit_rate: 1.0 
iteration 79 
([0.24308917394880103, -0.80734406337947995, 1.9989056921093313, 2.7540929627506001, -0.46373621049104563, 3.3023830489418211], [1, 1, 1, 1, 1, 1], 9) 
hit_rate: 1.0 
iteration 80 
([0.24308917394880103, -0.80734406337947995, 1.9989056921093313, 2.7540929627506001, -0.46373621049104563, 2.3584404764148936], [1, 1, 1, 1, 1, 1], 7) 
hit_rate: 1.0 
iteration 81 
([0.24308917394880103, -0.80734406337947995, 1.9989056921093313, 1.9991858971330732, -0.46373621049104563, 2.3584404764148936], [1, 1, 1, 1, 1, 1], 7) 
hit_rate: 1.0 
iteration 82 
([0.24308917394880103, -0.80734406337947995, 1.9989056921093313, 1.9991858971330732, -1.4155909373861471, 2.3584404764148936], [1, 1, 1, 1, 1, 1], 9) 
hit_rate: 1.0 
iteration 83 
([0.24308917394880103, -0.80734406337947995, 1.9989056921093313, 2.1040979205494201, -1.4155909373861471, 2.3584404764148936], [1, 1, 1, 1, 1, 1], 7) 
hit_rate: 1.0 
iteration 84 
([0.24308917394880103, -0.80734406337947995, 2.5738676769129203, 2.1040979205494201, -1.4155909373861471, 2.3584404764148936], [1, 1, 1, 1, 1, 1], 3) 
hit_rate: 1.0 
iteration 85 
([0.24308917394880103, -0.62548074317844637, 2.5738676769129203, 2.1040979205494201, -1.4155909373861471, 2.3584404764148936], [1, 1, 1, 1, 1, 1], 3) 
hit_rate: 1.0 
iteration 86 
([0.24308917394880103, -0.62548074317844637, 3.0219667505402414, 2.1040979205494201, -1.4155909373861471, 2.3584404764148936], [1, 1, 1, 1, 1, 1], 5) 
hit_rate: 1.0 
iteration 87 
([0.24308917394880103, -0.62548074317844637, 3.0219667505402414, 1.9794961985280304, -1.4155909373861471, 2.3584404764148936], [1, 1, 1, 1, 1, 1], 3) 
hit_rate: 1.0 
iteration 88 
([0.24308917394880103, -0.62548074317844637, 3.7462393786014365, 1.9794961985280304, -1.4155909373861471, 2.3584404764148936], [1, 1, 1, 1, 1, 1], 7) 
hit_rate: 1.0 
iteration 89 
([0.99925936676260485, -0.62548074317844637, 3.7462393786014365, 1.9794961985280304, -1.4155909373861471, 2.3584404764148936], [1, 1, 1, 1, 1, 1], 3) 
hit_rate: 1.0 
iteration 90 
([0.99925936676260485, -0.62548074317844637, 3.7462393786014365, 1.9794961985280304, -1.4155909373861471, 2.6929205625855026], [1, 1, 1, 1, 1, 1], 3) 
hit_rate: 1.0 
iteration 91 
([0.49890892994435343, -0.62548074317844637, 3.7462393786014365, 1.9794961985280304, -1.4155909373861471, 2.6929205625855026], [1, 1, 1, 1, 1, 1], 7) 
hit_rate: 1.0 
iteration 92 
([0.49890892994435343, -0.62548074317844637, 3.7462393786014365, 1.6239571545701241, -1.4155909373861471, 2.6929205625855026], [1, 1, 1, 1, 1, 1], 7) 
hit_rate: 1.0 
iteration 93 
([0.49890892994435343, -0.62548074317844637, 3.3350488868814816, 1.6239571545701241, -1.4155909373861471, 2.6929205625855026], [1, 1, 1, 1, 1, 1], 7) 
hit_rate: 1.0 
iteration 94 
([0.49890892994435343, -0.62548074317844637, 3.3350488868814816, 1.6239571545701241, -1.4155909373861471, 2.0691072008803002], [1, 1, 1, 1, 1, 1], 7) 
hit_rate: 1.0 
iteration 95 
([0.49890892994435343, -0.62548074317844637, 3.3350488868814816, 1.6239571545701241, -1.5446777004908474, 2.0691072008803002], [1, 1, 1, 1, 1, 1], 7) 
hit_rate: 1.0 
iteration 96 
([0.49890892994435343, -0.62548074317844637, 3.3350488868814816, 1.6239571545701241, -2.0943089609689292, 2.0691072008803002], [1, 1, 1, 1, 1, 1], 7) 
hit_rate: 1.0 
iteration 97 
([0.41297731006065974, -0.62548074317844637, 3.3350488868814816, 1.6239571545701241, -2.0943089609689292, 2.0691072008803002], [1, 1, 1, 1, 1, 1], 7) 
hit_rate: 1.0 
iteration 98 
([0.41297731006065974, -0.62548074317844637, 3.3350488868814816, 1.6239571545701241, -2.0943089609689292, 1.8764037474399295], [1, 1, 1, 1, 1, 1], 3) 
hit_rate: 1.0 
iteration 99 
([0.41297731006065974, -0.62548074317844637, 3.3350488868814816, 1.6239571545701241, -2.7166988290057761, 1.8764037474399295], [1, 1, 1, 1, 1, 1], 7) 
hit_rate: 1.0 
best solution: ([0.41297731006065974, -0.62548074317844637, 3.3350488868814816, 1.6239571545701241, -2.7166988290057761, 1.8764037474399295], [1, 1, 1, 1, 1, 1], 7)
Hits for the best solution: 1.0
TS Spent time: 117.417577028
k-NN Spent time: 0.0533940792084
