iteration 0 
([1.0, 1.0, 1.0, 0.58482217391953673, 1.0, 1.0], [1, 1, 1, 1, 1, 1], 3) 
hit_rate: 0.666666666667 
iteration 1 
([1.0, 1.0, 1.0, -0.19897458938432111, 1.0, 1.0], [1, 1, 1, 1, 1, 1], 1) 
hit_rate: 0.666666666667 
iteration 2 
([0.34904486405928425, 1.0, 1.0, -0.19897458938432111, 1.0, 1.0], [1, 1, 1, 1, 1, 1], 3) 
hit_rate: 0.75 
iteration 3 
([0.34904486405928425, 1.0, 1.0, -0.19897458938432111, 0.11756517568844616, 1.0], [1, 1, 1, 1, 1, 1], 3) 
hit_rate: 0.75 
iteration 4 
([-0.11832552469926472, 1.0, 1.0, -0.19897458938432111, 0.11756517568844616, 1.0], [1, 1, 1, 1, 1, 1], 3) 
hit_rate: 0.75 
iteration 5 
([-0.11832552469926472, 1.0, 1.2085772867788309, -0.19897458938432111, 0.11756517568844616, 1.0], [1, 1, 1, 1, 1, 1], 3) 
hit_rate: 0.75 
iteration 6 
([-0.11832552469926472, 1.0, 1.2085772867788309, -0.19897458938432111, 0.11756517568844616, 1.3009816735103867], [1, 1, 1, 1, 1, 1], 1) 
hit_rate: 0.75 
iteration 7 
([-0.11832552469926472, 1.0, 1.2085772867788309, -0.19897458938432111, 0.11756517568844616, 1.0460295217846174], [1, 1, 1, 1, 1, 1], 3) 
hit_rate: 0.75 
iteration 8 
([-0.11832552469926472, 1.0, 1.2085772867788309, -0.19897458938432111, 0.11756517568844616, 1.390230510222773], [1, 1, 1, 1, 1, 1], 3) 
hit_rate: 0.75 
iteration 9 
([-0.11832552469926472, 1.0, 1.2085772867788309, -0.19897458938432111, 0.11756517568844616, 2.0537883797465888], [1, 1, 1, 1, 1, 1], 3) 
hit_rate: 0.75 
iteration 10 
([-0.11832552469926472, 1.0, 1.4566041217406061, -0.19897458938432111, 0.11756517568844616, 2.0537883797465888], [1, 1, 1, 1, 1, 1], 1) 
hit_rate: 0.75 
iteration 11 
([-0.11832552469926472, 1.0, 1.4566041217406061, -0.19897458938432111, 0.80297477262282624, 2.0537883797465888], [1, 1, 1, 1, 1, 1], 3) 
hit_rate: 0.75 
iteration 12 
([-0.11832552469926472, 1.0, 1.4566041217406061, -0.19897458938432111, 0.33294234858840577, 2.0537883797465888], [1, 1, 1, 1, 1, 1], 1) 
hit_rate: 0.75 
iteration 13 
([-0.11832552469926472, 1.5750693841162364, 1.4566041217406061, -0.19897458938432111, 0.33294234858840577, 2.0537883797465888], [1, 1, 1, 1, 1, 1], 1) 
hit_rate: 0.75 
iteration 14 
([-0.11832552469926472, 1.5750693841162364, 1.0009511120861287, -0.19897458938432111, 0.33294234858840577, 2.0537883797465888], [1, 1, 1, 1, 1, 1], 3) 
hit_rate: 0.75 
iteration 15 
([-0.11832552469926472, 1.5750693841162364, 1.0009511120861287, 0.022048130455816217, 0.33294234858840577, 2.0537883797465888], [1, 1, 1, 1, 1, 1], 1) 
hit_rate: 0.75 
iteration 16 
([-0.11832552469926472, 1.4300872124344508, 1.0009511120861287, 0.022048130455816217, 0.33294234858840577, 2.0537883797465888], [1, 1, 1, 1, 1, 1], 1) 
hit_rate: 0.75 
iteration 17 
([-0.11832552469926472, 1.4300872124344508, 1.0009511120861287, 0.022048130455816217, -0.17433702882082103, 2.0537883797465888], [1, 1, 1, 1, 1, 1], 1) 
hit_rate: 0.75 
iteration 18 
([-0.11832552469926472, 1.4300872124344508, 1.0009511120861287, 0.022048130455816217, -0.17433702882082103, 2.8516417839696642], [1, 1, 1, 1, 1, 1], 3) 
hit_rate: 0.75 
iteration 19 
([-0.11832552469926472, 1.4300872124344508, 1.0009511120861287, 0.022048130455816217, -0.21594277806930329, 2.8516417839696642], [1, 1, 1, 1, 1, 1], 3) 
hit_rate: 0.75 
iteration 20 
([-0.13573714288517036, 1.4300872124344508, 1.0009511120861287, 0.022048130455816217, -0.21594277806930329, 2.8516417839696642], [1, 1, 1, 1, 1, 1], 1) 
hit_rate: 0.75 
iteration 21 
([-0.13573714288517036, 2.2099455984575949, 1.0009511120861287, 0.022048130455816217, -0.21594277806930329, 2.8516417839696642], [1, 1, 1, 1, 1, 1], 1) 
hit_rate: 0.75 
iteration 22 
([-0.13573714288517036, 2.2099455984575949, 1.0009511120861287, 0.022048130455816217, -0.44187339298177353, 2.8516417839696642], [1, 1, 1, 1, 1, 1], 3) 
hit_rate: 0.75 
iteration 23 
([-0.13573714288517036, 2.2099455984575949, 1.0009511120861287, -0.61241346052960721, -0.44187339298177353, 2.8516417839696642], [1, 1, 1, 1, 1, 1], 3) 
hit_rate: 0.75 
iteration 24 
([0.5785625098713183, 2.2099455984575949, 1.0009511120861287, -0.61241346052960721, -0.44187339298177353, 2.8516417839696642], [1, 1, 1, 1, 1, 1], 1) 
hit_rate: 0.75 
iteration 25 
([0.76752799803287863, 2.2099455984575949, 1.0009511120861287, -0.61241346052960721, -0.44187339298177353, 2.8516417839696642], [1, 1, 1, 1, 1, 1], 3) 
hit_rate: 0.75 
iteration 26 
([0.76752799803287863, 2.2099455984575949, 1.3430324525500574, -0.61241346052960721, -0.44187339298177353, 2.8516417839696642], [1, 1, 1, 1, 1, 1], 1) 
hit_rate: 0.75 
iteration 27 
([0.76752799803287863, 2.0647428643764831, 1.3430324525500574, -0.61241346052960721, -0.44187339298177353, 2.8516417839696642], [1, 1, 1, 1, 1, 1], 3) 
hit_rate: 0.75 
iteration 28 
([0.76752799803287863, 2.394443764505656, 1.3430324525500574, -0.61241346052960721, -0.44187339298177353, 2.8516417839696642], [1, 1, 1, 1, 1, 1], 1) 
hit_rate: 0.75 
iteration 29 
([0.76752799803287863, 2.394443764505656, 1.3430324525500574, -0.61241346052960721, -0.44187339298177353, 2.8516417839696642], [1, 0, 1, 1, 1, 1], 1) 
hit_rate: 0.833333333333 
iteration 30 
([0.76752799803287863, 2.394443764505656, 1.3430324525500574, -0.61241346052960721, -0.14934619877721933, 2.8516417839696642], [1, 0, 1, 1, 1, 1], 1) 
hit_rate: 0.833333333333 
iteration 31 
([0.76752799803287863, 2.3676148451104551, 1.3430324525500574, -0.61241346052960721, -0.14934619877721933, 2.8516417839696642], [1, 0, 1, 1, 1, 1], 1) 
hit_rate: 0.833333333333 
iteration 32 
([0.76752799803287863, 2.3676148451104551, 2.2889688052719639, -0.61241346052960721, -0.14934619877721933, 2.8516417839696642], [1, 0, 1, 1, 1, 1], 1) 
hit_rate: 0.916666666667 
iteration 33 
([0.76752799803287863, 2.3676148451104551, 1.600657511321625, -0.61241346052960721, -0.14934619877721933, 2.8516417839696642], [1, 0, 1, 1, 1, 1], 1) 
hit_rate: 0.833333333333 
iteration 34 
([0.76752799803287863, 2.3676148451104551, 1.600657511321625, -0.61241346052960721, -0.14934619877721933, 2.8516417839696642], [0, 0, 1, 1, 1, 1], 3) 
hit_rate: 0.833333333333 
iteration 35 
([0.76752799803287863, 2.3676148451104551, 1.600657511321625, -0.61241346052960721, 0.53346153120222572, 2.8516417839696642], [0, 0, 1, 1, 1, 1], 3) 
hit_rate: 0.833333333333 
iteration 36 
([0.76752799803287863, 2.3676148451104551, 1.600657511321625, -0.61241346052960721, 0.53346153120222572, 2.6507584417544763], [0, 0, 1, 1, 1, 1], 3) 
hit_rate: 0.833333333333 
iteration 37 
([0.76752799803287863, 2.3676148451104551, 1.0615592106284077, -0.61241346052960721, 0.53346153120222572, 2.6507584417544763], [0, 0, 1, 1, 1, 1], 3) 
hit_rate: 0.833333333333 
iteration 38 
([0.76752799803287863, 2.3676148451104551, 1.0615592106284077, -0.61241346052960721, 1.2080904479620265, 2.6507584417544763], [0, 0, 1, 1, 1, 1], 5) 
hit_rate: 0.833333333333 
iteration 39 
([0.76752799803287863, 2.3676148451104551, 1.0615592106284077, 0.25153019485092187, 1.2080904479620265, 2.6507584417544763], [0, 0, 1, 1, 1, 1], 7) 
hit_rate: 0.833333333333 
iteration 40 
([0.76752799803287863, 2.3676148451104551, 1.0615592106284077, 0.25153019485092187, 1.9436348078713122, 2.6507584417544763], [0, 0, 1, 1, 1, 1], 7) 
hit_rate: 0.833333333333 
iteration 41 
([0.035255802416034765, 2.3676148451104551, 1.0615592106284077, 0.25153019485092187, 1.9436348078713122, 2.6507584417544763], [0, 0, 1, 1, 1, 1], 9) 
hit_rate: 0.833333333333 
iteration 42 
([0.035255802416034765, 2.3676148451104551, 1.0615592106284077, 0.25153019485092187, 1.9436348078713122, 2.6507584417544763], [0, 0, 1, 1, 1, 0], 4) 
hit_rate: 0.916666666667 
iteration 43 
([0.035255802416034765, 2.3676148451104551, 1.0615592106284077, 0.25153019485092187, 2.4111575938222987, 2.6507584417544763], [0, 0, 1, 1, 1, 0], 7) 
hit_rate: 1.0 
iteration 44 
([0.035255802416034765, 2.3676148451104551, 1.0615592106284077, 0.25153019485092187, 2.4111575938222987, 2.6657002001586929], [0, 0, 1, 1, 1, 0], 7) 
hit_rate: 1.0 
iteration 45 
([0.035255802416034765, 2.3676148451104551, 1.0615592106284077, -0.55027054326660063, 2.4111575938222987, 2.6657002001586929], [0, 0, 1, 1, 1, 0], 7) 
hit_rate: 1.0 
iteration 46 
([0.72474543510414402, 2.3676148451104551, 1.0615592106284077, -0.55027054326660063, 2.4111575938222987, 2.6657002001586929], [0, 0, 1, 1, 1, 0], 7) 
hit_rate: 1.0 
iteration 47 
([0.72474543510414402, 2.0651530673026106, 1.0615592106284077, -0.55027054326660063, 2.4111575938222987, 2.6657002001586929], [0, 0, 1, 1, 1, 0], 7) 
hit_rate: 1.0 
iteration 48 
([-0.19276710443164902, 2.0651530673026106, 1.0615592106284077, -0.55027054326660063, 2.4111575938222987, 2.6657002001586929], [0, 0, 1, 1, 1, 0], 9) 
hit_rate: 1.0 
iteration 49 
([-0.19276710443164902, 2.0651530673026106, 1.0615592106284077, -0.55027054326660063, 2.4111575938222987, 2.5345005634790807], [0, 0, 1, 1, 1, 0], 3) 
hit_rate: 1.0 
iteration 50 
([-0.19276710443164902, 2.3262160433523587, 1.0615592106284077, -0.55027054326660063, 2.4111575938222987, 2.5345005634790807], [0, 0, 1, 1, 1, 0], 5) 
hit_rate: 1.0 
iteration 51 
([-0.19276710443164902, 1.4369329243148372, 1.0615592106284077, -0.55027054326660063, 2.4111575938222987, 2.5345005634790807], [0, 0, 1, 1, 1, 0], 7) 
hit_rate: 1.0 
iteration 52 
([-0.19276710443164902, 1.4369329243148372, 1.0615592106284077, -0.55027054326660063, 2.4111575938222987, 3.1545148016779985], [0, 0, 1, 1, 1, 0], 3) 
hit_rate: 1.0 
iteration 53 
([-0.19276710443164902, 1.4369329243148372, 1.0615592106284077, -0.19322456290207923, 2.4111575938222987, 3.1545148016779985], [0, 0, 1, 1, 1, 0], 3) 
hit_rate: 1.0 
iteration 54 
([-0.19276710443164902, 1.4369329243148372, 1.0615592106284077, -0.42951474655829025, 2.4111575938222987, 3.1545148016779985], [0, 0, 1, 1, 1, 0], 5) 
hit_rate: 1.0 
iteration 55 
([-0.57629494307986029, 1.4369329243148372, 1.0615592106284077, -0.42951474655829025, 2.4111575938222987, 3.1545148016779985], [0, 0, 1, 1, 1, 0], 9) 
hit_rate: 1.0 
iteration 56 
([-0.57629494307986029, 1.4369329243148372, 1.0615592106284077, -0.42951474655829025, 2.1911882080650731, 3.1545148016779985], [0, 0, 1, 1, 1, 0], 9) 
hit_rate: 1.0 
iteration 57 
([-0.57629494307986029, 1.1665663989552641, 1.0615592106284077, -0.42951474655829025, 2.1911882080650731, 3.1545148016779985], [0, 0, 1, 1, 1, 0], 5) 
hit_rate: 1.0 
iteration 58 
([-0.57629494307986029, 1.1665663989552641, 1.0615592106284077, -1.1805006906710858, 2.1911882080650731, 3.1545148016779985], [0, 0, 1, 1, 1, 0], 3) 
hit_rate: 1.0 
iteration 59 
([-0.57629494307986029, 1.1665663989552641, 1.1770602721211929, -1.1805006906710858, 2.1911882080650731, 3.1545148016779985], [0, 0, 1, 1, 1, 0], 7) 
hit_rate: 1.0 
iteration 60 
([-0.57629494307986029, 1.1665663989552641, 1.1770602721211929, -0.6683128915631471, 2.1911882080650731, 3.1545148016779985], [0, 0, 1, 1, 1, 0], 9) 
hit_rate: 1.0 
iteration 61 
([-0.57629494307986029, 1.1665663989552641, 1.1770602721211929, -0.6683128915631471, 2.0297645191712581, 3.1545148016779985], [0, 0, 1, 1, 1, 0], 9) 
hit_rate: 1.0 
iteration 62 
([-0.57629494307986029, 1.1665663989552641, 1.1770602721211929, -0.6683128915631471, 2.0297645191712581, 3.3161665822108395], [0, 0, 1, 1, 1, 0], 7) 
hit_rate: 1.0 
iteration 63 
([-0.57629494307986029, 0.76393707042243419, 1.1770602721211929, -0.6683128915631471, 2.0297645191712581, 3.3161665822108395], [0, 0, 1, 1, 1, 0], 5) 
hit_rate: 1.0 
iteration 64 
([-0.57629494307986029, 0.76393707042243419, 1.2051581225507577, -0.6683128915631471, 2.0297645191712581, 3.3161665822108395], [0, 0, 1, 1, 1, 0], 7) 
hit_rate: 1.0 
iteration 65 
([-0.57629494307986029, 1.3022220039553789, 1.2051581225507577, -0.6683128915631471, 2.0297645191712581, 3.3161665822108395], [0, 0, 1, 1, 1, 0], 9) 
hit_rate: 1.0 
iteration 66 
([-0.57629494307986029, 1.3022220039553789, 1.9755464327998062, -0.6683128915631471, 2.0297645191712581, 3.3161665822108395], [0, 0, 1, 1, 1, 0], 7) 
hit_rate: 1.0 
iteration 67 
([-0.57629494307986029, 1.3022220039553789, 1.9755464327998062, -0.6683128915631471, 2.0297645191712581, 3.3497708450620851], [0, 0, 1, 1, 1, 0], 7) 
hit_rate: 1.0 
iteration 68 
([0.39265709652038905, 1.3022220039553789, 1.9755464327998062, -0.6683128915631471, 2.0297645191712581, 3.3497708450620851], [0, 0, 1, 1, 1, 0], 3) 
hit_rate: 1.0 
iteration 69 
([0.39265709652038905, 1.6034170576678863, 1.9755464327998062, -0.6683128915631471, 2.0297645191712581, 3.3497708450620851], [0, 0, 1, 1, 1, 0], 7) 
hit_rate: 1.0 
iteration 70 
([0.39265709652038905, 2.300136651930849, 1.9755464327998062, -0.6683128915631471, 2.0297645191712581, 3.3497708450620851], [0, 0, 1, 1, 1, 0], 7) 
hit_rate: 1.0 
iteration 71 
([0.39265709652038905, 2.300136651930849, 1.9755464327998062, -0.6683128915631471, 2.8909583564302062, 3.3497708450620851], [0, 0, 1, 1, 1, 0], 5) 
hit_rate: 1.0 
iteration 72 
([0.39265709652038905, 2.300136651930849, 1.9755464327998062, -0.6683128915631471, 3.0764388871076438, 3.3497708450620851], [0, 0, 1, 1, 1, 0], 5) 
hit_rate: 1.0 
iteration 73 
([0.39265709652038905, 2.3555486136098436, 1.9755464327998062, -0.6683128915631471, 3.0764388871076438, 3.3497708450620851], [0, 0, 1, 1, 1, 0], 5) 
hit_rate: 1.0 
iteration 74 
([0.39265709652038905, 2.3555486136098436, 1.9755464327998062, -0.6683128915631471, 3.0764388871076438, 2.4494392089793076], [0, 0, 1, 1, 1, 0], 5) 
hit_rate: 1.0 
iteration 75 
([0.39265709652038905, 2.3555486136098436, 1.9755464327998062, -0.6683128915631471, 3.0764388871076438, 1.9849427085908407], [0, 0, 1, 1, 1, 0], 5) 
hit_rate: 1.0 
iteration 76 
([0.39265709652038905, 2.3555486136098436, 1.9755464327998062, -0.6683128915631471, 3.0764388871076438, 2.8677583219881342], [0, 0, 1, 1, 1, 0], 9) 
hit_rate: 1.0 
iteration 77 
([0.39265709652038905, 2.3555486136098436, 2.5414686028767415, -0.6683128915631471, 3.0764388871076438, 2.8677583219881342], [0, 0, 1, 1, 1, 0], 5) 
hit_rate: 1.0 
iteration 78 
([0.39265709652038905, 2.8986297098932079, 2.5414686028767415, -0.6683128915631471, 3.0764388871076438, 2.8677583219881342], [0, 0, 1, 1, 1, 0], 9) 
hit_rate: 1.0 
iteration 79 
([0.39265709652038905, 2.8986297098932079, 2.5414686028767415, -0.6683128915631471, 3.0764388871076438, 2.7950314522065769], [0, 0, 1, 1, 1, 0], 5) 
hit_rate: 1.0 
iteration 80 
([1.3096127887148084, 2.8986297098932079, 2.5414686028767415, -0.6683128915631471, 3.0764388871076438, 2.7950314522065769], [0, 0, 1, 1, 1, 0], 5) 
hit_rate: 1.0 
iteration 81 
([1.3096127887148084, 2.8986297098932079, 3.1977842542563435, -0.6683128915631471, 3.0764388871076438, 2.7950314522065769], [0, 0, 1, 1, 1, 0], 5) 
hit_rate: 1.0 
iteration 82 
([1.3096127887148084, 2.8986297098932079, 3.1977842542563435, -1.2837866232029516, 3.0764388871076438, 2.7950314522065769], [0, 0, 1, 1, 1, 0], 7) 
hit_rate: 1.0 
iteration 83 
([1.3096127887148084, 2.8986297098932079, 3.1977842542563435, -1.2837866232029516, 3.0764388871076438, 3.7135806574825692], [0, 0, 1, 1, 1, 0], 3) 
hit_rate: 1.0 
iteration 84 
([1.3096127887148084, 2.8986297098932079, 3.1977842542563435, -0.93222544012041553, 3.0764388871076438, 3.7135806574825692], [0, 0, 1, 1, 1, 0], 7) 
hit_rate: 1.0 
iteration 85 
([1.3096127887148084, 2.8986297098932079, 3.1977842542563435, -1.2471468729949706, 3.0764388871076438, 3.7135806574825692], [0, 0, 1, 1, 1, 0], 7) 
hit_rate: 1.0 
iteration 86 
([1.3096127887148084, 2.8986297098932079, 3.1977842542563435, -1.2471468729949706, 3.0764388871076438, 4.2588388370233305], [0, 0, 1, 1, 1, 0], 3) 
hit_rate: 1.0 
iteration 87 
([1.3096127887148084, 2.8986297098932079, 3.1977842542563435, -1.2000720850318449, 3.0764388871076438, 4.2588388370233305], [0, 0, 1, 1, 1, 0], 3) 
hit_rate: 1.0 
iteration 88 
([1.3096127887148084, 2.8986297098932079, 2.9023985176417444, -1.2000720850318449, 3.0764388871076438, 4.2588388370233305], [0, 0, 1, 1, 1, 0], 7) 
hit_rate: 1.0 
iteration 89 
([1.9951871364604978, 2.8986297098932079, 2.9023985176417444, -1.2000720850318449, 3.0764388871076438, 4.2588388370233305], [0, 0, 1, 1, 1, 0], 3) 
hit_rate: 1.0 
iteration 90 
([1.9951871364604978, 2.8986297098932079, 2.9023985176417444, -1.2000720850318449, 3.0764388871076438, 3.2680981094630801], [0, 0, 1, 1, 1, 0], 3) 
hit_rate: 1.0 
iteration 91 
([1.9951871364604978, 2.8986297098932079, 2.9023985176417444, -1.2000720850318449, 3.0764388871076438, 3.8225927061022418], [0, 0, 1, 1, 1, 0], 3) 
hit_rate: 1.0 
iteration 92 
([1.9860718911040507, 2.8986297098932079, 2.9023985176417444, -1.2000720850318449, 3.0764388871076438, 3.8225927061022418], [0, 0, 1, 1, 1, 0], 5) 
hit_rate: 1.0 
iteration 93 
([2.4345815673534004, 2.8986297098932079, 2.9023985176417444, -1.2000720850318449, 3.0764388871076438, 3.8225927061022418], [0, 0, 1, 1, 1, 0], 3) 
hit_rate: 1.0 
iteration 94 
([1.9404408914181865, 2.8986297098932079, 2.9023985176417444, -1.2000720850318449, 3.0764388871076438, 3.8225927061022418], [0, 0, 1, 1, 1, 0], 3) 
hit_rate: 1.0 
iteration 95 
([1.9404408914181865, 2.8986297098932079, 2.9023985176417444, -1.197442931625311, 3.0764388871076438, 3.8225927061022418], [0, 0, 1, 1, 1, 0], 7) 
hit_rate: 1.0 
iteration 96 
([1.9404408914181865, 2.8986297098932079, 2.9672753797912659, -1.197442931625311, 3.0764388871076438, 3.8225927061022418], [0, 0, 1, 1, 1, 0], 7) 
hit_rate: 1.0 
iteration 97 
([2.7250267498302012, 2.8986297098932079, 2.9672753797912659, -1.197442931625311, 3.0764388871076438, 3.8225927061022418], [0, 0, 1, 1, 1, 0], 7) 
hit_rate: 1.0 
iteration 98 
([2.7250267498302012, 2.8986297098932079, 2.0553562573231208, -1.197442931625311, 3.0764388871076438, 3.8225927061022418], [0, 0, 1, 1, 1, 0], 3) 
hit_rate: 1.0 
iteration 99 
([2.7250267498302012, 2.8986297098932079, 2.0553562573231208, -1.197442931625311, 3.0764388871076438, 4.1731224880114164], [0, 0, 1, 1, 1, 0], 5) 
hit_rate: 1.0 
best solution: ([2.7250267498302012, 2.8986297098932079, 2.0553562573231208, -1.197442931625311, 3.0764388871076438, 4.1731224880114164], [0, 0, 1, 1, 1, 0], 5)
Hits for the best solution: 1.0
TS Spent time: 144.127948999
k-NN Spent time: 0.0553481578827
