iteration 0 
([1.0, 1.0, 1.0, 1.0, 1.0, 0.67148793515576566], [1, 1, 1, 1, 1, 1], 3) 
hit_rate: 0.75 
iteration 1 
([1.0, 1.0, 1.2821924279750943, 1.0, 1.0, 0.67148793515576566], [1, 1, 1, 1, 1, 1], 1) 
hit_rate: 0.75 
iteration 2 
([1.0, 1.0, 2.1526116169781648, 1.0, 1.0, 0.67148793515576566], [1, 1, 1, 1, 1, 1], 1) 
hit_rate: 0.833333333333 
iteration 3 
([1.0, 1.0, 2.1526116169781648, 1.100878335526243, 1.0, 0.67148793515576566], [1, 1, 1, 1, 1, 1], 1) 
hit_rate: 0.833333333333 
iteration 4 
([1.0, 1.0, 2.4498000074679007, 1.100878335526243, 1.0, 0.67148793515576566], [1, 1, 1, 1, 1, 1], 1) 
hit_rate: 0.833333333333 
iteration 5 
([1.0, 1.0, 2.4498000074679007, 1.100878335526243, 1.0, 0.60090161460680025], [1, 1, 1, 1, 1, 1], 9) 
hit_rate: 0.833333333333 
iteration 6 
([0.64775186070133994, 1.0, 2.4498000074679007, 1.100878335526243, 1.0, 0.60090161460680025], [1, 1, 1, 1, 1, 1], 1) 
hit_rate: 0.833333333333 
iteration 7 
([0.64775186070133994, 1.0, 2.4813533893693442, 1.100878335526243, 1.0, 0.60090161460680025], [1, 1, 1, 1, 1, 1], 1) 
hit_rate: 0.833333333333 
iteration 8 
([0.59721027797868831, 1.0, 2.4813533893693442, 1.100878335526243, 1.0, 0.60090161460680025], [1, 1, 1, 1, 1, 1], 1) 
hit_rate: 0.833333333333 
iteration 9 
([0.51923425932764533, 1.0, 2.4813533893693442, 1.100878335526243, 1.0, 0.60090161460680025], [1, 1, 1, 1, 1, 1], 1) 
hit_rate: 0.833333333333 
iteration 10 
([0.51923425932764533, 1.0, 2.4813533893693442, 1.100878335526243, 1.3752822523265629, 0.60090161460680025], [1, 1, 1, 1, 1, 1], 3) 
hit_rate: 0.833333333333 
iteration 11 
([0.51923425932764533, 1.0, 2.4813533893693442, 1.100878335526243, 2.0141086318462964, 0.60090161460680025], [1, 1, 1, 1, 1, 1], 9) 
hit_rate: 0.833333333333 
iteration 12 
([0.51923425932764533, 1.0, 2.1848325525296177, 1.100878335526243, 2.0141086318462964, 0.60090161460680025], [1, 1, 1, 1, 1, 1], 5) 
hit_rate: 0.833333333333 
iteration 13 
([0.51923425932764533, 1.0, 2.1848325525296177, 0.57755815593286397, 2.0141086318462964, 0.60090161460680025], [1, 1, 1, 1, 1, 1], 9) 
hit_rate: 0.833333333333 
iteration 14 
([0.51923425932764533, 1.0, 2.1848325525296177, 0.99441505333292879, 2.0141086318462964, 0.60090161460680025], [1, 1, 1, 1, 1, 1], 5) 
hit_rate: 0.833333333333 
iteration 15 
([0.51923425932764533, 1.0, 2.08888606792822, 0.99441505333292879, 2.0141086318462964, 0.60090161460680025], [1, 1, 1, 1, 1, 1], 5) 
hit_rate: 0.833333333333 
iteration 16 
([0.51923425932764533, 1.0, 2.9683453404845341, 0.99441505333292879, 2.0141086318462964, 0.60090161460680025], [1, 1, 1, 1, 1, 1], 3) 
hit_rate: 0.833333333333 
iteration 17 
([0.51923425932764533, 0.71515724157471916, 2.9683453404845341, 0.99441505333292879, 2.0141086318462964, 0.60090161460680025], [1, 1, 1, 1, 1, 1], 3) 
hit_rate: 0.833333333333 
iteration 18 
([0.50843331484834864, 0.71515724157471916, 2.9683453404845341, 0.99441505333292879, 2.0141086318462964, 0.60090161460680025], [1, 1, 1, 1, 1, 1], 9) 
hit_rate: 0.833333333333 
iteration 19 
([0.50843331484834864, 0.39495764203649286, 2.9683453404845341, 0.99441505333292879, 2.0141086318462964, 0.60090161460680025], [1, 1, 1, 1, 1, 1], 9) 
hit_rate: 0.916666666667 
iteration 20 
([-0.2039361401235471, 0.39495764203649286, 2.9683453404845341, 0.99441505333292879, 2.0141086318462964, 0.60090161460680025], [1, 1, 1, 1, 1, 1], 9) 
hit_rate: 0.916666666667 
iteration 21 
([-0.2039361401235471, 0.39495764203649286, 2.9683453404845341, 0.99441505333292879, 2.1239575316158037, 0.60090161460680025], [1, 1, 1, 1, 1, 1], 9) 
hit_rate: 0.916666666667 
iteration 22 
([-0.2039361401235471, 0.39495764203649286, 2.9683453404845341, 0.99441505333292879, 1.9871795373208045, 0.60090161460680025], [1, 1, 1, 1, 1, 1], 9) 
hit_rate: 0.916666666667 
iteration 23 
([-0.2039361401235471, 0.39495764203649286, 2.9683453404845341, 0.99441505333292879, 2.006251034937685, 0.60090161460680025], [1, 1, 1, 1, 1, 1], 9) 
hit_rate: 0.916666666667 
iteration 24 
([-0.2039361401235471, 0.39495764203649286, 2.9683453404845341, 1.2786919571600011, 2.006251034937685, 0.60090161460680025], [1, 1, 1, 1, 1, 1], 3) 
hit_rate: 0.833333333333 
iteration 25 
([-0.2039361401235471, 0.39495764203649286, 2.9683453404845341, 1.2786919571600011, 2.0114465811878097, 0.60090161460680025], [1, 1, 1, 1, 1, 1], 9) 
hit_rate: 0.916666666667 
iteration 26 
([-0.2039361401235471, 0.39495764203649286, 2.9683453404845341, 1.2786919571600011, 1.9265752232665692, 0.60090161460680025], [1, 1, 1, 1, 1, 1], 9) 
hit_rate: 0.916666666667 
iteration 27 
([-0.2039361401235471, 0.39495764203649286, 2.9683453404845341, 1.2786919571600011, 2.1519370374556943, 0.60090161460680025], [1, 1, 1, 1, 1, 1], 9) 
hit_rate: 0.916666666667 
iteration 28 
([-0.2039361401235471, 0.39495764203649286, 2.9683453404845341, 1.2786919571600011, 1.1831256376234651, 0.60090161460680025], [1, 1, 1, 1, 1, 1], 9) 
hit_rate: 0.916666666667 
iteration 29 
([-0.22942972599267297, 0.39495764203649286, 2.9683453404845341, 1.2786919571600011, 1.1831256376234651, 0.60090161460680025], [1, 1, 1, 1, 1, 1], 5) 
hit_rate: 0.833333333333 
iteration 30 
([-0.22942972599267297, 0.39495764203649286, 2.9683453404845341, 1.2786919571600011, 2.1265560550213065, 0.60090161460680025], [1, 1, 1, 1, 1, 1], 9) 
hit_rate: 0.916666666667 
iteration 31 
([-0.22942972599267297, 0.0038107313900901385, 2.9683453404845341, 1.2786919571600011, 2.1265560550213065, 0.60090161460680025], [1, 1, 1, 1, 1, 1], 9) 
hit_rate: 0.916666666667 
iteration 32 
([-0.22942972599267297, 0.0038107313900901385, 2.591389520793653, 1.2786919571600011, 2.1265560550213065, 0.60090161460680025], [1, 1, 1, 1, 1, 1], 9) 
hit_rate: 0.916666666667 
iteration 33 
([-0.22942972599267297, 0.0038107313900901385, 2.591389520793653, 1.2786919571600011, 2.1265560550213065, -0.2759308010999193], [1, 1, 1, 1, 1, 1], 9) 
hit_rate: 0.916666666667 
iteration 34 
([-0.22942972599267297, 0.0038107313900901385, 2.591389520793653, 1.9562818128769872, 2.1265560550213065, -0.2759308010999193], [1, 1, 1, 1, 1, 1], 9) 
hit_rate: 0.916666666667 
iteration 35 
([-0.22942972599267297, 0.0038107313900901385, 2.591389520793653, 1.9562818128769872, 2.396163436801102, -0.2759308010999193], [1, 1, 1, 1, 1, 1], 9) 
hit_rate: 0.916666666667 
iteration 36 
([-0.22942972599267297, 0.0038107313900901385, 2.0301872130090075, 1.9562818128769872, 2.396163436801102, -0.2759308010999193], [1, 1, 1, 1, 1, 1], 9) 
hit_rate: 0.916666666667 
iteration 37 
([-0.22942972599267297, -0.065962276645320506, 2.0301872130090075, 1.9562818128769872, 2.396163436801102, -0.2759308010999193], [1, 1, 1, 1, 1, 1], 9) 
hit_rate: 0.916666666667 
iteration 38 
([-0.22942972599267297, -0.065962276645320506, 2.0301872130090075, 1.9562818128769872, 1.9262413864560035, -0.2759308010999193], [1, 1, 1, 1, 1, 1], 9) 
hit_rate: 0.916666666667 
iteration 39 
([-0.22942972599267297, -0.065962276645320506, 2.0301872130090075, 1.9562818128769872, 1.9262413864560035, 0.5682992723398721], [1, 1, 1, 1, 1, 1], 9) 
hit_rate: 0.916666666667 
iteration 40 
([-0.22942972599267297, -0.065962276645320506, 2.0301872130090075, 1.9562818128769872, 2.4794206521336983, 0.5682992723398721], [1, 1, 1, 1, 1, 1], 9) 
hit_rate: 0.916666666667 
iteration 41 
([-0.22942972599267297, -0.065962276645320506, 2.0301872130090075, 1.9562818128769872, 2.3732445936785922, 0.5682992723398721], [1, 1, 1, 1, 1, 1], 1) 
hit_rate: 0.833333333333 
iteration 42 
([-0.22942972599267297, -0.065962276645320506, 2.0301872130090075, 2.3223991570865015, 2.3732445936785922, 0.5682992723398721], [1, 1, 1, 1, 1, 1], 9) 
hit_rate: 0.916666666667 
iteration 43 
([-0.22942972599267297, -0.065962276645320506, 2.0301872130090075, 2.3223991570865015, 2.2391917330712019, 0.5682992723398721], [1, 1, 1, 1, 1, 1], 9) 
hit_rate: 0.916666666667 
iteration 44 
([-0.22942972599267297, -0.065962276645320506, 2.4231853595048722, 2.3223991570865015, 2.2391917330712019, 0.5682992723398721], [1, 1, 1, 1, 1, 1], 9) 
hit_rate: 0.916666666667 
iteration 45 
([-0.22942972599267297, -0.065962276645320506, 2.4231853595048722, 2.3223991570865015, 2.6512257398547376, 0.5682992723398721], [1, 1, 1, 1, 1, 1], 9) 
hit_rate: 0.916666666667 
iteration 46 
([-0.22942972599267297, -0.065962276645320506, 2.4762285790019032, 2.3223991570865015, 2.6512257398547376, 0.5682992723398721], [1, 1, 1, 1, 1, 1], 9) 
hit_rate: 0.916666666667 
iteration 47 
([-0.22942972599267297, -0.065962276645320506, 2.4762285790019032, 2.3223991570865015, 2.5890823090228059, 0.5682992723398721], [1, 1, 1, 1, 1, 1], 9) 
hit_rate: 0.916666666667 
iteration 48 
([-0.22942972599267297, -0.065962276645320506, 2.4762285790019032, 2.3223991570865015, 3.2042698683069446, 0.5682992723398721], [1, 1, 1, 1, 1, 1], 9) 
hit_rate: 0.916666666667 
iteration 49 
([-0.52158601886047773, -0.065962276645320506, 2.4762285790019032, 2.3223991570865015, 3.2042698683069446, 0.5682992723398721], [1, 1, 1, 1, 1, 1], 9) 
hit_rate: 0.916666666667 
iteration 50 
([-0.52158601886047773, -0.065962276645320506, 2.4762285790019032, 2.3223991570865015, 3.2042698683069446, 0.22836892968991185], [1, 1, 1, 1, 1, 1], 9) 
hit_rate: 0.916666666667 
iteration 51 
([-0.52158601886047773, -0.065962276645320506, 2.4762285790019032, 2.3223991570865015, 3.5903992198641217, 0.22836892968991185], [1, 1, 1, 1, 1, 1], 9) 
hit_rate: 0.916666666667 
iteration 52 
([-0.52158601886047773, 0.1446305980171787, 2.4762285790019032, 2.3223991570865015, 3.5903992198641217, 0.22836892968991185], [1, 1, 1, 1, 1, 1], 9) 
hit_rate: 0.916666666667 
iteration 53 
([0.028144972421281444, 0.1446305980171787, 2.4762285790019032, 2.3223991570865015, 3.5903992198641217, 0.22836892968991185], [1, 1, 1, 1, 1, 1], 9) 
hit_rate: 0.916666666667 
iteration 54 
([-0.18999025255209645, 0.1446305980171787, 2.4762285790019032, 2.3223991570865015, 3.5903992198641217, 0.22836892968991185], [1, 1, 1, 1, 1, 1], 9) 
hit_rate: 0.916666666667 
iteration 55 
([-0.18999025255209645, 0.1446305980171787, 2.3701204663793307, 2.3223991570865015, 3.5903992198641217, 0.22836892968991185], [1, 1, 1, 1, 1, 1], 9) 
hit_rate: 0.916666666667 
iteration 56 
([-0.18999025255209645, 0.1446305980171787, 2.3701204663793307, 1.9568918168847274, 3.5903992198641217, 0.22836892968991185], [1, 1, 1, 1, 1, 1], 9) 
hit_rate: 0.916666666667 
iteration 57 
([-0.18999025255209645, 0.1446305980171787, 2.3701204663793307, 1.9568918168847274, 3.5903992198641217, 0.48149775469698275], [1, 1, 1, 1, 1, 1], 9) 
hit_rate: 0.916666666667 
iteration 58 
([-0.18999025255209645, 0.1446305980171787, 2.3701204663793307, 1.9568918168847274, 3.5903992198641217, -0.19037271234402864], [1, 1, 1, 1, 1, 1], 9) 
hit_rate: 0.916666666667 
iteration 59 
([-0.18999025255209645, 0.1446305980171787, 2.3701204663793307, 1.9568918168847274, 3.2084958594618764, -0.19037271234402864], [1, 1, 1, 1, 1, 1], 9) 
hit_rate: 0.916666666667 
iteration 60 
([-0.18999025255209645, 0.1446305980171787, 2.3701204663793307, 1.9568918168847274, 3.2084958594618764, -1.0620955178460656], [1, 1, 1, 1, 1, 1], 9) 
hit_rate: 0.916666666667 
iteration 61 
([-0.18999025255209645, 0.1446305980171787, 2.8401983075780759, 1.9568918168847274, 3.2084958594618764, -1.0620955178460656], [1, 1, 1, 1, 1, 1], 1) 
hit_rate: 0.833333333333 
iteration 62 
([-0.18999025255209645, 0.1446305980171787, 2.8401983075780759, 1.9568918168847274, 4.0662089437954076, -1.0620955178460656], [1, 1, 1, 1, 1, 1], 9) 
hit_rate: 0.916666666667 
iteration 63 
([-0.18999025255209645, 0.1446305980171787, 2.8401983075780759, 1.9568918168847274, 4.0662089437954076, -0.61973425687060946], [1, 1, 1, 1, 1, 1], 9) 
hit_rate: 0.916666666667 
iteration 64 
([-0.18999025255209645, 0.1446305980171787, 2.8401983075780759, 1.9568918168847274, 4.0662089437954076, -0.32458769039149704], [1, 1, 1, 1, 1, 1], 9) 
hit_rate: 0.916666666667 
iteration 65 
([-0.18999025255209645, 0.1446305980171787, 2.8401983075780759, 1.9568918168847274, 3.8504370571533455, -0.32458769039149704], [1, 1, 1, 1, 1, 1], 9) 
hit_rate: 0.916666666667 
iteration 66 
([-0.18999025255209645, 0.1446305980171787, 2.8401983075780759, 1.9568918168847274, 4.3039881332844603, -0.32458769039149704], [1, 1, 1, 1, 1, 1], 9) 
hit_rate: 0.916666666667 
iteration 67 
([-0.18999025255209645, 0.1446305980171787, 2.8401983075780759, 0.96215475361778902, 4.3039881332844603, -0.32458769039149704], [1, 1, 1, 1, 1, 1], 9) 
hit_rate: 0.916666666667 
iteration 68 
([-0.18999025255209645, 0.1446305980171787, 2.4777499629675734, 0.96215475361778902, 4.3039881332844603, -0.32458769039149704], [1, 1, 1, 1, 1, 1], 9) 
hit_rate: 0.916666666667 
iteration 69 
([-0.18999025255209645, 0.1446305980171787, 2.4777499629675734, 0.58020950854292352, 4.3039881332844603, -0.32458769039149704], [1, 1, 1, 1, 1, 1], 9) 
hit_rate: 0.916666666667 
iteration 70 
([0.11893080489334973, 0.1446305980171787, 2.4777499629675734, 0.58020950854292352, 4.3039881332844603, -0.32458769039149704], [1, 1, 1, 1, 1, 1], 9) 
hit_rate: 0.916666666667 
iteration 71 
([0.11893080489334973, 0.1446305980171787, 2.4777499629675734, 0.58020950854292352, 5.1177792275359142, -0.32458769039149704], [1, 1, 1, 1, 1, 1], 9) 
hit_rate: 0.916666666667 
iteration 72 
([0.11893080489334973, 0.1446305980171787, 2.4777499629675734, 1.2611013415588881, 5.1177792275359142, -0.32458769039149704], [1, 1, 1, 1, 1, 1], 9) 
hit_rate: 0.916666666667 
iteration 73 
([0.11893080489334973, 0.1446305980171787, 2.4777499629675734, 1.2611013415588881, 5.3159478801408468, -0.32458769039149704], [1, 1, 1, 1, 1, 1], 9) 
hit_rate: 0.916666666667 
iteration 74 
([0.11893080489334973, 0.1446305980171787, 2.4777499629675734, 1.2611013415588881, 5.3159478801408468, 0.12843644186325687], [1, 1, 1, 1, 1, 1], 9) 
hit_rate: 0.916666666667 
iteration 75 
([0.11893080489334973, 0.1446305980171787, 2.4777499629675734, 1.2611013415588881, 5.5766503974887982, 0.12843644186325687], [1, 1, 1, 1, 1, 1], 9) 
hit_rate: 0.916666666667 
iteration 76 
([0.11893080489334973, 0.1446305980171787, 2.4777499629675734, 0.59394947052431224, 5.5766503974887982, 0.12843644186325687], [1, 1, 1, 1, 1, 1], 9) 
hit_rate: 0.916666666667 
iteration 77 
([0.11893080489334973, 0.1446305980171787, 1.9764017124761897, 0.59394947052431224, 5.5766503974887982, 0.12843644186325687], [1, 1, 1, 1, 1, 1], 9) 
hit_rate: 0.916666666667 
iteration 78 
([0.11893080489334973, 0.1446305980171787, 1.9764017124761897, 1.4411508633784638, 5.5766503974887982, 0.12843644186325687], [1, 1, 1, 1, 1, 1], 9) 
hit_rate: 0.916666666667 
iteration 79 
([0.11893080489334973, 0.1446305980171787, 1.9764017124761897, 1.4411508633784638, 5.5766503974887982, -0.029423238426876663], [1, 1, 1, 1, 1, 1], 9) 
hit_rate: 0.916666666667 
iteration 80 
([0.11893080489334973, 0.1446305980171787, 1.7927460349382283, 1.4411508633784638, 5.5766503974887982, -0.029423238426876663], [1, 1, 1, 1, 1, 1], 9) 
hit_rate: 0.916666666667 
iteration 81 
([0.11893080489334973, 0.1446305980171787, 1.7927460349382283, 1.4411508633784638, 5.5766503974887982, -0.81915165536042922], [1, 1, 1, 1, 1, 1], 9) 
hit_rate: 0.916666666667 
iteration 82 
([0.11893080489334973, 0.1446305980171787, 2.7501991507448462, 1.4411508633784638, 5.5766503974887982, -0.81915165536042922], [1, 1, 1, 1, 1, 1], 9) 
hit_rate: 0.916666666667 
iteration 83 
([0.11893080489334973, -0.069466713218838905, 2.7501991507448462, 1.4411508633784638, 5.5766503974887982, -0.81915165536042922], [1, 1, 1, 1, 1, 1], 9) 
hit_rate: 0.916666666667 
iteration 84 
([0.14248396419592768, -0.069466713218838905, 2.7501991507448462, 1.4411508633784638, 5.5766503974887982, -0.81915165536042922], [1, 1, 1, 1, 1, 1], 9) 
hit_rate: 0.916666666667 
iteration 85 
([0.14248396419592768, -0.069466713218838905, 2.7501991507448462, 2.0411013370237292, 5.5766503974887982, -0.81915165536042922], [1, 1, 1, 1, 1, 1], 9) 
hit_rate: 0.916666666667 
iteration 86 
([0.14248396419592768, -0.37066649299127108, 2.7501991507448462, 2.0411013370237292, 5.5766503974887982, -0.81915165536042922], [1, 1, 1, 1, 1, 1], 9) 
hit_rate: 0.916666666667 
iteration 87 
([0.14248396419592768, -0.37066649299127108, 2.7501991507448462, 2.1189013303149853, 5.5766503974887982, -0.81915165536042922], [1, 1, 1, 1, 1, 1], 9) 
hit_rate: 0.916666666667 
iteration 88 
([0.14248396419592768, -0.37066649299127108, 2.7501991507448462, 2.1189013303149853, 5.5766503974887982, -0.15245130622338743], [1, 1, 1, 1, 1, 1], 9) 
hit_rate: 0.916666666667 
iteration 89 
([-0.082225435401375169, -0.37066649299127108, 2.7501991507448462, 2.1189013303149853, 5.5766503974887982, -0.15245130622338743], [1, 1, 1, 1, 1, 1], 9) 
hit_rate: 0.916666666667 
iteration 90 
([-0.082225435401375169, -0.37066649299127108, 2.7501991507448462, 2.1189013303149853, 5.1746412643450492, -0.15245130622338743], [1, 1, 1, 1, 1, 1], 9) 
hit_rate: 0.916666666667 
iteration 91 
([-0.082225435401375169, -0.37066649299127108, 2.7501991507448462, 2.1189013303149853, 5.1746412643450492, -1.002187907825109], [1, 1, 1, 1, 1, 1], 9) 
hit_rate: 0.916666666667 
iteration 92 
([-0.082225435401375169, -0.37066649299127108, 2.7501991507448462, 2.1189013303149853, 5.1746412643450492, -1.3684252854907248], [1, 1, 1, 1, 1, 1], 9) 
hit_rate: 0.916666666667 
iteration 93 
([-0.082225435401375169, -0.37066649299127108, 2.7501991507448462, 2.1189013303149853, 5.4080350704598006, -1.3684252854907248], [1, 1, 1, 1, 1, 1], 9) 
hit_rate: 0.916666666667 
iteration 94 
([-0.082225435401375169, -0.37066649299127108, 2.7501991507448462, 2.1189013303149853, 6.0018000127398965, -1.3684252854907248], [1, 1, 1, 1, 1, 1], 9) 
hit_rate: 0.916666666667 
iteration 95 
([-0.082225435401375169, -0.37066649299127108, 2.7501991507448462, 2.1189013303149853, 5.5627588805007386, -1.3684252854907248], [1, 1, 1, 1, 1, 1], 9) 
hit_rate: 0.916666666667 
iteration 96 
([-0.39965398202914004, -0.37066649299127108, 2.7501991507448462, 2.1189013303149853, 5.5627588805007386, -1.3684252854907248], [1, 1, 1, 1, 1, 1], 7) 
hit_rate: 0.75 
iteration 97 
([-0.39965398202914004, -0.37066649299127108, 2.7352166623172569, 2.1189013303149853, 5.5627588805007386, -1.3684252854907248], [1, 1, 1, 1, 1, 1], 9) 
hit_rate: 0.916666666667 
iteration 98 
([-0.39965398202914004, 0.48596936337641772, 2.7352166623172569, 2.1189013303149853, 5.5627588805007386, -1.3684252854907248], [1, 1, 1, 1, 1, 1], 9) 
hit_rate: 0.916666666667 
iteration 99 
([-0.39965398202914004, 0.73105382391689377, 2.7352166623172569, 2.1189013303149853, 5.5627588805007386, -1.3684252854907248], [1, 1, 1, 1, 1, 1], 9) 
hit_rate: 0.916666666667 
best solution: ([-0.39965398202914004, 0.73105382391689377, 2.7352166623172569, 2.1189013303149853, 5.5627588805007386, -1.3684252854907248], [1, 1, 1, 1, 1, 1], 9)
Hits for the best solution: 0.916666666667
TS Spent time: 172.523866892
k-NN Spent time: 0.0940980911255
