iteration 0 
([1.0, 0.29207639242518968, 1.0, 1.0, 1.0, 1.0], [1, 1, 1, 1, 1, 1], 1) 
hit_rate: 0.818181818182 
iteration 1 
([0.46386925217606234, 0.29207639242518968, 1.0, 1.0, 1.0, 1.0], [1, 1, 1, 1, 1, 1], 3) 
hit_rate: 0.818181818182 
iteration 2 
([0.81767955422420524, 0.29207639242518968, 1.0, 1.0, 1.0, 1.0], [1, 1, 1, 1, 1, 1], 3) 
hit_rate: 0.818181818182 
iteration 3 
([0.81767955422420524, 0.29207639242518968, 1.0, 1.0, 1.0894670465634781, 1.0], [1, 1, 1, 1, 1, 1], 1) 
hit_rate: 0.818181818182 
iteration 4 
([0.81767955422420524, 0.29207639242518968, 1.0, 1.0, 1.0894670465634781, 1.4235968996193815], [1, 1, 1, 1, 1, 1], 1) 
hit_rate: 0.818181818182 
iteration 5 
([0.81767955422420524, 0.29207639242518968, 1.0, 1.0, 1.0894670465634781, 1.1160117818278124], [1, 1, 1, 1, 1, 1], 1) 
hit_rate: 0.818181818182 
iteration 6 
([0.47112302146102225, 0.29207639242518968, 1.0, 1.0, 1.0894670465634781, 1.1160117818278124], [1, 1, 1, 1, 1, 1], 1) 
hit_rate: 0.818181818182 
iteration 7 
([0.47112302146102225, 0.29207639242518968, 1.0, 1.7836653936539533, 1.0894670465634781, 1.1160117818278124], [1, 1, 1, 1, 1, 1], 9) 
hit_rate: 0.818181818182 
iteration 8 
([0.47112302146102225, 0.29207639242518968, 1.1347474848760526, 1.7836653936539533, 1.0894670465634781, 1.1160117818278124], [1, 1, 1, 1, 1, 1], 9) 
hit_rate: 0.818181818182 
iteration 9 
([0.47112302146102225, 0.29207639242518968, 1.1347474848760526, 1.7836653936539533, 1.0894670465634781, 0.64340890565147224], [1, 1, 1, 1, 1, 1], 3) 
hit_rate: 0.818181818182 
iteration 10 
([0.47112302146102225, 0.60606212033955442, 1.1347474848760526, 1.7836653936539533, 1.0894670465634781, 0.64340890565147224], [1, 1, 1, 1, 1, 1], 3) 
hit_rate: 0.818181818182 
iteration 11 
([0.47112302146102225, 0.60606212033955442, 1.1347474848760526, 0.90761077167223436, 1.0894670465634781, 0.64340890565147224], [1, 1, 1, 1, 1, 1], 1) 
hit_rate: 0.818181818182 
iteration 12 
([0.47112302146102225, 0.60606212033955442, 1.1347474848760526, 0.90761077167223436, 1.0992398846608484, 0.64340890565147224], [1, 1, 1, 1, 1, 1], 3) 
hit_rate: 0.818181818182 
iteration 13 
([0.47112302146102225, 0.60606212033955442, 1.1347474848760526, 0.90761077167223436, 0.73242608512294405, 0.64340890565147224], [1, 1, 1, 1, 1, 1], 1) 
hit_rate: 0.909090909091 
iteration 14 
([0.47112302146102225, 0.60606212033955442, 1.1347474848760526, 0.044973274288702125, 0.73242608512294405, 0.64340890565147224], [1, 1, 1, 1, 1, 1], 1) 
hit_rate: 0.909090909091 
iteration 15 
([0.47112302146102225, 0.60606212033955442, 1.4523650551384051, 0.044973274288702125, 0.73242608512294405, 0.64340890565147224], [1, 1, 1, 1, 1, 1], 1) 
hit_rate: 0.909090909091 
iteration 16 
([0.47112302146102225, 0.60606212033955442, 1.4523650551384051, 0.044973274288702125, 0.43466143539111002, 0.64340890565147224], [1, 1, 1, 1, 1, 1], 1) 
hit_rate: 0.909090909091 
iteration 17 
([0.47112302146102225, 0.60606212033955442, 1.4523650551384051, -0.37964229534634075, 0.43466143539111002, 0.64340890565147224], [1, 1, 1, 1, 1, 1], 1) 
hit_rate: 0.909090909091 
iteration 18 
([0.47112302146102225, 0.60606212033955442, 1.4523650551384051, -0.37964229534634075, 0.43466143539111002, 0.74650496054920601], [1, 1, 1, 1, 1, 1], 1) 
hit_rate: 0.909090909091 
iteration 19 
([0.47112302146102225, 0.60606212033955442, 1.4523650551384051, -0.37964229534634075, 0.43466143539111002, 0.86327282592882093], [1, 1, 1, 1, 1, 1], 1) 
hit_rate: 0.909090909091 
iteration 20 
([0.47112302146102225, 0.60606212033955442, 1.4523650551384051, -0.37964229534634075, -0.5149395780117878, 0.86327282592882093], [1, 1, 1, 1, 1, 1], 1) 
hit_rate: 0.909090909091 
iteration 21 
([0.75337924211659035, 0.60606212033955442, 1.4523650551384051, -0.37964229534634075, -0.5149395780117878, 0.86327282592882093], [1, 1, 1, 1, 1, 1], 1) 
hit_rate: 0.909090909091 
iteration 22 
([0.71577741845895249, 0.60606212033955442, 1.4523650551384051, -0.37964229534634075, -0.5149395780117878, 0.86327282592882093], [1, 1, 1, 1, 1, 1], 1) 
hit_rate: 0.909090909091 
iteration 23 
([0.71577741845895249, 0.60606212033955442, 1.4523650551384051, -0.37964229534634075, -1.060175337304994, 0.86327282592882093], [1, 1, 1, 1, 1, 1], 1) 
hit_rate: 0.909090909091 
iteration 24 
([0.71577741845895249, 0.60606212033955442, 1.0775371732305827, -0.37964229534634075, -1.060175337304994, 0.86327282592882093], [1, 1, 1, 1, 1, 1], 1) 
hit_rate: 0.909090909091 
iteration 25 
([0.71577741845895249, 0.60606212033955442, 1.0775371732305827, -0.61089475117524894, -1.060175337304994, 0.86327282592882093], [1, 1, 1, 1, 1, 1], 1) 
hit_rate: 0.909090909091 
iteration 26 
([0.71577741845895249, 0.60606212033955442, 1.0775371732305827, -1.3972158043042127, -1.060175337304994, 0.86327282592882093], [1, 1, 1, 1, 1, 1], 1) 
hit_rate: 0.909090909091 
iteration 27 
([0.71577741845895249, 0.60606212033955442, 1.0775371732305827, -1.3972158043042127, -1.060175337304994, 0.88712614109182319], [1, 1, 1, 1, 1, 1], 1) 
hit_rate: 0.909090909091 
iteration 28 
([-0.028755261851258984, 0.60606212033955442, 1.0775371732305827, -1.3972158043042127, -1.060175337304994, 0.88712614109182319], [1, 1, 1, 1, 1, 1], 1) 
hit_rate: 0.909090909091 
iteration 29 
([0.080565045694667603, 0.60606212033955442, 1.0775371732305827, -1.3972158043042127, -1.060175337304994, 0.88712614109182319], [1, 1, 1, 1, 1, 1], 1) 
hit_rate: 0.909090909091 
iteration 30 
([0.080565045694667603, 0.60606212033955442, 1.0775371732305827, -1.3722003027656196, -1.060175337304994, 0.88712614109182319], [1, 1, 1, 1, 1, 1], 1) 
hit_rate: 0.909090909091 
iteration 31 
([0.19643090660535889, 0.60606212033955442, 1.0775371732305827, -1.3722003027656196, -1.060175337304994, 0.88712614109182319], [1, 1, 1, 1, 1, 1], 1) 
hit_rate: 0.909090909091 
iteration 32 
([0.19643090660535889, 0.60606212033955442, 1.0775371732305827, -1.6838260263919924, -1.060175337304994, 0.88712614109182319], [1, 1, 1, 1, 1, 1], 1) 
hit_rate: 0.909090909091 
iteration 33 
([0.19643090660535889, 0.60606212033955442, 0.82403413857010444, -1.6838260263919924, -1.060175337304994, 0.88712614109182319], [1, 1, 1, 1, 1, 1], 1) 
hit_rate: 0.909090909091 
iteration 34 
([0.19643090660535889, 0.60606212033955442, 0.82403413857010444, -1.6838260263919924, -0.71526160173442022, 0.88712614109182319], [1, 1, 1, 1, 1, 1], 1) 
hit_rate: 0.909090909091 
iteration 35 
([0.19643090660535889, 0.60606212033955442, 0.82403413857010444, -2.6293111435860412, -0.71526160173442022, 0.88712614109182319], [1, 1, 1, 1, 1, 1], 1) 
hit_rate: 0.909090909091 
iteration 36 
([0.19643090660535889, 0.60606212033955442, 0.82403413857010444, -2.6293111435860412, -0.53114586675342212, 0.88712614109182319], [1, 1, 1, 1, 1, 1], 1) 
hit_rate: 0.909090909091 
iteration 37 
([0.14478873590894237, 0.60606212033955442, 0.82403413857010444, -2.6293111435860412, -0.53114586675342212, 0.88712614109182319], [1, 1, 1, 1, 1, 1], 1) 
hit_rate: 0.909090909091 
iteration 38 
([0.14478873590894237, 0.60606212033955442, 0.82403413857010444, -2.6293111435860412, -0.53114586675342212, 0.57078574736933119], [1, 1, 1, 1, 1, 1], 1) 
hit_rate: 0.818181818182 
iteration 39 
([0.14478873590894237, 0.60606212033955442, -0.047838312878095035, -2.6293111435860412, -0.53114586675342212, 0.57078574736933119], [1, 1, 1, 1, 1, 1], 1) 
hit_rate: 0.818181818182 
iteration 40 
([0.14478873590894237, 0.60606212033955442, -0.047838312878095035, -2.6293111435860412, -1.5206546794334317, 0.57078574736933119], [1, 1, 1, 1, 1, 1], 9) 
hit_rate: 0.818181818182 
iteration 41 
([0.14478873590894237, 0.60606212033955442, 0.94274315483255089, -2.6293111435860412, -1.5206546794334317, 0.57078574736933119], [1, 1, 1, 1, 1, 1], 9) 
hit_rate: 0.818181818182 
iteration 42 
([0.14478873590894237, 0.60606212033955442, 0.94274315483255089, -3.4413873041672756, -1.5206546794334317, 0.57078574736933119], [1, 1, 1, 1, 1, 1], 9) 
hit_rate: 0.818181818182 
iteration 43 
([0.083405338609832569, 0.60606212033955442, 0.94274315483255089, -3.4413873041672756, -1.5206546794334317, 0.57078574736933119], [1, 1, 1, 1, 1, 1], 9) 
hit_rate: 0.818181818182 
iteration 44 
([0.083405338609832569, 0.60606212033955442, 0.94274315483255089, -3.5209121255674223, -1.5206546794334317, 0.57078574736933119], [1, 1, 1, 1, 1, 1], 9) 
hit_rate: 0.818181818182 
iteration 45 
([-0.12962220523093526, 0.60606212033955442, 0.94274315483255089, -3.5209121255674223, -1.5206546794334317, 0.57078574736933119], [1, 1, 1, 1, 1, 1], 9) 
hit_rate: 0.818181818182 
iteration 46 
([-0.12962220523093526, 0.60606212033955442, 0.94274315483255089, -3.4806019984553611, -1.5206546794334317, 0.57078574736933119], [1, 1, 1, 1, 1, 1], 9) 
hit_rate: 0.818181818182 
iteration 47 
([-0.12962220523093526, 0.60606212033955442, 0.94274315483255089, -3.6002382416472569, -1.5206546794334317, 0.57078574736933119], [1, 1, 1, 1, 1, 1], 9) 
hit_rate: 0.818181818182 
iteration 48 
([-0.13955738104441351, 0.60606212033955442, 0.94274315483255089, -3.6002382416472569, -1.5206546794334317, 0.57078574736933119], [1, 1, 1, 1, 1, 1], 9) 
hit_rate: 0.818181818182 
iteration 49 
([-0.13955738104441351, 0.60606212033955442, 0.94274315483255089, -2.7668034029236237, -1.5206546794334317, 0.57078574736933119], [1, 1, 1, 1, 1, 1], 9) 
hit_rate: 0.818181818182 
iteration 50 
([-0.13955738104441351, 0.60606212033955442, 0.94274315483255089, -2.7668034029236237, -1.0408991722564189, 0.57078574736933119], [1, 1, 1, 1, 1, 1], 3) 
hit_rate: 0.727272727273 
iteration 51 
([-0.13955738104441351, 1.0968021805917763, 0.94274315483255089, -2.7668034029236237, -1.0408991722564189, 0.57078574736933119], [1, 1, 1, 1, 1, 1], 5) 
hit_rate: 0.727272727273 
iteration 52 
([-0.13955738104441351, 1.0968021805917763, 0.80660516206820265, -2.7668034029236237, -1.0408991722564189, 0.57078574736933119], [1, 1, 1, 1, 1, 1], 5) 
hit_rate: 0.727272727273 
iteration 53 
([-0.13955738104441351, 1.0968021805917763, 1.3064400172904271, -2.7668034029236237, -1.0408991722564189, 0.57078574736933119], [1, 1, 1, 1, 1, 1], 3) 
hit_rate: 0.727272727273 
iteration 54 
([-0.13955738104441351, 1.0968021805917763, 1.3064400172904271, -1.9284484628319611, -1.0408991722564189, 0.57078574736933119], [1, 1, 1, 1, 1, 1], 1) 
hit_rate: 0.818181818182 
iteration 55 
([-0.13955738104441351, 1.0968021805917763, 1.3064400172904271, -1.6528631843527972, -1.0408991722564189, 0.57078574736933119], [1, 1, 1, 1, 1, 1], 1) 
hit_rate: 0.818181818182 
iteration 56 
([-0.13955738104441351, 1.0968021805917763, 1.3064400172904271, -1.6528631843527972, -1.0408991722564189, 0.87685467120065286], [1, 1, 1, 1, 1, 1], 1) 
hit_rate: 0.909090909091 
iteration 57 
([-0.16400631975806812, 1.0968021805917763, 1.3064400172904271, -1.6528631843527972, -1.0408991722564189, 0.87685467120065286], [1, 1, 1, 1, 1, 1], 1) 
hit_rate: 0.909090909091 
iteration 58 
([-0.16400631975806812, 1.0968021805917763, 1.3064400172904271, -2.3402719913693577, -1.0408991722564189, 0.87685467120065286], [1, 1, 1, 1, 1, 1], 1) 
hit_rate: 0.909090909091 
iteration 59 
([-0.16400631975806812, 1.0968021805917763, 1.3064400172904271, -2.3402719913693577, -1.0381418909024676, 0.87685467120065286], [1, 1, 1, 1, 1, 1], 1) 
hit_rate: 0.909090909091 
iteration 60 
([-0.16400631975806812, 1.0968021805917763, 1.3064400172904271, -2.3402719913693577, -1.0381418909024676, 1.8416551919095618], [1, 1, 1, 1, 1, 1], 1) 
hit_rate: 0.909090909091 
iteration 61 
([-0.16400631975806812, 1.0968021805917763, 1.3064400172904271, -3.0435024006739462, -1.0381418909024676, 1.8416551919095618], [1, 1, 1, 1, 1, 1], 1) 
hit_rate: 0.909090909091 
iteration 62 
([0.38431608368452341, 1.0968021805917763, 1.3064400172904271, -3.0435024006739462, -1.0381418909024676, 1.8416551919095618], [1, 1, 1, 1, 1, 1], 1) 
hit_rate: 0.909090909091 
iteration 63 
([0.38431608368452341, 1.2842986646767689, 1.3064400172904271, -3.0435024006739462, -1.0381418909024676, 1.8416551919095618], [1, 1, 1, 1, 1, 1], 1) 
hit_rate: 0.909090909091 
iteration 64 
([0.38431608368452341, 1.2842986646767689, 0.6902085329831551, -3.0435024006739462, -1.0381418909024676, 1.8416551919095618], [1, 1, 1, 1, 1, 1], 1) 
hit_rate: 0.818181818182 
iteration 65 
([0.38431608368452341, 1.2842986646767689, 0.6902085329831551, -3.8090101586740617, -1.0381418909024676, 1.8416551919095618], [1, 1, 1, 1, 1, 1], 1) 
hit_rate: 0.818181818182 
iteration 66 
([-0.033296242809280896, 1.2842986646767689, 0.6902085329831551, -3.8090101586740617, -1.0381418909024676, 1.8416551919095618], [1, 1, 1, 1, 1, 1], 5) 
hit_rate: 0.727272727273 
iteration 67 
([-0.033296242809280896, 1.2842986646767689, 1.6723675473341701, -3.8090101586740617, -1.0381418909024676, 1.8416551919095618], [1, 1, 1, 1, 1, 1], 1) 
hit_rate: 0.909090909091 
iteration 68 
([-0.033296242809280896, 1.2842986646767689, 1.6723675473341701, -3.8090101586740617, -1.190975286570225, 1.8416551919095618], [1, 1, 1, 1, 1, 1], 1) 
hit_rate: 0.909090909091 
iteration 69 
([-0.033296242809280896, 1.2842986646767689, 1.8039447074148134, -3.8090101586740617, -1.190975286570225, 1.8416551919095618], [1, 1, 1, 1, 1, 1], 1) 
hit_rate: 0.909090909091 
iteration 70 
([-0.033296242809280896, 1.3887920565588923, 1.8039447074148134, -3.8090101586740617, -1.190975286570225, 1.8416551919095618], [1, 1, 1, 1, 1, 1], 1) 
hit_rate: 0.909090909091 
iteration 71 
([-0.033296242809280896, 1.6727368340958335, 1.8039447074148134, -3.8090101586740617, -1.190975286570225, 1.8416551919095618], [1, 1, 1, 1, 1, 1], 1) 
hit_rate: 0.909090909091 
iteration 72 
([-0.033296242809280896, 1.6727368340958335, 1.8039447074148134, -3.8090101586740617, -1.1387601141598633, 1.8416551919095618], [1, 1, 1, 1, 1, 1], 1) 
hit_rate: 0.909090909091 
iteration 73 
([-0.033296242809280896, 1.6727368340958335, 1.8039447074148134, -3.2731788856637882, -1.1387601141598633, 1.8416551919095618], [1, 1, 1, 1, 1, 1], 1) 
hit_rate: 0.909090909091 
iteration 74 
([-0.033296242809280896, 1.6727368340958335, 1.8039447074148134, -3.2731788856637882, -1.1387601141598633, 2.4664976970054551], [1, 1, 1, 1, 1, 1], 1) 
hit_rate: 0.909090909091 
iteration 75 
([-0.033296242809280896, 1.6727368340958335, 1.9090749558374167, -3.2731788856637882, -1.1387601141598633, 2.4664976970054551], [1, 1, 1, 1, 1, 1], 1) 
hit_rate: 0.909090909091 
iteration 76 
([-0.28184124761678664, 1.6727368340958335, 1.9090749558374167, -3.2731788856637882, -1.1387601141598633, 2.4664976970054551], [1, 1, 1, 1, 1, 1], 1) 
hit_rate: 0.909090909091 
iteration 77 
([-0.28184124761678664, 1.6727368340958335, 1.9090749558374167, -3.2731788856637882, -1.1387601141598633, 2.2469141922743168], [1, 1, 1, 1, 1, 1], 1) 
hit_rate: 0.909090909091 
iteration 78 
([-0.28184124761678664, 1.6727368340958335, 1.9090749558374167, -3.9026081345209338, -1.1387601141598633, 2.2469141922743168], [1, 1, 1, 1, 1, 1], 1) 
hit_rate: 0.909090909091 
iteration 79 
([-0.28184124761678664, 1.1220097153256616, 1.9090749558374167, -3.9026081345209338, -1.1387601141598633, 2.2469141922743168], [1, 1, 1, 1, 1, 1], 1) 
hit_rate: 0.909090909091 
iteration 80 
([-0.28184124761678664, 1.1220097153256616, 1.9090749558374167, -3.9026081345209338, -1.4538211151437921, 2.2469141922743168], [1, 1, 1, 1, 1, 1], 1) 
hit_rate: 0.909090909091 
iteration 81 
([-0.28184124761678664, 1.1220097153256616, 1.3270560047601438, -3.9026081345209338, -1.4538211151437921, 2.2469141922743168], [1, 1, 1, 1, 1, 1], 1) 
hit_rate: 0.818181818182 
iteration 82 
([-0.28184124761678664, 1.1220097153256616, 1.3270560047601438, -3.7371833691892897, -1.4538211151437921, 2.2469141922743168], [1, 1, 1, 1, 1, 1], 1) 
hit_rate: 0.818181818182 
iteration 83 
([-0.28184124761678664, 0.85080857715128988, 1.3270560047601438, -3.7371833691892897, -1.4538211151437921, 2.2469141922743168], [1, 1, 1, 1, 1, 1], 1) 
hit_rate: 0.909090909091 
iteration 84 
([-0.40418362376556249, 0.85080857715128988, 1.3270560047601438, -3.7371833691892897, -1.4538211151437921, 2.2469141922743168], [1, 1, 1, 1, 1, 1], 1) 
hit_rate: 0.909090909091 
iteration 85 
([-0.28908061115632933, 0.85080857715128988, 1.3270560047601438, -3.7371833691892897, -1.4538211151437921, 2.2469141922743168], [1, 1, 1, 1, 1, 1], 1) 
hit_rate: 0.909090909091 
iteration 86 
([-0.28908061115632933, 0.85080857715128988, 1.3270560047601438, -3.7371833691892897, -1.4538211151437921, 1.6840868444120509], [1, 1, 1, 1, 1, 1], 1) 
hit_rate: 0.909090909091 
iteration 87 
([-0.28908061115632933, 0.85080857715128988, 1.3270560047601438, -3.7371833691892897, -1.4538211151437921, 1.50890965764507], [1, 1, 1, 1, 1, 1], 1) 
hit_rate: 0.909090909091 
iteration 88 
([0.23927845276822945, 0.85080857715128988, 1.3270560047601438, -3.7371833691892897, -1.4538211151437921, 1.50890965764507], [1, 1, 1, 1, 1, 1], 1) 
hit_rate: 0.909090909091 
iteration 89 
([0.36489978128469125, 0.85080857715128988, 1.3270560047601438, -3.7371833691892897, -1.4538211151437921, 1.50890965764507], [1, 1, 1, 1, 1, 1], 1) 
hit_rate: 0.909090909091 
iteration 90 
([0.36489978128469125, 0.85080857715128988, 1.3270560047601438, -2.8823972378315852, -1.4538211151437921, 1.50890965764507], [1, 1, 1, 1, 1, 1], 1) 
hit_rate: 0.909090909091 
iteration 91 
([0.36489978128469125, 0.85080857715128988, 1.2001708012103893, -2.8823972378315852, -1.4538211151437921, 1.50890965764507], [1, 1, 1, 1, 1, 1], 1) 
hit_rate: 0.909090909091 
iteration 92 
([0.36489978128469125, 0.85080857715128988, 1.2001708012103893, -2.8823972378315852, -1.6840101247367336, 1.50890965764507], [1, 1, 1, 1, 1, 1], 1) 
hit_rate: 0.909090909091 
iteration 93 
([0.36489978128469125, 0.85080857715128988, 1.2001708012103893, -2.8823972378315852, -1.6840101247367336, 1.156309941522218], [1, 1, 1, 1, 1, 1], 1) 
hit_rate: 0.818181818182 
iteration 94 
([0.36489978128469125, 0.85080857715128988, 1.6892556825434926, -2.8823972378315852, -1.6840101247367336, 1.156309941522218], [1, 1, 1, 1, 1, 1], 3) 
hit_rate: 0.818181818182 
iteration 95 
([0.36489978128469125, 1.0004210978528707, 1.6892556825434926, -2.8823972378315852, -1.6840101247367336, 1.156309941522218], [1, 1, 1, 1, 1, 1], 5) 
hit_rate: 0.818181818182 
iteration 96 
([-0.343665102127656, 1.0004210978528707, 1.6892556825434926, -2.8823972378315852, -1.6840101247367336, 1.156309941522218], [1, 1, 1, 1, 1, 1], 1) 
hit_rate: 0.909090909091 
iteration 97 
([-0.02466745252245528, 1.0004210978528707, 1.6892556825434926, -2.8823972378315852, -1.6840101247367336, 1.156309941522218], [1, 1, 1, 1, 1, 1], 1) 
hit_rate: 0.909090909091 
iteration 98 
([-0.02466745252245528, 1.0004210978528707, 1.6892556825434926, -2.8823972378315852, -1.3207451579175924, 1.156309941522218], [1, 1, 1, 1, 1, 1], 1) 
hit_rate: 0.909090909091 
iteration 99 
([-0.02466745252245528, 1.0004210978528707, 1.6892556825434926, -2.8823972378315852, -1.3207451579175924, 1.2772667879389676], [1, 1, 1, 1, 1, 1], 1) 
hit_rate: 0.909090909091 
best solution: ([-0.02466745252245528, 1.0004210978528707, 1.6892556825434926, -2.8823972378315852, -1.3207451579175924, 1.2772667879389676], [1, 1, 1, 1, 1, 1], 1)
Hits for the best solution: 0.909090909091
TS Spent time: 136.887613058
k-NN Spent time: 0.0939519405365
