iteration 0 
([1.6594443074184526, 1.0, 1.0, 1.0, 1.0, 1.0], [1, 1, 1, 1, 1, 1], 7) 
hit_rate: 0.857142857143 
iteration 1 
([1.6594443074184526, 0.99257604379190156, 1.0, 1.0, 1.0, 1.0], [1, 1, 1, 1, 1, 1], 1) 
hit_rate: 0.857142857143 
iteration 2 
([1.6594443074184526, 0.99257604379190156, 1.0, 1.0, 1.0, 0.70474108866169205], [1, 1, 1, 1, 1, 1], 7) 
hit_rate: 0.857142857143 
iteration 3 
([1.6594443074184526, 0.99257604379190156, 1.0, 1.0, 1.0, 1.6363031829440282], [1, 1, 1, 1, 1, 1], 7) 
hit_rate: 0.785714285714 
iteration 4 
([1.6594443074184526, 0.82330608906448322, 1.0, 1.0, 1.0, 1.6363031829440282], [1, 1, 1, 1, 1, 1], 1) 
hit_rate: 0.857142857143 
iteration 5 
([1.6594443074184526, 0.76423906286247956, 1.0, 1.0, 1.0, 1.6363031829440282], [1, 1, 1, 1, 1, 1], 1) 
hit_rate: 0.857142857143 
iteration 6 
([1.6594443074184526, 0.48021657106587456, 1.0, 1.0, 1.0, 1.6363031829440282], [1, 1, 1, 1, 1, 1], 5) 
hit_rate: 0.928571428571 
iteration 7 
([1.6594443074184526, -0.020939728762533028, 1.0, 1.0, 1.0, 1.6363031829440282], [1, 1, 1, 1, 1, 1], 3) 
hit_rate: 0.857142857143 
iteration 8 
([1.6594443074184526, -0.020939728762533028, 1.0, 1.0, 1.0, 2.13570894253143], [1, 1, 1, 1, 1, 1], 3) 
hit_rate: 0.857142857143 
iteration 9 
([1.6594443074184526, -0.020939728762533028, 1.0, 1.0, 1.0, 2.1777691573234499], [1, 1, 1, 1, 1, 1], 3) 
hit_rate: 0.857142857143 
iteration 10 
([1.6594443074184526, -0.020939728762533028, 1.0, 1.0, 1.3487914133068013, 2.1777691573234499], [1, 1, 1, 1, 1, 1], 5) 
hit_rate: 0.857142857143 
iteration 11 
([1.6594443074184526, -0.020939728762533028, 1.0, 1.0, 1.1828382981486028, 2.1777691573234499], [1, 1, 1, 1, 1, 1], 3) 
hit_rate: 0.857142857143 
iteration 12 
([1.6594443074184526, -0.020939728762533028, 1.0, 0.78015889137869698, 1.1828382981486028, 2.1777691573234499], [1, 1, 1, 1, 1, 1], 5) 
hit_rate: 0.857142857143 
iteration 13 
([1.8444205964305318, -0.020939728762533028, 1.0, 0.78015889137869698, 1.1828382981486028, 2.1777691573234499], [1, 1, 1, 1, 1, 1], 3) 
hit_rate: 0.857142857143 
iteration 14 
([1.8444205964305318, -0.020939728762533028, 1.0120309859585812, 0.78015889137869698, 1.1828382981486028, 2.1777691573234499], [1, 1, 1, 1, 1, 1], 3) 
hit_rate: 0.857142857143 
iteration 15 
([1.8444205964305318, 0.76374121810209283, 1.0120309859585812, 0.78015889137869698, 1.1828382981486028, 2.1777691573234499], [1, 1, 1, 1, 1, 1], 1) 
hit_rate: 0.857142857143 
iteration 16 
([1.8444205964305318, 1.6789038325456218, 1.0120309859585812, 0.78015889137869698, 1.1828382981486028, 2.1777691573234499], [1, 1, 1, 1, 1, 1], 1) 
hit_rate: 0.857142857143 
iteration 17 
([1.8444205964305318, 1.6789038325456218, 1.4426438387325411, 0.78015889137869698, 1.1828382981486028, 2.1777691573234499], [1, 1, 1, 1, 1, 1], 5) 
hit_rate: 0.857142857143 
iteration 18 
([1.8444205964305318, 1.1891522490530488, 1.4426438387325411, 0.78015889137869698, 1.1828382981486028, 2.1777691573234499], [1, 1, 1, 1, 1, 1], 3) 
hit_rate: 0.857142857143 
iteration 19 
([1.8444205964305318, 1.1891522490530488, 1.4426438387325411, 0.80432699120015494, 1.1828382981486028, 2.1777691573234499], [1, 1, 1, 1, 1, 1], 5) 
hit_rate: 0.857142857143 
iteration 20 
([1.8444205964305318, 0.2626259725323381, 1.4426438387325411, 0.80432699120015494, 1.1828382981486028, 2.1777691573234499], [1, 1, 1, 1, 1, 1], 5) 
hit_rate: 0.857142857143 
iteration 21 
([1.8444205964305318, 0.2626259725323381, 1.4426438387325411, 1.2736585748527505, 1.1828382981486028, 2.1777691573234499], [1, 1, 1, 1, 1, 1], 7) 
hit_rate: 0.928571428571 
iteration 22 
([1.8444205964305318, 0.82126262637452618, 1.4426438387325411, 1.2736585748527505, 1.1828382981486028, 2.1777691573234499], [1, 1, 1, 1, 1, 1], 1) 
hit_rate: 0.857142857143 
iteration 23 
([1.8444205964305318, 0.19969706683306243, 1.4426438387325411, 1.2736585748527505, 1.1828382981486028, 2.1777691573234499], [1, 1, 1, 1, 1, 1], 7) 
hit_rate: 0.928571428571 
iteration 24 
([1.8444205964305318, 0.19969706683306243, 1.4426438387325411, 1.2736585748527505, 1.4059264055891889, 2.1777691573234499], [1, 1, 1, 1, 1, 1], 3) 
hit_rate: 0.857142857143 
iteration 25 
([1.8444205964305318, 0.19969706683306243, 1.4426438387325411, 1.2736585748527505, 1.4059264055891889, 1.9279616297501929], [1, 1, 1, 1, 1, 1], 3) 
hit_rate: 0.857142857143 
iteration 26 
([2.3794657740647551, 0.19969706683306243, 1.4426438387325411, 1.2736585748527505, 1.4059264055891889, 1.9279616297501929], [1, 1, 1, 1, 1, 1], 3) 
hit_rate: 0.857142857143 
iteration 27 
([2.3794657740647551, 0.42523286294589302, 1.4426438387325411, 1.2736585748527505, 1.4059264055891889, 1.9279616297501929], [1, 1, 1, 1, 1, 1], 7) 
hit_rate: 0.857142857143 
iteration 28 
([2.3794657740647551, 0.42523286294589302, 0.93914307211512327, 1.2736585748527505, 1.4059264055891889, 1.9279616297501929], [1, 1, 1, 1, 1, 1], 1) 
hit_rate: 0.928571428571 
iteration 29 
([2.3794657740647551, 0.42523286294589302, 0.1138496911961322, 1.2736585748527505, 1.4059264055891889, 1.9279616297501929], [1, 1, 1, 1, 1, 1], 1) 
hit_rate: 0.928571428571 
iteration 30 
([1.4996199168144548, 0.42523286294589302, 0.1138496911961322, 1.2736585748527505, 1.4059264055891889, 1.9279616297501929], [1, 1, 1, 1, 1, 1], 3) 
hit_rate: 0.928571428571 
iteration 31 
([1.4996199168144548, 0.42523286294589302, 0.52351560708039457, 1.2736585748527505, 1.4059264055891889, 1.9279616297501929], [1, 1, 1, 1, 1, 1], 3) 
hit_rate: 0.928571428571 
iteration 32 
([1.4996199168144548, 0.42523286294589302, 0.52351560708039457, 1.6478364108669281, 1.4059264055891889, 1.9279616297501929], [1, 1, 1, 1, 1, 1], 3) 
hit_rate: 0.928571428571 
iteration 33 
([1.4996199168144548, 0.32435586195558552, 0.52351560708039457, 1.6478364108669281, 1.4059264055891889, 1.9279616297501929], [1, 1, 1, 1, 1, 1], 3) 
hit_rate: 0.928571428571 
iteration 34 
([1.4996199168144548, -0.43482653803565574, 0.52351560708039457, 1.6478364108669281, 1.4059264055891889, 1.9279616297501929], [1, 1, 1, 1, 1, 1], 3) 
hit_rate: 0.928571428571 
iteration 35 
([1.4996199168144548, -0.43482653803565574, 0.52351560708039457, 1.6478364108669281, 1.4059264055891889, 1.7647553025797278], [1, 1, 1, 1, 1, 1], 3) 
hit_rate: 0.928571428571 
iteration 36 
([1.4996199168144548, -0.43482653803565574, 0.52351560708039457, 1.6478364108669281, 1.4059264055891889, 2.1152383230645886], [1, 1, 1, 1, 1, 1], 3) 
hit_rate: 0.928571428571 
iteration 37 
([1.4996199168144548, -0.43482653803565574, 0.52351560708039457, 1.6478364108669281, 1.4001484088695035, 2.1152383230645886], [1, 1, 1, 1, 1, 1], 3) 
hit_rate: 0.928571428571 
iteration 38 
([1.4996199168144548, -0.43482653803565574, 0.52351560708039457, 1.7498244848675546, 1.4001484088695035, 2.1152383230645886], [1, 1, 1, 1, 1, 1], 3) 
hit_rate: 0.928571428571 
iteration 39 
([1.4996199168144548, -0.91897191170763004, 0.52351560708039457, 1.7498244848675546, 1.4001484088695035, 2.1152383230645886], [1, 1, 1, 1, 1, 1], 1) 
hit_rate: 1.0 
iteration 40 
([1.4996199168144548, -0.91897191170763004, 0.52351560708039457, 1.7498244848675546, 1.4001484088695035, 2.2371088278037647], [1, 1, 1, 1, 1, 1], 1) 
hit_rate: 1.0 
iteration 41 
([1.1362852867665318, -0.91897191170763004, 0.52351560708039457, 1.7498244848675546, 1.4001484088695035, 2.2371088278037647], [1, 1, 1, 1, 1, 1], 1) 
hit_rate: 1.0 
iteration 42 
([1.1362852867665318, -0.91897191170763004, 0.52351560708039457, 1.7498244848675546, 2.3709477807146655, 2.2371088278037647], [1, 1, 1, 1, 1, 1], 1) 
hit_rate: 1.0 
iteration 43 
([1.1362852867665318, -0.91897191170763004, 0.52351560708039457, 1.7498244848675546, 2.3709477807146655, 2.6447695377437856], [1, 1, 1, 1, 1, 1], 1) 
hit_rate: 1.0 
iteration 44 
([1.1362852867665318, -0.91897191170763004, 0.52351560708039457, 1.7498244848675546, 1.4195983187017305, 2.6447695377437856], [1, 1, 1, 1, 1, 1], 1) 
hit_rate: 1.0 
iteration 45 
([1.1362852867665318, -0.91897191170763004, 0.52351560708039457, 1.7498244848675546, 1.4195983187017305, 2.6447695377437856], [1, 1, 0, 1, 1, 1], 1) 
hit_rate: 1.0 
iteration 46 
([1.1362852867665318, -0.91897191170763004, 0.65719564900058192, 1.7498244848675546, 1.4195983187017305, 2.6447695377437856], [1, 1, 0, 1, 1, 1], 1) 
hit_rate: 1.0 
iteration 47 
([1.1362852867665318, -0.91897191170763004, 0.65719564900058192, 1.7498244848675546, 1.4195983187017305, 2.34337549359633], [1, 1, 0, 1, 1, 1], 1) 
hit_rate: 1.0 
iteration 48 
([1.1362852867665318, -0.88191764013508855, 0.65719564900058192, 1.7498244848675546, 1.4195983187017305, 2.34337549359633], [1, 1, 0, 1, 1, 1], 1) 
hit_rate: 1.0 
iteration 49 
([1.1362852867665318, -0.88191764013508855, 0.65719564900058192, 1.7498244848675546, 1.4195983187017305, 2.071915486460199], [1, 1, 0, 1, 1, 1], 1) 
hit_rate: 1.0 
iteration 50 
([1.1362852867665318, -0.88191764013508855, 0.28332189501026539, 1.7498244848675546, 1.4195983187017305, 2.071915486460199], [1, 1, 0, 1, 1, 1], 1) 
hit_rate: 1.0 
iteration 51 
([1.1362852867665318, -0.88191764013508855, 0.33306601208415287, 1.7498244848675546, 1.4195983187017305, 2.071915486460199], [1, 1, 0, 1, 1, 1], 1) 
hit_rate: 1.0 
iteration 52 
([1.1362852867665318, -0.88191764013508855, 0.33306601208415287, 1.7498244848675546, 1.4195983187017305, 2.3359809833414809], [1, 1, 0, 1, 1, 1], 1) 
hit_rate: 1.0 
iteration 53 
([1.7161233160313099, -0.88191764013508855, 0.33306601208415287, 1.7498244848675546, 1.4195983187017305, 2.3359809833414809], [1, 1, 0, 1, 1, 1], 1) 
hit_rate: 1.0 
iteration 54 
([1.7161233160313099, -0.88191764013508855, 0.31444819155510273, 1.7498244848675546, 1.4195983187017305, 2.3359809833414809], [1, 1, 0, 1, 1, 1], 1) 
hit_rate: 1.0 
iteration 55 
([1.7161233160313099, -0.88191764013508855, 0.75162458029379287, 1.7498244848675546, 1.4195983187017305, 2.3359809833414809], [1, 1, 0, 1, 1, 1], 1) 
hit_rate: 1.0 
iteration 56 
([0.87379922322921821, -0.88191764013508855, 0.75162458029379287, 1.7498244848675546, 1.4195983187017305, 2.3359809833414809], [1, 1, 0, 1, 1, 1], 1) 
hit_rate: 1.0 
iteration 57 
([1.5740530244446136, -0.88191764013508855, 0.75162458029379287, 1.7498244848675546, 1.4195983187017305, 2.3359809833414809], [1, 1, 0, 1, 1, 1], 1) 
hit_rate: 1.0 
iteration 58 
([0.81440768109500272, -0.88191764013508855, 0.75162458029379287, 1.7498244848675546, 1.4195983187017305, 2.3359809833414809], [1, 1, 0, 1, 1, 1], 1) 
hit_rate: 1.0 
iteration 59 
([0.81440768109500272, -0.88191764013508855, 0.75162458029379287, 1.7498244848675546, 1.6847405265466728, 2.3359809833414809], [1, 1, 0, 1, 1, 1], 1) 
hit_rate: 1.0 
iteration 60 
([0.81440768109500272, -0.88191764013508855, 0.75162458029379287, 1.7498244848675546, 1.6847405265466728, 2.8531898250759946], [1, 1, 0, 1, 1, 1], 1) 
hit_rate: 1.0 
iteration 61 
([0.81440768109500272, -0.88191764013508855, 0.75162458029379287, 1.492238692084956, 1.6847405265466728, 2.8531898250759946], [1, 1, 0, 1, 1, 1], 1) 
hit_rate: 1.0 
iteration 62 
([0.81440768109500272, -0.88191764013508855, 0.75162458029379287, 1.492238692084956, 2.5297524609918671, 2.8531898250759946], [1, 1, 0, 1, 1, 1], 1) 
hit_rate: 1.0 
iteration 63 
([0.81440768109500272, -0.88191764013508855, 0.065568951487806837, 1.492238692084956, 2.5297524609918671, 2.8531898250759946], [1, 1, 0, 1, 1, 1], 1) 
hit_rate: 1.0 
iteration 64 
([0.99550550618940958, -0.88191764013508855, 0.065568951487806837, 1.492238692084956, 2.5297524609918671, 2.8531898250759946], [1, 1, 0, 1, 1, 1], 1) 
hit_rate: 1.0 
iteration 65 
([0.99550550618940958, -0.88191764013508855, 0.065568951487806837, 1.492238692084956, 2.2995076820022611, 2.8531898250759946], [1, 1, 0, 1, 1, 1], 1) 
hit_rate: 1.0 
iteration 66 
([0.99550550618940958, -0.88191764013508855, -0.24315934011269724, 1.492238692084956, 2.2995076820022611, 2.8531898250759946], [1, 1, 0, 1, 1, 1], 1) 
hit_rate: 1.0 
iteration 67 
([0.99550550618940958, -0.88191764013508855, -0.44550201609348394, 1.492238692084956, 2.2995076820022611, 2.8531898250759946], [1, 1, 0, 1, 1, 1], 1) 
hit_rate: 1.0 
iteration 68 
([0.72361756553497991, -0.88191764013508855, -0.44550201609348394, 1.492238692084956, 2.2995076820022611, 2.8531898250759946], [1, 1, 0, 1, 1, 1], 1) 
hit_rate: 1.0 
iteration 69 
([0.72361756553497991, -0.88191764013508855, 0.22644342578731136, 1.492238692084956, 2.2995076820022611, 2.8531898250759946], [1, 1, 0, 1, 1, 1], 1) 
hit_rate: 1.0 
iteration 70 
([0.72361756553497991, -0.88191764013508855, 1.0262507816735156, 1.492238692084956, 2.2995076820022611, 2.8531898250759946], [1, 1, 0, 1, 1, 1], 1) 
hit_rate: 1.0 
iteration 71 
([0.72361756553497991, -1.1757701003782566, 1.0262507816735156, 1.492238692084956, 2.2995076820022611, 2.8531898250759946], [1, 1, 0, 1, 1, 1], 1) 
hit_rate: 1.0 
iteration 72 
([0.72361756553497991, -1.1757701003782566, 1.0262507816735156, 1.492238692084956, 2.9952451162779203, 2.8531898250759946], [1, 1, 0, 1, 1, 1], 1) 
hit_rate: 1.0 
iteration 73 
([0.72361756553497991, -1.1757701003782566, 0.75485322638953312, 1.492238692084956, 2.9952451162779203, 2.8531898250759946], [1, 1, 0, 1, 1, 1], 1) 
hit_rate: 1.0 
iteration 74 
([0.72361756553497991, -1.1757701003782566, 0.75485322638953312, 1.492238692084956, 3.8942343327754267, 2.8531898250759946], [1, 1, 0, 1, 1, 1], 1) 
hit_rate: 1.0 
iteration 75 
([0.31734889195332716, -1.1757701003782566, 0.75485322638953312, 1.492238692084956, 3.8942343327754267, 2.8531898250759946], [1, 1, 0, 1, 1, 1], 1) 
hit_rate: 1.0 
iteration 76 
([0.31734889195332716, -1.1757701003782566, 0.75485322638953312, 1.5132868682546285, 3.8942343327754267, 2.8531898250759946], [1, 1, 0, 1, 1, 1], 1) 
hit_rate: 1.0 
iteration 77 
([0.31734889195332716, -1.1757701003782566, 0.75485322638953312, 1.5132868682546285, 3.8942343327754267, 2.9964046277599183], [1, 1, 0, 1, 1, 1], 1) 
hit_rate: 1.0 
iteration 78 
([0.31734889195332716, -1.1757701003782566, 0.75485322638953312, 1.5132868682546285, 3.0141902183431935, 2.9964046277599183], [1, 1, 0, 1, 1, 1], 1) 
hit_rate: 1.0 
iteration 79 
([0.31734889195332716, -1.1757701003782566, 1.3083566776419662, 1.5132868682546285, 3.0141902183431935, 2.9964046277599183], [1, 1, 0, 1, 1, 1], 1) 
hit_rate: 1.0 
iteration 80 
([0.31734889195332716, -1.1757701003782566, 2.0459284184854138, 1.5132868682546285, 3.0141902183431935, 2.9964046277599183], [1, 1, 0, 1, 1, 1], 1) 
hit_rate: 1.0 
iteration 81 
([0.34713953928317598, -1.1757701003782566, 2.0459284184854138, 1.5132868682546285, 3.0141902183431935, 2.9964046277599183], [1, 1, 0, 1, 1, 1], 1) 
hit_rate: 1.0 
iteration 82 
([0.34713953928317598, -1.1757701003782566, 2.0459284184854138, 1.444238795433632, 3.0141902183431935, 2.9964046277599183], [1, 1, 0, 1, 1, 1], 1) 
hit_rate: 1.0 
iteration 83 
([0.34713953928317598, -1.339549808536826, 2.0459284184854138, 1.444238795433632, 3.0141902183431935, 2.9964046277599183], [1, 1, 0, 1, 1, 1], 1) 
hit_rate: 1.0 
iteration 84 
([-0.082312407816592215, -1.339549808536826, 2.0459284184854138, 1.444238795433632, 3.0141902183431935, 2.9964046277599183], [1, 1, 0, 1, 1, 1], 1) 
hit_rate: 1.0 
iteration 85 
([-0.082312407816592215, -1.339549808536826, 2.0459284184854138, 1.5261345216979247, 3.0141902183431935, 2.9964046277599183], [1, 1, 0, 1, 1, 1], 1) 
hit_rate: 0.928571428571 
iteration 86 
([-0.52531096866327731, -1.339549808536826, 2.0459284184854138, 1.5261345216979247, 3.0141902183431935, 2.9964046277599183], [1, 1, 0, 1, 1, 1], 1) 
hit_rate: 1.0 
iteration 87 
([-0.52531096866327731, -1.339549808536826, 2.2922745521796113, 1.5261345216979247, 3.0141902183431935, 2.9964046277599183], [1, 1, 0, 1, 1, 1], 1) 
hit_rate: 1.0 
iteration 88 
([-0.52531096866327731, -1.339549808536826, 2.2922745521796113, 1.5261345216979247, 3.0141902183431935, 3.2920342374668827], [1, 1, 0, 1, 1, 1], 1) 
hit_rate: 1.0 
iteration 89 
([-0.52531096866327731, -1.339549808536826, 2.2922745521796113, 1.5261345216979247, 3.0141902183431935, 2.4504013604503712], [1, 1, 0, 1, 1, 1], 1) 
hit_rate: 1.0 
iteration 90 
([-0.52531096866327731, -1.339549808536826, 2.0336755174127026, 1.5261345216979247, 3.0141902183431935, 2.4504013604503712], [1, 1, 0, 1, 1, 1], 1) 
hit_rate: 1.0 
iteration 91 
([-0.52531096866327731, -1.339549808536826, 2.9201995542635992, 1.5261345216979247, 3.0141902183431935, 2.4504013604503712], [1, 1, 0, 1, 1, 1], 1) 
hit_rate: 1.0 
iteration 92 
([-0.52531096866327731, -1.339549808536826, 2.9201995542635992, 1.2364313581538162, 3.0141902183431935, 2.4504013604503712], [1, 1, 0, 1, 1, 1], 1) 
hit_rate: 1.0 
iteration 93 
([-0.52531096866327731, -1.339549808536826, 2.9201995542635992, 1.2364313581538162, 3.2497840883415554, 2.4504013604503712], [1, 1, 0, 1, 1, 1], 1) 
hit_rate: 1.0 
iteration 94 
([0.23680174716968749, -1.339549808536826, 2.9201995542635992, 1.2364313581538162, 3.2497840883415554, 2.4504013604503712], [1, 1, 0, 1, 1, 1], 1) 
hit_rate: 1.0 
iteration 95 
([0.23680174716968749, -1.339549808536826, 2.9264489657617672, 1.2364313581538162, 3.2497840883415554, 2.4504013604503712], [1, 1, 0, 1, 1, 1], 1) 
hit_rate: 1.0 
iteration 96 
([-0.26075278037782357, -1.339549808536826, 2.9264489657617672, 1.2364313581538162, 3.2497840883415554, 2.4504013604503712], [1, 1, 0, 1, 1, 1], 1) 
hit_rate: 1.0 
iteration 97 
([-0.26075278037782357, -1.339549808536826, 2.9264489657617672, 1.2364313581538162, 3.1969940401039283, 2.4504013604503712], [1, 1, 0, 1, 1, 1], 1) 
hit_rate: 1.0 
iteration 98 
([-1.0462154636614649, -1.339549808536826, 2.9264489657617672, 1.2364313581538162, 3.1969940401039283, 2.4504013604503712], [1, 1, 0, 1, 1, 1], 1) 
hit_rate: 1.0 
iteration 99 
([-0.27282962760449414, -1.339549808536826, 2.9264489657617672, 1.2364313581538162, 3.1969940401039283, 2.4504013604503712], [1, 1, 0, 1, 1, 1], 1) 
hit_rate: 1.0 
best solution: ([-0.27282962760449414, -1.339549808536826, 2.9264489657617672, 1.2364313581538162, 3.1969940401039283, 2.4504013604503712], [1, 1, 0, 1, 1, 1], 1)
Hits for the best solution: 1.0
TS Spent time: 250.323479176
k-NN Spent time: 0.103810071945
