iteration 0 
([1.0, 1.0, 1.0, 1.0, 0.98692779400824682, 1.0], [1, 1, 1, 1, 1, 1], 5) 
hit_rate: 0.928571428571 
iteration 1 
([1.0, 1.0, 1.0, 1.0, 1.6572208491915086, 1.0], [1, 1, 1, 1, 1, 1], 1) 
hit_rate: 0.928571428571 
iteration 2 
([1.0, 1.915691783051924, 1.0, 1.0, 1.6572208491915086, 1.0], [1, 1, 1, 1, 1, 1], 1) 
hit_rate: 0.928571428571 
iteration 3 
([1.0, 1.915691783051924, 1.8193759696924738, 1.0, 1.6572208491915086, 1.0], [1, 1, 1, 1, 1, 1], 1) 
hit_rate: 1.0 
iteration 4 
([1.0, 1.915691783051924, 1.2946273423262649, 1.0, 1.6572208491915086, 1.0], [1, 1, 1, 1, 1, 1], 1) 
hit_rate: 0.928571428571 
iteration 5 
([1.0, 1.915691783051924, 1.2946273423262649, 1.0, 2.2430491449632348, 1.0], [1, 1, 1, 1, 1, 1], 1) 
hit_rate: 0.928571428571 
iteration 6 
([1.0, 1.915691783051924, 1.7945014151959904, 1.0, 2.2430491449632348, 1.0], [1, 1, 1, 1, 1, 1], 1) 
hit_rate: 0.928571428571 
iteration 7 
([1.0, 1.915691783051924, 1.7945014151959904, 1.0, 1.3753283309288948, 1.0], [1, 1, 1, 1, 1, 1], 5) 
hit_rate: 0.928571428571 
iteration 8 
([1.0, 1.915691783051924, 1.7945014151959904, 0.72070151580037201, 1.3753283309288948, 1.0], [1, 1, 1, 1, 1, 1], 1) 
hit_rate: 1.0 
iteration 9 
([1.0, 1.915691783051924, 1.7945014151959904, 0.72070151580037201, 0.69441121354270252, 1.0], [1, 1, 1, 1, 1, 1], 1) 
hit_rate: 1.0 
iteration 10 
([1.0657537292467996, 1.915691783051924, 1.7945014151959904, 0.72070151580037201, 0.69441121354270252, 1.0], [1, 1, 1, 1, 1, 1], 1) 
hit_rate: 1.0 
iteration 11 
([1.0657537292467996, 1.915691783051924, 1.7945014151959904, 0.72070151580037201, 0.62436192377380295, 1.0], [1, 1, 1, 1, 1, 1], 1) 
hit_rate: 1.0 
iteration 12 
([1.0657537292467996, 1.915691783051924, 1.9905496212512297, 0.72070151580037201, 0.62436192377380295, 1.0], [1, 1, 1, 1, 1, 1], 1) 
hit_rate: 1.0 
iteration 13 
([1.0657537292467996, 1.915691783051924, 1.9905496212512297, 0.73176845575875871, 0.62436192377380295, 1.0], [1, 1, 1, 1, 1, 1], 1) 
hit_rate: 1.0 
iteration 14 
([1.0657537292467996, 1.915691783051924, 1.9905496212512297, 0.73176845575875871, 1.5662290975966335, 1.0], [1, 1, 1, 1, 1, 1], 1) 
hit_rate: 1.0 
iteration 15 
([1.0657537292467996, 1.518594529662284, 1.9905496212512297, 0.73176845575875871, 1.5662290975966335, 1.0], [1, 1, 1, 1, 1, 1], 1) 
hit_rate: 1.0 
iteration 16 
([1.3820356006004564, 1.518594529662284, 1.9905496212512297, 0.73176845575875871, 1.5662290975966335, 1.0], [1, 1, 1, 1, 1, 1], 1) 
hit_rate: 1.0 
iteration 17 
([1.3820356006004564, 1.518594529662284, 2.2105032940652487, 0.73176845575875871, 1.5662290975966335, 1.0], [1, 1, 1, 1, 1, 1], 1) 
hit_rate: 1.0 
iteration 18 
([1.3820356006004564, 1.518594529662284, 2.2105032940652487, 0.73176845575875871, 1.5662290975966335, 0.91815907053419155], [1, 1, 1, 1, 1, 1], 1) 
hit_rate: 1.0 
iteration 19 
([1.3820356006004564, 1.518594529662284, 2.2105032940652487, 1.6422178496431681, 1.5662290975966335, 0.91815907053419155], [1, 1, 1, 1, 1, 1], 1) 
hit_rate: 1.0 
iteration 20 
([1.3820356006004564, 1.518594529662284, 2.8383214860066488, 1.6422178496431681, 1.5662290975966335, 0.91815907053419155], [1, 1, 1, 1, 1, 1], 1) 
hit_rate: 1.0 
iteration 21 
([1.3820356006004564, 1.518594529662284, 3.3646953618738689, 1.6422178496431681, 1.5662290975966335, 0.91815907053419155], [1, 1, 1, 1, 1, 1], 1) 
hit_rate: 1.0 
iteration 22 
([1.3820356006004564, 1.518594529662284, 3.3646953618738689, 1.4836437808794027, 1.5662290975966335, 0.91815907053419155], [1, 1, 1, 1, 1, 1], 7) 
hit_rate: 1.0 
iteration 23 
([1.3820356006004564, 1.518594529662284, 3.3646953618738689, 1.6562116975338019, 1.5662290975966335, 0.91815907053419155], [1, 1, 1, 1, 1, 1], 1) 
hit_rate: 1.0 
iteration 24 
([1.3820356006004564, 1.518594529662284, 3.3646953618738689, 1.6562116975338019, 2.1203004103886247, 0.91815907053419155], [1, 1, 1, 1, 1, 1], 7) 
hit_rate: 1.0 
iteration 25 
([1.3820356006004564, 1.1406510225061364, 3.3646953618738689, 1.6562116975338019, 2.1203004103886247, 0.91815907053419155], [1, 1, 1, 1, 1, 1], 1) 
hit_rate: 1.0 
iteration 26 
([1.3820356006004564, 1.1406510225061364, 3.3646953618738689, 1.6562116975338019, 2.2957028517412246, 0.91815907053419155], [1, 1, 1, 1, 1, 1], 1) 
hit_rate: 1.0 
iteration 27 
([1.3820356006004564, 1.1406510225061364, 2.7784414081084985, 1.6562116975338019, 2.2957028517412246, 0.91815907053419155], [1, 1, 1, 1, 1, 1], 1) 
hit_rate: 1.0 
iteration 28 
([1.3820356006004564, 1.1406510225061364, 2.7784414081084985, 1.6562116975338019, 2.488536036686269, 0.91815907053419155], [1, 1, 1, 1, 1, 1], 1) 
hit_rate: 1.0 
iteration 29 
([1.3820356006004564, 1.1406510225061364, 2.7784414081084985, 1.6562116975338019, 1.8317899679263137, 0.91815907053419155], [1, 1, 1, 1, 1, 1], 1) 
hit_rate: 1.0 
iteration 30 
([2.0329730814064817, 1.1406510225061364, 2.7784414081084985, 1.6562116975338019, 1.8317899679263137, 0.91815907053419155], [1, 1, 1, 1, 1, 1], 1) 
hit_rate: 1.0 
iteration 31 
([2.0329730814064817, 1.1406510225061364, 1.9453520600898195, 1.6562116975338019, 1.8317899679263137, 0.91815907053419155], [1, 1, 1, 1, 1, 1], 1) 
hit_rate: 1.0 
iteration 32 
([2.0329730814064817, 1.1406510225061364, 1.9453520600898195, 2.1202953975125229, 1.8317899679263137, 0.91815907053419155], [1, 1, 1, 1, 1, 1], 5) 
hit_rate: 1.0 
iteration 33 
([2.5200556569842867, 1.1406510225061364, 1.9453520600898195, 2.1202953975125229, 1.8317899679263137, 0.91815907053419155], [1, 1, 1, 1, 1, 1], 1) 
hit_rate: 1.0 
iteration 34 
([2.5200556569842867, 1.1406510225061364, 1.9453520600898195, 2.1202953975125229, 1.8317899679263137, 1.2584595650422576], [1, 1, 1, 1, 1, 1], 1) 
hit_rate: 1.0 
iteration 35 
([3.1765192129644992, 1.1406510225061364, 1.9453520600898195, 2.1202953975125229, 1.8317899679263137, 1.2584595650422576], [1, 1, 1, 1, 1, 1], 1) 
hit_rate: 1.0 
iteration 36 
([3.1765192129644992, 1.1406510225061364, 1.9453520600898195, 1.1660557446207773, 1.8317899679263137, 1.2584595650422576], [1, 1, 1, 1, 1, 1], 1) 
hit_rate: 1.0 
iteration 37 
([3.1765192129644992, 1.1406510225061364, 1.9453520600898195, 1.1660557446207773, 1.8317899679263137, 0.94695515468497748], [1, 1, 1, 1, 1, 1], 1) 
hit_rate: 1.0 
iteration 38 
([3.1765192129644992, 1.1406510225061364, 1.9453520600898195, 1.3761155332194548, 1.8317899679263137, 0.94695515468497748], [1, 1, 1, 1, 1, 1], 1) 
hit_rate: 1.0 
iteration 39 
([3.1765192129644992, 1.1406510225061364, 1.6673536482602704, 1.3761155332194548, 1.8317899679263137, 0.94695515468497748], [1, 1, 1, 1, 1, 1], 1) 
hit_rate: 1.0 
iteration 40 
([3.1765192129644992, 1.1406510225061364, 1.6673536482602704, 1.3761155332194548, 1.995403613989879, 0.94695515468497748], [1, 1, 1, 1, 1, 1], 1) 
hit_rate: 1.0 
iteration 41 
([3.1765192129644992, 1.1406510225061364, 2.1422468320359718, 1.3761155332194548, 1.995403613989879, 0.94695515468497748], [1, 1, 1, 1, 1, 1], 1) 
hit_rate: 1.0 
iteration 42 
([2.8714548239276292, 1.1406510225061364, 2.1422468320359718, 1.3761155332194548, 1.995403613989879, 0.94695515468497748], [1, 1, 1, 1, 1, 1], 7) 
hit_rate: 0.928571428571 
iteration 43 
([3.1068428620633641, 1.1406510225061364, 2.1422468320359718, 1.3761155332194548, 1.995403613989879, 0.94695515468497748], [1, 1, 1, 1, 1, 1], 1) 
hit_rate: 1.0 
iteration 44 
([3.1068428620633641, 1.1406510225061364, 2.1422468320359718, 0.7198166503860679, 1.995403613989879, 0.94695515468497748], [1, 1, 1, 1, 1, 1], 1) 
hit_rate: 1.0 
iteration 45 
([3.1068428620633641, 1.1406510225061364, 2.1422468320359718, 0.7198166503860679, 2.0326196504637384, 0.94695515468497748], [1, 1, 1, 1, 1, 1], 1) 
hit_rate: 1.0 
iteration 46 
([3.1068428620633641, 1.5641145587195775, 2.1422468320359718, 0.7198166503860679, 2.0326196504637384, 0.94695515468497748], [1, 1, 1, 1, 1, 1], 1) 
hit_rate: 0.928571428571 
iteration 47 
([3.1068428620633641, 1.1207545746842946, 2.1422468320359718, 0.7198166503860679, 2.0326196504637384, 0.94695515468497748], [1, 1, 1, 1, 1, 1], 1) 
hit_rate: 1.0 
iteration 48 
([3.1068428620633641, 1.1207545746842946, 3.0231398561632821, 0.7198166503860679, 2.0326196504637384, 0.94695515468497748], [1, 1, 1, 1, 1, 1], 1) 
hit_rate: 0.928571428571 
iteration 49 
([2.6041636406582782, 1.1207545746842946, 3.0231398561632821, 0.7198166503860679, 2.0326196504637384, 0.94695515468497748], [1, 1, 1, 1, 1, 1], 1) 
hit_rate: 0.928571428571 
iteration 50 
([1.8942314098649857, 1.1207545746842946, 3.0231398561632821, 0.7198166503860679, 2.0326196504637384, 0.94695515468497748], [1, 1, 1, 1, 1, 1], 1) 
hit_rate: 1.0 
iteration 51 
([1.4431768630818291, 1.1207545746842946, 3.0231398561632821, 0.7198166503860679, 2.0326196504637384, 0.94695515468497748], [1, 1, 1, 1, 1, 1], 1) 
hit_rate: 1.0 
iteration 52 
([1.0890111554148756, 1.1207545746842946, 3.0231398561632821, 0.7198166503860679, 2.0326196504637384, 0.94695515468497748], [1, 1, 1, 1, 1, 1], 1) 
hit_rate: 1.0 
iteration 53 
([1.0890111554148756, 1.1133304837501883, 3.0231398561632821, 0.7198166503860679, 2.0326196504637384, 0.94695515468497748], [1, 1, 1, 1, 1, 1], 1) 
hit_rate: 1.0 
iteration 54 
([1.2351164395927157, 1.1133304837501883, 3.0231398561632821, 0.7198166503860679, 2.0326196504637384, 0.94695515468497748], [1, 1, 1, 1, 1, 1], 1) 
hit_rate: 1.0 
iteration 55 
([1.2795639407920467, 1.1133304837501883, 3.0231398561632821, 0.7198166503860679, 2.0326196504637384, 0.94695515468497748], [1, 1, 1, 1, 1, 1], 1) 
hit_rate: 1.0 
iteration 56 
([1.2795639407920467, 1.1133304837501883, 2.8796373130922355, 0.7198166503860679, 2.0326196504637384, 0.94695515468497748], [1, 1, 1, 1, 1, 1], 1) 
hit_rate: 1.0 
iteration 57 
([1.7473189251419765, 1.1133304837501883, 2.8796373130922355, 0.7198166503860679, 2.0326196504637384, 0.94695515468497748], [1, 1, 1, 1, 1, 1], 1) 
hit_rate: 1.0 
iteration 58 
([1.7473189251419765, 1.980459020347477, 2.8796373130922355, 0.7198166503860679, 2.0326196504637384, 0.94695515468497748], [1, 1, 1, 1, 1, 1], 5) 
hit_rate: 0.857142857143 
iteration 59 
([1.088209852055495, 1.980459020347477, 2.8796373130922355, 0.7198166503860679, 2.0326196504637384, 0.94695515468497748], [1, 1, 1, 1, 1, 1], 1) 
hit_rate: 0.928571428571 
iteration 60 
([1.088209852055495, 1.980459020347477, 2.8796373130922355, 1.3071580234468563, 2.0326196504637384, 0.94695515468497748], [1, 1, 1, 1, 1, 1], 1) 
hit_rate: 1.0 
iteration 61 
([1.088209852055495, 1.980459020347477, 2.8796373130922355, 1.3071580234468563, 1.5386548358601551, 0.94695515468497748], [1, 1, 1, 1, 1, 1], 1) 
hit_rate: 1.0 
iteration 62 
([1.088209852055495, 1.2591503041263747, 2.8796373130922355, 1.3071580234468563, 1.5386548358601551, 0.94695515468497748], [1, 1, 1, 1, 1, 1], 1) 
hit_rate: 1.0 
iteration 63 
([1.088209852055495, 1.2591503041263747, 2.8796373130922355, 2.2171748181711139, 1.5386548358601551, 0.94695515468497748], [1, 1, 1, 1, 1, 1], 1) 
hit_rate: 1.0 
iteration 64 
([1.8451668759930491, 1.2591503041263747, 2.8796373130922355, 2.2171748181711139, 1.5386548358601551, 0.94695515468497748], [1, 1, 1, 1, 1, 1], 5) 
hit_rate: 1.0 
iteration 65 
([1.8451668759930491, 1.2591503041263747, 2.8796373130922355, 1.7861593994113016, 1.5386548358601551, 0.94695515468497748], [1, 1, 1, 1, 1, 1], 1) 
hit_rate: 1.0 
iteration 66 
([1.8451668759930491, 1.2591503041263747, 2.8796373130922355, 1.9250932165014938, 1.5386548358601551, 0.94695515468497748], [1, 1, 1, 1, 1, 1], 3) 
hit_rate: 1.0 
iteration 67 
([2.0217652094878913, 1.2591503041263747, 2.8796373130922355, 1.9250932165014938, 1.5386548358601551, 0.94695515468497748], [1, 1, 1, 1, 1, 1], 1) 
hit_rate: 1.0 
iteration 68 
([1.7958321419899379, 1.2591503041263747, 2.8796373130922355, 1.9250932165014938, 1.5386548358601551, 0.94695515468497748], [1, 1, 1, 1, 1, 1], 1) 
hit_rate: 1.0 
iteration 69 
([1.7958321419899379, 1.2591503041263747, 2.3740619424603482, 1.9250932165014938, 1.5386548358601551, 0.94695515468497748], [1, 1, 1, 1, 1, 1], 7) 
hit_rate: 1.0 
iteration 70 
([1.7563527130899212, 1.2591503041263747, 2.3740619424603482, 1.9250932165014938, 1.5386548358601551, 0.94695515468497748], [1, 1, 1, 1, 1, 1], 1) 
hit_rate: 1.0 
iteration 71 
([1.7563527130899212, 1.2591503041263747, 2.3740619424603482, 2.1200068468503188, 1.5386548358601551, 0.94695515468497748], [1, 1, 1, 1, 1, 1], 1) 
hit_rate: 1.0 
iteration 72 
([1.7563527130899212, 1.5826508430401118, 2.3740619424603482, 2.1200068468503188, 1.5386548358601551, 0.94695515468497748], [1, 1, 1, 1, 1, 1], 7) 
hit_rate: 1.0 
iteration 73 
([1.7563527130899212, 1.5826508430401118, 2.3740619424603482, 2.1200068468503188, 1.5368025944996171, 0.94695515468497748], [1, 1, 1, 1, 1, 1], 1) 
hit_rate: 1.0 
iteration 74 
([1.7563527130899212, 1.5826508430401118, 2.6480811404252753, 2.1200068468503188, 1.5368025944996171, 0.94695515468497748], [1, 1, 1, 1, 1, 1], 1) 
hit_rate: 1.0 
iteration 75 
([1.7563527130899212, 1.2385397452130611, 2.6480811404252753, 2.1200068468503188, 1.5368025944996171, 0.94695515468497748], [1, 1, 1, 1, 1, 1], 5) 
hit_rate: 1.0 
iteration 76 
([1.7563527130899212, 1.2385397452130611, 2.6480811404252753, 2.1200068468503188, 0.99035343323671476, 0.94695515468497748], [1, 1, 1, 1, 1, 1], 1) 
hit_rate: 1.0 
iteration 77 
([1.7563527130899212, 1.2385397452130611, 2.6480811404252753, 1.81430782134188, 0.99035343323671476, 0.94695515468497748], [1, 1, 1, 1, 1, 1], 1) 
hit_rate: 1.0 
iteration 78 
([1.7563527130899212, 1.2385397452130611, 3.3856110600708353, 1.81430782134188, 0.99035343323671476, 0.94695515468497748], [1, 1, 1, 1, 1, 1], 7) 
hit_rate: 1.0 
iteration 79 
([1.4091316272857701, 1.2385397452130611, 3.3856110600708353, 1.81430782134188, 0.99035343323671476, 0.94695515468497748], [1, 1, 1, 1, 1, 1], 7) 
hit_rate: 1.0 
iteration 80 
([1.4091316272857701, 1.2385397452130611, 2.9896111425015741, 1.81430782134188, 0.99035343323671476, 0.94695515468497748], [1, 1, 1, 1, 1, 1], 7) 
hit_rate: 1.0 
iteration 81 
([1.4091316272857701, 1.5626201160202449, 2.9896111425015741, 1.81430782134188, 0.99035343323671476, 0.94695515468497748], [1, 1, 1, 1, 1, 1], 1) 
hit_rate: 1.0 
iteration 82 
([1.4091316272857701, 1.5626201160202449, 2.9896111425015741, 1.81430782134188, 0.20998905883400854, 0.94695515468497748], [1, 1, 1, 1, 1, 1], 7) 
hit_rate: 1.0 
iteration 83 
([1.4091316272857701, 1.5626201160202449, 2.9896111425015741, 1.81430782134188, 0.20998905883400854, 1.2079238600669047], [1, 1, 1, 1, 1, 1], 1) 
hit_rate: 1.0 
iteration 84 
([1.4091316272857701, 1.5626201160202449, 2.9896111425015741, 1.81430782134188, 0.20998905883400854, 1.3365259904988414], [1, 1, 1, 1, 1, 1], 1) 
hit_rate: 1.0 
iteration 85 
([1.4091316272857701, 1.5626201160202449, 2.9896111425015741, 0.93126725372480723, 0.20998905883400854, 1.3365259904988414], [1, 1, 1, 1, 1, 1], 1) 
hit_rate: 1.0 
iteration 86 
([1.4091316272857701, 1.5626201160202449, 2.9896111425015741, 1.8932864861804455, 0.20998905883400854, 1.3365259904988414], [1, 1, 1, 1, 1, 1], 7) 
hit_rate: 0.928571428571 
iteration 87 
([1.4091316272857701, 1.5626201160202449, 2.9896111425015741, 1.8932864861804455, -0.36577402033064677, 1.3365259904988414], [1, 1, 1, 1, 1, 1], 1) 
hit_rate: 1.0 
iteration 88 
([1.4091316272857701, 1.5626201160202449, 2.9896111425015741, 1.8932864861804455, -0.72906831563643149, 1.3365259904988414], [1, 1, 1, 1, 1, 1], 1) 
hit_rate: 1.0 
iteration 89 
([1.4091316272857701, 1.5626201160202449, 2.9896111425015741, 1.8932864861804455, -0.37757538995974405, 1.3365259904988414], [1, 1, 1, 1, 1, 1], 1) 
hit_rate: 1.0 
iteration 90 
([1.4091316272857701, 1.5626201160202449, 3.4853215498528289, 1.8932864861804455, -0.37757538995974405, 1.3365259904988414], [1, 1, 1, 1, 1, 1], 1) 
hit_rate: 1.0 
iteration 91 
([1.6700608701338504, 1.5626201160202449, 3.4853215498528289, 1.8932864861804455, -0.37757538995974405, 1.3365259904988414], [1, 1, 1, 1, 1, 1], 1) 
hit_rate: 1.0 
iteration 92 
([1.6700608701338504, 1.5626201160202449, 3.0123266012939243, 1.8932864861804455, -0.37757538995974405, 1.3365259904988414], [1, 1, 1, 1, 1, 1], 1) 
hit_rate: 1.0 
iteration 93 
([1.6700608701338504, 1.5626201160202449, 3.0123266012939243, 1.8932864861804455, -0.37757538995974405, 1.4384234187371832], [1, 1, 1, 1, 1, 1], 1) 
hit_rate: 1.0 
iteration 94 
([1.6700608701338504, 1.5626201160202449, 3.0123266012939243, 1.8932864861804455, -1.2531505700057777, 1.4384234187371832], [1, 1, 1, 1, 1, 1], 1) 
hit_rate: 1.0 
iteration 95 
([1.6700608701338504, 1.5626201160202449, 3.0123266012939243, 1.8932864861804455, -1.9582239592534503, 1.4384234187371832], [1, 1, 1, 1, 1, 1], 7) 
hit_rate: 1.0 
iteration 96 
([1.6700608701338504, 1.5626201160202449, 3.0123266012939243, 1.8932864861804455, -1.9582239592534503, 1.437588591528961], [1, 1, 1, 1, 1, 1], 7) 
hit_rate: 1.0 
iteration 97 
([1.6700608701338504, 1.5626201160202449, 3.0123266012939243, 1.8716307046570413, -1.9582239592534503, 1.437588591528961], [1, 1, 1, 1, 1, 1], 7) 
hit_rate: 1.0 
iteration 98 
([1.6700608701338504, 1.5626201160202449, 3.0123266012939243, 0.92998838110624149, -1.9582239592534503, 1.437588591528961], [1, 1, 1, 1, 1, 1], 1) 
hit_rate: 1.0 
iteration 99 
([1.6700608701338504, 1.5626201160202449, 3.0123266012939243, 0.92998838110624149, -1.9582239592534503, 1.7879925113482844], [1, 1, 1, 1, 1, 1], 1) 
hit_rate: 1.0 
best solution: ([1.6700608701338504, 1.5626201160202449, 3.0123266012939243, 0.92998838110624149, -1.9582239592534503, 1.7879925113482844], [1, 1, 1, 1, 1, 1], 1)
Hits for the best solution: 1.0
TS Spent time: 287.01689291
k-NN Spent time: 0.127740859985
