iteration 0 
([1.0, 1.0, 1.0, 1.0, 1.0, 1.2852165928481072], [1, 1, 1, 1, 1, 1], 1) 
hit_rate: 0.916666666667 
iteration 1 
([1.2696114420388203, 1.0, 1.0, 1.0, 1.0, 1.2852165928481072], [1, 1, 1, 1, 1, 1], 1) 
hit_rate: 0.916666666667 
iteration 2 
([1.2696114420388203, 1.0, 1.0, 1.1367706892554978, 1.0, 1.2852165928481072], [1, 1, 1, 1, 1, 1], 1) 
hit_rate: 0.916666666667 
iteration 3 
([1.1176991963707694, 1.0, 1.0, 1.1367706892554978, 1.0, 1.2852165928481072], [1, 1, 1, 1, 1, 1], 1) 
hit_rate: 0.916666666667 
iteration 4 
([1.1176991963707694, 1.0, 1.0, 1.1367706892554978, 1.0, 0.83482096889771173], [1, 1, 1, 1, 1, 1], 1) 
hit_rate: 0.916666666667 
iteration 5 
([1.1176991963707694, 1.0, 1.3223501040167587, 1.1367706892554978, 1.0, 0.83482096889771173], [1, 1, 1, 1, 1, 1], 1) 
hit_rate: 1.0 
iteration 6 
([1.1176991963707694, 1.0, 0.52668682206124351, 1.1367706892554978, 1.0, 0.83482096889771173], [1, 1, 1, 1, 1, 1], 1) 
hit_rate: 0.916666666667 
iteration 7 
([1.1176991963707694, 1.0, 0.70303075130605208, 1.1367706892554978, 1.0, 0.83482096889771173], [1, 1, 1, 1, 1, 1], 1) 
hit_rate: 0.916666666667 
iteration 8 
([1.1176991963707694, 1.0, 1.5178983565546997, 1.1367706892554978, 1.0, 0.83482096889771173], [1, 1, 1, 1, 1, 1], 1) 
hit_rate: 1.0 
iteration 9 
([1.1176991963707694, 1.0, 1.5178983565546997, 1.131214774382719, 1.0, 0.83482096889771173], [1, 1, 1, 1, 1, 1], 1) 
hit_rate: 1.0 
iteration 10 
([1.3439389663871755, 1.0, 1.5178983565546997, 1.131214774382719, 1.0, 0.83482096889771173], [1, 1, 1, 1, 1, 1], 1) 
hit_rate: 1.0 
iteration 11 
([1.3439389663871755, 1.0, 2.0146561541220307, 1.131214774382719, 1.0, 0.83482096889771173], [1, 1, 1, 1, 1, 1], 1) 
hit_rate: 1.0 
iteration 12 
([1.3439389663871755, 1.0, 2.0146561541220307, 1.131214774382719, 0.29314732035615143, 0.83482096889771173], [1, 1, 1, 1, 1, 1], 1) 
hit_rate: 1.0 
iteration 13 
([1.3439389663871755, 1.0, 2.0146561541220307, 1.131214774382719, -0.6144509677860206, 0.83482096889771173], [1, 1, 1, 1, 1, 1], 1) 
hit_rate: 1.0 
iteration 14 
([1.2501729375809547, 1.0, 2.0146561541220307, 1.131214774382719, -0.6144509677860206, 0.83482096889771173], [1, 1, 1, 1, 1, 1], 1) 
hit_rate: 1.0 
iteration 15 
([1.4389567288591394, 1.0, 2.0146561541220307, 1.131214774382719, -0.6144509677860206, 0.83482096889771173], [1, 1, 1, 1, 1, 1], 1) 
hit_rate: 1.0 
iteration 16 
([1.4389567288591394, 1.0, 2.0146561541220307, 1.131214774382719, -0.88903564316058725, 0.83482096889771173], [1, 1, 1, 1, 1, 1], 1) 
hit_rate: 1.0 
iteration 17 
([1.4389567288591394, 1.0, 2.0146561541220307, 1.131214774382719, -0.10740305916657134, 0.83482096889771173], [1, 1, 1, 1, 1, 1], 5) 
hit_rate: 0.833333333333 
iteration 18 
([1.4389567288591394, 1.0, 2.0146561541220307, 1.131214774382719, 0.88700620518584006, 0.83482096889771173], [1, 1, 1, 1, 1, 1], 1) 
hit_rate: 1.0 
iteration 19 
([1.4389567288591394, 1.0, 2.0146561541220307, 1.6195760651154425, 0.88700620518584006, 0.83482096889771173], [1, 1, 1, 1, 1, 1], 1) 
hit_rate: 1.0 
iteration 20 
([1.4389567288591394, 1.7687357082320661, 2.0146561541220307, 1.6195760651154425, 0.88700620518584006, 0.83482096889771173], [1, 1, 1, 1, 1, 1], 1) 
hit_rate: 1.0 
iteration 21 
([1.4389567288591394, 1.7687357082320661, 2.0146561541220307, 1.6195760651154425, 1.7230584787157048, 0.83482096889771173], [1, 1, 1, 1, 1, 1], 1) 
hit_rate: 1.0 
iteration 22 
([1.7227656660842072, 1.7687357082320661, 2.0146561541220307, 1.6195760651154425, 1.7230584787157048, 0.83482096889771173], [1, 1, 1, 1, 1, 1], 1) 
hit_rate: 1.0 
iteration 23 
([1.7227656660842072, 1.7687357082320661, 2.1493640729098002, 1.6195760651154425, 1.7230584787157048, 0.83482096889771173], [1, 1, 1, 1, 1, 1], 1) 
hit_rate: 1.0 
iteration 24 
([1.7227656660842072, 1.7687357082320661, 2.1493640729098002, 2.4277598734881667, 1.7230584787157048, 0.83482096889771173], [1, 1, 1, 1, 1, 1], 1) 
hit_rate: 1.0 
iteration 25 
([1.7448341119324762, 1.7687357082320661, 2.1493640729098002, 2.4277598734881667, 1.7230584787157048, 0.83482096889771173], [1, 1, 1, 1, 1, 1], 1) 
hit_rate: 1.0 
iteration 26 
([1.7448341119324762, 1.7687357082320661, 2.1493640729098002, 2.4277598734881667, 0.96117597607387073, 0.83482096889771173], [1, 1, 1, 1, 1, 1], 1) 
hit_rate: 1.0 
iteration 27 
([2.6958964345277487, 1.7687357082320661, 2.1493640729098002, 2.4277598734881667, 0.96117597607387073, 0.83482096889771173], [1, 1, 1, 1, 1, 1], 1) 
hit_rate: 0.916666666667 
iteration 28 
([2.6958964345277487, 1.7687357082320661, 3.0012702934028903, 2.4277598734881667, 0.96117597607387073, 0.83482096889771173], [1, 1, 1, 1, 1, 1], 1) 
hit_rate: 1.0 
iteration 29 
([2.6958964345277487, 1.7687357082320661, 3.0012702934028903, 2.0099105097567334, 0.96117597607387073, 0.83482096889771173], [1, 1, 1, 1, 1, 1], 1) 
hit_rate: 1.0 
iteration 30 
([2.6958964345277487, 1.7687357082320661, 3.0012702934028903, 2.0099105097567334, 0.96117597607387073, 0.85391202498301322], [1, 1, 1, 1, 1, 1], 1) 
hit_rate: 1.0 
iteration 31 
([2.6958964345277487, 1.7687357082320661, 3.0012702934028903, 2.0099105097567334, 0.96117597607387073, 1.2189245996072482], [1, 1, 1, 1, 1, 1], 1) 
hit_rate: 1.0 
iteration 32 
([2.6958964345277487, 1.7687357082320661, 3.0012702934028903, 2.5269158762441091, 0.96117597607387073, 1.2189245996072482], [1, 1, 1, 1, 1, 1], 1) 
hit_rate: 1.0 
iteration 33 
([2.6958964345277487, 1.7687357082320661, 3.0012702934028903, 2.5269158762441091, 0.33215606016786503, 1.2189245996072482], [1, 1, 1, 1, 1, 1], 1) 
hit_rate: 1.0 
iteration 34 
([2.6958964345277487, 1.7687357082320661, 3.0012702934028903, 2.7383678698907366, 0.33215606016786503, 1.2189245996072482], [1, 1, 1, 1, 1, 1], 1) 
hit_rate: 1.0 
iteration 35 
([2.6958964345277487, 1.7687357082320661, 3.8290208694288852, 2.7383678698907366, 0.33215606016786503, 1.2189245996072482], [1, 1, 1, 1, 1, 1], 1) 
hit_rate: 1.0 
iteration 36 
([2.6958964345277487, 1.7687357082320661, 3.8290208694288852, 2.7383678698907366, 0.57244792788158949, 1.2189245996072482], [1, 1, 1, 1, 1, 1], 1) 
hit_rate: 1.0 
iteration 37 
([2.6958964345277487, 1.7687357082320661, 3.8290208694288852, 2.7383678698907366, 0.57244792788158949, 0.93344181370534063], [1, 1, 1, 1, 1, 1], 1) 
hit_rate: 1.0 
iteration 38 
([2.6958964345277487, 2.7162643297766902, 3.8290208694288852, 2.7383678698907366, 0.57244792788158949, 0.93344181370534063], [1, 1, 1, 1, 1, 1], 1) 
hit_rate: 1.0 
iteration 39 
([2.6958964345277487, 3.0722937570784197, 3.8290208694288852, 2.7383678698907366, 0.57244792788158949, 0.93344181370534063], [1, 1, 1, 1, 1, 1], 1) 
hit_rate: 1.0 
iteration 40 
([2.6958964345277487, 3.0722937570784197, 3.8290208694288852, 3.4440079721431078, 0.57244792788158949, 0.93344181370534063], [1, 1, 1, 1, 1, 1], 1) 
hit_rate: 1.0 
iteration 41 
([3.2048664713302371, 3.0722937570784197, 3.8290208694288852, 3.4440079721431078, 0.57244792788158949, 0.93344181370534063], [1, 1, 1, 1, 1, 1], 1) 
hit_rate: 1.0 
iteration 42 
([2.4159700824555781, 3.0722937570784197, 3.8290208694288852, 3.4440079721431078, 0.57244792788158949, 0.93344181370534063], [1, 1, 1, 1, 1, 1], 1) 
hit_rate: 1.0 
iteration 43 
([2.4159700824555781, 3.0722937570784197, 3.8290208694288852, 2.7330526549183327, 0.57244792788158949, 0.93344181370534063], [1, 1, 1, 1, 1, 1], 1) 
hit_rate: 1.0 
iteration 44 
([2.4159700824555781, 3.0722937570784197, 3.8290208694288852, 2.7330526549183327, 0.63240410534998959, 0.93344181370534063], [1, 1, 1, 1, 1, 1], 1) 
hit_rate: 1.0 
iteration 45 
([2.4159700824555781, 3.0722937570784197, 3.8290208694288852, 2.7330526549183327, 1.6294587002502363, 0.93344181370534063], [1, 1, 1, 1, 1, 1], 1) 
hit_rate: 1.0 
iteration 46 
([2.4159700824555781, 3.0722937570784197, 4.3928047509402051, 2.7330526549183327, 1.6294587002502363, 0.93344181370534063], [1, 1, 1, 1, 1, 1], 1) 
hit_rate: 1.0 
iteration 47 
([1.470740084414216, 3.0722937570784197, 4.3928047509402051, 2.7330526549183327, 1.6294587002502363, 0.93344181370534063], [1, 1, 1, 1, 1, 1], 1) 
hit_rate: 1.0 
iteration 48 
([1.9629126272191291, 3.0722937570784197, 4.3928047509402051, 2.7330526549183327, 1.6294587002502363, 0.93344181370534063], [1, 1, 1, 1, 1, 1], 1) 
hit_rate: 1.0 
iteration 49 
([1.9629126272191291, 3.0722937570784197, 4.3928047509402051, 2.7330526549183327, 1.6294587002502363, 0.93344181370534063], [1, 1, 1, 0, 1, 1], 1) 
hit_rate: 1.0 
iteration 50 
([1.9629126272191291, 3.0722937570784197, 4.3928047509402051, 3.6258439057685514, 1.6294587002502363, 0.93344181370534063], [1, 1, 1, 0, 1, 1], 1) 
hit_rate: 1.0 
iteration 51 
([1.6738008522621455, 3.0722937570784197, 4.3928047509402051, 3.6258439057685514, 1.6294587002502363, 0.93344181370534063], [1, 1, 1, 0, 1, 1], 1) 
hit_rate: 1.0 
iteration 52 
([1.0345382789846604, 3.0722937570784197, 4.3928047509402051, 3.6258439057685514, 1.6294587002502363, 0.93344181370534063], [1, 1, 1, 0, 1, 1], 1) 
hit_rate: 1.0 
iteration 53 
([1.0345382789846604, 3.0722937570784197, 4.3928047509402051, 2.7865110598417488, 1.6294587002502363, 0.93344181370534063], [1, 1, 1, 0, 1, 1], 1) 
hit_rate: 1.0 
iteration 54 
([1.0345382789846604, 3.0722937570784197, 4.3928047509402051, 2.7865110598417488, 2.191167071924911, 0.93344181370534063], [1, 1, 1, 0, 1, 1], 1) 
hit_rate: 1.0 
iteration 55 
([1.0345382789846604, 3.0722937570784197, 4.3928047509402051, 2.7865110598417488, 1.7159365860881017, 0.93344181370534063], [1, 1, 1, 0, 1, 1], 1) 
hit_rate: 1.0 
iteration 56 
([1.4080601775247663, 3.0722937570784197, 4.3928047509402051, 2.7865110598417488, 1.7159365860881017, 0.93344181370534063], [1, 1, 1, 0, 1, 1], 1) 
hit_rate: 1.0 
iteration 57 
([1.4080601775247663, 3.0722937570784197, 4.4911660985755919, 2.7865110598417488, 1.7159365860881017, 0.93344181370534063], [1, 1, 1, 0, 1, 1], 1) 
hit_rate: 1.0 
iteration 58 
([1.4080601775247663, 3.0722937570784197, 4.4911660985755919, 2.7865110598417488, 1.420226894906943, 0.93344181370534063], [1, 1, 1, 0, 1, 1], 1) 
hit_rate: 1.0 
iteration 59 
([1.4080601775247663, 3.0722937570784197, 4.5416422553195144, 2.7865110598417488, 1.420226894906943, 0.93344181370534063], [1, 1, 1, 0, 1, 1], 1) 
hit_rate: 1.0 
iteration 60 
([1.4080601775247663, 3.0722937570784197, 4.5416422553195144, 2.7865110598417488, 1.9698462310641243, 0.93344181370534063], [1, 1, 1, 0, 1, 1], 1) 
hit_rate: 1.0 
iteration 61 
([1.4080601775247663, 3.0722937570784197, 4.5416422553195144, 3.5291660071134023, 1.9698462310641243, 0.93344181370534063], [1, 1, 1, 0, 1, 1], 1) 
hit_rate: 1.0 
iteration 62 
([0.96177062637149713, 3.0722937570784197, 4.5416422553195144, 3.5291660071134023, 1.9698462310641243, 0.93344181370534063], [1, 1, 1, 0, 1, 1], 1) 
hit_rate: 1.0 
iteration 63 
([0.96177062637149713, 3.0722937570784197, 4.5416422553195144, 3.5291660071134023, 1.9698462310641243, 0.93344181370534063], [1, 1, 1, 1, 1, 1], 1) 
hit_rate: 1.0 
iteration 64 
([0.96177062637149713, 3.0722937570784197, 4.5416422553195144, 3.5291660071134023, 1.1305358267554373, 0.93344181370534063], [1, 1, 1, 1, 1, 1], 1) 
hit_rate: 1.0 
iteration 65 
([1.3572702668882688, 3.0722937570784197, 4.5416422553195144, 3.5291660071134023, 1.1305358267554373, 0.93344181370534063], [1, 1, 1, 1, 1, 1], 1) 
hit_rate: 1.0 
iteration 66 
([1.3572702668882688, 3.0722937570784197, 3.7878880229645944, 3.5291660071134023, 1.1305358267554373, 0.93344181370534063], [1, 1, 1, 1, 1, 1], 1) 
hit_rate: 1.0 
iteration 67 
([1.3572702668882688, 3.0722937570784197, 3.7878880229645944, 3.3123239367629385, 1.1305358267554373, 0.93344181370534063], [1, 1, 1, 1, 1, 1], 1) 
hit_rate: 1.0 
iteration 68 
([1.3572702668882688, 3.0722937570784197, 4.6803590064077518, 3.3123239367629385, 1.1305358267554373, 0.93344181370534063], [1, 1, 1, 1, 1, 1], 1) 
hit_rate: 1.0 
iteration 69 
([1.0022240143250478, 3.0722937570784197, 4.6803590064077518, 3.3123239367629385, 1.1305358267554373, 0.93344181370534063], [1, 1, 1, 1, 1, 1], 1) 
hit_rate: 1.0 
iteration 70 
([1.0022240143250478, 3.0722937570784197, 4.6803590064077518, 2.4827461018606201, 1.1305358267554373, 0.93344181370534063], [1, 1, 1, 1, 1, 1], 1) 
hit_rate: 1.0 
iteration 71 
([1.0022240143250478, 3.0722937570784197, 3.9128148682430921, 2.4827461018606201, 1.1305358267554373, 0.93344181370534063], [1, 1, 1, 1, 1, 1], 1) 
hit_rate: 1.0 
iteration 72 
([1.0022240143250478, 3.0722937570784197, 3.9669561054720077, 2.4827461018606201, 1.1305358267554373, 0.93344181370534063], [1, 1, 1, 1, 1, 1], 1) 
hit_rate: 1.0 
iteration 73 
([1.0022240143250478, 3.0722937570784197, 3.9669561054720077, 2.4827461018606201, 1.1305358267554373, 1.6442906270834026], [1, 1, 1, 1, 1, 1], 1) 
hit_rate: 1.0 
iteration 74 
([1.0022240143250478, 3.0722937570784197, 3.9669561054720077, 2.4827461018606201, 1.1305358267554373, 2.2679035613699789], [1, 1, 1, 1, 1, 1], 1) 
hit_rate: 1.0 
iteration 75 
([0.42301416247154688, 3.0722937570784197, 3.9669561054720077, 2.4827461018606201, 1.1305358267554373, 2.2679035613699789], [1, 1, 1, 1, 1, 1], 1) 
hit_rate: 1.0 
iteration 76 
([1.091369147678195, 3.0722937570784197, 3.9669561054720077, 2.4827461018606201, 1.1305358267554373, 2.2679035613699789], [1, 1, 1, 1, 1, 1], 1) 
hit_rate: 1.0 
iteration 77 
([1.091369147678195, 3.0722937570784197, 3.9669561054720077, 3.2274737718908568, 1.1305358267554373, 2.2679035613699789], [1, 1, 1, 1, 1, 1], 1) 
hit_rate: 1.0 
iteration 78 
([1.091369147678195, 3.0722937570784197, 3.9669561054720077, 4.1631130977388429, 1.1305358267554373, 2.2679035613699789], [1, 1, 1, 1, 1, 1], 1) 
hit_rate: 1.0 
iteration 79 
([0.5204188988052445, 3.0722937570784197, 3.9669561054720077, 4.1631130977388429, 1.1305358267554373, 2.2679035613699789], [1, 1, 1, 1, 1, 1], 1) 
hit_rate: 1.0 
iteration 80 
([0.5204188988052445, 3.0722937570784197, 3.7202038232786561, 4.1631130977388429, 1.1305358267554373, 2.2679035613699789], [1, 1, 1, 1, 1, 1], 1) 
hit_rate: 1.0 
iteration 81 
([0.5204188988052445, 3.0722937570784197, 3.7202038232786561, 4.0569460274878626, 1.1305358267554373, 2.2679035613699789], [1, 1, 1, 1, 1, 1], 1) 
hit_rate: 1.0 
iteration 82 
([0.5204188988052445, 3.0722937570784197, 3.7202038232786561, 4.4054314578904989, 1.1305358267554373, 2.2679035613699789], [1, 1, 1, 1, 1, 1], 1) 
hit_rate: 1.0 
iteration 83 
([0.5204188988052445, 3.8111784582310566, 3.7202038232786561, 4.4054314578904989, 1.1305358267554373, 2.2679035613699789], [1, 1, 1, 1, 1, 1], 1) 
hit_rate: 1.0 
iteration 84 
([0.5204188988052445, 3.6088205285946211, 3.7202038232786561, 4.4054314578904989, 1.1305358267554373, 2.2679035613699789], [1, 1, 1, 1, 1, 1], 1) 
hit_rate: 1.0 
iteration 85 
([0.5204188988052445, 3.0660931353023573, 3.7202038232786561, 4.4054314578904989, 1.1305358267554373, 2.2679035613699789], [1, 1, 1, 1, 1, 1], 1) 
hit_rate: 1.0 
iteration 86 
([0.5204188988052445, 3.0660931353023573, 3.7202038232786561, 3.6577207182422646, 1.1305358267554373, 2.2679035613699789], [1, 1, 1, 1, 1, 1], 1) 
hit_rate: 1.0 
iteration 87 
([0.5204188988052445, 3.5219232062989936, 3.7202038232786561, 3.6577207182422646, 1.1305358267554373, 2.2679035613699789], [1, 1, 1, 1, 1, 1], 1) 
hit_rate: 1.0 
iteration 88 
([0.5204188988052445, 3.5219232062989936, 3.7202038232786561, 3.466707020056095, 1.1305358267554373, 2.2679035613699789], [1, 1, 1, 1, 1, 1], 1) 
hit_rate: 1.0 
iteration 89 
([-0.38264559291514155, 3.5219232062989936, 3.7202038232786561, 3.466707020056095, 1.1305358267554373, 2.2679035613699789], [1, 1, 1, 1, 1, 1], 1) 
hit_rate: 1.0 
iteration 90 
([-0.38264559291514155, 3.5219232062989936, 4.043096259969774, 3.466707020056095, 1.1305358267554373, 2.2679035613699789], [1, 1, 1, 1, 1, 1], 1) 
hit_rate: 1.0 
iteration 91 
([-0.38264559291514155, 3.4290088847030922, 4.043096259969774, 3.466707020056095, 1.1305358267554373, 2.2679035613699789], [1, 1, 1, 1, 1, 1], 1) 
hit_rate: 1.0 
iteration 92 
([-0.38264559291514155, 3.4290088847030922, 4.2073634130746225, 3.466707020056095, 1.1305358267554373, 2.2679035613699789], [1, 1, 1, 1, 1, 1], 1) 
hit_rate: 1.0 
iteration 93 
([-0.38264559291514155, 3.4290088847030922, 4.2073634130746225, 4.1064574429873897, 1.1305358267554373, 2.2679035613699789], [1, 1, 1, 1, 1, 1], 1) 
hit_rate: 1.0 
iteration 94 
([-0.38264559291514155, 3.4290088847030922, 4.2073634130746225, 3.725892481997696, 1.1305358267554373, 2.2679035613699789], [1, 1, 1, 1, 1, 1], 1) 
hit_rate: 1.0 
iteration 95 
([-0.38264559291514155, 2.6973974612865499, 4.2073634130746225, 3.725892481997696, 1.1305358267554373, 2.2679035613699789], [1, 1, 1, 1, 1, 1], 1) 
hit_rate: 1.0 
iteration 96 
([-0.38264559291514155, 2.6973974612865499, 4.7351346565805308, 3.725892481997696, 1.1305358267554373, 2.2679035613699789], [1, 1, 1, 1, 1, 1], 1) 
hit_rate: 1.0 
iteration 97 
([-0.38264559291514155, 2.6973974612865499, 4.7010032259532615, 3.725892481997696, 1.1305358267554373, 2.2679035613699789], [1, 1, 1, 1, 1, 1], 1) 
hit_rate: 1.0 
iteration 98 
([-0.38264559291514155, 2.6973974612865499, 5.0088853316641844, 3.725892481997696, 1.1305358267554373, 2.2679035613699789], [1, 1, 1, 1, 1, 1], 1) 
hit_rate: 1.0 
iteration 99 
([-0.38264559291514155, 2.6973974612865499, 4.6907229359139127, 3.725892481997696, 1.1305358267554373, 2.2679035613699789], [1, 1, 1, 1, 1, 1], 1) 
hit_rate: 1.0 
best solution: ([-0.38264559291514155, 2.6973974612865499, 4.6907229359139127, 3.725892481997696, 1.1305358267554373, 2.2679035613699789], [1, 1, 1, 1, 1, 1], 1)
Hits for the best solution: 1.0
TS Spent time: 172.42976594
k-NN Spent time: 0.0764200687408
