iteration 0 
([1.0, 1.0, 1.0, 1.0, 1.0, 0.80568705644980754], [1, 1, 1, 1, 1, 1], 1) 
hit_rate: 0.923076923077 
iteration 1 
([1.0, 1.0, 1.0, 1.0, 0.44865682517501937, 0.80568705644980754], [1, 1, 1, 1, 1, 1], 1) 
hit_rate: 0.923076923077 
iteration 2 
([1.0, 1.9630460399564515, 1.0, 1.0, 0.44865682517501937, 0.80568705644980754], [1, 1, 1, 1, 1, 1], 1) 
hit_rate: 0.923076923077 
iteration 3 
([1.0, 1.9630460399564515, 1.0, 0.82382631490857539, 0.44865682517501937, 0.80568705644980754], [1, 1, 1, 1, 1, 1], 1) 
hit_rate: 0.923076923077 
iteration 4 
([1.0, 1.9630460399564515, 1.0, 0.82382631490857539, -0.16954030454345825, 0.80568705644980754], [1, 1, 1, 1, 1, 1], 1) 
hit_rate: 0.923076923077 
iteration 5 
([1.0, 1.9630460399564515, 1.0, 0.82382631490857539, -0.16954030454345825, 1.1413225793225763], [1, 1, 1, 1, 1, 1], 1) 
hit_rate: 0.923076923077 
iteration 6 
([1.0, 1.9630460399564515, 1.0, 0.82382631490857539, 0.6050120001315491, 1.1413225793225763], [1, 1, 1, 1, 1, 1], 1) 
hit_rate: 0.923076923077 
iteration 7 
([1.0, 1.9630460399564515, 1.0, 0.82382631490857539, 0.6050120001315491, 1.8758082027051477], [1, 1, 1, 1, 1, 1], 1) 
hit_rate: 0.923076923077 
iteration 8 
([1.0, 1.9630460399564515, 1.9093936089677173, 0.82382631490857539, 0.6050120001315491, 1.8758082027051477], [1, 1, 1, 1, 1, 1], 1) 
hit_rate: 0.923076923077 
iteration 9 
([1.0, 1.6536315895056446, 1.9093936089677173, 0.82382631490857539, 0.6050120001315491, 1.8758082027051477], [1, 1, 1, 1, 1, 1], 1) 
hit_rate: 0.923076923077 
iteration 10 
([1.0175028381190283, 1.6536315895056446, 1.9093936089677173, 0.82382631490857539, 0.6050120001315491, 1.8758082027051477], [1, 1, 1, 1, 1, 1], 1) 
hit_rate: 0.923076923077 
iteration 11 
([0.62856268725954134, 1.6536315895056446, 1.9093936089677173, 0.82382631490857539, 0.6050120001315491, 1.8758082027051477], [1, 1, 1, 1, 1, 1], 1) 
hit_rate: 0.923076923077 
iteration 12 
([0.62856268725954134, 1.6536315895056446, 2.5696352019420168, 0.82382631490857539, 0.6050120001315491, 1.8758082027051477], [1, 1, 1, 1, 1, 1], 1) 
hit_rate: 1.0 
iteration 13 
([0.62856268725954134, 1.6536315895056446, 2.5696352019420168, 0.82382631490857539, 0.6050120001315491, 1.7926955462083709], [1, 1, 1, 1, 1, 1], 1) 
hit_rate: 1.0 
iteration 14 
([0.62856268725954134, 1.4281034716706031, 2.5696352019420168, 0.82382631490857539, 0.6050120001315491, 1.7926955462083709], [1, 1, 1, 1, 1, 1], 1) 
hit_rate: 1.0 
iteration 15 
([0.62856268725954134, 1.4281034716706031, 2.5696352019420168, 0.82382631490857539, 0.6050120001315491, 0.95219415312513633], [1, 1, 1, 1, 1, 1], 1) 
hit_rate: 0.923076923077 
iteration 16 
([0.62856268725954134, 1.4281034716706031, 2.5696352019420168, 0.82382631490857539, 0.6050120001315491, 1.0329519256408539], [1, 1, 1, 1, 1, 1], 1) 
hit_rate: 0.923076923077 
iteration 17 
([0.62856268725954134, 1.4281034716706031, 1.9943298614730676, 0.82382631490857539, 0.6050120001315491, 1.0329519256408539], [1, 1, 1, 1, 1, 1], 1) 
hit_rate: 0.923076923077 
iteration 18 
([0.62856268725954134, 1.4281034716706031, 2.4003260238467767, 0.82382631490857539, 0.6050120001315491, 1.0329519256408539], [1, 1, 1, 1, 1, 1], 1) 
hit_rate: 0.923076923077 
iteration 19 
([0.62856268725954134, 1.4281034716706031, 2.9787332450970827, 0.82382631490857539, 0.6050120001315491, 1.0329519256408539], [1, 1, 1, 1, 1, 1], 1) 
hit_rate: 0.923076923077 
iteration 20 
([0.62856268725954134, 1.4281034716706031, 2.9787332450970827, 0.82382631490857539, -0.24333799636247777, 1.0329519256408539], [1, 1, 1, 1, 1, 1], 7) 
hit_rate: 0.846153846154 
iteration 21 
([0.62856268725954134, 1.4281034716706031, 2.9787332450970827, 1.2433455666623758, -0.24333799636247777, 1.0329519256408539], [1, 1, 1, 1, 1, 1], 3) 
hit_rate: 0.846153846154 
iteration 22 
([0.62856268725954134, 1.4281034716706031, 2.9787332450970827, 0.43571499275839143, -0.24333799636247777, 1.0329519256408539], [1, 1, 1, 1, 1, 1], 1) 
hit_rate: 0.846153846154 
iteration 23 
([1.3148002859927019, 1.4281034716706031, 2.9787332450970827, 0.43571499275839143, -0.24333799636247777, 1.0329519256408539], [1, 1, 1, 1, 1, 1], 1) 
hit_rate: 1.0 
iteration 24 
([2.1704123376043203, 1.4281034716706031, 2.9787332450970827, 0.43571499275839143, -0.24333799636247777, 1.0329519256408539], [1, 1, 1, 1, 1, 1], 1) 
hit_rate: 1.0 
iteration 25 
([2.1488782894451921, 1.4281034716706031, 2.9787332450970827, 0.43571499275839143, -0.24333799636247777, 1.0329519256408539], [1, 1, 1, 1, 1, 1], 1) 
hit_rate: 1.0 
iteration 26 
([2.1488782894451921, 1.4281034716706031, 2.9787332450970827, -0.41040527745117017, -0.24333799636247777, 1.0329519256408539], [1, 1, 1, 1, 1, 1], 1) 
hit_rate: 1.0 
iteration 27 
([1.6645509108962759, 1.4281034716706031, 2.9787332450970827, -0.41040527745117017, -0.24333799636247777, 1.0329519256408539], [1, 1, 1, 1, 1, 1], 1) 
hit_rate: 1.0 
iteration 28 
([1.6645509108962759, 1.6332897472813535, 2.9787332450970827, -0.41040527745117017, -0.24333799636247777, 1.0329519256408539], [1, 1, 1, 1, 1, 1], 1) 
hit_rate: 1.0 
iteration 29 
([1.6645509108962759, 1.6332897472813535, 2.9787332450970827, -0.41040527745117017, 0.1832061716164628, 1.0329519256408539], [1, 1, 1, 1, 1, 1], 1) 
hit_rate: 1.0 
iteration 30 
([1.6645509108962759, 1.6332897472813535, 2.9787332450970827, -0.41040527745117017, 0.1832061716164628, 1.237207841164117], [1, 1, 1, 1, 1, 1], 1) 
hit_rate: 1.0 
iteration 31 
([1.6645509108962759, 1.6332897472813535, 2.9787332450970827, 0.3250072227214218, 0.1832061716164628, 1.237207841164117], [1, 1, 1, 1, 1, 1], 1) 
hit_rate: 1.0 
iteration 32 
([1.6645509108962759, 1.6332897472813535, 2.9787332450970827, 0.84565837183081971, 0.1832061716164628, 1.237207841164117], [1, 1, 1, 1, 1, 1], 1) 
hit_rate: 1.0 
iteration 33 
([1.6645509108962759, 1.6332897472813535, 2.9787332450970827, 0.84565837183081971, 0.50237473121981924, 1.237207841164117], [1, 1, 1, 1, 1, 1], 1) 
hit_rate: 1.0 
iteration 34 
([1.6645509108962759, 1.6332897472813535, 2.9787332450970827, 0.84565837183081971, 0.50237473121981924, 1.0768236021359734], [1, 1, 1, 1, 1, 1], 1) 
hit_rate: 1.0 
iteration 35 
([1.6645509108962759, 1.6332897472813535, 2.9787332450970827, 0.84565837183081971, 0.83632008092030397, 1.0768236021359734], [1, 1, 1, 1, 1, 1], 1) 
hit_rate: 1.0 
iteration 36 
([1.6645509108962759, 1.6332897472813535, 2.9787332450970827, 0.84565837183081971, 0.83632008092030397, 0.70216812769191228], [1, 1, 1, 1, 1, 1], 1) 
hit_rate: 1.0 
iteration 37 
([1.871556427999445, 1.6332897472813535, 2.9787332450970827, 0.84565837183081971, 0.83632008092030397, 0.70216812769191228], [1, 1, 1, 1, 1, 1], 1) 
hit_rate: 1.0 
iteration 38 
([1.871556427999445, 1.6332897472813535, 2.9787332450970827, 0.84565837183081971, 0.83632008092030397, 1.2802997713559743], [1, 1, 1, 1, 1, 1], 1) 
hit_rate: 1.0 
iteration 39 
([1.871556427999445, 1.6332897472813535, 2.9787332450970827, 1.5483414617538176, 0.83632008092030397, 1.2802997713559743], [1, 1, 1, 1, 1, 1], 1) 
hit_rate: 1.0 
iteration 40 
([1.871556427999445, 1.6332897472813535, 2.3623362657443114, 1.5483414617538176, 0.83632008092030397, 1.2802997713559743], [1, 1, 1, 1, 1, 1], 1) 
hit_rate: 1.0 
iteration 41 
([2.1918156874772681, 1.6332897472813535, 2.3623362657443114, 1.5483414617538176, 0.83632008092030397, 1.2802997713559743], [1, 1, 1, 1, 1, 1], 1) 
hit_rate: 1.0 
iteration 42 
([2.1918156874772681, 1.6332897472813535, 2.3623362657443114, 2.2779846279971228, 0.83632008092030397, 1.2802997713559743], [1, 1, 1, 1, 1, 1], 1) 
hit_rate: 0.923076923077 
iteration 43 
([2.1918156874772681, 1.6332897472813535, 2.0213614499193495, 2.2779846279971228, 0.83632008092030397, 1.2802997713559743], [1, 1, 1, 1, 1, 1], 1) 
hit_rate: 0.923076923077 
iteration 44 
([2.1918156874772681, 1.6332897472813535, 2.0213614499193495, 2.0378479644991208, 0.83632008092030397, 1.2802997713559743], [1, 1, 1, 1, 1, 1], 1) 
hit_rate: 0.923076923077 
iteration 45 
([2.1918156874772681, 1.6332897472813535, 2.9095678969854637, 2.0378479644991208, 0.83632008092030397, 1.2802997713559743], [1, 1, 1, 1, 1, 1], 1) 
hit_rate: 1.0 
iteration 46 
([2.1918156874772681, 1.6332897472813535, 2.9095678969854637, 2.0378479644991208, 0.83632008092030397, 0.52886202003836957], [1, 1, 1, 1, 1, 1], 5) 
hit_rate: 0.923076923077 
iteration 47 
([2.1918156874772681, 1.6332897472813535, 2.9095678969854637, 2.0378479644991208, 0.26132162665840797, 0.52886202003836957], [1, 1, 1, 1, 1, 1], 5) 
hit_rate: 0.923076923077 
iteration 48 
([2.1918156874772681, 1.6332897472813535, 2.9095678969854637, 1.1880169456299006, 0.26132162665840797, 0.52886202003836957], [1, 1, 1, 1, 1, 1], 1) 
hit_rate: 0.923076923077 
iteration 49 
([2.1918156874772681, 1.6332897472813535, 2.9095678969854637, 1.1880169456299006, 0.27909345502651117, 0.52886202003836957], [1, 1, 1, 1, 1, 1], 1) 
hit_rate: 0.923076923077 
iteration 50 
([2.2468740783547325, 1.6332897472813535, 2.9095678969854637, 1.1880169456299006, 0.27909345502651117, 0.52886202003836957], [1, 1, 1, 1, 1, 1], 1) 
hit_rate: 0.923076923077 
iteration 51 
([2.2468740783547325, 1.6332897472813535, 2.9095678969854637, 1.1880169456299006, 0.27909345502651117, 0.47933643219589639], [1, 1, 1, 1, 1, 1], 1) 
hit_rate: 0.923076923077 
iteration 52 
([1.8787814646998506, 1.6332897472813535, 2.9095678969854637, 1.1880169456299006, 0.27909345502651117, 0.47933643219589639], [1, 1, 1, 1, 1, 1], 1) 
hit_rate: 0.923076923077 
iteration 53 
([1.8787814646998506, 1.6332897472813535, 2.8677520144942727, 1.1880169456299006, 0.27909345502651117, 0.47933643219589639], [1, 1, 1, 1, 1, 1], 1) 
hit_rate: 0.923076923077 
iteration 54 
([1.8787814646998506, 1.6332897472813535, 2.8677520144942727, 1.1880169456299006, 0.27909345502651117, 0.44768984694335234], [1, 1, 1, 1, 1, 1], 1) 
hit_rate: 0.923076923077 
iteration 55 
([1.8787814646998506, 1.2155087209074196, 2.8677520144942727, 1.1880169456299006, 0.27909345502651117, 0.44768984694335234], [1, 1, 1, 1, 1, 1], 1) 
hit_rate: 0.923076923077 
iteration 56 
([1.8787814646998506, 1.1041976625126035, 2.8677520144942727, 1.1880169456299006, 0.27909345502651117, 0.44768984694335234], [1, 1, 1, 1, 1, 1], 5) 
hit_rate: 0.923076923077 
iteration 57 
([1.8787814646998506, 1.1041976625126035, 2.8677520144942727, 1.1880169456299006, -0.4388266295198735, 0.44768984694335234], [1, 1, 1, 1, 1, 1], 1) 
hit_rate: 1.0 
iteration 58 
([1.8787814646998506, 1.1041976625126035, 2.8677520144942727, 1.1880169456299006, -0.4388266295198735, -0.51396569795506175], [1, 1, 1, 1, 1, 1], 1) 
hit_rate: 1.0 
iteration 59 
([1.8787814646998506, 1.1041976625126035, 2.8677520144942727, 1.1880169456299006, -0.4388266295198735, -1.022720753660086], [1, 1, 1, 1, 1, 1], 1) 
hit_rate: 1.0 
iteration 60 
([1.8787814646998506, 1.1041976625126035, 1.9104862775972387, 1.1880169456299006, -0.4388266295198735, -1.022720753660086], [1, 1, 1, 1, 1, 1], 1) 
hit_rate: 1.0 
iteration 61 
([2.2874478272407215, 1.1041976625126035, 1.9104862775972387, 1.1880169456299006, -0.4388266295198735, -1.022720753660086], [1, 1, 1, 1, 1, 1], 1) 
hit_rate: 0.923076923077 
iteration 62 
([2.2874478272407215, 1.1041976625126035, 1.7681451358670575, 1.1880169456299006, -0.4388266295198735, -1.022720753660086], [1, 1, 1, 1, 1, 1], 1) 
hit_rate: 0.923076923077 
iteration 63 
([2.2874478272407215, 1.1041976625126035, 1.7681451358670575, 1.2348902492277283, -0.4388266295198735, -1.022720753660086], [1, 1, 1, 1, 1, 1], 1) 
hit_rate: 0.923076923077 
iteration 64 
([2.2874478272407215, 1.1041976625126035, 1.7681451358670575, 1.2348902492277283, -0.81784727523070266, -1.022720753660086], [1, 1, 1, 1, 1, 1], 1) 
hit_rate: 1.0 
iteration 65 
([2.2874478272407215, 1.2929936905684374, 1.7681451358670575, 1.2348902492277283, -0.81784727523070266, -1.022720753660086], [1, 1, 1, 1, 1, 1], 1) 
hit_rate: 1.0 
iteration 66 
([2.2874478272407215, 1.2929936905684374, 1.7681451358670575, 1.2348902492277283, -0.58480008568120301, -1.022720753660086], [1, 1, 1, 1, 1, 1], 1) 
hit_rate: 1.0 
iteration 67 
([2.2874478272407215, 1.2929936905684374, 1.7681451358670575, 0.48554225339330048, -0.58480008568120301, -1.022720753660086], [1, 1, 1, 1, 1, 1], 1) 
hit_rate: 1.0 
iteration 68 
([2.2874478272407215, 0.55408443890853465, 1.7681451358670575, 0.48554225339330048, -0.58480008568120301, -1.022720753660086], [1, 1, 1, 1, 1, 1], 1) 
hit_rate: 1.0 
iteration 69 
([2.8210848157607122, 0.55408443890853465, 1.7681451358670575, 0.48554225339330048, -0.58480008568120301, -1.022720753660086], [1, 1, 1, 1, 1, 1], 1) 
hit_rate: 0.923076923077 
iteration 70 
([2.8210848157607122, 0.55408443890853465, 2.4470552362059137, 0.48554225339330048, -0.58480008568120301, -1.022720753660086], [1, 1, 1, 1, 1, 1], 1) 
hit_rate: 1.0 
iteration 71 
([2.8210848157607122, 0.55408443890853465, 2.4470552362059137, 0.48554225339330048, -0.58480008568120301, -0.84572894740140647], [1, 1, 1, 1, 1, 1], 1) 
hit_rate: 1.0 
iteration 72 
([2.6801731568356106, 0.55408443890853465, 2.4470552362059137, 0.48554225339330048, -0.58480008568120301, -0.84572894740140647], [1, 1, 1, 1, 1, 1], 1) 
hit_rate: 1.0 
iteration 73 
([2.6801731568356106, 0.55408443890853465, 2.4470552362059137, 0.48554225339330048, -0.57641852526915982, -0.84572894740140647], [1, 1, 1, 1, 1, 1], 1) 
hit_rate: 1.0 
iteration 74 
([2.6801731568356106, 0.55408443890853465, 2.4470552362059137, 0.48554225339330048, -0.55220742204922613, -0.84572894740140647], [1, 1, 1, 1, 1, 1], 1) 
hit_rate: 1.0 
iteration 75 
([2.5566642753973934, 0.55408443890853465, 2.4470552362059137, 0.48554225339330048, -0.55220742204922613, -0.84572894740140647], [1, 1, 1, 1, 1, 1], 1) 
hit_rate: 1.0 
iteration 76 
([2.5566642753973934, 0.55408443890853465, 2.4470552362059137, -0.35907876640991243, -0.55220742204922613, -0.84572894740140647], [1, 1, 1, 1, 1, 1], 1) 
hit_rate: 1.0 
iteration 77 
([2.5566642753973934, 0.55408443890853465, 2.3950771086237461, -0.35907876640991243, -0.55220742204922613, -0.84572894740140647], [1, 1, 1, 1, 1, 1], 1) 
hit_rate: 1.0 
iteration 78 
([2.8428187232271798, 0.55408443890853465, 2.3950771086237461, -0.35907876640991243, -0.55220742204922613, -0.84572894740140647], [1, 1, 1, 1, 1, 1], 1) 
hit_rate: 1.0 
iteration 79 
([2.8428187232271798, 0.55408443890853465, 2.3950771086237461, 0.14403871247981104, -0.55220742204922613, -0.84572894740140647], [1, 1, 1, 1, 1, 1], 1) 
hit_rate: 1.0 
iteration 80 
([2.8428187232271798, 0.55408443890853465, 2.3950771086237461, -0.39460803796926536, -0.55220742204922613, -0.84572894740140647], [1, 1, 1, 1, 1, 1], 1) 
hit_rate: 1.0 
iteration 81 
([2.8428187232271798, 0.55408443890853465, 2.3950771086237461, -0.39460803796926536, -0.55220742204922613, -0.84572894740140647], [1, 1, 1, 0, 1, 1], 1) 
hit_rate: 1.0 
iteration 82 
([2.8428187232271798, 0.55408443890853465, 2.3950771086237461, -0.39460803796926536, -0.42391657001896421, -0.84572894740140647], [1, 1, 1, 0, 1, 1], 1) 
hit_rate: 1.0 
iteration 83 
([2.8428187232271798, 0.55408443890853465, 2.3950771086237461, 0.52895291158066882, -0.42391657001896421, -0.84572894740140647], [1, 1, 1, 0, 1, 1], 1) 
hit_rate: 1.0 
iteration 84 
([2.8428187232271798, 0.55408443890853465, 2.3950771086237461, 0.52895291158066882, 0.56137791602378373, -0.84572894740140647], [1, 1, 1, 0, 1, 1], 1) 
hit_rate: 1.0 
iteration 85 
([1.9266732548872965, 0.55408443890853465, 2.3950771086237461, 0.52895291158066882, 0.56137791602378373, -0.84572894740140647], [1, 1, 1, 0, 1, 1], 1) 
hit_rate: 1.0 
iteration 86 
([1.9266732548872965, 1.3360443041564911, 2.3950771086237461, 0.52895291158066882, 0.56137791602378373, -0.84572894740140647], [1, 1, 1, 0, 1, 1], 1) 
hit_rate: 1.0 
iteration 87 
([1.9266732548872965, 1.3360443041564911, 2.6304184737299834, 0.52895291158066882, 0.56137791602378373, -0.84572894740140647], [1, 1, 1, 0, 1, 1], 1) 
hit_rate: 1.0 
iteration 88 
([1.9266732548872965, 1.3360443041564911, 2.6304184737299834, 0.52895291158066882, -0.39952179969408252, -0.84572894740140647], [1, 1, 1, 0, 1, 1], 1) 
hit_rate: 1.0 
iteration 89 
([1.9266732548872965, 1.4257350800611279, 2.6304184737299834, 0.52895291158066882, -0.39952179969408252, -0.84572894740140647], [1, 1, 1, 0, 1, 1], 1) 
hit_rate: 1.0 
iteration 90 
([1.9266732548872965, 1.4257350800611279, 2.6304184737299834, 0.52895291158066882, -1.0840683872151715, -0.84572894740140647], [1, 1, 1, 0, 1, 1], 1) 
hit_rate: 1.0 
iteration 91 
([2.7161366737470729, 1.4257350800611279, 2.6304184737299834, 0.52895291158066882, -1.0840683872151715, -0.84572894740140647], [1, 1, 1, 0, 1, 1], 1) 
hit_rate: 1.0 
iteration 92 
([2.7161366737470729, 1.7496322342203399, 2.6304184737299834, 0.52895291158066882, -1.0840683872151715, -0.84572894740140647], [1, 1, 1, 0, 1, 1], 1) 
hit_rate: 1.0 
iteration 93 
([2.7161366737470729, 1.7496322342203399, 2.6304184737299834, 0.66359087759882374, -1.0840683872151715, -0.84572894740140647], [1, 1, 1, 0, 1, 1], 1) 
hit_rate: 1.0 
iteration 94 
([2.7161366737470729, 1.7496322342203399, 2.6304184737299834, 0.14176152229839523, -1.0840683872151715, -0.84572894740140647], [1, 1, 1, 0, 1, 1], 1) 
hit_rate: 1.0 
iteration 95 
([2.7161366737470729, 1.7496322342203399, 2.6304184737299834, 0.14176152229839523, -1.322036926300997, -0.84572894740140647], [1, 1, 1, 0, 1, 1], 1) 
hit_rate: 1.0 
iteration 96 
([2.7161366737470729, 2.0870418957685795, 2.6304184737299834, 0.14176152229839523, -1.322036926300997, -0.84572894740140647], [1, 1, 1, 0, 1, 1], 1) 
hit_rate: 1.0 
iteration 97 
([2.7161366737470729, 2.0870418957685795, 3.2681881466596208, 0.14176152229839523, -1.322036926300997, -0.84572894740140647], [1, 1, 1, 0, 1, 1], 1) 
hit_rate: 1.0 
iteration 98 
([2.7161366737470729, 2.7296188811756426, 3.2681881466596208, 0.14176152229839523, -1.322036926300997, -0.84572894740140647], [1, 1, 1, 0, 1, 1], 1) 
hit_rate: 1.0 
iteration 99 
([2.7161366737470729, 2.7296188811756426, 3.2681881466596208, 0.14176152229839523, -1.322036926300997, -1.578066904284203], [1, 1, 1, 0, 1, 1], 1) 
hit_rate: 1.0 
best solution: ([2.7161366737470729, 2.7296188811756426, 3.2681881466596208, 0.14176152229839523, -1.322036926300997, -1.578066904284203], [1, 1, 1, 0, 1, 1], 1)
Hits for the best solution: 1.0
TS Spent time: 202.119987011
k-NN Spent time: 0.0851240158081
