iteration 0 
([1.0, 1.0, 1.0, 1.0, 1.0, 1.0], [1, 1, 0, 1, 1, 1], 1) 
hit_rate: 0.933333333333 
iteration 1 
([1.0, 1.0, 1.0, 1.0, 1.0, 0.85359374882470118], [1, 1, 0, 1, 1, 1], 1) 
hit_rate: 1.0 
iteration 2 
([1.0, 1.0, 1.0, 1.0, 1.3167552589563629, 0.85359374882470118], [1, 1, 0, 1, 1, 1], 1) 
hit_rate: 1.0 
iteration 3 
([1.0, 1.0, 1.0, 1.0, 0.45160068009105392, 0.85359374882470118], [1, 1, 0, 1, 1, 1], 1) 
hit_rate: 1.0 
iteration 4 
([1.0, 1.0, 1.7349131154471937, 1.0, 0.45160068009105392, 0.85359374882470118], [1, 1, 0, 1, 1, 1], 1) 
hit_rate: 1.0 
iteration 5 
([1.0, 1.0, 2.1007480243838268, 1.0, 0.45160068009105392, 0.85359374882470118], [1, 1, 0, 1, 1, 1], 1) 
hit_rate: 1.0 
iteration 6 
([1.4208051986856696, 1.0, 2.1007480243838268, 1.0, 0.45160068009105392, 0.85359374882470118], [1, 1, 0, 1, 1, 1], 1) 
hit_rate: 1.0 
iteration 7 
([1.4208051986856696, 1.0, 2.1007480243838268, 1.0, -0.13933664369308252, 0.85359374882470118], [1, 1, 0, 1, 1, 1], 1) 
hit_rate: 1.0 
iteration 8 
([1.4208051986856696, 1.0543221283680526, 2.1007480243838268, 1.0, -0.13933664369308252, 0.85359374882470118], [1, 1, 0, 1, 1, 1], 1) 
hit_rate: 1.0 
iteration 9 
([1.4208051986856696, 1.0543221283680526, 2.1007480243838268, 1.0, 0.2226551379902546, 0.85359374882470118], [1, 1, 0, 1, 1, 1], 1) 
hit_rate: 1.0 
iteration 10 
([1.4208051986856696, 1.0543221283680526, 1.2475245635756576, 1.0, 0.2226551379902546, 0.85359374882470118], [1, 1, 0, 1, 1, 1], 1) 
hit_rate: 1.0 
iteration 11 
([1.4208051986856696, 1.0543221283680526, 1.3279702809147613, 1.0, 0.2226551379902546, 0.85359374882470118], [1, 1, 0, 1, 1, 1], 1) 
hit_rate: 1.0 
iteration 12 
([1.4208051986856696, 1.0543221283680526, 1.3279702809147613, 1.0, 0.2226551379902546, 0.62705844648764208], [1, 1, 0, 1, 1, 1], 1) 
hit_rate: 1.0 
iteration 13 
([1.4208051986856696, 1.1025823143523708, 1.3279702809147613, 1.0, 0.2226551379902546, 0.62705844648764208], [1, 1, 0, 1, 1, 1], 1) 
hit_rate: 1.0 
iteration 14 
([1.4208051986856696, 1.1025823143523708, 1.3279702809147613, 1.0, -0.055751702904374145, 0.62705844648764208], [1, 1, 0, 1, 1, 1], 1) 
hit_rate: 1.0 
iteration 15 
([1.4208051986856696, 1.1025823143523708, 1.2173243970973058, 1.0, -0.055751702904374145, 0.62705844648764208], [1, 1, 0, 1, 1, 1], 1) 
hit_rate: 1.0 
iteration 16 
([1.4208051986856696, 1.1025823143523708, 1.2173243970973058, 1.0, -0.17676618832583713, 0.62705844648764208], [1, 1, 0, 1, 1, 1], 1) 
hit_rate: 1.0 
iteration 17 
([1.4208051986856696, 1.1025823143523708, 1.2173243970973058, 1.4927419799343684, -0.17676618832583713, 0.62705844648764208], [1, 1, 0, 1, 1, 1], 1) 
hit_rate: 1.0 
iteration 18 
([0.81316699271320059, 1.1025823143523708, 1.2173243970973058, 1.4927419799343684, -0.17676618832583713, 0.62705844648764208], [1, 1, 0, 1, 1, 1], 1) 
hit_rate: 1.0 
iteration 19 
([0.81316699271320059, 1.1025823143523708, 1.8186821852860375, 1.4927419799343684, -0.17676618832583713, 0.62705844648764208], [1, 1, 0, 1, 1, 1], 1) 
hit_rate: 1.0 
iteration 20 
([0.81316699271320059, 1.1025823143523708, 1.8020581757391809, 1.4927419799343684, -0.17676618832583713, 0.62705844648764208], [1, 1, 0, 1, 1, 1], 1) 
hit_rate: 1.0 
iteration 21 
([0.81316699271320059, 1.1025823143523708, 2.0384131403458743, 1.4927419799343684, -0.17676618832583713, 0.62705844648764208], [1, 1, 0, 1, 1, 1], 1) 
hit_rate: 1.0 
iteration 22 
([0.81316699271320059, 1.1864684985379395, 2.0384131403458743, 1.4927419799343684, -0.17676618832583713, 0.62705844648764208], [1, 1, 0, 1, 1, 1], 1) 
hit_rate: 1.0 
iteration 23 
([0.81316699271320059, 1.8501725279371306, 2.0384131403458743, 1.4927419799343684, -0.17676618832583713, 0.62705844648764208], [1, 1, 0, 1, 1, 1], 1) 
hit_rate: 1.0 
iteration 24 
([0.81316699271320059, 1.5544711417798476, 2.0384131403458743, 1.4927419799343684, -0.17676618832583713, 0.62705844648764208], [1, 1, 0, 1, 1, 1], 1) 
hit_rate: 1.0 
iteration 25 
([0.81316699271320059, 1.5544711417798476, 2.0384131403458743, 1.4927419799343684, 0.81211211733491728, 0.62705844648764208], [1, 1, 0, 1, 1, 1], 1) 
hit_rate: 1.0 
iteration 26 
([0.81316699271320059, 1.5544711417798476, 2.9034078723547294, 1.4927419799343684, 0.81211211733491728, 0.62705844648764208], [1, 1, 0, 1, 1, 1], 1) 
hit_rate: 1.0 
iteration 27 
([0.81316699271320059, 1.5544711417798476, 3.6942860346343265, 1.4927419799343684, 0.81211211733491728, 0.62705844648764208], [1, 1, 0, 1, 1, 1], 1) 
hit_rate: 1.0 
iteration 28 
([0.81316699271320059, 1.5544711417798476, 4.2247600001662438, 1.4927419799343684, 0.81211211733491728, 0.62705844648764208], [1, 1, 0, 1, 1, 1], 1) 
hit_rate: 1.0 
iteration 29 
([0.81316699271320059, 1.5544711417798476, 3.8587144151694757, 1.4927419799343684, 0.81211211733491728, 0.62705844648764208], [1, 1, 0, 1, 1, 1], 1) 
hit_rate: 1.0 
iteration 30 
([0.81316699271320059, 1.6025172180277916, 3.8587144151694757, 1.4927419799343684, 0.81211211733491728, 0.62705844648764208], [1, 1, 0, 1, 1, 1], 1) 
hit_rate: 1.0 
iteration 31 
([0.81316699271320059, 1.0170687943221868, 3.8587144151694757, 1.4927419799343684, 0.81211211733491728, 0.62705844648764208], [1, 1, 0, 1, 1, 1], 1) 
hit_rate: 1.0 
iteration 32 
([0.81316699271320059, 1.0170687943221868, 4.6132947574350691, 1.4927419799343684, 0.81211211733491728, 0.62705844648764208], [1, 1, 0, 1, 1, 1], 1) 
hit_rate: 1.0 
iteration 33 
([0.81316699271320059, 1.0170687943221868, 4.6132947574350691, 1.4927419799343684, -0.13777544111644646, 0.62705844648764208], [1, 1, 0, 1, 1, 1], 1) 
hit_rate: 1.0 
iteration 34 
([1.2591594417101268, 1.0170687943221868, 4.6132947574350691, 1.4927419799343684, -0.13777544111644646, 0.62705844648764208], [1, 1, 0, 1, 1, 1], 1) 
hit_rate: 1.0 
iteration 35 
([1.1230549313096634, 1.0170687943221868, 4.6132947574350691, 1.4927419799343684, -0.13777544111644646, 0.62705844648764208], [1, 1, 0, 1, 1, 1], 1) 
hit_rate: 1.0 
iteration 36 
([1.1798416053080769, 1.0170687943221868, 4.6132947574350691, 1.4927419799343684, -0.13777544111644646, 0.62705844648764208], [1, 1, 0, 1, 1, 1], 1) 
hit_rate: 1.0 
iteration 37 
([1.1798416053080769, 1.0170687943221868, 4.6132947574350691, 1.4927419799343684, -0.66538448998418365, 0.62705844648764208], [1, 1, 0, 1, 1, 1], 1) 
hit_rate: 1.0 
iteration 38 
([1.1798416053080769, 1.0170687943221868, 4.6132947574350691, 1.4927419799343684, -0.66538448998418365, 0.47676213267772605], [1, 1, 0, 1, 1, 1], 1) 
hit_rate: 1.0 
iteration 39 
([1.1798416053080769, 1.0170687943221868, 4.6132947574350691, 1.4927419799343684, -1.0840280862398692, 0.47676213267772605], [1, 1, 0, 1, 1, 1], 1) 
hit_rate: 1.0 
iteration 40 
([1.1798416053080769, 1.0170687943221868, 4.6132947574350691, 1.4927419799343684, -1.7446923942175214, 0.47676213267772605], [1, 1, 0, 1, 1, 1], 1) 
hit_rate: 1.0 
iteration 41 
([1.0809087215172561, 1.0170687943221868, 4.6132947574350691, 1.4927419799343684, -1.7446923942175214, 0.47676213267772605], [1, 1, 0, 1, 1, 1], 1) 
hit_rate: 1.0 
iteration 42 
([1.0809087215172561, 1.0170687943221868, 4.6132947574350691, 1.4927419799343684, -1.7446923942175214, 0.47676213267772605], [1, 1, 0, 0, 1, 1], 1) 
hit_rate: 1.0 
iteration 43 
([1.0809087215172561, 1.0170687943221868, 4.6132947574350691, 2.2781254609566011, -1.7446923942175214, 0.47676213267772605], [1, 1, 0, 0, 1, 1], 1) 
hit_rate: 1.0 
iteration 44 
([1.0809087215172561, 1.0170687943221868, 4.6132947574350691, 2.2781254609566011, -1.4302024247359766, 0.47676213267772605], [1, 1, 0, 0, 1, 1], 1) 
hit_rate: 1.0 
iteration 45 
([1.0809087215172561, 1.0170687943221868, 4.5283921746807199, 2.2781254609566011, -1.4302024247359766, 0.47676213267772605], [1, 1, 0, 0, 1, 1], 1) 
hit_rate: 1.0 
iteration 46 
([1.0809087215172561, 1.0170687943221868, 4.7935478692120741, 2.2781254609566011, -1.4302024247359766, 0.47676213267772605], [1, 1, 0, 0, 1, 1], 1) 
hit_rate: 1.0 
iteration 47 
([1.0809087215172561, 1.0170687943221868, 4.7935478692120741, 1.3114368770528189, -1.4302024247359766, 0.47676213267772605], [1, 1, 0, 0, 1, 1], 1) 
hit_rate: 1.0 
iteration 48 
([1.0809087215172561, 1.0170687943221868, 4.5177599208146058, 1.3114368770528189, -1.4302024247359766, 0.47676213267772605], [1, 1, 0, 0, 1, 1], 1) 
hit_rate: 1.0 
iteration 49 
([1.0809087215172561, 1.0170687943221868, 4.6568729747390574, 1.3114368770528189, -1.4302024247359766, 0.47676213267772605], [1, 1, 0, 0, 1, 1], 1) 
hit_rate: 1.0 
iteration 50 
([1.0809087215172561, 1.0170687943221868, 4.6568729747390574, 1.7010489313894772, -1.4302024247359766, 0.47676213267772605], [1, 1, 0, 0, 1, 1], 1) 
hit_rate: 1.0 
iteration 51 
([1.0809087215172561, 1.0170687943221868, 4.6568729747390574, 2.0595357788342423, -1.4302024247359766, 0.47676213267772605], [1, 1, 0, 0, 1, 1], 1) 
hit_rate: 1.0 
iteration 52 
([1.0809087215172561, 1.0170687943221868, 5.1451377948974963, 2.0595357788342423, -1.4302024247359766, 0.47676213267772605], [1, 1, 0, 0, 1, 1], 1) 
hit_rate: 1.0 
iteration 53 
([1.0809087215172561, 1.0170687943221868, 5.1451377948974963, 2.8578198133742325, -1.4302024247359766, 0.47676213267772605], [1, 1, 0, 0, 1, 1], 1) 
hit_rate: 1.0 
iteration 54 
([1.0809087215172561, 1.0170687943221868, 5.1451377948974963, 1.9100831862569074, -1.4302024247359766, 0.47676213267772605], [1, 1, 0, 0, 1, 1], 1) 
hit_rate: 1.0 
iteration 55 
([1.0809087215172561, 1.0170687943221868, 5.1451377948974963, 1.9100831862569074, -1.4302024247359766, 0.44818591433306154], [1, 1, 0, 0, 1, 1], 1) 
hit_rate: 1.0 
iteration 56 
([1.0809087215172561, 1.0170687943221868, 5.956777416505779, 1.9100831862569074, -1.4302024247359766, 0.44818591433306154], [1, 1, 0, 0, 1, 1], 1) 
hit_rate: 1.0 
iteration 57 
([1.0809087215172561, 1.0170687943221868, 5.1885415692047125, 1.9100831862569074, -1.4302024247359766, 0.44818591433306154], [1, 1, 0, 0, 1, 1], 1) 
hit_rate: 1.0 
iteration 58 
([1.0809087215172561, 1.0170687943221868, 5.4944164048682449, 1.9100831862569074, -1.4302024247359766, 0.44818591433306154], [1, 1, 0, 0, 1, 1], 1) 
hit_rate: 1.0 
iteration 59 
([1.0809087215172561, 1.0170687943221868, 5.2526334900610241, 1.9100831862569074, -1.4302024247359766, 0.44818591433306154], [1, 1, 0, 0, 1, 1], 1) 
hit_rate: 1.0 
iteration 60 
([1.0809087215172561, 1.0170687943221868, 5.2526334900610241, 2.5597697553389134, -1.4302024247359766, 0.44818591433306154], [1, 1, 0, 0, 1, 1], 1) 
hit_rate: 1.0 
iteration 61 
([1.0809087215172561, 0.95920525774260001, 5.2526334900610241, 2.5597697553389134, -1.4302024247359766, 0.44818591433306154], [1, 1, 0, 0, 1, 1], 1) 
hit_rate: 1.0 
iteration 62 
([1.0809087215172561, 0.95920525774260001, 5.2526334900610241, 1.7334365865582619, -1.4302024247359766, 0.44818591433306154], [1, 1, 0, 0, 1, 1], 1) 
hit_rate: 1.0 
iteration 63 
([1.0809087215172561, 0.95920525774260001, 5.7451533679755293, 1.7334365865582619, -1.4302024247359766, 0.44818591433306154], [1, 1, 0, 0, 1, 1], 1) 
hit_rate: 1.0 
iteration 64 
([1.0809087215172561, 1.622684715642307, 5.7451533679755293, 1.7334365865582619, -1.4302024247359766, 0.44818591433306154], [1, 1, 0, 0, 1, 1], 1) 
hit_rate: 0.866666666667 
iteration 65 
([1.0809087215172561, 0.81451907456973305, 5.7451533679755293, 1.7334365865582619, -1.4302024247359766, 0.44818591433306154], [1, 1, 0, 0, 1, 1], 1) 
hit_rate: 0.933333333333 
iteration 66 
([1.0809087215172561, 0.81451907456973305, 5.7451533679755293, 1.7334365865582619, -1.4302024247359766, 0.44818591433306154], [1, 1, 0, 1, 1, 1], 1) 
hit_rate: 1.0 
iteration 67 
([1.0809087215172561, 0.89770590104646608, 5.7451533679755293, 1.7334365865582619, -1.4302024247359766, 0.44818591433306154], [1, 1, 0, 1, 1, 1], 1) 
hit_rate: 1.0 
iteration 68 
([1.0809087215172561, 0.89770590104646608, 5.7451533679755293, 1.7334365865582619, -1.8207856015438737, 0.44818591433306154], [1, 1, 0, 1, 1, 1], 1) 
hit_rate: 1.0 
iteration 69 
([1.0809087215172561, 1.131554326169093, 5.7451533679755293, 1.7334365865582619, -1.8207856015438737, 0.44818591433306154], [1, 1, 0, 1, 1, 1], 1) 
hit_rate: 1.0 
iteration 70 
([1.0809087215172561, 1.2523394496922438, 5.7451533679755293, 1.7334365865582619, -1.8207856015438737, 0.44818591433306154], [1, 1, 0, 1, 1, 1], 1) 
hit_rate: 1.0 
iteration 71 
([1.0809087215172561, 1.2523394496922438, 5.7451533679755293, 1.2519676155617825, -1.8207856015438737, 0.44818591433306154], [1, 1, 0, 1, 1, 1], 1) 
hit_rate: 1.0 
iteration 72 
([1.0809087215172561, 1.2523394496922438, 4.9351373149410964, 1.2519676155617825, -1.8207856015438737, 0.44818591433306154], [1, 1, 0, 1, 1, 1], 1) 
hit_rate: 1.0 
iteration 73 
([1.0809087215172561, 1.2523394496922438, 4.9351373149410964, 1.2519676155617825, -1.8207856015438737, -0.12829349474012353], [1, 1, 0, 1, 1, 1], 1) 
hit_rate: 0.933333333333 
iteration 74 
([0.84897244721644283, 1.2523394496922438, 4.9351373149410964, 1.2519676155617825, -1.8207856015438737, -0.12829349474012353], [1, 1, 0, 1, 1, 1], 1) 
hit_rate: 0.933333333333 
iteration 75 
([0.84897244721644283, 1.2523394496922438, 4.9351373149410964, 1.2519676155617825, -2.2798762595695279, -0.12829349474012353], [1, 1, 0, 1, 1, 1], 1) 
hit_rate: 0.933333333333 
iteration 76 
([0.84897244721644283, 1.2523394496922438, 4.9351373149410964, 1.9532932455998484, -2.2798762595695279, -0.12829349474012353], [1, 1, 0, 1, 1, 1], 1) 
hit_rate: 0.933333333333 
iteration 77 
([0.84897244721644283, 1.2523394496922438, 4.9351373149410964, 1.9532932455998484, -1.7181516426187695, -0.12829349474012353], [1, 1, 0, 1, 1, 1], 9) 
hit_rate: 0.933333333333 
iteration 78 
([0.84897244721644283, 1.2523394496922438, 4.9351373149410964, 1.9532932455998484, -1.7181516426187695, 0.56043281424886704], [1, 1, 0, 1, 1, 1], 1) 
hit_rate: 1.0 
iteration 79 
([0.84897244721644283, 1.2523394496922438, 4.2776903460458788, 1.9532932455998484, -1.7181516426187695, 0.56043281424886704], [1, 1, 0, 1, 1, 1], 1) 
hit_rate: 1.0 
iteration 80 
([0.84897244721644283, 1.2523394496922438, 4.2776903460458788, 2.8626677887893068, -1.7181516426187695, 0.56043281424886704], [1, 1, 0, 1, 1, 1], 1) 
hit_rate: 1.0 
iteration 81 
([0.84897244721644283, 1.2523394496922438, 3.9027575074430589, 2.8626677887893068, -1.7181516426187695, 0.56043281424886704], [1, 1, 0, 1, 1, 1], 1) 
hit_rate: 1.0 
iteration 82 
([0.84897244721644283, 1.2923803963203226, 3.9027575074430589, 2.8626677887893068, -1.7181516426187695, 0.56043281424886704], [1, 1, 0, 1, 1, 1], 1) 
hit_rate: 1.0 
iteration 83 
([0.84897244721644283, 1.2923803963203226, 3.9027575074430589, 2.9642155518538038, -1.7181516426187695, 0.56043281424886704], [1, 1, 0, 1, 1, 1], 1) 
hit_rate: 1.0 
iteration 84 
([1.3458952553348418, 1.2923803963203226, 3.9027575074430589, 2.9642155518538038, -1.7181516426187695, 0.56043281424886704], [1, 1, 0, 1, 1, 1], 1) 
hit_rate: 1.0 
iteration 85 
([1.749630653411633, 1.2923803963203226, 3.9027575074430589, 2.9642155518538038, -1.7181516426187695, 0.56043281424886704], [1, 1, 0, 1, 1, 1], 1) 
hit_rate: 1.0 
iteration 86 
([1.749630653411633, 0.88409733527065582, 3.9027575074430589, 2.9642155518538038, -1.7181516426187695, 0.56043281424886704], [1, 1, 0, 1, 1, 1], 1) 
hit_rate: 1.0 
iteration 87 
([1.749630653411633, 0.88409733527065582, 3.2426485988880454, 2.9642155518538038, -1.7181516426187695, 0.56043281424886704], [1, 1, 0, 1, 1, 1], 1) 
hit_rate: 1.0 
iteration 88 
([1.749630653411633, 0.88409733527065582, 2.7928909300984834, 2.9642155518538038, -1.7181516426187695, 0.56043281424886704], [1, 1, 0, 1, 1, 1], 1) 
hit_rate: 1.0 
iteration 89 
([1.749630653411633, 1.0202078055123009, 2.7928909300984834, 2.9642155518538038, -1.7181516426187695, 0.56043281424886704], [1, 1, 0, 1, 1, 1], 1) 
hit_rate: 1.0 
iteration 90 
([1.749630653411633, 1.0202078055123009, 1.9595217712150321, 2.9642155518538038, -1.7181516426187695, 0.56043281424886704], [1, 1, 0, 1, 1, 1], 1) 
hit_rate: 1.0 
iteration 91 
([1.749630653411633, 1.0202078055123009, 1.4089470917641489, 2.9642155518538038, -1.7181516426187695, 0.56043281424886704], [1, 1, 0, 1, 1, 1], 1) 
hit_rate: 1.0 
iteration 92 
([1.749630653411633, 1.0202078055123009, 1.4089470917641489, 2.9642155518538038, -1.896685508277939, 0.56043281424886704], [1, 1, 0, 1, 1, 1], 1) 
hit_rate: 1.0 
iteration 93 
([1.749630653411633, 1.0202078055123009, 1.4089470917641489, 2.9642155518538038, -1.896685508277939, 0.89752334262112976], [1, 1, 0, 1, 1, 1], 1) 
hit_rate: 1.0 
iteration 94 
([1.749630653411633, 1.0202078055123009, 1.4089470917641489, 2.9575390892113802, -1.896685508277939, 0.89752334262112976], [1, 1, 0, 1, 1, 1], 1) 
hit_rate: 1.0 
iteration 95 
([1.749630653411633, 1.0202078055123009, 2.1365262321453078, 2.9575390892113802, -1.896685508277939, 0.89752334262112976], [1, 1, 0, 1, 1, 1], 1) 
hit_rate: 1.0 
iteration 96 
([1.749630653411633, 1.0202078055123009, 2.8097444582356372, 2.9575390892113802, -1.896685508277939, 0.89752334262112976], [1, 1, 0, 1, 1, 1], 1) 
hit_rate: 1.0 
iteration 97 
([0.84957283717047161, 1.0202078055123009, 2.8097444582356372, 2.9575390892113802, -1.896685508277939, 0.89752334262112976], [1, 1, 0, 1, 1, 1], 1) 
hit_rate: 1.0 
iteration 98 
([1.6774932812430314, 1.0202078055123009, 2.8097444582356372, 2.9575390892113802, -1.896685508277939, 0.89752334262112976], [1, 1, 0, 1, 1, 1], 1) 
hit_rate: 1.0 
iteration 99 
([1.6774932812430314, 1.0202078055123009, 2.8097444582356372, 2.74782583410571, -1.896685508277939, 0.89752334262112976], [1, 1, 0, 1, 1, 1], 1) 
hit_rate: 1.0 
best solution: ([1.6774932812430314, 1.0202078055123009, 2.8097444582356372, 2.74782583410571, -1.896685508277939, 0.89752334262112976], [1, 1, 0, 1, 1, 1], 1)
Hits for the best solution: 1.0
TS Spent time: 299.798048973
k-NN Spent time: 0.134232997894
