iteration 0 
([1.0, 1.0, 1.0, 1.0, 1.0, 1.9767497189236216], [1, 1, 1, 1, 1, 1], 3) 
hit_rate: 0.923076923077 
iteration 1 
([1.0, 1.0, 0.17252782481294671, 1.0, 1.0, 1.9767497189236216], [1, 1, 1, 1, 1, 1], 3) 
hit_rate: 0.923076923077 
iteration 2 
([1.0, 1.0, 0.17252782481294671, 1.0, 1.0, 1.271074989968896], [1, 1, 1, 1, 1, 1], 3) 
hit_rate: 0.923076923077 
iteration 3 
([1.0, 1.0, 0.17252782481294671, 1.0, 1.6588734843411339, 1.271074989968896], [1, 1, 1, 1, 1, 1], 3) 
hit_rate: 0.923076923077 
iteration 4 
([1.0, 1.0, 0.17252782481294671, 1.0, 1.6588734843411339, 1.5904250892945724], [1, 1, 1, 1, 1, 1], 3) 
hit_rate: 0.923076923077 
iteration 5 
([1.0, 1.1208815129391567, 0.17252782481294671, 1.0, 1.6588734843411339, 1.5904250892945724], [1, 1, 1, 1, 1, 1], 3) 
hit_rate: 0.923076923077 
iteration 6 
([1.0, 1.1208815129391567, 0.17252782481294671, 0.51311958420422976, 1.6588734843411339, 1.5904250892945724], [1, 1, 1, 1, 1, 1], 3) 
hit_rate: 0.923076923077 
iteration 7 
([1.0, 1.1208815129391567, 0.17252782481294671, 0.51311958420422976, 0.79405952756423503, 1.5904250892945724], [1, 1, 1, 1, 1, 1], 3) 
hit_rate: 0.923076923077 
iteration 8 
([1.0, 1.1208815129391567, 0.17252782481294671, 0.51311958420422976, 1.5119429024655671, 1.5904250892945724], [1, 1, 1, 1, 1, 1], 3) 
hit_rate: 0.923076923077 
iteration 9 
([1.0, 1.1208815129391567, 0.17252782481294671, 0.51311958420422976, 2.4475132089565466, 1.5904250892945724], [1, 1, 1, 1, 1, 1], 1) 
hit_rate: 0.923076923077 
iteration 10 
([1.0, 1.1208815129391567, 0.17252782481294671, 0.12866826839215184, 2.4475132089565466, 1.5904250892945724], [1, 1, 1, 1, 1, 1], 3) 
hit_rate: 0.923076923077 
iteration 11 
([1.0, 1.1208815129391567, 0.76732033430069024, 0.12866826839215184, 2.4475132089565466, 1.5904250892945724], [1, 1, 1, 1, 1, 1], 1) 
hit_rate: 1.0 
iteration 12 
([1.0, 1.1208815129391567, 0.76732033430069024, 0.12866826839215184, 2.9829830162191158, 1.5904250892945724], [1, 1, 1, 1, 1, 1], 1) 
hit_rate: 1.0 
iteration 13 
([1.0, 1.1208815129391567, 0.76732033430069024, -0.38612108713281712, 2.9829830162191158, 1.5904250892945724], [1, 1, 1, 1, 1, 1], 1) 
hit_rate: 1.0 
iteration 14 
([1.6592725469276888, 1.1208815129391567, 0.76732033430069024, -0.38612108713281712, 2.9829830162191158, 1.5904250892945724], [1, 1, 1, 1, 1, 1], 1) 
hit_rate: 1.0 
iteration 15 
([1.6592725469276888, 1.1208815129391567, 0.76732033430069024, -0.067324831226780901, 2.9829830162191158, 1.5904250892945724], [1, 1, 1, 1, 1, 1], 1) 
hit_rate: 1.0 
iteration 16 
([1.3580227784229582, 1.1208815129391567, 0.76732033430069024, -0.067324831226780901, 2.9829830162191158, 1.5904250892945724], [1, 1, 1, 1, 1, 1], 1) 
hit_rate: 1.0 
iteration 17 
([1.3580227784229582, 1.1208815129391567, 0.76732033430069024, 0.31202472853748575, 2.9829830162191158, 1.5904250892945724], [1, 1, 1, 1, 1, 1], 1) 
hit_rate: 1.0 
iteration 18 
([1.3580227784229582, 1.1208815129391567, 0.76732033430069024, 0.31202472853748575, 2.9829830162191158, 2.5025201151603538], [1, 1, 1, 1, 1, 1], 1) 
hit_rate: 1.0 
iteration 19 
([1.3580227784229582, 1.1208815129391567, 0.76732033430069024, 0.31202472853748575, 3.0835413597494532, 2.5025201151603538], [1, 1, 1, 1, 1, 1], 1) 
hit_rate: 1.0 
iteration 20 
([1.992536135173046, 1.1208815129391567, 0.76732033430069024, 0.31202472853748575, 3.0835413597494532, 2.5025201151603538], [1, 1, 1, 1, 1, 1], 1) 
hit_rate: 1.0 
iteration 21 
([1.992536135173046, 1.1208815129391567, 0.76732033430069024, 0.31202472853748575, 3.9920093472506535, 2.5025201151603538], [1, 1, 1, 1, 1, 1], 1) 
hit_rate: 1.0 
iteration 22 
([2.1619774388139645, 1.1208815129391567, 0.76732033430069024, 0.31202472853748575, 3.9920093472506535, 2.5025201151603538], [1, 1, 1, 1, 1, 1], 3) 
hit_rate: 1.0 
iteration 23 
([2.1619774388139645, 1.1208815129391567, 0.76732033430069024, -0.43511095429780555, 3.9920093472506535, 2.5025201151603538], [1, 1, 1, 1, 1, 1], 3) 
hit_rate: 1.0 
iteration 24 
([2.1619774388139645, 1.1208815129391567, 0.76732033430069024, -0.43511095429780555, 3.0750140710150529, 2.5025201151603538], [1, 1, 1, 1, 1, 1], 1) 
hit_rate: 1.0 
iteration 25 
([2.1619774388139645, 1.1208815129391567, 0.76732033430069024, -0.43511095429780555, 3.0750140710150529, 1.6106310762449314], [1, 1, 1, 1, 1, 1], 1) 
hit_rate: 1.0 
iteration 26 
([2.1619774388139645, 1.1208815129391567, 0.76732033430069024, -0.43511095429780555, 3.0750140710150529, 2.5571212560559626], [1, 1, 1, 1, 1, 1], 1) 
hit_rate: 1.0 
iteration 27 
([2.3334203357121739, 1.1208815129391567, 0.76732033430069024, -0.43511095429780555, 3.0750140710150529, 2.5571212560559626], [1, 1, 1, 1, 1, 1], 1) 
hit_rate: 1.0 
iteration 28 
([2.3334203357121739, 1.1208815129391567, 0.76732033430069024, -0.43511095429780555, 3.0750140710150529, 2.5239998264412709], [1, 1, 1, 1, 1, 1], 1) 
hit_rate: 1.0 
iteration 29 
([2.3334203357121739, 1.1208815129391567, 0.76732033430069024, -0.43511095429780555, 3.0750140710150529, 1.6360244398878048], [1, 1, 1, 1, 1, 1], 1) 
hit_rate: 1.0 
iteration 30 
([2.3334203357121739, 1.1208815129391567, 0.76732033430069024, -0.43511095429780555, 3.914759778015509, 1.6360244398878048], [1, 1, 1, 1, 1, 1], 1) 
hit_rate: 1.0 
iteration 31 
([2.9967600234726555, 1.1208815129391567, 0.76732033430069024, -0.43511095429780555, 3.914759778015509, 1.6360244398878048], [1, 1, 1, 1, 1, 1], 1) 
hit_rate: 1.0 
iteration 32 
([2.9967600234726555, 1.1208815129391567, 1.7164452442470379, -0.43511095429780555, 3.914759778015509, 1.6360244398878048], [1, 1, 1, 1, 1, 1], 1) 
hit_rate: 1.0 
iteration 33 
([2.9967600234726555, 1.1208815129391567, 1.7164452442470379, -0.33487104345599428, 3.914759778015509, 1.6360244398878048], [1, 1, 1, 1, 1, 1], 1) 
hit_rate: 1.0 
iteration 34 
([2.9967600234726555, 1.1208815129391567, 1.7164452442470379, -0.33487104345599428, 4.5974143447069178, 1.6360244398878048], [1, 1, 1, 1, 1, 1], 1) 
hit_rate: 1.0 
iteration 35 
([2.9967600234726555, 1.1208815129391567, 2.4594078429169217, -0.33487104345599428, 4.5974143447069178, 1.6360244398878048], [1, 1, 1, 1, 1, 1], 1) 
hit_rate: 1.0 
iteration 36 
([2.9967600234726555, 1.1208815129391567, 2.9257386816301949, -0.33487104345599428, 4.5974143447069178, 1.6360244398878048], [1, 1, 1, 1, 1, 1], 1) 
hit_rate: 1.0 
iteration 37 
([2.9967600234726555, 1.1208815129391567, 2.9257386816301949, -0.33487104345599428, 4.5974143447069178, 2.5175407491414465], [1, 1, 1, 1, 1, 1], 1) 
hit_rate: 1.0 
iteration 38 
([2.9967600234726555, 1.1208815129391567, 3.7335486602627608, -0.33487104345599428, 4.5974143447069178, 2.5175407491414465], [1, 1, 1, 1, 1, 1], 1) 
hit_rate: 1.0 
iteration 39 
([2.9967600234726555, 1.1208815129391567, 3.7335486602627608, -0.70023710151478857, 4.5974143447069178, 2.5175407491414465], [1, 1, 1, 1, 1, 1], 1) 
hit_rate: 1.0 
iteration 40 
([2.9967600234726555, 1.1208815129391567, 3.7335486602627608, -1.0515675991678421, 4.5974143447069178, 2.5175407491414465], [1, 1, 1, 1, 1, 1], 1) 
hit_rate: 1.0 
iteration 41 
([2.9967600234726555, 1.1208815129391567, 3.3308348089123454, -1.0515675991678421, 4.5974143447069178, 2.5175407491414465], [1, 1, 1, 1, 1, 1], 1) 
hit_rate: 1.0 
iteration 42 
([2.9967600234726555, 1.1208815129391567, 3.9251450216783494, -1.0515675991678421, 4.5974143447069178, 2.5175407491414465], [1, 1, 1, 1, 1, 1], 1) 
hit_rate: 1.0 
iteration 43 
([2.9967600234726555, 1.1208815129391567, 3.9251450216783494, -0.48246319071046884, 4.5974143447069178, 2.5175407491414465], [1, 1, 1, 1, 1, 1], 1) 
hit_rate: 1.0 
iteration 44 
([2.9967600234726555, 1.1208815129391567, 3.9251450216783494, -0.48246319071046884, 4.5974143447069178, 2.6168442589544068], [1, 1, 1, 1, 1, 1], 1) 
hit_rate: 1.0 
iteration 45 
([3.3015906295829662, 1.1208815129391567, 3.9251450216783494, -0.48246319071046884, 4.5974143447069178, 2.6168442589544068], [1, 1, 1, 1, 1, 1], 1) 
hit_rate: 1.0 
iteration 46 
([3.3015906295829662, 1.4850157194866012, 3.9251450216783494, -0.48246319071046884, 4.5974143447069178, 2.6168442589544068], [1, 1, 1, 1, 1, 1], 1) 
hit_rate: 1.0 
iteration 47 
([3.733123895062509, 1.4850157194866012, 3.9251450216783494, -0.48246319071046884, 4.5974143447069178, 2.6168442589544068], [1, 1, 1, 1, 1, 1], 1) 
hit_rate: 1.0 
iteration 48 
([3.733123895062509, 1.4850157194866012, 3.9251450216783494, -0.48246319071046884, 3.6139838744283344, 2.6168442589544068], [1, 1, 1, 1, 1, 1], 1) 
hit_rate: 1.0 
iteration 49 
([3.733123895062509, 1.4850157194866012, 3.3017837925798816, -0.48246319071046884, 3.6139838744283344, 2.6168442589544068], [1, 1, 1, 1, 1, 1], 1) 
hit_rate: 1.0 
iteration 50 
([3.733123895062509, 1.4850157194866012, 3.3017837925798816, -0.10832068311279586, 3.6139838744283344, 2.6168442589544068], [1, 1, 1, 1, 1, 1], 1) 
hit_rate: 1.0 
iteration 51 
([3.733123895062509, 1.4850157194866012, 3.3017837925798816, -0.10832068311279586, 3.1177572718028967, 2.6168442589544068], [1, 1, 1, 1, 1, 1], 1) 
hit_rate: 1.0 
iteration 52 
([3.733123895062509, 1.4850157194866012, 3.3017837925798816, -0.10832068311279586, 3.3316056947666626, 2.6168442589544068], [1, 1, 1, 1, 1, 1], 1) 
hit_rate: 1.0 
iteration 53 
([3.8193151955397, 1.4850157194866012, 3.3017837925798816, -0.10832068311279586, 3.3316056947666626, 2.6168442589544068], [1, 1, 1, 1, 1, 1], 1) 
hit_rate: 1.0 
iteration 54 
([3.8193151955397, 1.4850157194866012, 3.3017837925798816, -0.10832068311279586, 3.504412808469644, 2.6168442589544068], [1, 1, 1, 1, 1, 1], 1) 
hit_rate: 1.0 
iteration 55 
([3.8193151955397, 1.4850157194866012, 3.3017837925798816, -0.10832068311279586, 3.7121792495413279, 2.6168442589544068], [1, 1, 1, 1, 1, 1], 1) 
hit_rate: 1.0 
iteration 56 
([3.8193151955397, 1.4226327195109754, 3.3017837925798816, -0.10832068311279586, 3.7121792495413279, 2.6168442589544068], [1, 1, 1, 1, 1, 1], 1) 
hit_rate: 1.0 
iteration 57 
([3.5412561201621839, 1.4226327195109754, 3.3017837925798816, -0.10832068311279586, 3.7121792495413279, 2.6168442589544068], [1, 1, 1, 1, 1, 1], 1) 
hit_rate: 1.0 
iteration 58 
([3.5412561201621839, 1.4226327195109754, 3.3017837925798816, -0.10832068311279586, 3.2093875719047729, 2.6168442589544068], [1, 1, 1, 1, 1, 1], 1) 
hit_rate: 1.0 
iteration 59 
([3.5412561201621839, 1.4226327195109754, 2.8083705689840661, -0.10832068311279586, 3.2093875719047729, 2.6168442589544068], [1, 1, 1, 1, 1, 1], 1) 
hit_rate: 1.0 
iteration 60 
([3.5412561201621839, 1.4226327195109754, 2.8083705689840661, 0.17740826576894575, 3.2093875719047729, 2.6168442589544068], [1, 1, 1, 1, 1, 1], 1) 
hit_rate: 1.0 
iteration 61 
([3.5412561201621839, 1.4226327195109754, 3.1287562222135161, 0.17740826576894575, 3.2093875719047729, 2.6168442589544068], [1, 1, 1, 1, 1, 1], 3) 
hit_rate: 0.923076923077 
iteration 62 
([3.5412561201621839, 0.57536963284803844, 3.1287562222135161, 0.17740826576894575, 3.2093875719047729, 2.6168442589544068], [1, 1, 1, 1, 1, 1], 1) 
hit_rate: 1.0 
iteration 63 
([3.5412561201621839, 0.57536963284803844, 3.1287562222135161, 0.97216551775896032, 3.2093875719047729, 2.6168442589544068], [1, 1, 1, 1, 1, 1], 1) 
hit_rate: 1.0 
iteration 64 
([3.5412561201621839, 0.57536963284803844, 3.1287562222135161, 0.55940245290572022, 3.2093875719047729, 2.6168442589544068], [1, 1, 1, 1, 1, 1], 1) 
hit_rate: 1.0 
iteration 65 
([3.5412561201621839, 0.57536963284803844, 2.6832071759576976, 0.55940245290572022, 3.2093875719047729, 2.6168442589544068], [1, 1, 1, 1, 1, 1], 1) 
hit_rate: 1.0 
iteration 66 
([3.5412561201621839, 0.57536963284803844, 2.6832071759576976, 0.42411919608602111, 3.2093875719047729, 2.6168442589544068], [1, 1, 1, 1, 1, 1], 1) 
hit_rate: 1.0 
iteration 67 
([3.5412561201621839, 0.57536963284803844, 2.6832071759576976, 0.42411919608602111, 2.9253290925255788, 2.6168442589544068], [1, 1, 1, 1, 1, 1], 1) 
hit_rate: 1.0 
iteration 68 
([3.5412561201621839, 0.61238989659773568, 2.6832071759576976, 0.42411919608602111, 2.9253290925255788, 2.6168442589544068], [1, 1, 1, 1, 1, 1], 1) 
hit_rate: 1.0 
iteration 69 
([3.5412561201621839, 0.66030573472576903, 2.6832071759576976, 0.42411919608602111, 2.9253290925255788, 2.6168442589544068], [1, 1, 1, 1, 1, 1], 1) 
hit_rate: 1.0 
iteration 70 
([3.5412561201621839, 0.66030573472576903, 2.3153814174809253, 0.42411919608602111, 2.9253290925255788, 2.6168442589544068], [1, 1, 1, 1, 1, 1], 1) 
hit_rate: 1.0 
iteration 71 
([3.5412561201621839, 0.66030573472576903, 2.3153814174809253, -0.14970073695016417, 2.9253290925255788, 2.6168442589544068], [1, 1, 1, 1, 1, 1], 1) 
hit_rate: 1.0 
iteration 72 
([3.5412561201621839, 0.66030573472576903, 2.3153814174809253, -0.14970073695016417, 2.6916981066529835, 2.6168442589544068], [1, 1, 1, 1, 1, 1], 3) 
hit_rate: 0.923076923077 
iteration 73 
([3.5412561201621839, 0.66030573472576903, 3.0667966014799859, -0.14970073695016417, 2.6916981066529835, 2.6168442589544068], [1, 1, 1, 1, 1, 1], 1) 
hit_rate: 1.0 
iteration 74 
([3.5412561201621839, 0.66030573472576903, 3.0667966014799859, -0.14970073695016417, 3.1478701380616223, 2.6168442589544068], [1, 1, 1, 1, 1, 1], 1) 
hit_rate: 1.0 
iteration 75 
([3.5412561201621839, 0.66030573472576903, 2.2337551870862757, -0.14970073695016417, 3.1478701380616223, 2.6168442589544068], [1, 1, 1, 1, 1, 1], 1) 
hit_rate: 1.0 
iteration 76 
([3.5412561201621839, 0.66030573472576903, 2.2337551870862757, -0.35920024742583845, 3.1478701380616223, 2.6168442589544068], [1, 1, 1, 1, 1, 1], 1) 
hit_rate: 1.0 
iteration 77 
([3.5412561201621839, 0.66030573472576903, 2.2337551870862757, -0.046363807397084678, 3.1478701380616223, 2.6168442589544068], [1, 1, 1, 1, 1, 1], 1) 
hit_rate: 1.0 
iteration 78 
([3.5412561201621839, 0.66030573472576903, 2.2337551870862757, -0.046363807397084678, 2.990018902745875, 2.6168442589544068], [1, 1, 1, 1, 1, 1], 1) 
hit_rate: 1.0 
iteration 79 
([3.5412561201621839, 0.72440907095105112, 2.2337551870862757, -0.046363807397084678, 2.990018902745875, 2.6168442589544068], [1, 1, 1, 1, 1, 1], 1) 
hit_rate: 1.0 
iteration 80 
([3.5412561201621839, 0.72440907095105112, 2.2337551870862757, -0.93580741528279798, 2.990018902745875, 2.6168442589544068], [1, 1, 1, 1, 1, 1], 1) 
hit_rate: 1.0 
iteration 81 
([3.5412561201621839, 0.72440907095105112, 2.2337551870862757, -0.71461417261466975, 2.990018902745875, 2.6168442589544068], [1, 1, 1, 1, 1, 1], 1) 
hit_rate: 1.0 
iteration 82 
([3.5412561201621839, 0.72440907095105112, 1.768373961317613, -0.71461417261466975, 2.990018902745875, 2.6168442589544068], [1, 1, 1, 1, 1, 1], 1) 
hit_rate: 1.0 
iteration 83 
([3.5412561201621839, 0.72440907095105112, 1.8293001350081104, -0.71461417261466975, 2.990018902745875, 2.6168442589544068], [1, 1, 1, 1, 1, 1], 1) 
hit_rate: 1.0 
iteration 84 
([3.5412561201621839, 0.72440907095105112, 1.8293001350081104, 0.16368276524389036, 2.990018902745875, 2.6168442589544068], [1, 1, 1, 1, 1, 1], 1) 
hit_rate: 1.0 
iteration 85 
([3.5412561201621839, 0.72440907095105112, 1.8293001350081104, -0.44392505867150134, 2.990018902745875, 2.6168442589544068], [1, 1, 1, 1, 1, 1], 1) 
hit_rate: 1.0 
iteration 86 
([3.5412561201621839, 0.72440907095105112, 1.8293001350081104, -0.44392505867150134, 2.990018902745875, 2.7811328502705193], [1, 1, 1, 1, 1, 1], 1) 
hit_rate: 1.0 
iteration 87 
([3.5412561201621839, 1.0307434475478321, 1.8293001350081104, -0.44392505867150134, 2.990018902745875, 2.7811328502705193], [1, 1, 1, 1, 1, 1], 1) 
hit_rate: 1.0 
iteration 88 
([3.5412561201621839, 1.0307434475478321, 1.8293001350081104, 0.33962865154010013, 2.990018902745875, 2.7811328502705193], [1, 1, 1, 1, 1, 1], 1) 
hit_rate: 1.0 
iteration 89 
([3.5412561201621839, 0.70499343180167484, 1.8293001350081104, 0.33962865154010013, 2.990018902745875, 2.7811328502705193], [1, 1, 1, 1, 1, 1], 1) 
hit_rate: 1.0 
iteration 90 
([3.5412561201621839, 0.70499343180167484, 1.6417342364480931, 0.33962865154010013, 2.990018902745875, 2.7811328502705193], [1, 1, 1, 1, 1, 1], 1) 
hit_rate: 1.0 
iteration 91 
([3.5412561201621839, 0.70499343180167484, 1.6417342364480931, 0.33962865154010013, 2.990018902745875, 3.0548204536489623], [1, 1, 1, 1, 1, 1], 1) 
hit_rate: 1.0 
iteration 92 
([3.5412561201621839, 0.70499343180167484, 1.6417342364480931, 0.33962865154010013, 3.8002573946338032, 3.0548204536489623], [1, 1, 1, 1, 1, 1], 1) 
hit_rate: 1.0 
iteration 93 
([3.5412561201621839, 0.70499343180167484, 1.6417342364480931, 0.33962865154010013, 3.8002573946338032, 3.0548204536489623], [1, 1, 1, 0, 1, 1], 1) 
hit_rate: 1.0 
iteration 94 
([3.5412561201621839, 0.70499343180167484, 1.5915874677957798, 0.33962865154010013, 3.8002573946338032, 3.0548204536489623], [1, 1, 1, 0, 1, 1], 1) 
hit_rate: 1.0 
iteration 95 
([3.5412561201621839, 0.70499343180167484, 1.5915874677957798, 0.10051399669818339, 3.8002573946338032, 3.0548204536489623], [1, 1, 1, 0, 1, 1], 1) 
hit_rate: 1.0 
iteration 96 
([3.5412561201621839, 0.70499343180167484, 1.4474009660873051, 0.10051399669818339, 3.8002573946338032, 3.0548204536489623], [1, 1, 1, 0, 1, 1], 1) 
hit_rate: 1.0 
iteration 97 
([2.8129534211525891, 0.70499343180167484, 1.4474009660873051, 0.10051399669818339, 3.8002573946338032, 3.0548204536489623], [1, 1, 1, 0, 1, 1], 1) 
hit_rate: 1.0 
iteration 98 
([2.8129534211525891, 0.94667857007724066, 1.4474009660873051, 0.10051399669818339, 3.8002573946338032, 3.0548204536489623], [1, 1, 1, 0, 1, 1], 1) 
hit_rate: 1.0 
iteration 99 
([2.8129534211525891, 0.94667857007724066, 1.4474009660873051, 0.10051399669818339, 3.8002573946338032, 3.1086906019992866], [1, 1, 1, 0, 1, 1], 1) 
hit_rate: 1.0 
best solution: ([2.8129534211525891, 0.94667857007724066, 1.4474009660873051, 0.10051399669818339, 3.8002573946338032, 3.1086906019992866], [1, 1, 1, 0, 1, 1], 1)
Hits for the best solution: 1.0
TS Spent time: 232.918554068
k-NN Spent time: 0.0921499729156
