iteration 0 
([1.0, 1.0, 1.0, 1.0, 1.0, 1.0], [0, 1, 1, 1, 1, 1], 3) 
hit_rate: 0.541666666667 
iteration 1 
([1.0, 1.8179475266551275, 1.0, 1.0, 1.0, 1.0], [0, 1, 1, 1, 1, 1], 9) 
hit_rate: 0.625 
iteration 2 
([1.0, 2.5417794836828809, 1.0, 1.0, 1.0, 1.0], [0, 1, 1, 1, 1, 1], 3) 
hit_rate: 0.666666666667 
iteration 3 
([1.0, 2.5417794836828809, 1.0, 1.0, 1.0, 0.39545743643803455], [0, 1, 1, 1, 1, 1], 5) 
hit_rate: 0.625 
iteration 4 
([1.0, 2.5417794836828809, 1.0, 1.0, 0.66865875014261533, 0.39545743643803455], [0, 1, 1, 1, 1, 1], 1) 
hit_rate: 0.708333333333 
iteration 5 
([1.0, 2.5417794836828809, 1.0, 1.0, 0.66865875014261533, 0.39545743643803455], [0, 1, 1, 1, 0, 1], 2) 
hit_rate: 0.75 
iteration 6 
([1.0, 2.5417794836828809, 1.0, 1.0, -0.27231712139488584, 0.39545743643803455], [0, 1, 1, 1, 0, 1], 5) 
hit_rate: 0.666666666667 
iteration 7 
([1.0, 3.2515051352446833, 1.0, 1.0, -0.27231712139488584, 0.39545743643803455], [0, 1, 1, 1, 0, 1], 5) 
hit_rate: 0.666666666667 
iteration 8 
([1.0, 3.2515051352446833, 1.0, 1.0, -0.27231712139488584, 0.39545743643803455], [0, 1, 1, 1, 1, 1], 3) 
hit_rate: 0.708333333333 
iteration 9 
([1.0, 2.9052379709122049, 1.0, 1.0, -0.27231712139488584, 0.39545743643803455], [0, 1, 1, 1, 1, 1], 3) 
hit_rate: 0.75 
iteration 10 
([1.0, 2.9052379709122049, 1.0, 1.0, 0.71432777726026386, 0.39545743643803455], [0, 1, 1, 1, 1, 1], 3) 
hit_rate: 0.75 
iteration 11 
([1.0725577683852281, 2.9052379709122049, 1.0, 1.0, 0.71432777726026386, 0.39545743643803455], [0, 1, 1, 1, 1, 1], 3) 
hit_rate: 0.75 
iteration 12 
([1.0725577683852281, 2.9052379709122049, 1.0542927410826624, 1.0, 0.71432777726026386, 0.39545743643803455], [0, 1, 1, 1, 1, 1], 3) 
hit_rate: 0.75 
iteration 13 
([0.13849342348394522, 2.9052379709122049, 1.0542927410826624, 1.0, 0.71432777726026386, 0.39545743643803455], [0, 1, 1, 1, 1, 1], 3) 
hit_rate: 0.75 
iteration 14 
([-0.80267492381366989, 2.9052379709122049, 1.0542927410826624, 1.0, 0.71432777726026386, 0.39545743643803455], [0, 1, 1, 1, 1, 1], 3) 
hit_rate: 0.75 
iteration 15 
([-0.80267492381366989, 2.9052379709122049, 1.2215894842263626, 1.0, 0.71432777726026386, 0.39545743643803455], [0, 1, 1, 1, 1, 1], 3) 
hit_rate: 0.75 
iteration 16 
([-0.80267492381366989, 2.9052379709122049, 1.1318507854052613, 1.0, 0.71432777726026386, 0.39545743643803455], [0, 1, 1, 1, 1, 1], 3) 
hit_rate: 0.75 
iteration 17 
([-0.85755055812320147, 2.9052379709122049, 1.1318507854052613, 1.0, 0.71432777726026386, 0.39545743643803455], [0, 1, 1, 1, 1, 1], 3) 
hit_rate: 0.75 
iteration 18 
([-0.85755055812320147, 3.5697874053868421, 1.1318507854052613, 1.0, 0.71432777726026386, 0.39545743643803455], [0, 1, 1, 1, 1, 1], 3) 
hit_rate: 0.75 
iteration 19 
([-1.4633258324618883, 3.5697874053868421, 1.1318507854052613, 1.0, 0.71432777726026386, 0.39545743643803455], [0, 1, 1, 1, 1, 1], 3) 
hit_rate: 0.75 
iteration 20 
([-0.48698137173941736, 3.5697874053868421, 1.1318507854052613, 1.0, 0.71432777726026386, 0.39545743643803455], [0, 1, 1, 1, 1, 1], 3) 
hit_rate: 0.75 
iteration 21 
([-0.48698137173941736, 3.5697874053868421, 0.96768165980366527, 1.0, 0.71432777726026386, 0.39545743643803455], [0, 1, 1, 1, 1, 1], 3) 
hit_rate: 0.708333333333 
iteration 22 
([-0.48698137173941736, 3.5697874053868421, 0.96768165980366527, 1.0, 0.71432777726026386, 0.42510803955335064], [0, 1, 1, 1, 1, 1], 3) 
hit_rate: 0.708333333333 
iteration 23 
([-0.48698137173941736, 3.5697874053868421, 0.96768165980366527, 1.0, -0.11115636177629007, 0.42510803955335064], [0, 1, 1, 1, 1, 1], 3) 
hit_rate: 0.708333333333 
iteration 24 
([-0.48698137173941736, 3.5697874053868421, 0.96768165980366527, 1.0, -0.79796775310924395, 0.42510803955335064], [0, 1, 1, 1, 1, 1], 3) 
hit_rate: 0.75 
iteration 25 
([-0.48698137173941736, 3.1424313242588111, 0.96768165980366527, 1.0, -0.79796775310924395, 0.42510803955335064], [0, 1, 1, 1, 1, 1], 3) 
hit_rate: 0.75 
iteration 26 
([0.41206492842540055, 3.1424313242588111, 0.96768165980366527, 1.0, -0.79796775310924395, 0.42510803955335064], [0, 1, 1, 1, 1, 1], 3) 
hit_rate: 0.75 
iteration 27 
([0.41206492842540055, 3.1424313242588111, 0.96768165980366527, 1.0, -0.79796775310924395, 0.35027109302011405], [0, 1, 1, 1, 1, 1], 3) 
hit_rate: 0.708333333333 
iteration 28 
([0.41206492842540055, 3.5180957950485574, 0.96768165980366527, 1.0, -0.79796775310924395, 0.35027109302011405], [0, 1, 1, 1, 1, 1], 3) 
hit_rate: 0.75 
iteration 29 
([-0.27047127031970208, 3.5180957950485574, 0.96768165980366527, 1.0, -0.79796775310924395, 0.35027109302011405], [0, 1, 1, 1, 1, 1], 3) 
hit_rate: 0.75 
iteration 30 
([-0.27047127031970208, 3.6575493870736224, 0.96768165980366527, 1.0, -0.79796775310924395, 0.35027109302011405], [0, 1, 1, 1, 1, 1], 3) 
hit_rate: 0.75 
iteration 31 
([-0.56515805113352346, 3.6575493870736224, 0.96768165980366527, 1.0, -0.79796775310924395, 0.35027109302011405], [0, 1, 1, 1, 1, 1], 3) 
hit_rate: 0.75 
iteration 32 
([-0.56515805113352346, 3.6575493870736224, 0.68066473233578062, 1.0, -0.79796775310924395, 0.35027109302011405], [0, 1, 1, 1, 1, 1], 3) 
hit_rate: 0.666666666667 
iteration 33 
([-0.56515805113352346, 3.6575493870736224, 0.68066473233578062, 1.0, -0.79796775310924395, 0.35027109302011405], [0, 1, 1, 1, 0, 1], 2) 
hit_rate: 0.75 
iteration 34 
([-0.56515805113352346, 3.6575493870736224, 0.68066473233578062, 1.0, -0.79796775310924395, 0.35027109302011405], [0, 1, 1, 1, 1, 1], 2) 
hit_rate: 0.666666666667 
iteration 35 
([0.055820583861839079, 3.6575493870736224, 0.68066473233578062, 1.0, -0.79796775310924395, 0.35027109302011405], [0, 1, 1, 1, 1, 1], 3) 
hit_rate: 0.666666666667 
iteration 36 
([0.055820583861839079, 3.6575493870736224, 0.9512384964680678, 1.0, -0.79796775310924395, 0.35027109302011405], [0, 1, 1, 1, 1, 1], 1) 
hit_rate: 0.666666666667 
iteration 37 
([0.055820583861839079, 3.6781912102927468, 0.9512384964680678, 1.0, -0.79796775310924395, 0.35027109302011405], [0, 1, 1, 1, 1, 1], 1) 
hit_rate: 0.666666666667 
iteration 38 
([0.1780546755295509, 3.6781912102927468, 0.9512384964680678, 1.0, -0.79796775310924395, 0.35027109302011405], [0, 1, 1, 1, 1, 1], 3) 
hit_rate: 0.708333333333 
iteration 39 
([0.1780546755295509, 3.8453955395531754, 0.9512384964680678, 1.0, -0.79796775310924395, 0.35027109302011405], [0, 1, 1, 1, 1, 1], 3) 
hit_rate: 0.708333333333 
iteration 40 
([-0.68795715296452631, 3.8453955395531754, 0.9512384964680678, 1.0, -0.79796775310924395, 0.35027109302011405], [0, 1, 1, 1, 1, 1], 3) 
hit_rate: 0.708333333333 
iteration 41 
([-0.68795715296452631, 3.8453955395531754, 1.8997823927350896, 1.0, -0.79796775310924395, 0.35027109302011405], [0, 1, 1, 1, 1, 1], 1) 
hit_rate: 0.708333333333 
iteration 42 
([-0.68795715296452631, 3.8453955395531754, 2.2328450999932823, 1.0, -0.79796775310924395, 0.35027109302011405], [0, 1, 1, 1, 1, 1], 1) 
hit_rate: 0.708333333333 
iteration 43 
([-0.22204435692424163, 3.8453955395531754, 2.2328450999932823, 1.0, -0.79796775310924395, 0.35027109302011405], [0, 1, 1, 1, 1, 1], 1) 
hit_rate: 0.708333333333 
iteration 44 
([-0.22204435692424163, 3.8453955395531754, 2.2328450999932823, 1.0, -0.79796775310924395, 1.0360117882442457], [0, 1, 1, 1, 1, 1], 5) 
hit_rate: 0.666666666667 
iteration 45 
([-0.22204435692424163, 3.8453955395531754, 2.2328450999932823, 1.0, -1.5896060762919815, 1.0360117882442457], [0, 1, 1, 1, 1, 1], 5) 
hit_rate: 0.75 
iteration 46 
([0.50140626813431344, 3.8453955395531754, 2.2328450999932823, 1.0, -1.5896060762919815, 1.0360117882442457], [0, 1, 1, 1, 1, 1], 5) 
hit_rate: 0.75 
iteration 47 
([0.50140626813431344, 3.0174536048888054, 2.2328450999932823, 1.0, -1.5896060762919815, 1.0360117882442457], [0, 1, 1, 1, 1, 1], 7) 
hit_rate: 0.75 
iteration 48 
([0.50140626813431344, 2.1904026324010286, 2.2328450999932823, 1.0, -1.5896060762919815, 1.0360117882442457], [0, 1, 1, 1, 1, 1], 7) 
hit_rate: 0.708333333333 
iteration 49 
([0.50140626813431344, 2.7624326319569139, 2.2328450999932823, 1.0, -1.5896060762919815, 1.0360117882442457], [0, 1, 1, 1, 1, 1], 7) 
hit_rate: 0.708333333333 
iteration 50 
([0.50140626813431344, 2.7624326319569139, 2.2328450999932823, 1.0, -1.5896060762919815, 1.5306168774385489], [0, 1, 1, 1, 1, 1], 7) 
hit_rate: 0.75 
iteration 51 
([0.80667709701172985, 2.7624326319569139, 2.2328450999932823, 1.0, -1.5896060762919815, 1.5306168774385489], [0, 1, 1, 1, 1, 1], 7) 
hit_rate: 0.75 
iteration 52 
([-0.076962664330087804, 2.7624326319569139, 2.2328450999932823, 1.0, -1.5896060762919815, 1.5306168774385489], [0, 1, 1, 1, 1, 1], 7) 
hit_rate: 0.75 
iteration 53 
([-0.076962664330087804, 2.7624326319569139, 2.2328450999932823, 0.8671890387219896, -1.5896060762919815, 1.5306168774385489], [0, 1, 1, 1, 1, 1], 7) 
hit_rate: 0.708333333333 
iteration 54 
([-0.076962664330087804, 2.7624326319569139, 2.4897632669433589, 0.8671890387219896, -1.5896060762919815, 1.5306168774385489], [0, 1, 1, 1, 1, 1], 9) 
hit_rate: 0.708333333333 
iteration 55 
([-0.073548020791547764, 2.7624326319569139, 2.4897632669433589, 0.8671890387219896, -1.5896060762919815, 1.5306168774385489], [0, 1, 1, 1, 1, 1], 7) 
hit_rate: 0.708333333333 
iteration 56 
([-0.073548020791547764, 2.7624326319569139, 2.4897632669433589, 0.8671890387219896, -1.5896060762919815, 0.80012225111446167], [0, 1, 1, 1, 1, 1], 1) 
hit_rate: 0.791666666667 
iteration 57 
([-0.073548020791547764, 2.7624326319569139, 2.4719454234340823, 0.8671890387219896, -1.5896060762919815, 0.80012225111446167], [0, 1, 1, 1, 1, 1], 1) 
hit_rate: 0.791666666667 
iteration 58 
([-0.073548020791547764, 2.7624326319569139, 2.7241211750752177, 0.8671890387219896, -1.5896060762919815, 0.80012225111446167], [0, 1, 1, 1, 1, 1], 1) 
hit_rate: 0.75 
iteration 59 
([-0.073548020791547764, 2.7624326319569139, 2.7241211750752177, 0.8671890387219896, -1.5896060762919815, 0.87624931689487018], [0, 1, 1, 1, 1, 1], 1) 
hit_rate: 0.75 
iteration 60 
([-0.073548020791547764, 2.7624326319569139, 2.7241211750752177, 0.8911419404618599, -1.5896060762919815, 0.87624931689487018], [0, 1, 1, 1, 1, 1], 1) 
hit_rate: 0.75 
iteration 61 
([-0.073548020791547764, 2.7624326319569139, 2.7288498782346684, 0.8911419404618599, -1.5896060762919815, 0.87624931689487018], [0, 1, 1, 1, 1, 1], 1) 
hit_rate: 0.75 
iteration 62 
([-0.073548020791547764, 2.7624326319569139, 2.7288498782346684, 0.8911419404618599, -2.3136291147448871, 0.87624931689487018], [0, 1, 1, 1, 1, 1], 1) 
hit_rate: 0.708333333333 
iteration 63 
([-0.073548020791547764, 2.7624326319569139, 2.5626244491593368, 0.8911419404618599, -2.3136291147448871, 0.87624931689487018], [0, 1, 1, 1, 1, 1], 1) 
hit_rate: 0.708333333333 
iteration 64 
([-0.073548020791547764, 2.7624326319569139, 2.9057666103339947, 0.8911419404618599, -2.3136291147448871, 0.87624931689487018], [0, 1, 1, 1, 1, 1], 1) 
hit_rate: 0.708333333333 
iteration 65 
([-0.073548020791547764, 2.7624326319569139, 2.9057666103339947, 0.8911419404618599, -2.3136291147448871, 0.87624931689487018], [1, 1, 1, 1, 1, 1], 1) 
hit_rate: 0.708333333333 
iteration 66 
([-0.073548020791547764, 3.4643954371324117, 2.9057666103339947, 0.8911419404618599, -2.3136291147448871, 0.87624931689487018], [1, 1, 1, 1, 1, 1], 1) 
hit_rate: 0.666666666667 
iteration 67 
([-0.073548020791547764, 3.4643954371324117, 2.9057666103339947, 0.6303689834502948, -2.3136291147448871, 0.87624931689487018], [1, 1, 1, 1, 1, 1], 9) 
hit_rate: 0.708333333333 
iteration 68 
([-0.073548020791547764, 3.4643954371324117, 2.9057666103339947, 0.6303689834502948, -2.3136291147448871, 0.87624931689487018], [1, 1, 1, 1, 1, 0], 1) 
hit_rate: 0.75 
iteration 69 
([-0.57096482459497189, 3.4643954371324117, 2.9057666103339947, 0.6303689834502948, -2.3136291147448871, 0.87624931689487018], [1, 1, 1, 1, 1, 0], 1) 
hit_rate: 0.75 
iteration 70 
([-0.57096482459497189, 3.4643954371324117, 3.8160408760642133, 0.6303689834502948, -2.3136291147448871, 0.87624931689487018], [1, 1, 1, 1, 1, 0], 1) 
hit_rate: 0.791666666667 
iteration 71 
([-0.57096482459497189, 3.6937588089239179, 3.8160408760642133, 0.6303689834502948, -2.3136291147448871, 0.87624931689487018], [1, 1, 1, 1, 1, 0], 1) 
hit_rate: 0.791666666667 
iteration 72 
([-0.57096482459497189, 3.6937588089239179, 3.8160408760642133, 0.6303689834502948, -2.3136291147448871, 1.2136153086249097], [1, 1, 1, 1, 1, 0], 1) 
hit_rate: 0.791666666667 
iteration 73 
([-0.57096482459497189, 3.6937588089239179, 3.8160408760642133, 0.6303689834502948, -2.3136291147448871, 0.99994982246179287], [1, 1, 1, 1, 1, 0], 1) 
hit_rate: 0.791666666667 
iteration 74 
([-0.57096482459497189, 3.4677622125080148, 3.8160408760642133, 0.6303689834502948, -2.3136291147448871, 0.99994982246179287], [1, 1, 1, 1, 1, 0], 1) 
hit_rate: 0.791666666667 
iteration 75 
([-0.57096482459497189, 3.4677622125080148, 3.8160408760642133, 0.6303689834502948, -2.3136291147448871, 1.7876755788288956], [1, 1, 1, 1, 1, 0], 1) 
hit_rate: 0.791666666667 
iteration 76 
([-0.57096482459497189, 3.4677622125080148, 3.8160408760642133, 0.6303689834502948, -2.3136291147448871, 1.7502551705807372], [1, 1, 1, 1, 1, 0], 1) 
hit_rate: 0.791666666667 
iteration 77 
([-0.57096482459497189, 3.4677622125080148, 3.603723172880116, 0.6303689834502948, -2.3136291147448871, 1.7502551705807372], [1, 1, 1, 1, 1, 0], 1) 
hit_rate: 0.791666666667 
iteration 78 
([-0.65279370639107603, 3.4677622125080148, 3.603723172880116, 0.6303689834502948, -2.3136291147448871, 1.7502551705807372], [1, 1, 1, 1, 1, 0], 1) 
hit_rate: 0.791666666667 
iteration 79 
([-0.65279370639107603, 3.4677622125080148, 3.603723172880116, 0.6303689834502948, -2.3136291147448871, 1.1855094160796533], [1, 1, 1, 1, 1, 0], 1) 
hit_rate: 0.791666666667 
iteration 80 
([-0.65279370639107603, 3.4677622125080148, 3.603723172880116, 0.6303689834502948, -2.3136291147448871, 1.4515408671792449], [1, 1, 1, 1, 1, 0], 1) 
hit_rate: 0.791666666667 
iteration 81 
([-1.059425406862172, 3.4677622125080148, 3.603723172880116, 0.6303689834502948, -2.3136291147448871, 1.4515408671792449], [1, 1, 1, 1, 1, 0], 1) 
hit_rate: 0.75 
iteration 82 
([-1.059425406862172, 3.4677622125080148, 3.603723172880116, 0.6303689834502948, -2.3136291147448871, 1.5332617175334893], [1, 1, 1, 1, 1, 0], 1) 
hit_rate: 0.75 
iteration 83 
([-1.059425406862172, 3.4677622125080148, 3.603723172880116, 0.6303689834502948, -2.3136291147448871, 1.5367006199387434], [1, 1, 1, 1, 1, 0], 1) 
hit_rate: 0.75 
iteration 84 
([-0.83805233147614366, 3.4677622125080148, 3.603723172880116, 0.6303689834502948, -2.3136291147448871, 1.5367006199387434], [1, 1, 1, 1, 1, 0], 1) 
hit_rate: 0.75 
iteration 85 
([-0.83805233147614366, 3.4677622125080148, 3.603723172880116, 0.97865819304447732, -2.3136291147448871, 1.5367006199387434], [1, 1, 1, 1, 1, 0], 1) 
hit_rate: 0.791666666667 
iteration 86 
([-0.83805233147614366, 3.4677622125080148, 3.603723172880116, 0.97865819304447732, -2.3136291147448871, 1.5249167470453671], [1, 1, 1, 1, 1, 0], 1) 
hit_rate: 0.791666666667 
iteration 87 
([-0.83805233147614366, 3.4677622125080148, 3.9183896000269338, 0.97865819304447732, -2.3136291147448871, 1.5249167470453671], [1, 1, 1, 1, 1, 0], 1) 
hit_rate: 0.791666666667 
iteration 88 
([-0.83805233147614366, 3.4677622125080148, 3.9183896000269338, 0.97865819304447732, -2.3136291147448871, 2.4415081010109425], [1, 1, 1, 1, 1, 0], 1) 
hit_rate: 0.791666666667 
iteration 89 
([-0.83805233147614366, 3.4677622125080148, 3.9183896000269338, 0.96544375002479033, -2.3136291147448871, 2.4415081010109425], [1, 1, 1, 1, 1, 0], 1) 
hit_rate: 0.791666666667 
iteration 90 
([-0.53773973832164712, 3.4677622125080148, 3.9183896000269338, 0.96544375002479033, -2.3136291147448871, 2.4415081010109425], [1, 1, 1, 1, 1, 0], 1) 
hit_rate: 0.791666666667 
iteration 91 
([-0.53773973832164712, 3.4677622125080148, 3.9183896000269338, 0.96544375002479033, -2.3593273065530385, 2.4415081010109425], [1, 1, 1, 1, 1, 0], 1) 
hit_rate: 0.791666666667 
iteration 92 
([-0.53773973832164712, 3.4677622125080148, 3.9183896000269338, 0.96544375002479033, -2.3593273065530385, 2.7596125636946738], [1, 1, 1, 1, 1, 0], 1) 
hit_rate: 0.791666666667 
iteration 93 
([-0.53773973832164712, 3.4677622125080148, 3.61133521530701, 0.96544375002479033, -2.3593273065530385, 2.7596125636946738], [1, 1, 1, 1, 1, 0], 1) 
hit_rate: 0.791666666667 
iteration 94 
([-0.53773973832164712, 3.4677622125080148, 3.61133521530701, 0.96544375002479033, -2.3593273065530385, 2.327812058765879], [1, 1, 1, 1, 1, 0], 1) 
hit_rate: 0.791666666667 
iteration 95 
([-0.53773973832164712, 3.4677622125080148, 3.61133521530701, 0.96544375002479033, -1.4204343563952835, 2.327812058765879], [1, 1, 1, 1, 1, 0], 1) 
hit_rate: 0.791666666667 
iteration 96 
([-0.53773973832164712, 3.6488854178350794, 3.61133521530701, 0.96544375002479033, -1.4204343563952835, 2.327812058765879], [1, 1, 1, 1, 1, 0], 1) 
hit_rate: 0.791666666667 
iteration 97 
([-0.53773973832164712, 3.6488854178350794, 3.61133521530701, 0.96544375002479033, -2.409154758306614, 2.327812058765879], [1, 1, 1, 1, 1, 0], 1) 
hit_rate: 0.791666666667 
iteration 98 
([-0.53773973832164712, 3.6488854178350794, 3.61133521530701, 0.96544375002479033, -2.409154758306614, 2.5508876487142795], [1, 1, 1, 1, 1, 0], 1) 
hit_rate: 0.791666666667 
iteration 99 
([-0.53773973832164712, 3.6488854178350794, 3.61133521530701, 0.96544375002479033, -2.409154758306614, 3.020419959345952], [1, 1, 1, 1, 1, 0], 1) 
hit_rate: 0.791666666667 
best solution: ([-0.53773973832164712, 3.6488854178350794, 3.61133521530701, 0.96544375002479033, -2.409154758306614, 3.020419959345952], [1, 1, 1, 1, 1, 0], 1)
Hits for the best solution: 0.791666666667
TS Spent time: 1428.05076814
k-NN Spent time: 0.624583959579
