iteration 0 
([1.0, 1.0, 1.0, 1.0, 1.0, 1.0], [1, 1, 1, 1, 0, 1], 4) 
hit_rate: 0.592592592593 
iteration 1 
([1.2372909042257305, 1.0, 1.0, 1.0, 1.0, 1.0], [1, 1, 1, 1, 0, 1], 7) 
hit_rate: 0.592592592593 
iteration 2 
([1.2372909042257305, 1.0, 1.1161393649908935, 1.0, 1.0, 1.0], [1, 1, 1, 1, 0, 1], 7) 
hit_rate: 0.592592592593 
iteration 3 
([1.2372909042257305, 1.5754364784014623, 1.1161393649908935, 1.0, 1.0, 1.0], [1, 1, 1, 1, 0, 1], 5) 
hit_rate: 0.592592592593 
iteration 4 
([1.2372909042257305, 1.5754364784014623, 1.2931445511965887, 1.0, 1.0, 1.0], [1, 1, 1, 1, 0, 1], 5) 
hit_rate: 0.555555555556 
iteration 5 
([1.2372909042257305, 1.5754364784014623, 1.2931445511965887, 1.2302941612301843, 1.0, 1.0], [1, 1, 1, 1, 0, 1], 7) 
hit_rate: 0.592592592593 
iteration 6 
([1.3804781052165624, 1.5754364784014623, 1.2931445511965887, 1.2302941612301843, 1.0, 1.0], [1, 1, 1, 1, 0, 1], 7) 
hit_rate: 0.592592592593 
iteration 7 
([1.3804781052165624, 1.5754364784014623, 1.2931445511965887, 1.2320502526626229, 1.0, 1.0], [1, 1, 1, 1, 0, 1], 7) 
hit_rate: 0.592592592593 
iteration 8 
([1.5208520376038184, 1.5754364784014623, 1.2931445511965887, 1.2320502526626229, 1.0, 1.0], [1, 1, 1, 1, 0, 1], 5) 
hit_rate: 0.62962962963 
iteration 9 
([1.5208520376038184, 1.5754364784014623, 1.2798490385981316, 1.2320502526626229, 1.0, 1.0], [1, 1, 1, 1, 0, 1], 5) 
hit_rate: 0.62962962963 
iteration 10 
([1.5208520376038184, 1.5754364784014623, 1.2068840785081849, 1.2320502526626229, 1.0, 1.0], [1, 1, 1, 1, 0, 1], 5) 
hit_rate: 0.62962962963 
iteration 11 
([1.5208520376038184, 1.5754364784014623, 1.2068840785081849, 1.2320502526626229, 1.1382233760792109, 1.0], [1, 1, 1, 1, 0, 1], 5) 
hit_rate: 0.62962962963 
iteration 12 
([1.5208520376038184, 1.5754364784014623, 1.2068840785081849, 1.2320502526626229, 1.3500900297481226, 1.0], [1, 1, 1, 1, 0, 1], 5) 
hit_rate: 0.62962962963 
iteration 13 
([1.5208520376038184, 1.5754364784014623, 1.2068840785081849, 1.2320502526626229, 0.61930360823424535, 1.0], [1, 1, 1, 1, 0, 1], 5) 
hit_rate: 0.62962962963 
iteration 14 
([1.3736112998146399, 1.5754364784014623, 1.2068840785081849, 1.2320502526626229, 0.61930360823424535, 1.0], [1, 1, 1, 1, 0, 1], 7) 
hit_rate: 0.592592592593 
iteration 15 
([1.3736112998146399, 1.5754364784014623, 0.77970454343101392, 1.2320502526626229, 0.61930360823424535, 1.0], [1, 1, 1, 1, 0, 1], 5) 
hit_rate: 0.592592592593 
iteration 16 
([1.3736112998146399, 1.5754364784014623, 0.77970454343101392, 1.2320502526626229, 0.070741270794230982, 1.0], [1, 1, 1, 1, 0, 1], 7) 
hit_rate: 0.592592592593 
iteration 17 
([1.3736112998146399, 1.5754364784014623, 0.77970454343101392, 1.2320502526626229, 0.98475009845933936, 1.0], [1, 1, 1, 1, 0, 1], 5) 
hit_rate: 0.592592592593 
iteration 18 
([1.3736112998146399, 1.5754364784014623, 0.77970454343101392, 1.2320502526626229, 0.66331414022574786, 1.0], [1, 1, 1, 1, 0, 1], 7) 
hit_rate: 0.592592592593 
iteration 19 
([1.3736112998146399, 1.5865109083142466, 0.77970454343101392, 1.2320502526626229, 0.66331414022574786, 1.0], [1, 1, 1, 1, 0, 1], 5) 
hit_rate: 0.592592592593 
iteration 20 
([1.3736112998146399, 1.5865109083142466, 0.77970454343101392, 1.2320502526626229, 1.5928659006984365, 1.0], [1, 1, 1, 1, 0, 1], 5) 
hit_rate: 0.592592592593 
iteration 21 
([1.3736112998146399, 1.5865109083142466, 0.77970454343101392, 1.2320502526626229, 0.72005185613948908, 1.0], [1, 1, 1, 1, 0, 1], 7) 
hit_rate: 0.592592592593 
iteration 22 
([1.084095895060281, 1.5865109083142466, 0.77970454343101392, 1.2320502526626229, 0.72005185613948908, 1.0], [1, 1, 1, 1, 0, 1], 5) 
hit_rate: 0.62962962963 
iteration 23 
([1.084095895060281, 1.5865109083142466, 0.77970454343101392, 1.2320502526626229, -0.13856229155303823, 1.0], [1, 1, 1, 1, 0, 1], 5) 
hit_rate: 0.62962962963 
iteration 24 
([1.084095895060281, 1.5865109083142466, 0.77970454343101392, 1.2320502526626229, -0.50096838481300154, 1.0], [1, 1, 1, 1, 0, 1], 5) 
hit_rate: 0.62962962963 
iteration 25 
([1.084095895060281, 1.5865109083142466, 0.77970454343101392, 1.2320502526626229, -0.6998367701763184, 1.0], [1, 1, 1, 1, 0, 1], 5) 
hit_rate: 0.62962962963 
iteration 26 
([1.084095895060281, 1.5865109083142466, 0.77970454343101392, 1.1187823627563487, -0.6998367701763184, 1.0], [1, 1, 1, 1, 0, 1], 5) 
hit_rate: 0.62962962963 
iteration 27 
([1.084095895060281, 1.5865109083142466, 0.77970454343101392, 1.1187823627563487, -0.085887809672686499, 1.0], [1, 1, 1, 1, 0, 1], 5) 
hit_rate: 0.62962962963 
iteration 28 
([1.084095895060281, 1.5865109083142466, 0.77970454343101392, 1.1187823627563487, -0.085887809672686499, 0.91028846019204246], [1, 1, 1, 1, 0, 1], 7) 
hit_rate: 0.592592592593 
iteration 29 
([1.084095895060281, 1.5865109083142466, 0.77970454343101392, 1.1187823627563487, 0.22936052725562805, 0.91028846019204246], [1, 1, 1, 1, 0, 1], 5) 
hit_rate: 0.592592592593 
iteration 30 
([1.084095895060281, 1.6205484327395581, 0.77970454343101392, 1.1187823627563487, 0.22936052725562805, 0.91028846019204246], [1, 1, 1, 1, 0, 1], 5) 
hit_rate: 0.592592592593 
iteration 31 
([1.084095895060281, 1.6205484327395581, 0.9875716611379215, 1.1187823627563487, 0.22936052725562805, 0.91028846019204246], [1, 1, 1, 1, 0, 1], 7) 
hit_rate: 0.592592592593 
iteration 32 
([1.084095895060281, 0.64656088309906101, 0.9875716611379215, 1.1187823627563487, 0.22936052725562805, 0.91028846019204246], [1, 1, 1, 1, 0, 1], 5) 
hit_rate: 0.592592592593 
iteration 33 
([1.084095895060281, 0.64656088309906101, 1.773517822220025, 1.1187823627563487, 0.22936052725562805, 0.91028846019204246], [1, 1, 1, 1, 0, 1], 7) 
hit_rate: 0.592592592593 
iteration 34 
([1.084095895060281, 0.64656088309906101, 2.5440848550191788, 1.1187823627563487, 0.22936052725562805, 0.91028846019204246], [1, 1, 1, 1, 0, 1], 7) 
hit_rate: 0.62962962963 
iteration 35 
([1.084095895060281, 0.64656088309906101, 2.5440848550191788, 1.1187823627563487, 0.71911444298238014, 0.91028846019204246], [1, 1, 1, 1, 0, 1], 7) 
hit_rate: 0.62962962963 
iteration 36 
([1.084095895060281, 0.64656088309906101, 2.5440848550191788, 1.7228711581624687, 0.71911444298238014, 0.91028846019204246], [1, 1, 1, 1, 0, 1], 7) 
hit_rate: 0.62962962963 
iteration 37 
([1.084095895060281, 0.64656088309906101, 2.5440848550191788, 1.7228711581624687, 1.0006691608642215, 0.91028846019204246], [1, 1, 1, 1, 0, 1], 7) 
hit_rate: 0.62962962963 
iteration 38 
([1.084095895060281, 0.64656088309906101, 2.5440848550191788, 1.7331099860989756, 1.0006691608642215, 0.91028846019204246], [1, 1, 1, 1, 0, 1], 7) 
hit_rate: 0.62962962963 
iteration 39 
([1.084095895060281, 0.64656088309906101, 2.5440848550191788, 1.6274067736936491, 1.0006691608642215, 0.91028846019204246], [1, 1, 1, 1, 0, 1], 7) 
hit_rate: 0.666666666667 
iteration 40 
([1.084095895060281, 0.64656088309906101, 2.5440848550191788, 1.6274067736936491, 1.1155153085413092, 0.91028846019204246], [1, 1, 1, 1, 0, 1], 7) 
hit_rate: 0.666666666667 
iteration 41 
([1.084095895060281, 0.64656088309906101, 2.5440848550191788, 1.6274067736936491, 1.5053730505860898, 0.91028846019204246], [1, 1, 1, 1, 0, 1], 7) 
hit_rate: 0.666666666667 
iteration 42 
([1.084095895060281, 0.64656088309906101, 2.93272684788933, 1.6274067736936491, 1.5053730505860898, 0.91028846019204246], [1, 1, 1, 1, 0, 1], 7) 
hit_rate: 0.62962962963 
iteration 43 
([1.084095895060281, 0.64656088309906101, 2.93272684788933, 1.6274067736936491, 1.5053730505860898, 0.62891522325335814], [1, 1, 1, 1, 0, 1], 9) 
hit_rate: 0.666666666667 
iteration 44 
([1.084095895060281, 0.64656088309906101, 2.93272684788933, 2.1363476693467245, 1.5053730505860898, 0.62891522325335814], [1, 1, 1, 1, 0, 1], 9) 
hit_rate: 0.62962962963 
iteration 45 
([1.084095895060281, 0.64656088309906101, 2.93272684788933, 3.089471336035774, 1.5053730505860898, 0.62891522325335814], [1, 1, 1, 1, 0, 1], 9) 
hit_rate: 0.666666666667 
iteration 46 
([1.084095895060281, 0.64656088309906101, 2.93272684788933, 3.4428429597874812, 1.5053730505860898, 0.62891522325335814], [1, 1, 1, 1, 0, 1], 9) 
hit_rate: 0.666666666667 
iteration 47 
([0.81375178263766634, 0.64656088309906101, 2.93272684788933, 3.4428429597874812, 1.5053730505860898, 0.62891522325335814], [1, 1, 1, 1, 0, 1], 9) 
hit_rate: 0.703703703704 
iteration 48 
([0.81375178263766634, 0.64656088309906101, 2.93272684788933, 3.4428429597874812, 2.1892353701753398, 0.62891522325335814], [1, 1, 1, 1, 0, 1], 9) 
hit_rate: 0.703703703704 
iteration 49 
([0.81375178263766634, 0.93081305765204303, 2.93272684788933, 3.4428429597874812, 2.1892353701753398, 0.62891522325335814], [1, 1, 1, 1, 0, 1], 9) 
hit_rate: 0.703703703704 
iteration 50 
([0.81375178263766634, 0.93081305765204303, 2.93272684788933, 3.4428429597874812, 1.523649060819914, 0.62891522325335814], [1, 1, 1, 1, 0, 1], 9) 
hit_rate: 0.703703703704 
iteration 51 
([0.81375178263766634, 0.93081305765204303, 2.93272684788933, 3.4428429597874812, 1.0139751332970086, 0.62891522325335814], [1, 1, 1, 1, 0, 1], 9) 
hit_rate: 0.703703703704 
iteration 52 
([0.81375178263766634, 0.93081305765204303, 2.93272684788933, 3.4428429597874812, 0.4596770968038506, 0.62891522325335814], [1, 1, 1, 1, 0, 1], 9) 
hit_rate: 0.703703703704 
iteration 53 
([0.81375178263766634, 0.93081305765204303, 2.93272684788933, 3.4428429597874812, 1.339629750905045, 0.62891522325335814], [1, 1, 1, 1, 0, 1], 9) 
hit_rate: 0.703703703704 
iteration 54 
([0.81375178263766634, 0.93081305765204303, 2.93272684788933, 3.9440310789682091, 1.339629750905045, 0.62891522325335814], [1, 1, 1, 1, 0, 1], 7) 
hit_rate: 0.62962962963 
iteration 55 
([0.81375178263766634, 0.93081305765204303, 2.93272684788933, 3.7698704357146671, 1.339629750905045, 0.62891522325335814], [1, 1, 1, 1, 0, 1], 9) 
hit_rate: 0.703703703704 
iteration 56 
([0.81375178263766634, 0.93081305765204303, 2.93272684788933, 3.7698704357146671, 2.3313072004000159, 0.62891522325335814], [1, 1, 1, 1, 0, 1], 9) 
hit_rate: 0.703703703704 
iteration 57 
([0.81375178263766634, 0.93081305765204303, 3.2538988186567397, 3.7698704357146671, 2.3313072004000159, 0.62891522325335814], [1, 1, 1, 1, 0, 1], 9) 
hit_rate: 0.703703703704 
iteration 58 
([0.81375178263766634, 0.93081305765204303, 3.2538988186567397, 3.7698704357146671, 1.9627854292174616, 0.62891522325335814], [1, 1, 1, 1, 0, 1], 9) 
hit_rate: 0.703703703704 
iteration 59 
([0.81375178263766634, 0.7687994136622005, 3.2538988186567397, 3.7698704357146671, 1.9627854292174616, 0.62891522325335814], [1, 1, 1, 1, 0, 1], 9) 
hit_rate: 0.703703703704 
iteration 60 
([0.81375178263766634, 0.7687994136622005, 3.2538988186567397, 3.7698704357146671, 1.9627854292174616, 0.59280005260645341], [1, 1, 1, 1, 0, 1], 9) 
hit_rate: 0.703703703704 
iteration 61 
([0.81375178263766634, 0.7687994136622005, 3.2538988186567397, 3.9940968102704657, 1.9627854292174616, 0.59280005260645341], [1, 1, 1, 1, 0, 1], 9) 
hit_rate: 0.703703703704 
iteration 62 
([0.81375178263766634, 0.7687994136622005, 2.8153628558670629, 3.9940968102704657, 1.9627854292174616, 0.59280005260645341], [1, 1, 1, 1, 0, 1], 9) 
hit_rate: 0.62962962963 
iteration 63 
([0.81375178263766634, 0.7687994136622005, 2.9493912513569596, 3.9940968102704657, 1.9627854292174616, 0.59280005260645341], [1, 1, 1, 1, 0, 1], 9) 
hit_rate: 0.666666666667 
iteration 64 
([0.81375178263766634, 0.7687994136622005, 2.9493912513569596, 3.9940968102704657, 2.589202181889287, 0.59280005260645341], [1, 1, 1, 1, 0, 1], 9) 
hit_rate: 0.666666666667 
iteration 65 
([0.81375178263766634, 0.7687994136622005, 2.9493912513569596, 3.0103906140835197, 2.589202181889287, 0.59280005260645341], [1, 1, 1, 1, 0, 1], 9) 
hit_rate: 0.703703703704 
iteration 66 
([0.81375178263766634, 0.7687994136622005, 2.9493912513569596, 3.0103906140835197, 1.9130757890695171, 0.59280005260645341], [1, 1, 1, 1, 0, 1], 9) 
hit_rate: 0.703703703704 
iteration 67 
([0.81375178263766634, 0.7687994136622005, 2.9493912513569596, 3.5656372501407629, 1.9130757890695171, 0.59280005260645341], [1, 1, 1, 1, 0, 1], 9) 
hit_rate: 0.703703703704 
iteration 68 
([0.81375178263766634, 0.7687994136622005, 2.6365700068895617, 3.5656372501407629, 1.9130757890695171, 0.59280005260645341], [1, 1, 1, 1, 0, 1], 9) 
hit_rate: 0.703703703704 
iteration 69 
([0.81375178263766634, 0.7687994136622005, 2.400586055595193, 3.5656372501407629, 1.9130757890695171, 0.59280005260645341], [1, 1, 1, 1, 0, 1], 9) 
hit_rate: 0.666666666667 
iteration 70 
([0.61403753074495748, 0.7687994136622005, 2.400586055595193, 3.5656372501407629, 1.9130757890695171, 0.59280005260645341], [1, 1, 1, 1, 0, 1], 9) 
hit_rate: 0.666666666667 
iteration 71 
([0.61403753074495748, 1.1433988916547415, 2.400586055595193, 3.5656372501407629, 1.9130757890695171, 0.59280005260645341], [1, 1, 1, 1, 0, 1], 9) 
hit_rate: 0.62962962963 
iteration 72 
([0.61403753074495748, 1.1433988916547415, 2.400586055595193, 3.2713947245989741, 1.9130757890695171, 0.59280005260645341], [1, 1, 1, 1, 0, 1], 7) 
hit_rate: 0.62962962963 
iteration 73 
([0.61403753074495748, 1.1433988916547415, 2.8811856622110863, 3.2713947245989741, 1.9130757890695171, 0.59280005260645341], [1, 1, 1, 1, 0, 1], 9) 
hit_rate: 0.666666666667 
iteration 74 
([0.61403753074495748, 1.1433988916547415, 2.8811856622110863, 3.204644275892444, 1.9130757890695171, 0.59280005260645341], [1, 1, 1, 1, 0, 1], 7) 
hit_rate: 0.666666666667 
iteration 75 
([0.59392884623379594, 1.1433988916547415, 2.8811856622110863, 3.204644275892444, 1.9130757890695171, 0.59280005260645341], [1, 1, 1, 1, 0, 1], 9) 
hit_rate: 0.703703703704 
iteration 76 
([0.59392884623379594, 1.2506820237672227, 2.8811856622110863, 3.204644275892444, 1.9130757890695171, 0.59280005260645341], [1, 1, 1, 1, 0, 1], 9) 
hit_rate: 0.703703703704 
iteration 77 
([0.59392884623379594, 1.2506820237672227, 2.8811856622110863, 3.204644275892444, 1.8732359468354989, 0.59280005260645341], [1, 1, 1, 1, 0, 1], 9) 
hit_rate: 0.703703703704 
iteration 78 
([0.59392884623379594, 1.2506820237672227, 3.6321534488633267, 3.204644275892444, 1.8732359468354989, 0.59280005260645341], [1, 1, 1, 1, 0, 1], 7) 
hit_rate: 0.62962962963 
iteration 79 
([0.59392884623379594, 1.2506820237672227, 3.6154737214219246, 3.204644275892444, 1.8732359468354989, 0.59280005260645341], [1, 1, 1, 1, 0, 1], 9) 
hit_rate: 0.703703703704 
iteration 80 
([0.59392884623379594, 1.1997120193979753, 3.6154737214219246, 3.204644275892444, 1.8732359468354989, 0.59280005260645341], [1, 1, 1, 1, 0, 1], 9) 
hit_rate: 0.703703703704 
iteration 81 
([0.59392884623379594, 1.1997120193979753, 3.6154737214219246, 3.204644275892444, 2.8337178252092459, 0.59280005260645341], [1, 1, 1, 1, 0, 1], 9) 
hit_rate: 0.703703703704 
iteration 82 
([0.59392884623379594, 1.1997120193979753, 3.6154737214219246, 2.8965274585579515, 2.8337178252092459, 0.59280005260645341], [1, 1, 1, 1, 0, 1], 9) 
hit_rate: 0.703703703704 
iteration 83 
([0.59392884623379594, 1.1997120193979753, 3.6154737214219246, 3.7854141055243677, 2.8337178252092459, 0.59280005260645341], [1, 1, 1, 1, 0, 1], 9) 
hit_rate: 0.703703703704 
iteration 84 
([0.59392884623379594, 1.1997120193979753, 3.6154737214219246, 3.7854141055243677, 2.4819191767018252, 0.59280005260645341], [1, 1, 1, 1, 0, 1], 9) 
hit_rate: 0.703703703704 
iteration 85 
([0.59392884623379594, 1.1997120193979753, 3.6154737214219246, 3.7854141055243677, 2.4819191767018252, 0.59331323229511601], [1, 1, 1, 1, 0, 1], 9) 
hit_rate: 0.703703703704 
iteration 86 
([-0.15465335296524141, 1.1997120193979753, 3.6154737214219246, 3.7854141055243677, 2.4819191767018252, 0.59331323229511601], [1, 1, 1, 1, 0, 1], 9) 
hit_rate: 0.703703703704 
iteration 87 
([-0.15465335296524141, 1.1997120193979753, 3.6154737214219246, 3.7854141055243677, 3.1411859417453361, 0.59331323229511601], [1, 1, 1, 1, 0, 1], 9) 
hit_rate: 0.703703703704 
iteration 88 
([-0.15465335296524141, 1.1997120193979753, 3.6154737214219246, 3.7854141055243677, 3.0848477680809863, 0.59331323229511601], [1, 1, 1, 1, 0, 1], 9) 
hit_rate: 0.703703703704 
iteration 89 
([-0.96349896680053937, 1.1997120193979753, 3.6154737214219246, 3.7854141055243677, 3.0848477680809863, 0.59331323229511601], [1, 1, 1, 1, 0, 1], 9) 
hit_rate: 0.703703703704 
iteration 90 
([-0.96349896680053937, 1.1997120193979753, 3.2468649513449677, 3.7854141055243677, 3.0848477680809863, 0.59331323229511601], [1, 1, 1, 1, 0, 1], 9) 
hit_rate: 0.703703703704 
iteration 91 
([-0.96349896680053937, 1.1997120193979753, 3.2468649513449677, 3.7854141055243677, 3.9691593717712577, 0.59331323229511601], [1, 1, 1, 1, 0, 1], 9) 
hit_rate: 0.703703703704 
iteration 92 
([-0.96349896680053937, 1.1997120193979753, 3.2468649513449677, 3.7854141055243677, 3.6563192030820479, 0.59331323229511601], [1, 1, 1, 1, 0, 1], 9) 
hit_rate: 0.703703703704 
iteration 93 
([-0.96349896680053937, 1.1997120193979753, 3.9724048634674478, 3.7854141055243677, 3.6563192030820479, 0.59331323229511601], [1, 1, 1, 1, 0, 1], 9) 
hit_rate: 0.703703703704 
iteration 94 
([-0.96349896680053937, 1.1997120193979753, 3.9724048634674478, 3.666882114100829, 3.6563192030820479, 0.59331323229511601], [1, 1, 1, 1, 0, 1], 9) 
hit_rate: 0.703703703704 
iteration 95 
([-0.96349896680053937, 1.1997120193979753, 3.4095602937789451, 3.666882114100829, 3.6563192030820479, 0.59331323229511601], [1, 1, 1, 1, 0, 1], 9) 
hit_rate: 0.703703703704 
iteration 96 
([-0.96349896680053937, 1.1997120193979753, 4.1876600956249295, 3.666882114100829, 3.6563192030820479, 0.59331323229511601], [1, 1, 1, 1, 0, 1], 9) 
hit_rate: 0.703703703704 
iteration 97 
([-0.96349896680053937, 1.1997120193979753, 4.1876600956249295, 3.666882114100829, 3.7744191406740022, 0.59331323229511601], [1, 1, 1, 1, 0, 1], 9) 
hit_rate: 0.703703703704 
iteration 98 
([-0.96349896680053937, 1.1997120193979753, 3.5752482291158656, 3.666882114100829, 3.7744191406740022, 0.59331323229511601], [1, 1, 1, 1, 0, 1], 9) 
hit_rate: 0.703703703704 
iteration 99 
([-0.96349896680053937, 1.1997120193979753, 3.5752482291158656, 3.5339625310479832, 3.7744191406740022, 0.59331323229511601], [1, 1, 1, 1, 0, 1], 9) 
hit_rate: 0.703703703704 
best solution: ([-0.96349896680053937, 1.1997120193979753, 3.5752482291158656, 3.5339625310479832, 3.7744191406740022, 0.59331323229511601], [1, 1, 1, 1, 0, 1], 9)
Hits for the best solution: 0.703703703704
TS Spent time: 2135.43544006
k-NN Spent time: 0.904532909393
