iteration 0 
([1.0, 1.0, 1.0, 1.0, 1.0, 1.0], [1, 1, 0, 1, 1, 1], 4) 
hit_rate: 0.615384615385 
iteration 1 
([1.0, 1.0, 1.0, 1.0, 1.0, 0.88415816724170382], [1, 1, 0, 1, 1, 1], 5) 
hit_rate: 0.576923076923 
iteration 2 
([1.0, 1.0, 1.0, 1.0, 1.0567341549600378, 0.88415816724170382], [1, 1, 0, 1, 1, 1], 5) 
hit_rate: 0.615384615385 
iteration 3 
([0.93450235335775589, 1.0, 1.0, 1.0, 1.0567341549600378, 0.88415816724170382], [1, 1, 0, 1, 1, 1], 5) 
hit_rate: 0.615384615385 
iteration 4 
([0.93450235335775589, 1.0, 1.5849895758442902, 1.0, 1.0567341549600378, 0.88415816724170382], [1, 1, 0, 1, 1, 1], 5) 
hit_rate: 0.615384615385 
iteration 5 
([0.11765591591041669, 1.0, 1.5849895758442902, 1.0, 1.0567341549600378, 0.88415816724170382], [1, 1, 0, 1, 1, 1], 5) 
hit_rate: 0.576923076923 
iteration 6 
([0.11765591591041669, 1.0, 1.5849895758442902, 1.0, 1.0567341549600378, 0.88415816724170382], [1, 1, 1, 1, 1, 1], 2) 
hit_rate: 0.615384615385 
iteration 7 
([0.11765591591041669, 1.0, 1.5849895758442902, 1.0, 1.0567341549600378, 0.88415816724170382], [1, 0, 1, 1, 1, 1], 3) 
hit_rate: 0.769230769231 
iteration 8 
([-0.12678819675906206, 1.0, 1.5849895758442902, 1.0, 1.0567341549600378, 0.88415816724170382], [1, 0, 1, 1, 1, 1], 5) 
hit_rate: 0.769230769231 
iteration 9 
([-0.12678819675906206, 1.2874128753396046, 1.5849895758442902, 1.0, 1.0567341549600378, 0.88415816724170382], [1, 0, 1, 1, 1, 1], 9) 
hit_rate: 0.807692307692 
iteration 10 
([-0.12678819675906206, 1.5655873903620934, 1.5849895758442902, 1.0, 1.0567341549600378, 0.88415816724170382], [1, 0, 1, 1, 1, 1], 9) 
hit_rate: 0.807692307692 
iteration 11 
([-0.12678819675906206, 1.5655873903620934, 1.5849895758442902, 1.7270933603628036, 1.0567341549600378, 0.88415816724170382], [1, 0, 1, 1, 1, 1], 5) 
hit_rate: 0.807692307692 
iteration 12 
([-0.04227088868450779, 1.5655873903620934, 1.5849895758442902, 1.7270933603628036, 1.0567341549600378, 0.88415816724170382], [1, 0, 1, 1, 1, 1], 5) 
hit_rate: 0.807692307692 
iteration 13 
([-0.04227088868450779, 1.5655873903620934, 1.5849895758442902, 1.7270933603628036, 1.2311775588882943, 0.88415816724170382], [1, 0, 1, 1, 1, 1], 5) 
hit_rate: 0.846153846154 
iteration 14 
([-0.079131933314183334, 1.5655873903620934, 1.5849895758442902, 1.7270933603628036, 1.2311775588882943, 0.88415816724170382], [1, 0, 1, 1, 1, 1], 5) 
hit_rate: 0.846153846154 
iteration 15 
([-0.079131933314183334, 1.5655873903620934, 1.5849895758442902, 1.7270933603628036, 1.6489546326551179, 0.88415816724170382], [1, 0, 1, 1, 1, 1], 5) 
hit_rate: 0.807692307692 
iteration 16 
([-0.079131933314183334, 1.5655873903620934, 1.5849895758442902, 1.7270933603628036, 1.6489546326551179, 0.88415816724170382], [0, 0, 1, 1, 1, 1], 5) 
hit_rate: 0.807692307692 
iteration 17 
([-0.079131933314183334, 1.5655873903620934, 1.5849895758442902, 1.6285412855007173, 1.6489546326551179, 0.88415816724170382], [0, 0, 1, 1, 1, 1], 5) 
hit_rate: 0.807692307692 
iteration 18 
([-0.92905017257832956, 1.5655873903620934, 1.5849895758442902, 1.6285412855007173, 1.6489546326551179, 0.88415816724170382], [0, 0, 1, 1, 1, 1], 5) 
hit_rate: 0.807692307692 
iteration 19 
([-1.8175598468183118, 1.5655873903620934, 1.5849895758442902, 1.6285412855007173, 1.6489546326551179, 0.88415816724170382], [0, 0, 1, 1, 1, 1], 5) 
hit_rate: 0.807692307692 
iteration 20 
([-2.4046253751507791, 1.5655873903620934, 1.5849895758442902, 1.6285412855007173, 1.6489546326551179, 0.88415816724170382], [0, 0, 1, 1, 1, 1], 7) 
hit_rate: 0.769230769231 
iteration 21 
([-2.4046253751507791, 1.9138624595703344, 1.5849895758442902, 1.6285412855007173, 1.6489546326551179, 0.88415816724170382], [0, 0, 1, 1, 1, 1], 5) 
hit_rate: 0.807692307692 
iteration 22 
([-2.4046253751507791, 1.949573321989436, 1.5849895758442902, 1.6285412855007173, 1.6489546326551179, 0.88415816724170382], [0, 0, 1, 1, 1, 1], 5) 
hit_rate: 0.807692307692 
iteration 23 
([-2.4046253751507791, 1.949573321989436, 1.5849895758442902, 2.0494834075947574, 1.6489546326551179, 0.88415816724170382], [0, 0, 1, 1, 1, 1], 7) 
hit_rate: 0.807692307692 
iteration 24 
([-2.4046253751507791, 1.949573321989436, 1.5849895758442902, 1.6799727193880118, 1.6489546326551179, 0.88415816724170382], [0, 0, 1, 1, 1, 1], 5) 
hit_rate: 0.807692307692 
iteration 25 
([-2.4046253751507791, 1.949573321989436, 1.5849895758442902, 2.6002652624481501, 1.6489546326551179, 0.88415816724170382], [0, 0, 1, 1, 1, 1], 7) 
hit_rate: 0.846153846154 
iteration 26 
([-2.4046253751507791, 2.1913740330680405, 1.5849895758442902, 2.6002652624481501, 1.6489546326551179, 0.88415816724170382], [0, 0, 1, 1, 1, 1], 7) 
hit_rate: 0.846153846154 
iteration 27 
([-2.4046253751507791, 2.1913740330680405, 1.5849895758442902, 2.6002652624481501, 1.6489546326551179, 0.57809104038079639], [0, 0, 1, 1, 1, 1], 7) 
hit_rate: 0.884615384615 
iteration 28 
([-2.1602819970810128, 2.1913740330680405, 1.5849895758442902, 2.6002652624481501, 1.6489546326551179, 0.57809104038079639], [0, 0, 1, 1, 1, 1], 7) 
hit_rate: 0.884615384615 
iteration 29 
([-1.5336731856627066, 2.1913740330680405, 1.5849895758442902, 2.6002652624481501, 1.6489546326551179, 0.57809104038079639], [0, 0, 1, 1, 1, 1], 7) 
hit_rate: 0.884615384615 
iteration 30 
([-1.5336731856627066, 2.1913740330680405, 1.552450555287864, 2.6002652624481501, 1.6489546326551179, 0.57809104038079639], [0, 0, 1, 1, 1, 1], 7) 
hit_rate: 0.884615384615 
iteration 31 
([-2.4654662658754378, 2.1913740330680405, 1.552450555287864, 2.6002652624481501, 1.6489546326551179, 0.57809104038079639], [0, 0, 1, 1, 1, 1], 7) 
hit_rate: 0.884615384615 
iteration 32 
([-2.4654662658754378, 2.6882353581864917, 1.552450555287864, 2.6002652624481501, 1.6489546326551179, 0.57809104038079639], [0, 0, 1, 1, 1, 1], 7) 
hit_rate: 0.884615384615 
iteration 33 
([-3.1029376501774708, 2.6882353581864917, 1.552450555287864, 2.6002652624481501, 1.6489546326551179, 0.57809104038079639], [0, 0, 1, 1, 1, 1], 7) 
hit_rate: 0.884615384615 
iteration 34 
([-3.1029376501774708, 2.6882353581864917, 1.552450555287864, 3.1432076593073583, 1.6489546326551179, 0.57809104038079639], [0, 0, 1, 1, 1, 1], 7) 
hit_rate: 0.807692307692 
iteration 35 
([-3.1029376501774708, 2.1983092348831388, 1.552450555287864, 3.1432076593073583, 1.6489546326551179, 0.57809104038079639], [0, 0, 1, 1, 1, 1], 7) 
hit_rate: 0.807692307692 
iteration 36 
([-3.1029376501774708, 2.1983092348831388, 2.4880194326676732, 3.1432076593073583, 1.6489546326551179, 0.57809104038079639], [0, 0, 1, 1, 1, 1], 9) 
hit_rate: 0.769230769231 
iteration 37 
([-3.1029376501774708, 1.4287328834122559, 2.4880194326676732, 3.1432076593073583, 1.6489546326551179, 0.57809104038079639], [0, 0, 1, 1, 1, 1], 7) 
hit_rate: 0.807692307692 
iteration 38 
([-3.9864739752362714, 1.4287328834122559, 2.4880194326676732, 3.1432076593073583, 1.6489546326551179, 0.57809104038079639], [0, 0, 1, 1, 1, 1], 7) 
hit_rate: 0.807692307692 
iteration 39 
([-4.4214235451871833, 1.4287328834122559, 2.4880194326676732, 3.1432076593073583, 1.6489546326551179, 0.57809104038079639], [0, 0, 1, 1, 1, 1], 7) 
hit_rate: 0.807692307692 
iteration 40 
([-3.9976910492492994, 1.4287328834122559, 2.4880194326676732, 3.1432076593073583, 1.6489546326551179, 0.57809104038079639], [0, 0, 1, 1, 1, 1], 7) 
hit_rate: 0.807692307692 
iteration 41 
([-3.9976910492492994, 1.4287328834122559, 2.4880194326676732, 3.1432076593073583, 2.103610151673287, 0.57809104038079639], [0, 0, 1, 1, 1, 1], 5) 
hit_rate: 0.846153846154 
iteration 42 
([-3.9976910492492994, 1.4287328834122559, 2.4880194326676732, 3.406867145430744, 2.103610151673287, 0.57809104038079639], [0, 0, 1, 1, 1, 1], 9) 
hit_rate: 0.769230769231 
iteration 43 
([-3.9976910492492994, 1.4287328834122559, 2.4880194326676732, 3.7710436261108051, 2.103610151673287, 0.57809104038079639], [0, 0, 1, 1, 1, 1], 7) 
hit_rate: 0.807692307692 
iteration 44 
([-4.8690067028771296, 1.4287328834122559, 2.4880194326676732, 3.7710436261108051, 2.103610151673287, 0.57809104038079639], [0, 0, 1, 1, 1, 1], 9) 
hit_rate: 0.807692307692 
iteration 45 
([-4.8690067028771296, 1.4287328834122559, 2.4880194326676732, 3.7710436261108051, 3.0381220504616602, 0.57809104038079639], [0, 0, 1, 1, 1, 1], 7) 
hit_rate: 0.769230769231 
iteration 46 
([-4.8690067028771296, 1.4287328834122559, 3.3632424427345065, 3.7710436261108051, 3.0381220504616602, 0.57809104038079639], [0, 0, 1, 1, 1, 1], 7) 
hit_rate: 0.769230769231 
iteration 47 
([-4.8690067028771296, 1.4287328834122559, 3.3632424427345065, 4.1432733006164169, 3.0381220504616602, 0.57809104038079639], [0, 0, 1, 1, 1, 1], 7) 
hit_rate: 0.807692307692 
iteration 48 
([-4.8690067028771296, 1.2724537084451288, 3.3632424427345065, 4.1432733006164169, 3.0381220504616602, 0.57809104038079639], [0, 0, 1, 1, 1, 1], 7) 
hit_rate: 0.807692307692 
iteration 49 
([-4.8690067028771296, 1.2724537084451288, 3.3632424427345065, 4.1432733006164169, 3.270986563482333, 0.57809104038079639], [0, 0, 1, 1, 1, 1], 7) 
hit_rate: 0.807692307692 
iteration 50 
([-4.8690067028771296, 1.2724537084451288, 2.833840311826977, 4.1432733006164169, 3.270986563482333, 0.57809104038079639], [0, 0, 1, 1, 1, 1], 5) 
hit_rate: 0.807692307692 
iteration 51 
([-4.8690067028771296, 2.2336797360336091, 2.833840311826977, 4.1432733006164169, 3.270986563482333, 0.57809104038079639], [0, 0, 1, 1, 1, 1], 5) 
hit_rate: 0.807692307692 
iteration 52 
([-4.8690067028771296, 2.2336797360336091, 2.833840311826977, 4.1279914549783401, 3.270986563482333, 0.57809104038079639], [0, 0, 1, 1, 1, 1], 5) 
hit_rate: 0.807692307692 
iteration 53 
([-4.8690067028771296, 1.32632771347698, 2.833840311826977, 4.1279914549783401, 3.270986563482333, 0.57809104038079639], [0, 0, 1, 1, 1, 1], 5) 
hit_rate: 0.807692307692 
iteration 54 
([-4.8690067028771296, 1.32632771347698, 2.833840311826977, 4.1279914549783401, 3.270986563482333, 1.3578653331269868], [0, 0, 1, 1, 1, 1], 7) 
hit_rate: 0.846153846154 
iteration 55 
([-4.8690067028771296, 1.32632771347698, 2.833840311826977, 4.1279914549783401, 3.270986563482333, 1.399461886972452], [0, 0, 1, 1, 1, 1], 7) 
hit_rate: 0.846153846154 
iteration 56 
([-4.8690067028771296, 1.32632771347698, 3.0380389594385111, 4.1279914549783401, 3.270986563482333, 1.399461886972452], [0, 0, 1, 1, 1, 1], 7) 
hit_rate: 0.846153846154 
iteration 57 
([-4.7429404176290078, 1.32632771347698, 3.0380389594385111, 4.1279914549783401, 3.270986563482333, 1.399461886972452], [0, 0, 1, 1, 1, 1], 7) 
hit_rate: 0.846153846154 
iteration 58 
([-4.7429404176290078, 1.1065503913191195, 3.0380389594385111, 4.1279914549783401, 3.270986563482333, 1.399461886972452], [0, 0, 1, 1, 1, 1], 7) 
hit_rate: 0.846153846154 
iteration 59 
([-5.1019737620590764, 1.1065503913191195, 3.0380389594385111, 4.1279914549783401, 3.270986563482333, 1.399461886972452], [0, 0, 1, 1, 1, 1], 7) 
hit_rate: 0.846153846154 
iteration 60 
([-5.1019737620590764, 1.1065503913191195, 3.0380389594385111, 4.1279914549783401, 3.2225930511279728, 1.399461886972452], [0, 0, 1, 1, 1, 1], 7) 
hit_rate: 0.846153846154 
iteration 61 
([-5.1019737620590764, 1.1065503913191195, 3.3042248094653446, 4.1279914549783401, 3.2225930511279728, 1.399461886972452], [0, 0, 1, 1, 1, 1], 7) 
hit_rate: 0.846153846154 
iteration 62 
([-5.1019737620590764, 1.1065503913191195, 2.7298631076364512, 4.1279914549783401, 3.2225930511279728, 1.399461886972452], [0, 0, 1, 1, 1, 1], 7) 
hit_rate: 0.846153846154 
iteration 63 
([-5.1019737620590764, 1.1065503913191195, 2.7098070151173648, 4.1279914549783401, 3.2225930511279728, 1.399461886972452], [0, 0, 1, 1, 1, 1], 7) 
hit_rate: 0.846153846154 
iteration 64 
([-5.1019737620590764, 1.1065503913191195, 2.7098070151173648, 4.1279914549783401, 3.5848002448462006, 1.399461886972452], [0, 0, 1, 1, 1, 1], 7) 
hit_rate: 0.846153846154 
iteration 65 
([-5.1019737620590764, 1.1065503913191195, 2.7098070151173648, 4.3857565949237909, 3.5848002448462006, 1.399461886972452], [0, 0, 1, 1, 1, 1], 7) 
hit_rate: 0.846153846154 
iteration 66 
([-5.1019737620590764, 0.4389254288478639, 2.7098070151173648, 4.3857565949237909, 3.5848002448462006, 1.399461886972452], [0, 0, 1, 1, 1, 1], 7) 
hit_rate: 0.846153846154 
iteration 67 
([-5.5693810574703164, 0.4389254288478639, 2.7098070151173648, 4.3857565949237909, 3.5848002448462006, 1.399461886972452], [0, 0, 1, 1, 1, 1], 7) 
hit_rate: 0.846153846154 
iteration 68 
([-4.9612797215030078, 0.4389254288478639, 2.7098070151173648, 4.3857565949237909, 3.5848002448462006, 1.399461886972452], [0, 0, 1, 1, 1, 1], 7) 
hit_rate: 0.846153846154 
iteration 69 
([-5.2790858343787752, 0.4389254288478639, 2.7098070151173648, 4.3857565949237909, 3.5848002448462006, 1.399461886972452], [0, 0, 1, 1, 1, 1], 7) 
hit_rate: 0.846153846154 
iteration 70 
([-5.2790858343787752, 0.086176385864545457, 2.7098070151173648, 4.3857565949237909, 3.5848002448462006, 1.399461886972452], [0, 0, 1, 1, 1, 1], 7) 
hit_rate: 0.846153846154 
iteration 71 
([-5.2790858343787752, 0.086176385864545457, 2.7098070151173648, 4.3857565949237909, 3.0285085626225685, 1.399461886972452], [0, 0, 1, 1, 1, 1], 7) 
hit_rate: 0.846153846154 
iteration 72 
([-5.2790858343787752, 0.086176385864545457, 2.7098070151173648, 4.4046827393906316, 3.0285085626225685, 1.399461886972452], [0, 0, 1, 1, 1, 1], 7) 
hit_rate: 0.884615384615 
iteration 73 
([-5.4268008695484742, 0.086176385864545457, 2.7098070151173648, 4.4046827393906316, 3.0285085626225685, 1.399461886972452], [0, 0, 1, 1, 1, 1], 7) 
hit_rate: 0.884615384615 
iteration 74 
([-4.5973327252471501, 0.086176385864545457, 2.7098070151173648, 4.4046827393906316, 3.0285085626225685, 1.399461886972452], [0, 0, 1, 1, 1, 1], 7) 
hit_rate: 0.884615384615 
iteration 75 
([-4.5973327252471501, 0.40921294054100721, 2.7098070151173648, 4.4046827393906316, 3.0285085626225685, 1.399461886972452], [0, 0, 1, 1, 1, 1], 7) 
hit_rate: 0.884615384615 
iteration 76 
([-5.386505537128496, 0.40921294054100721, 2.7098070151173648, 4.4046827393906316, 3.0285085626225685, 1.399461886972452], [0, 0, 1, 1, 1, 1], 7) 
hit_rate: 0.884615384615 
iteration 77 
([-6.1777117370014958, 0.40921294054100721, 2.7098070151173648, 4.4046827393906316, 3.0285085626225685, 1.399461886972452], [0, 0, 1, 1, 1, 1], 7) 
hit_rate: 0.884615384615 
iteration 78 
([-6.1777117370014958, 0.40921294054100721, 2.6988511983298409, 4.4046827393906316, 3.0285085626225685, 1.399461886972452], [0, 0, 1, 1, 1, 1], 7) 
hit_rate: 0.884615384615 
iteration 79 
([-5.6820471106609842, 0.40921294054100721, 2.6988511983298409, 4.4046827393906316, 3.0285085626225685, 1.399461886972452], [0, 0, 1, 1, 1, 1], 7) 
hit_rate: 0.884615384615 
iteration 80 
([-5.5055592495022889, 0.40921294054100721, 2.6988511983298409, 4.4046827393906316, 3.0285085626225685, 1.399461886972452], [0, 0, 1, 1, 1, 1], 7) 
hit_rate: 0.884615384615 
iteration 81 
([-5.5055592495022889, -0.54679968113217758, 2.6988511983298409, 4.4046827393906316, 3.0285085626225685, 1.399461886972452], [0, 0, 1, 1, 1, 1], 7) 
hit_rate: 0.884615384615 
iteration 82 
([-4.9269562288552802, -0.54679968113217758, 2.6988511983298409, 4.4046827393906316, 3.0285085626225685, 1.399461886972452], [0, 0, 1, 1, 1, 1], 7) 
hit_rate: 0.884615384615 
iteration 83 
([-4.9269562288552802, 0.042904094846993868, 2.6988511983298409, 4.4046827393906316, 3.0285085626225685, 1.399461886972452], [0, 0, 1, 1, 1, 1], 7) 
hit_rate: 0.884615384615 
iteration 84 
([-4.9269562288552802, 0.34261168391436514, 2.6988511983298409, 4.4046827393906316, 3.0285085626225685, 1.399461886972452], [0, 0, 1, 1, 1, 1], 7) 
hit_rate: 0.884615384615 
iteration 85 
([-4.9269562288552802, -0.31075883801903448, 2.6988511983298409, 4.4046827393906316, 3.0285085626225685, 1.399461886972452], [0, 0, 1, 1, 1, 1], 7) 
hit_rate: 0.884615384615 
iteration 86 
([-5.2994308880241201, -0.31075883801903448, 2.6988511983298409, 4.4046827393906316, 3.0285085626225685, 1.399461886972452], [0, 0, 1, 1, 1, 1], 7) 
hit_rate: 0.884615384615 
iteration 87 
([-4.9542704727443239, -0.31075883801903448, 2.6988511983298409, 4.4046827393906316, 3.0285085626225685, 1.399461886972452], [0, 0, 1, 1, 1, 1], 9) 
hit_rate: 0.807692307692 
iteration 88 
([-4.9542704727443239, -0.87157454425612646, 2.6988511983298409, 4.4046827393906316, 3.0285085626225685, 1.399461886972452], [0, 0, 1, 1, 1, 1], 7) 
hit_rate: 0.884615384615 
iteration 89 
([-4.9542704727443239, -0.1216377175031218, 2.6988511983298409, 4.4046827393906316, 3.0285085626225685, 1.399461886972452], [0, 0, 1, 1, 1, 1], 7) 
hit_rate: 0.884615384615 
iteration 90 
([-5.1286859687014692, -0.1216377175031218, 2.6988511983298409, 4.4046827393906316, 3.0285085626225685, 1.399461886972452], [0, 0, 1, 1, 1, 1], 7) 
hit_rate: 0.884615384615 
iteration 91 
([-5.2895019748446961, -0.1216377175031218, 2.6988511983298409, 4.4046827393906316, 3.0285085626225685, 1.399461886972452], [0, 0, 1, 1, 1, 1], 7) 
hit_rate: 0.884615384615 
iteration 92 
([-5.1670897439899699, -0.1216377175031218, 2.6988511983298409, 4.4046827393906316, 3.0285085626225685, 1.399461886972452], [0, 0, 1, 1, 1, 1], 7) 
hit_rate: 0.884615384615 
iteration 93 
([-5.1670897439899699, -0.1216377175031218, 2.6988511983298409, 4.4046827393906316, 3.6620862833556185, 1.399461886972452], [0, 0, 1, 1, 1, 1], 7) 
hit_rate: 0.846153846154 
iteration 94 
([-5.1670897439899699, -0.47950663905592794, 2.6988511983298409, 4.4046827393906316, 3.6620862833556185, 1.399461886972452], [0, 0, 1, 1, 1, 1], 7) 
hit_rate: 0.846153846154 
iteration 95 
([-5.1670897439899699, -0.47950663905592794, 2.6988511983298409, 4.4046827393906316, 2.9901764605987684, 1.399461886972452], [0, 0, 1, 1, 1, 1], 7) 
hit_rate: 0.884615384615 
iteration 96 
([-5.1670897439899699, -1.2918823510731003, 2.6988511983298409, 4.4046827393906316, 2.9901764605987684, 1.399461886972452], [0, 0, 1, 1, 1, 1], 9) 
hit_rate: 0.807692307692 
iteration 97 
([-5.1670897439899699, -1.2918823510731003, 2.6988511983298409, 4.4046827393906316, 2.6460236591604342, 1.399461886972452], [0, 0, 1, 1, 1, 1], 7) 
hit_rate: 0.846153846154 
iteration 98 
([-5.9757883743986344, -1.2918823510731003, 2.6988511983298409, 4.4046827393906316, 2.6460236591604342, 1.399461886972452], [0, 0, 1, 1, 1, 1], 7) 
hit_rate: 0.846153846154 
iteration 99 
([-5.9757883743986344, -0.76690393116502542, 2.6988511983298409, 4.4046827393906316, 2.6460236591604342, 1.399461886972452], [0, 0, 1, 1, 1, 1], 7) 
hit_rate: 0.846153846154 
best solution: ([-5.9757883743986344, -0.76690393116502542, 2.6988511983298409, 4.4046827393906316, 2.6460236591604342, 1.399461886972452], [0, 0, 1, 1, 1, 1], 7)
Hits for the best solution: 0.846153846154
TS Spent time: 1653.12135196
k-NN Spent time: 0.702976942062
