iteration 0 
([1.0, 1.6300732209132425, 1.0, 1.0, 1.0, 1.0], [1, 1, 1, 1, 1, 1], 9) 
hit_rate: 0.52 
iteration 1 
([1.0, 1.6300732209132425, 1.0, 1.0, 1.0, 1.0], [1, 0, 1, 1, 1, 1], 2) 
hit_rate: 0.56 
iteration 2 
([1.0, 1.6300732209132425, 1.0, 1.851679682953719, 1.0, 1.0], [1, 0, 1, 1, 1, 1], 3) 
hit_rate: 0.56 
iteration 3 
([1.0, 1.6300732209132425, 0.012073041138950913, 1.851679682953719, 1.0, 1.0], [1, 0, 1, 1, 1, 1], 1) 
hit_rate: 0.6 
iteration 4 
([1.0, 1.6300732209132425, 0.012073041138950913, 1.851679682953719, 1.0, 1.0], [0, 0, 1, 1, 1, 1], 2) 
hit_rate: 0.76 
iteration 5 
([1.0, 1.6300732209132425, 0.012073041138950913, 1.7411019079030752, 1.0, 1.0], [0, 0, 1, 1, 1, 1], 3) 
hit_rate: 0.68 
iteration 6 
([1.0, 1.9657950364292538, 0.012073041138950913, 1.7411019079030752, 1.0, 1.0], [0, 0, 1, 1, 1, 1], 3) 
hit_rate: 0.68 
iteration 7 
([1.0, 2.1047944527560212, 0.012073041138950913, 1.7411019079030752, 1.0, 1.0], [0, 0, 1, 1, 1, 1], 3) 
hit_rate: 0.68 
iteration 8 
([0.17490793518055336, 2.1047944527560212, 0.012073041138950913, 1.7411019079030752, 1.0, 1.0], [0, 0, 1, 1, 1, 1], 3) 
hit_rate: 0.68 
iteration 9 
([0.17490793518055336, 2.1047944527560212, 0.012073041138950913, 1.7411019079030752, 1.0, 1.0], [1, 0, 1, 1, 1, 1], 2) 
hit_rate: 0.68 
iteration 10 
([0.17490793518055336, 2.1047944527560212, 0.012073041138950913, 1.7411019079030752, 1.0, 0.41468531900688532], [1, 0, 1, 1, 1, 1], 5) 
hit_rate: 0.68 
iteration 11 
([0.17490793518055336, 2.1047944527560212, 0.012073041138950913, 1.5693643809935152, 1.0, 0.41468531900688532], [1, 0, 1, 1, 1, 1], 5) 
hit_rate: 0.68 
iteration 12 
([0.17490793518055336, 2.1047944527560212, 0.012073041138950913, 1.5693643809935152, 1.0, 0.41468531900688532], [1, 0, 0, 1, 1, 1], 4) 
hit_rate: 0.68 
iteration 13 
([0.17490793518055336, 1.8803560944669491, 0.012073041138950913, 1.5693643809935152, 1.0, 0.41468531900688532], [1, 0, 0, 1, 1, 1], 5) 
hit_rate: 0.68 
iteration 14 
([0.17490793518055336, 1.8812280098032885, 0.012073041138950913, 1.5693643809935152, 1.0, 0.41468531900688532], [1, 0, 0, 1, 1, 1], 5) 
hit_rate: 0.68 
iteration 15 
([0.17490793518055336, 1.8812280098032885, 0.47983300860018097, 1.5693643809935152, 1.0, 0.41468531900688532], [1, 0, 0, 1, 1, 1], 5) 
hit_rate: 0.68 
iteration 16 
([0.17490793518055336, 1.8812280098032885, 0.44474557064665721, 1.5693643809935152, 1.0, 0.41468531900688532], [1, 0, 0, 1, 1, 1], 5) 
hit_rate: 0.68 
iteration 17 
([0.17490793518055336, 1.2004763670763294, 0.44474557064665721, 1.5693643809935152, 1.0, 0.41468531900688532], [1, 0, 0, 1, 1, 1], 5) 
hit_rate: 0.68 
iteration 18 
([0.17490793518055336, 1.2004763670763294, 0.1508138518867792, 1.5693643809935152, 1.0, 0.41468531900688532], [1, 0, 0, 1, 1, 1], 5) 
hit_rate: 0.68 
iteration 19 
([0.17490793518055336, 1.2004763670763294, 0.1508138518867792, 1.7612423700010922, 1.0, 0.41468531900688532], [1, 0, 0, 1, 1, 1], 5) 
hit_rate: 0.68 
iteration 20 
([-0.085307797260718132, 1.2004763670763294, 0.1508138518867792, 1.7612423700010922, 1.0, 0.41468531900688532], [1, 0, 0, 1, 1, 1], 5) 
hit_rate: 0.68 
iteration 21 
([-0.085307797260718132, 0.63351444668902768, 0.1508138518867792, 1.7612423700010922, 1.0, 0.41468531900688532], [1, 0, 0, 1, 1, 1], 5) 
hit_rate: 0.68 
iteration 22 
([-0.085307797260718132, 1.5385433527242052, 0.1508138518867792, 1.7612423700010922, 1.0, 0.41468531900688532], [1, 0, 0, 1, 1, 1], 5) 
hit_rate: 0.68 
iteration 23 
([-0.085307797260718132, 1.5385433527242052, 0.1508138518867792, 1.7612423700010922, 0.15229667505073619, 0.41468531900688532], [1, 0, 0, 1, 1, 1], 9) 
hit_rate: 0.68 
iteration 24 
([0.44595517126953776, 1.5385433527242052, 0.1508138518867792, 1.7612423700010922, 0.15229667505073619, 0.41468531900688532], [1, 0, 0, 1, 1, 1], 3) 
hit_rate: 0.76 
iteration 25 
([0.44595517126953776, 1.5006027140928542, 0.1508138518867792, 1.7612423700010922, 0.15229667505073619, 0.41468531900688532], [1, 0, 0, 1, 1, 1], 3) 
hit_rate: 0.76 
iteration 26 
([0.44595517126953776, 1.5006027140928542, 0.1508138518867792, 1.3885674140991606, 0.15229667505073619, 0.41468531900688532], [1, 0, 0, 1, 1, 1], 5) 
hit_rate: 0.76 
iteration 27 
([0.44595517126953776, 1.0082787139958052, 0.1508138518867792, 1.3885674140991606, 0.15229667505073619, 0.41468531900688532], [1, 0, 0, 1, 1, 1], 5) 
hit_rate: 0.76 
iteration 28 
([0.44595517126953776, 1.210565540630689, 0.1508138518867792, 1.3885674140991606, 0.15229667505073619, 0.41468531900688532], [1, 0, 0, 1, 1, 1], 5) 
hit_rate: 0.76 
iteration 29 
([0.44595517126953776, 1.2487235518220392, 0.1508138518867792, 1.3885674140991606, 0.15229667505073619, 0.41468531900688532], [1, 0, 0, 1, 1, 1], 5) 
hit_rate: 0.76 
iteration 30 
([0.44595517126953776, 2.1204119969842692, 0.1508138518867792, 1.3885674140991606, 0.15229667505073619, 0.41468531900688532], [1, 0, 0, 1, 1, 1], 5) 
hit_rate: 0.76 
iteration 31 
([0.44595517126953776, 2.1204119969842692, 0.1508138518867792, 1.3885674140991606, 0.20254231725197958, 0.41468531900688532], [1, 0, 0, 1, 1, 1], 3) 
hit_rate: 0.72 
iteration 32 
([0.44595517126953776, 2.1204119969842692, 1.098297711777015, 1.3885674140991606, 0.20254231725197958, 0.41468531900688532], [1, 0, 0, 1, 1, 1], 3) 
hit_rate: 0.72 
iteration 33 
([0.44595517126953776, 2.1204119969842692, 0.71677253349253078, 1.3885674140991606, 0.20254231725197958, 0.41468531900688532], [1, 0, 0, 1, 1, 1], 3) 
hit_rate: 0.72 
iteration 34 
([0.44595517126953776, 2.1204119969842692, 0.71677253349253078, 1.597751266350655, 0.20254231725197958, 0.41468531900688532], [1, 0, 0, 1, 1, 1], 3) 
hit_rate: 0.76 
iteration 35 
([0.44595517126953776, 1.4347130669640489, 0.71677253349253078, 1.597751266350655, 0.20254231725197958, 0.41468531900688532], [1, 0, 0, 1, 1, 1], 3) 
hit_rate: 0.76 
iteration 36 
([0.44595517126953776, 2.225830954644076, 0.71677253349253078, 1.597751266350655, 0.20254231725197958, 0.41468531900688532], [1, 0, 0, 1, 1, 1], 3) 
hit_rate: 0.76 
iteration 37 
([0.44595517126953776, 2.225830954644076, -0.22135391128917759, 1.597751266350655, 0.20254231725197958, 0.41468531900688532], [1, 0, 0, 1, 1, 1], 3) 
hit_rate: 0.76 
iteration 38 
([0.44595517126953776, 2.225830954644076, 0.45398476864464721, 1.597751266350655, 0.20254231725197958, 0.41468531900688532], [1, 0, 0, 1, 1, 1], 3) 
hit_rate: 0.76 
iteration 39 
([0.44595517126953776, 2.225830954644076, 1.0847227077452288, 1.597751266350655, 0.20254231725197958, 0.41468531900688532], [1, 0, 0, 1, 1, 1], 3) 
hit_rate: 0.76 
iteration 40 
([0.44595517126953776, 1.8079975596388751, 1.0847227077452288, 1.597751266350655, 0.20254231725197958, 0.41468531900688532], [1, 0, 0, 1, 1, 1], 3) 
hit_rate: 0.76 
iteration 41 
([0.46141221316234948, 1.8079975596388751, 1.0847227077452288, 1.597751266350655, 0.20254231725197958, 0.41468531900688532], [1, 0, 0, 1, 1, 1], 3) 
hit_rate: 0.76 
iteration 42 
([0.46141221316234948, 1.8079975596388751, 1.0847227077452288, 1.597751266350655, -0.014310402060906835, 0.41468531900688532], [1, 0, 0, 1, 1, 1], 9) 
hit_rate: 0.68 
iteration 43 
([0.46141221316234948, 0.85335839815023706, 1.0847227077452288, 1.597751266350655, -0.014310402060906835, 0.41468531900688532], [1, 0, 0, 1, 1, 1], 9) 
hit_rate: 0.68 
iteration 44 
([0.46141221316234948, 0.85335839815023706, 1.0847227077452288, 1.597751266350655, -0.13151232927816925, 0.41468531900688532], [1, 0, 0, 1, 1, 1], 3) 
hit_rate: 0.68 
iteration 45 
([0.46141221316234948, 1.7451547424247966, 1.0847227077452288, 1.597751266350655, -0.13151232927816925, 0.41468531900688532], [1, 0, 0, 1, 1, 1], 5) 
hit_rate: 0.68 
iteration 46 
([0.46141221316234948, 1.7451547424247966, 1.0847227077452288, 1.5207877587121656, -0.13151232927816925, 0.41468531900688532], [1, 0, 0, 1, 1, 1], 5) 
hit_rate: 0.68 
iteration 47 
([0.085478790062196275, 1.7451547424247966, 1.0847227077452288, 1.5207877587121656, -0.13151232927816925, 0.41468531900688532], [1, 0, 0, 1, 1, 1], 9) 
hit_rate: 0.72 
iteration 48 
([0.085478790062196275, 1.7451547424247966, 0.19637556372338327, 1.5207877587121656, -0.13151232927816925, 0.41468531900688532], [1, 0, 0, 1, 1, 1], 9) 
hit_rate: 0.72 
iteration 49 
([0.085478790062196275, 2.1263600046522071, 0.19637556372338327, 1.5207877587121656, -0.13151232927816925, 0.41468531900688532], [1, 0, 0, 1, 1, 1], 9) 
hit_rate: 0.72 
iteration 50 
([0.085478790062196275, 2.1263600046522071, -0.085863326409862051, 1.5207877587121656, -0.13151232927816925, 0.41468531900688532], [1, 0, 0, 1, 1, 1], 9) 
hit_rate: 0.72 
iteration 51 
([0.085478790062196275, 2.580225222033619, -0.085863326409862051, 1.5207877587121656, -0.13151232927816925, 0.41468531900688532], [1, 0, 0, 1, 1, 1], 9) 
hit_rate: 0.72 
iteration 52 
([0.085478790062196275, 2.580225222033619, -0.98250074910627894, 1.5207877587121656, -0.13151232927816925, 0.41468531900688532], [1, 0, 0, 1, 1, 1], 9) 
hit_rate: 0.72 
iteration 53 
([-0.3525175926229831, 2.580225222033619, -0.98250074910627894, 1.5207877587121656, -0.13151232927816925, 0.41468531900688532], [1, 0, 0, 1, 1, 1], 5) 
hit_rate: 0.68 
iteration 54 
([-0.3525175926229831, 2.580225222033619, -0.98250074910627894, 2.3155493139056, -0.13151232927816925, 0.41468531900688532], [1, 0, 0, 1, 1, 1], 3) 
hit_rate: 0.76 
iteration 55 
([-0.3525175926229831, 2.580225222033619, -0.98250074910627894, 2.3155493139056, -0.13151232927816925, 0.99943443780571339], [1, 0, 0, 1, 1, 1], 5) 
hit_rate: 0.72 
iteration 56 
([-0.3525175926229831, 2.580225222033619, -0.98250074910627894, 2.2820702441449794, -0.13151232927816925, 0.99943443780571339], [1, 0, 0, 1, 1, 1], 3) 
hit_rate: 0.72 
iteration 57 
([-0.3525175926229831, 3.2397949330124769, -0.98250074910627894, 2.2820702441449794, -0.13151232927816925, 0.99943443780571339], [1, 0, 0, 1, 1, 1], 3) 
hit_rate: 0.72 
iteration 58 
([-0.3525175926229831, 3.2612681801517924, -0.98250074910627894, 2.2820702441449794, -0.13151232927816925, 0.99943443780571339], [1, 0, 0, 1, 1, 1], 5) 
hit_rate: 0.72 
iteration 59 
([-0.3525175926229831, 3.2612681801517924, -0.46596979981443698, 2.2820702441449794, -0.13151232927816925, 0.99943443780571339], [1, 0, 0, 1, 1, 1], 3) 
hit_rate: 0.72 
iteration 60 
([-0.3525175926229831, 3.2612681801517924, -0.46596979981443698, 2.2820702441449794, -0.13151232927816925, 0.41389284004784987], [1, 0, 0, 1, 1, 1], 3) 
hit_rate: 0.72 
iteration 61 
([-0.3525175926229831, 3.2612681801517924, -0.46596979981443698, 2.2820702441449794, -0.13151232927816925, 0.75457856157771563], [1, 0, 0, 1, 1, 1], 5) 
hit_rate: 0.76 
iteration 62 
([-0.3525175926229831, 3.2612681801517924, -0.44928359588629618, 2.2820702441449794, -0.13151232927816925, 0.75457856157771563], [1, 0, 0, 1, 1, 1], 5) 
hit_rate: 0.76 
iteration 63 
([-0.3525175926229831, 3.2612681801517924, -0.44928359588629618, 2.2820702441449794, -0.15216843514280276, 0.75457856157771563], [1, 0, 0, 1, 1, 1], 5) 
hit_rate: 0.76 
iteration 64 
([-0.3525175926229831, 3.2612681801517924, -0.44928359588629618, 1.8789214658442668, -0.15216843514280276, 0.75457856157771563], [1, 0, 0, 1, 1, 1], 3) 
hit_rate: 0.76 
iteration 65 
([-0.3525175926229831, 3.2612681801517924, -0.44928359588629618, 1.797723571696443, -0.15216843514280276, 0.75457856157771563], [1, 0, 0, 1, 1, 1], 3) 
hit_rate: 0.8 
iteration 66 
([-0.3525175926229831, 3.6813198053534553, -0.44928359588629618, 1.797723571696443, -0.15216843514280276, 0.75457856157771563], [1, 0, 0, 1, 1, 1], 3) 
hit_rate: 0.8 
iteration 67 
([-0.3525175926229831, 2.7090159768011821, -0.44928359588629618, 1.797723571696443, -0.15216843514280276, 0.75457856157771563], [1, 0, 0, 1, 1, 1], 3) 
hit_rate: 0.8 
iteration 68 
([-0.3525175926229831, 2.2958615359594745, -0.44928359588629618, 1.797723571696443, -0.15216843514280276, 0.75457856157771563], [1, 0, 0, 1, 1, 1], 3) 
hit_rate: 0.8 
iteration 69 
([-0.3525175926229831, 2.2958615359594745, -1.3318578269655517, 1.797723571696443, -0.15216843514280276, 0.75457856157771563], [1, 0, 0, 1, 1, 1], 3) 
hit_rate: 0.8 
iteration 70 
([-0.36032779496679379, 2.2958615359594745, -1.3318578269655517, 1.797723571696443, -0.15216843514280276, 0.75457856157771563], [1, 0, 0, 1, 1, 1], 3) 
hit_rate: 0.8 
iteration 71 
([-0.36032779496679379, 2.2958615359594745, -1.3318578269655517, 1.797723571696443, -0.10894324208223249, 0.75457856157771563], [1, 0, 0, 1, 1, 1], 3) 
hit_rate: 0.8 
iteration 72 
([-0.36032779496679379, 2.2958615359594745, -1.3318578269655517, 1.797723571696443, 0.30091953979045694, 0.75457856157771563], [1, 0, 0, 1, 1, 1], 5) 
hit_rate: 0.72 
iteration 73 
([-0.36032779496679379, 1.9762775806430108, -1.3318578269655517, 1.797723571696443, 0.30091953979045694, 0.75457856157771563], [1, 0, 0, 1, 1, 1], 5) 
hit_rate: 0.72 
iteration 74 
([-0.36032779496679379, 1.9762775806430108, -1.3318578269655517, 1.797723571696443, -0.42501455416998057, 0.75457856157771563], [1, 0, 0, 1, 1, 1], 5) 
hit_rate: 0.76 
iteration 75 
([-0.36032779496679379, 1.9762775806430108, -1.3318578269655517, 1.797723571696443, 0.37418476155969826, 0.75457856157771563], [1, 0, 0, 1, 1, 1], 5) 
hit_rate: 0.76 
iteration 76 
([-1.1445950947517562, 1.9762775806430108, -1.3318578269655517, 1.797723571696443, 0.37418476155969826, 0.75457856157771563], [1, 0, 0, 1, 1, 1], 5) 
hit_rate: 0.6 
iteration 77 
([-1.1445950947517562, 1.9762775806430108, -1.3318578269655517, 1.9103847168956829, 0.37418476155969826, 0.75457856157771563], [1, 0, 0, 1, 1, 1], 3) 
hit_rate: 0.76 
iteration 78 
([-1.1445950947517562, 1.9762775806430108, -1.7354170727513851, 1.9103847168956829, 0.37418476155969826, 0.75457856157771563], [1, 0, 0, 1, 1, 1], 3) 
hit_rate: 0.76 
iteration 79 
([-1.1445950947517562, 1.9762775806430108, -1.7354170727513851, 1.9103847168956829, 0.37418476155969826, 0.015762860495110109], [1, 0, 0, 1, 1, 1], 1) 
hit_rate: 0.76 
iteration 80 
([-1.1445950947517562, 1.9762775806430108, -2.2445431956150581, 1.9103847168956829, 0.37418476155969826, 0.015762860495110109], [1, 0, 0, 1, 1, 1], 1) 
hit_rate: 0.76 
iteration 81 
([-1.1445950947517562, 1.9762775806430108, -2.2445431956150581, 1.9285438624845557, 0.37418476155969826, 0.015762860495110109], [1, 0, 0, 1, 1, 1], 1) 
hit_rate: 0.76 
iteration 82 
([-1.1445950947517562, 1.9762775806430108, -2.2445431956150581, 1.9285438624845557, 0.37418476155969826, 0.76129760229905408], [1, 0, 0, 1, 1, 1], 3) 
hit_rate: 0.76 
iteration 83 
([-1.1445950947517562, 1.9762775806430108, -2.2445431956150581, 2.0803740018977157, 0.37418476155969826, 0.76129760229905408], [1, 0, 0, 1, 1, 1], 3) 
hit_rate: 0.72 
iteration 84 
([-0.52860713470661147, 1.9762775806430108, -2.2445431956150581, 2.0803740018977157, 0.37418476155969826, 0.76129760229905408], [1, 0, 0, 1, 1, 1], 5) 
hit_rate: 0.76 
iteration 85 
([-0.52860713470661147, 2.2736572196143436, -2.2445431956150581, 2.0803740018977157, 0.37418476155969826, 0.76129760229905408], [1, 0, 0, 1, 1, 1], 5) 
hit_rate: 0.76 
iteration 86 
([-0.52860713470661147, 2.2736572196143436, -1.5268204961721432, 2.0803740018977157, 0.37418476155969826, 0.76129760229905408], [1, 0, 0, 1, 1, 1], 5) 
hit_rate: 0.76 
iteration 87 
([-0.55242949977257716, 2.2736572196143436, -1.5268204961721432, 2.0803740018977157, 0.37418476155969826, 0.76129760229905408], [1, 0, 0, 1, 1, 1], 5) 
hit_rate: 0.76 
iteration 88 
([-0.55242949977257716, 2.2172336392813001, -1.5268204961721432, 2.0803740018977157, 0.37418476155969826, 0.76129760229905408], [1, 0, 0, 1, 1, 1], 5) 
hit_rate: 0.76 
iteration 89 
([-0.55242949977257716, 2.2172336392813001, -1.4637194226420505, 2.0803740018977157, 0.37418476155969826, 0.76129760229905408], [1, 0, 0, 1, 1, 1], 5) 
hit_rate: 0.76 
iteration 90 
([-0.55242949977257716, 2.2172336392813001, -2.1150111798153937, 2.0803740018977157, 0.37418476155969826, 0.76129760229905408], [1, 0, 0, 1, 1, 1], 5) 
hit_rate: 0.76 
iteration 91 
([-0.55242949977257716, 2.2172336392813001, -2.1150111798153937, 2.1666304508271641, 0.37418476155969826, 0.76129760229905408], [1, 0, 0, 1, 1, 1], 5) 
hit_rate: 0.76 
iteration 92 
([-0.55242949977257716, 2.2172336392813001, -2.1150111798153937, 2.1666304508271641, 0.42214295996422435, 0.76129760229905408], [1, 0, 0, 1, 1, 1], 5) 
hit_rate: 0.72 
iteration 93 
([-0.55242949977257716, 2.2172336392813001, -3.0539704459764971, 2.1666304508271641, 0.42214295996422435, 0.76129760229905408], [1, 0, 0, 1, 1, 1], 5) 
hit_rate: 0.72 
iteration 94 
([-0.55242949977257716, 3.1096286747709758, -3.0539704459764971, 2.1666304508271641, 0.42214295996422435, 0.76129760229905408], [1, 0, 0, 1, 1, 1], 5) 
hit_rate: 0.72 
iteration 95 
([-0.55242949977257716, 3.1096286747709758, -3.0539704459764971, 2.1666304508271641, 0.2861908791070471, 0.76129760229905408], [1, 0, 0, 1, 1, 1], 5) 
hit_rate: 0.76 
iteration 96 
([-0.55242949977257716, 3.1096286747709758, -3.0539704459764971, 2.1666304508271641, 0.2861908791070471, 1.0346242318072749], [1, 0, 0, 1, 1, 1], 3) 
hit_rate: 0.68 
iteration 97 
([-0.55242949977257716, 3.2604128269592429, -3.0539704459764971, 2.1666304508271641, 0.2861908791070471, 1.0346242318072749], [1, 0, 0, 1, 1, 1], 3) 
hit_rate: 0.68 
iteration 98 
([-0.55242949977257716, 3.2604128269592429, -3.0539704459764971, 2.1046980786041232, 0.2861908791070471, 1.0346242318072749], [1, 0, 0, 1, 1, 1], 3) 
hit_rate: 0.72 
iteration 99 
([-0.55242949977257716, 3.2604128269592429, -3.0539704459764971, 2.1046980786041232, 0.2861908791070471, 0.90334294152341998], [1, 0, 0, 1, 1, 1], 5) 
hit_rate: 0.72 
best solution: ([-0.55242949977257716, 3.2604128269592429, -3.0539704459764971, 2.1046980786041232, 0.2861908791070471, 0.90334294152341998], [1, 0, 0, 1, 1, 1], 5)
Hits for the best solution: 0.72
TS Spent time: 1498.33261609
k-NN Spent time: 0.652365207672
