iteration 0 
([1.0, 1.0, 1.0, 1.0, 1.0, 1.0], [1, 1, 0, 1, 1, 1], 4) 
hit_rate: 0.68 
iteration 1 
([1.0, 1.0, 1.0, 1.0, 1.0, 1.0], [1, 1, 0, 1, 0, 1], 4) 
hit_rate: 0.8 
iteration 2 
([1.0, 1.0, 1.0, 1.0, 1.0, 1.0], [1, 1, 0, 1, 0, 0], 5) 
hit_rate: 0.6 
iteration 3 
([1.0, 0.62106253806767042, 1.0, 1.0, 1.0, 1.0], [1, 1, 0, 1, 0, 0], 9) 
hit_rate: 0.68 
iteration 4 
([1.0, 0.62106253806767042, 1.0, 1.0, 0.18695141213784794, 1.0], [1, 1, 0, 1, 0, 0], 9) 
hit_rate: 0.68 
iteration 5 
([1.203484633779262, 0.62106253806767042, 1.0, 1.0, 0.18695141213784794, 1.0], [1, 1, 0, 1, 0, 0], 3) 
hit_rate: 0.68 
iteration 6 
([1.203484633779262, 0.62106253806767042, 1.0, 0.80057374436782869, 0.18695141213784794, 1.0], [1, 1, 0, 1, 0, 0], 9) 
hit_rate: 0.68 
iteration 7 
([1.203484633779262, 0.62106253806767042, 1.0, 0.80057374436782869, 0.18695141213784794, 1.7456834008313951], [1, 1, 0, 1, 0, 0], 9) 
hit_rate: 0.68 
iteration 8 
([1.203484633779262, 0.62106253806767042, 0.11011754892188641, 0.80057374436782869, 0.18695141213784794, 1.7456834008313951], [1, 1, 0, 1, 0, 0], 9) 
hit_rate: 0.68 
iteration 9 
([1.203484633779262, 0.62106253806767042, 0.11011754892188641, 0.80057374436782869, 0.18695141213784794, 0.78545676306981593], [1, 1, 0, 1, 0, 0], 9) 
hit_rate: 0.68 
iteration 10 
([0.53054593685955931, 0.62106253806767042, 0.11011754892188641, 0.80057374436782869, 0.18695141213784794, 0.78545676306981593], [1, 1, 0, 1, 0, 0], 7) 
hit_rate: 0.64 
iteration 11 
([0.53054593685955931, 0.62106253806767042, 0.11011754892188641, 0.80057374436782869, 0.93673488887646728, 0.78545676306981593], [1, 1, 0, 1, 0, 0], 5) 
hit_rate: 0.68 
iteration 12 
([0.53054593685955931, 0.67255379385644964, 0.11011754892188641, 0.80057374436782869, 0.93673488887646728, 0.78545676306981593], [1, 1, 0, 1, 0, 0], 5) 
hit_rate: 0.68 
iteration 13 
([0.53054593685955931, 0.67255379385644964, -0.65739291956637325, 0.80057374436782869, 0.93673488887646728, 0.78545676306981593], [1, 1, 0, 1, 0, 0], 5) 
hit_rate: 0.68 
iteration 14 
([0.53054593685955931, 0.67255379385644964, -0.65739291956637325, 0.46660576068588866, 0.93673488887646728, 0.78545676306981593], [1, 1, 0, 1, 0, 0], 3) 
hit_rate: 0.68 
iteration 15 
([0.53054593685955931, 0.67255379385644964, -0.65739291956637325, 0.46660576068588866, 0.93673488887646728, 0.78545676306981593], [1, 1, 0, 1, 0, 1], 4) 
hit_rate: 0.72 
iteration 16 
([0.53054593685955931, 0.67255379385644964, -0.65739291956637325, 0.46660576068588866, 0.93673488887646728, 0.042955181740645498], [1, 1, 0, 1, 0, 1], 5) 
hit_rate: 0.6 
iteration 17 
([0.53054593685955931, 0.67255379385644964, -0.65739291956637325, 0.46660576068588866, 1.6560384727650823, 0.042955181740645498], [1, 1, 0, 1, 0, 1], 3) 
hit_rate: 0.64 
iteration 18 
([0.53054593685955931, 0.67255379385644964, -0.65739291956637325, 0.46660576068588866, 2.6373901619666578, 0.042955181740645498], [1, 1, 0, 1, 0, 1], 9) 
hit_rate: 0.72 
iteration 19 
([0.53054593685955931, 0.67255379385644964, -1.6334753638281196, 0.46660576068588866, 2.6373901619666578, 0.042955181740645498], [1, 1, 0, 1, 0, 1], 9) 
hit_rate: 0.72 
iteration 20 
([0.53054593685955931, 0.67255379385644964, -1.6334753638281196, 0.46660576068588866, 2.8059483241890457, 0.042955181740645498], [1, 1, 0, 1, 0, 1], 9) 
hit_rate: 0.72 
iteration 21 
([0.53054593685955931, 0.67255379385644964, -2.1923600961816012, 0.46660576068588866, 2.8059483241890457, 0.042955181740645498], [1, 1, 0, 1, 0, 1], 9) 
hit_rate: 0.72 
iteration 22 
([0.53054593685955931, 0.67255379385644964, -2.1923600961816012, 0.46660576068588866, 3.0112358830391139, 0.042955181740645498], [1, 1, 0, 1, 0, 1], 9) 
hit_rate: 0.72 
iteration 23 
([0.53054593685955931, 0.67255379385644964, -2.1923600961816012, 0.46660576068588866, 2.5562912585169624, 0.042955181740645498], [1, 1, 0, 1, 0, 1], 3) 
hit_rate: 0.64 
iteration 24 
([0.53054593685955931, 0.67255379385644964, -2.1923600961816012, 0.46660576068588866, 2.5562912585169624, 0.042955181740645498], [1, 1, 0, 1, 0, 0], 4) 
hit_rate: 0.68 
iteration 25 
([0.53054593685955931, 0.038339832582475308, -2.1923600961816012, 0.46660576068588866, 2.5562912585169624, 0.042955181740645498], [1, 1, 0, 1, 0, 0], 3) 
hit_rate: 0.64 
iteration 26 
([0.53054593685955931, 0.038339832582475308, -1.8493267717216866, 0.46660576068588866, 2.5562912585169624, 0.042955181740645498], [1, 1, 0, 1, 0, 0], 3) 
hit_rate: 0.64 
iteration 27 
([0.6670379057657867, 0.038339832582475308, -1.8493267717216866, 0.46660576068588866, 2.5562912585169624, 0.042955181740645498], [1, 1, 0, 1, 0, 0], 3) 
hit_rate: 0.68 
iteration 28 
([0.6670379057657867, -0.80219238351580202, -1.8493267717216866, 0.46660576068588866, 2.5562912585169624, 0.042955181740645498], [1, 1, 0, 1, 0, 0], 9) 
hit_rate: 0.64 
iteration 29 
([0.6670379057657867, -0.80219238351580202, -1.8493267717216866, 0.46660576068588866, 2.5562912585169624, 0.96183114312159157], [1, 1, 0, 1, 0, 0], 9) 
hit_rate: 0.64 
iteration 30 
([0.6670379057657867, -0.80219238351580202, -1.8493267717216866, 0.46660576068588866, 2.2563225026506735, 0.96183114312159157], [1, 1, 0, 1, 0, 0], 9) 
hit_rate: 0.64 
iteration 31 
([0.6670379057657867, -0.80219238351580202, -1.8493267717216866, 1.0060289221569572, 2.2563225026506735, 0.96183114312159157], [1, 1, 0, 1, 0, 0], 7) 
hit_rate: 0.64 
iteration 32 
([0.6670379057657867, -0.80219238351580202, -2.5187551968313828, 1.0060289221569572, 2.2563225026506735, 0.96183114312159157], [1, 1, 0, 1, 0, 0], 5) 
hit_rate: 0.72 
iteration 33 
([0.6670379057657867, -0.80219238351580202, -2.5187551968313828, 1.0060289221569572, 2.2563225026506735, 1.7193737248334291], [1, 1, 0, 1, 0, 0], 5) 
hit_rate: 0.72 
iteration 34 
([0.6670379057657867, -0.80219238351580202, -2.5187551968313828, 1.0060289221569572, 2.8802117616293268, 1.7193737248334291], [1, 1, 0, 1, 0, 0], 5) 
hit_rate: 0.72 
iteration 35 
([0.6670379057657867, -0.80219238351580202, -2.0923243959839954, 1.0060289221569572, 2.8802117616293268, 1.7193737248334291], [1, 1, 0, 1, 0, 0], 5) 
hit_rate: 0.72 
iteration 36 
([0.6670379057657867, -0.80219238351580202, -1.5677961839979637, 1.0060289221569572, 2.8802117616293268, 1.7193737248334291], [1, 1, 0, 1, 0, 0], 5) 
hit_rate: 0.72 
iteration 37 
([0.6670379057657867, -0.80219238351580202, -1.5677961839979637, 1.0060289221569572, 2.7740406324547955, 1.7193737248334291], [1, 1, 0, 1, 0, 0], 5) 
hit_rate: 0.72 
iteration 38 
([0.6670379057657867, -0.80219238351580202, -1.7446012559536119, 1.0060289221569572, 2.7740406324547955, 1.7193737248334291], [1, 1, 0, 1, 0, 0], 5) 
hit_rate: 0.72 
iteration 39 
([0.6670379057657867, -0.80219238351580202, -2.102047844473204, 1.0060289221569572, 2.7740406324547955, 1.7193737248334291], [1, 1, 0, 1, 0, 0], 5) 
hit_rate: 0.72 
iteration 40 
([0.6670379057657867, -0.80219238351580202, -2.102047844473204, 1.0060289221569572, 3.3628899816458668, 1.7193737248334291], [1, 1, 0, 1, 0, 0], 5) 
hit_rate: 0.72 
iteration 41 
([0.66125824080522699, -0.80219238351580202, -2.102047844473204, 1.0060289221569572, 3.3628899816458668, 1.7193737248334291], [1, 1, 0, 1, 0, 0], 5) 
hit_rate: 0.72 
iteration 42 
([0.66125824080522699, -0.80219238351580202, -2.102047844473204, 1.0060289221569572, 4.2113478661138561, 1.7193737248334291], [1, 1, 0, 1, 0, 0], 5) 
hit_rate: 0.72 
iteration 43 
([0.66125824080522699, -0.80219238351580202, -2.102047844473204, 1.0060289221569572, 3.3211755870269917, 1.7193737248334291], [1, 1, 0, 1, 0, 0], 5) 
hit_rate: 0.72 
iteration 44 
([0.66125824080522699, -0.80219238351580202, -2.102047844473204, 1.0060289221569572, 3.3250776550860572, 1.7193737248334291], [1, 1, 0, 1, 0, 0], 5) 
hit_rate: 0.72 
iteration 45 
([0.66125824080522699, -0.80219238351580202, -2.102047844473204, 1.0060289221569572, 3.3250776550860572, 1.7670307173054687], [1, 1, 0, 1, 0, 0], 5) 
hit_rate: 0.72 
iteration 46 
([0.66125824080522699, -0.80219238351580202, -2.102047844473204, 1.0060289221569572, 4.1211843280844453, 1.7670307173054687], [1, 1, 0, 1, 0, 0], 5) 
hit_rate: 0.72 
iteration 47 
([0.66125824080522699, -0.80219238351580202, -2.102047844473204, 1.0060289221569572, 3.2411320792481844, 1.7670307173054687], [1, 1, 0, 1, 0, 0], 5) 
hit_rate: 0.72 
iteration 48 
([0.66125824080522699, -0.80219238351580202, -2.102047844473204, 1.0060289221569572, 2.7917056715090354, 1.7670307173054687], [1, 1, 0, 1, 0, 0], 7) 
hit_rate: 0.64 
iteration 49 
([0.66125824080522699, -0.80219238351580202, -2.4410796716231546, 1.0060289221569572, 2.7917056715090354, 1.7670307173054687], [1, 1, 0, 1, 0, 0], 5) 
hit_rate: 0.72 
iteration 50 
([0.66125824080522699, -0.51139800629715215, -2.4410796716231546, 1.0060289221569572, 2.7917056715090354, 1.7670307173054687], [1, 1, 0, 1, 0, 0], 5) 
hit_rate: 0.72 
iteration 51 
([0.66125824080522699, -0.51139800629715215, -2.4410796716231546, 1.0060289221569572, 2.7917056715090354, 2.2627653869061612], [1, 1, 0, 1, 0, 0], 5) 
hit_rate: 0.72 
iteration 52 
([0.66125824080522699, -0.51139800629715215, -2.4410796716231546, 1.0060289221569572, 3.3888854882677779, 2.2627653869061612], [1, 1, 0, 1, 0, 0], 5) 
hit_rate: 0.72 
iteration 53 
([0.66125824080522699, -0.51139800629715215, -2.4410796716231546, 1.0060289221569572, 3.3888854882677779, 2.9037323964498145], [1, 1, 0, 1, 0, 0], 5) 
hit_rate: 0.72 
iteration 54 
([0.66125824080522699, -0.51139800629715215, -2.4143712977211051, 1.0060289221569572, 3.3888854882677779, 2.9037323964498145], [1, 1, 0, 1, 0, 0], 5) 
hit_rate: 0.72 
iteration 55 
([0.66125824080522699, 0.43482211210892441, -2.4143712977211051, 1.0060289221569572, 3.3888854882677779, 2.9037323964498145], [1, 1, 0, 1, 0, 0], 5) 
hit_rate: 0.72 
iteration 56 
([0.66125824080522699, 0.43482211210892441, -2.4143712977211051, 1.0060289221569572, 3.9712409272397666, 2.9037323964498145], [1, 1, 0, 1, 0, 0], 5) 
hit_rate: 0.72 
iteration 57 
([0.66125824080522699, 0.43482211210892441, -2.4143712977211051, 1.0060289221569572, 4.1061441283015787, 2.9037323964498145], [1, 1, 0, 1, 0, 0], 9) 
hit_rate: 0.72 
iteration 58 
([0.66125824080522699, 0.43482211210892441, -2.4143712977211051, 1.0060289221569572, 4.5122217209199365, 2.9037323964498145], [1, 1, 0, 1, 0, 0], 9) 
hit_rate: 0.72 
iteration 59 
([0.66125824080522699, 0.43482211210892441, -2.4143712977211051, 1.0060289221569572, 4.0481595884819024, 2.9037323964498145], [1, 1, 0, 1, 0, 0], 9) 
hit_rate: 0.72 
iteration 60 
([0.66125824080522699, 0.43482211210892441, -2.6426068562367306, 1.0060289221569572, 4.0481595884819024, 2.9037323964498145], [1, 1, 0, 1, 0, 0], 9) 
hit_rate: 0.72 
iteration 61 
([0.66125824080522699, 0.43482211210892441, -2.6426068562367306, 1.0060289221569572, 4.3834615098606582, 2.9037323964498145], [1, 1, 0, 1, 0, 0], 9) 
hit_rate: 0.72 
iteration 62 
([0.66125824080522699, 0.43482211210892441, -2.6426068562367306, 1.0060289221569572, 4.3834615098606582, 2.2785726726220625], [1, 1, 0, 1, 0, 0], 9) 
hit_rate: 0.72 
iteration 63 
([0.66125824080522699, 0.43482211210892441, -2.6426068562367306, 1.0060289221569572, 3.5588291268601973, 2.2785726726220625], [1, 1, 0, 1, 0, 0], 5) 
hit_rate: 0.72 
iteration 64 
([0.66125824080522699, 0.43482211210892441, -2.6426068562367306, 1.0060289221569572, 3.3582603661346613, 2.2785726726220625], [1, 1, 0, 1, 0, 0], 5) 
hit_rate: 0.72 
iteration 65 
([0.66125824080522699, 0.43482211210892441, -2.6426068562367306, 1.0060289221569572, 3.3582603661346613, 1.3357314003039813], [1, 1, 0, 1, 0, 0], 5) 
hit_rate: 0.72 
iteration 66 
([0.66125824080522699, 0.43482211210892441, -1.9742536432472326, 1.0060289221569572, 3.3582603661346613, 1.3357314003039813], [1, 1, 0, 1, 0, 0], 5) 
hit_rate: 0.72 
iteration 67 
([0.66125824080522699, 0.43482211210892441, -1.9742536432472326, 1.0060289221569572, 3.3582603661346613, 0.88043376794456574], [1, 1, 0, 1, 0, 0], 5) 
hit_rate: 0.72 
iteration 68 
([0.66125824080522699, 0.43482211210892441, -1.9742536432472326, 1.0060289221569572, 3.3582603661346613, 0.84656989962938223], [1, 1, 0, 1, 0, 0], 5) 
hit_rate: 0.72 
iteration 69 
([0.66125824080522699, 0.43482211210892441, -2.9568047314006738, 1.0060289221569572, 3.3582603661346613, 0.84656989962938223], [1, 1, 0, 1, 0, 0], 9) 
hit_rate: 0.72 
iteration 70 
([0.66125824080522699, 0.43482211210892441, -3.5504737431053188, 1.0060289221569572, 3.3582603661346613, 0.84656989962938223], [1, 1, 0, 1, 0, 0], 9) 
hit_rate: 0.72 
iteration 71 
([0.66125824080522699, 0.43482211210892441, -3.5504737431053188, 1.0060289221569572, 3.3582603661346613, 1.8236945850383803], [1, 1, 0, 1, 0, 0], 9) 
hit_rate: 0.72 
iteration 72 
([0.66125824080522699, 0.43482211210892441, -3.5504737431053188, 1.0060289221569572, 3.3582603661346613, 2.5012511532756116], [1, 1, 0, 1, 0, 0], 5) 
hit_rate: 0.72 
iteration 73 
([0.66125824080522699, 0.43482211210892441, -3.5504737431053188, 1.0060289221569572, 3.3582603661346613, 2.2031658620505015], [1, 1, 0, 1, 0, 0], 5) 
hit_rate: 0.72 
iteration 74 
([0.66125824080522699, 0.43482211210892441, -3.5504737431053188, 1.0060289221569572, 3.9488078997399132, 2.2031658620505015], [1, 1, 0, 1, 0, 0], 5) 
hit_rate: 0.72 
iteration 75 
([0.66125824080522699, 0.43482211210892441, -3.5504737431053188, 1.0060289221569572, 3.8990553953779843, 2.2031658620505015], [1, 1, 0, 1, 0, 0], 5) 
hit_rate: 0.72 
iteration 76 
([0.66125824080522699, 0.43482211210892441, -3.5504737431053188, 1.0060289221569572, 4.0191594214946944, 2.2031658620505015], [1, 1, 0, 1, 0, 0], 5) 
hit_rate: 0.72 
iteration 77 
([0.66125824080522699, 0.43482211210892441, -2.69491552928022, 1.0060289221569572, 4.0191594214946944, 2.2031658620505015], [1, 1, 0, 1, 0, 0], 5) 
hit_rate: 0.72 
iteration 78 
([0.66125824080522699, 0.43482211210892441, -2.7707518582692465, 1.0060289221569572, 4.0191594214946944, 2.2031658620505015], [1, 1, 0, 1, 0, 0], 9) 
hit_rate: 0.72 
iteration 79 
([0.66125824080522699, 0.43482211210892441, -2.7707518582692465, 1.0060289221569572, 4.8953025890105817, 2.2031658620505015], [1, 1, 0, 1, 0, 0], 5) 
hit_rate: 0.72 
iteration 80 
([0.66125824080522699, 0.43482211210892441, -2.7707518582692465, 1.0060289221569572, 4.993877896400809, 2.2031658620505015], [1, 1, 0, 1, 0, 0], 5) 
hit_rate: 0.72 
iteration 81 
([0.66125824080522699, 0.43482211210892441, -2.6376186590942057, 1.0060289221569572, 4.993877896400809, 2.2031658620505015], [1, 1, 0, 1, 0, 0], 9) 
hit_rate: 0.72 
iteration 82 
([0.66125824080522699, 0.43482211210892441, -2.8954970471016663, 1.0060289221569572, 4.993877896400809, 2.2031658620505015], [1, 1, 0, 1, 0, 0], 9) 
hit_rate: 0.72 
iteration 83 
([0.66125824080522699, 0.43482211210892441, -2.8954970471016663, 1.0060289221569572, 4.993877896400809, 2.3911388773944893], [1, 1, 0, 1, 0, 0], 5) 
hit_rate: 0.72 
iteration 84 
([0.66125824080522699, 0.61143649484150919, -2.8954970471016663, 1.0060289221569572, 4.993877896400809, 2.3911388773944893], [1, 1, 0, 1, 0, 0], 5) 
hit_rate: 0.72 
iteration 85 
([0.66125824080522699, 0.61143649484150919, -2.0371776410901421, 1.0060289221569572, 4.993877896400809, 2.3911388773944893], [1, 1, 0, 1, 0, 0], 5) 
hit_rate: 0.72 
iteration 86 
([0.66125824080522699, 0.61143649484150919, -2.0384120842113287, 1.0060289221569572, 4.993877896400809, 2.3911388773944893], [1, 1, 0, 1, 0, 0], 7) 
hit_rate: 0.76 
iteration 87 
([0.66125824080522699, 0.61143649484150919, -2.0384120842113287, 1.0060289221569572, 4.993877896400809, 2.7713952018669032], [1, 1, 0, 1, 0, 0], 7) 
hit_rate: 0.76 
iteration 88 
([0.66125824080522699, 0.61143649484150919, -2.0384120842113287, 1.0060289221569572, 4.993877896400809, 3.5320015906499682], [1, 1, 0, 1, 0, 0], 7) 
hit_rate: 0.76 
iteration 89 
([0.66125824080522699, 0.61143649484150919, -1.3163151474988064, 1.0060289221569572, 4.993877896400809, 3.5320015906499682], [1, 1, 0, 1, 0, 0], 7) 
hit_rate: 0.76 
iteration 90 
([0.66125824080522699, 0.61143649484150919, -0.40751605411137826, 1.0060289221569572, 4.993877896400809, 3.5320015906499682], [1, 1, 0, 1, 0, 0], 5) 
hit_rate: 0.72 
iteration 91 
([0.66125824080522699, 0.61143649484150919, -0.40751605411137826, 1.0060289221569572, 4.993877896400809, 4.3875175003037832], [1, 1, 0, 1, 0, 0], 7) 
hit_rate: 0.76 
iteration 92 
([0.66125824080522699, 0.61143649484150919, -0.40751605411137826, 1.0060289221569572, 4.993877896400809, 4.9960179499937052], [1, 1, 0, 1, 0, 0], 5) 
hit_rate: 0.72 
iteration 93 
([0.66125824080522699, 0.61143649484150919, -0.40751605411137826, 1.0060289221569572, 4.9127403621150618, 4.9960179499937052], [1, 1, 0, 1, 0, 0], 7) 
hit_rate: 0.76 
iteration 94 
([0.66125824080522699, 0.61143649484150919, 0.01817749582526984, 1.0060289221569572, 4.9127403621150618, 4.9960179499937052], [1, 1, 0, 1, 0, 0], 7) 
hit_rate: 0.76 
iteration 95 
([0.66125824080522699, 0.61143649484150919, 0.01817749582526984, 1.0060289221569572, 4.9127403621150618, 4.1859230951139832], [1, 1, 0, 1, 0, 0], 7) 
hit_rate: 0.76 
iteration 96 
([0.66125824080522699, 0.61143649484150919, 0.0050904416963455379, 1.0060289221569572, 4.9127403621150618, 4.1859230951139832], [1, 1, 0, 1, 0, 0], 7) 
hit_rate: 0.76 
iteration 97 
([0.66125824080522699, 0.61143649484150919, 0.0050904416963455379, 1.0060289221569572, 4.4917284721368542, 4.1859230951139832], [1, 1, 0, 1, 0, 0], 7) 
hit_rate: 0.76 
iteration 98 
([0.66125824080522699, 0.61143649484150919, 0.0050904416963455379, 1.0060289221569572, 4.4917284721368542, 3.4728628164863489], [1, 1, 0, 1, 0, 0], 7) 
hit_rate: 0.76 
iteration 99 
([0.66125824080522699, 0.61143649484150919, 0.0050904416963455379, 1.0060289221569572, 4.4917284721368542, 3.7809642438401001], [1, 1, 0, 1, 0, 0], 7) 
hit_rate: 0.76 
best solution: ([0.66125824080522699, 0.61143649484150919, 0.0050904416963455379, 1.0060289221569572, 4.4917284721368542, 3.7809642438401001], [1, 1, 0, 1, 0, 0], 7)
Hits for the best solution: 0.76
TS Spent time: 1355.67621589
k-NN Spent time: 0.590154886246
