iteration 0 
([1.0, 1.0, 0.042038778935386434, 1.0, 1.0, 1.0], [1, 1, 1, 1, 1, 1], 9) 
hit_rate: 0.75 
iteration 1 
([0.20993044137456773, 1.0, 0.042038778935386434, 1.0, 1.0, 1.0], [1, 1, 1, 1, 1, 1], 9) 
hit_rate: 0.75 
iteration 2 
([0.20993044137456773, 1.0, 0.042038778935386434, 1.0, 1.0, 0.9704932821379979], [1, 1, 1, 1, 1, 1], 9) 
hit_rate: 0.75 
iteration 3 
([-0.063272451944869301, 1.0, 0.042038778935386434, 1.0, 1.0, 0.9704932821379979], [1, 1, 1, 1, 1, 1], 9) 
hit_rate: 0.75 
iteration 4 
([-0.063272451944869301, 1.0, 0.042038778935386434, 0.7090857082012707, 1.0, 0.9704932821379979], [1, 1, 1, 1, 1, 1], 7) 
hit_rate: 0.75 
iteration 5 
([-0.063272451944869301, 1.0, 0.042038778935386434, 1.0417452467395529, 1.0, 0.9704932821379979], [1, 1, 1, 1, 1, 1], 9) 
hit_rate: 0.75 
iteration 6 
([-0.063272451944869301, 1.0, 0.042038778935386434, 1.0417452467395529, 0.1776306266942802, 0.9704932821379979], [1, 1, 1, 1, 1, 1], 7) 
hit_rate: 0.625 
iteration 7 
([-0.33732148335325052, 1.0, 0.042038778935386434, 1.0417452467395529, 0.1776306266942802, 0.9704932821379979], [1, 1, 1, 1, 1, 1], 7) 
hit_rate: 0.6875 
iteration 8 
([-0.33732148335325052, 1.0, 0.042038778935386434, 1.0417452467395529, 1.1287825323713494, 0.9704932821379979], [1, 1, 1, 1, 1, 1], 9) 
hit_rate: 0.75 
iteration 9 
([-1.1061459910544649, 1.0, 0.042038778935386434, 1.0417452467395529, 1.1287825323713494, 0.9704932821379979], [1, 1, 1, 1, 1, 1], 9) 
hit_rate: 0.75 
iteration 10 
([-1.1061459910544649, 1.0, 0.042038778935386434, 1.0417452467395529, 1.1287825323713494, 1.173872475069456], [1, 1, 1, 1, 1, 1], 9) 
hit_rate: 0.8125 
iteration 11 
([-1.1061459910544649, 1.0, 0.30325154139317667, 1.0417452467395529, 1.1287825323713494, 1.173872475069456], [1, 1, 1, 1, 1, 1], 9) 
hit_rate: 0.8125 
iteration 12 
([-1.1061459910544649, 1.0, 0.30325154139317667, 1.4965364466787416, 1.1287825323713494, 1.173872475069456], [1, 1, 1, 1, 1, 1], 9) 
hit_rate: 0.625 
iteration 13 
([-1.1061459910544649, 1.0, 0.30325154139317667, 1.4965364466787416, 1.6154361924299396, 1.173872475069456], [1, 1, 1, 1, 1, 1], 9) 
hit_rate: 0.6875 
iteration 14 
([-1.1061459910544649, 1.0, 0.30325154139317667, 2.2563239279101621, 1.6154361924299396, 1.173872475069456], [1, 1, 1, 1, 1, 1], 9) 
hit_rate: 0.75 
iteration 15 
([-1.1061459910544649, 1.0, 0.30325154139317667, 2.2563239279101621, 1.6154361924299396, 1.3278707809530579], [1, 1, 1, 1, 1, 1], 9) 
hit_rate: 0.75 
iteration 16 
([-1.1061459910544649, 1.2177690733663613, 0.30325154139317667, 2.2563239279101621, 1.6154361924299396, 1.3278707809530579], [1, 1, 1, 1, 1, 1], 7) 
hit_rate: 0.6875 
iteration 17 
([-1.1061459910544649, 1.2177690733663613, 0.30325154139317667, 2.1192692456774438, 1.6154361924299396, 1.3278707809530579], [1, 1, 1, 1, 1, 1], 7) 
hit_rate: 0.75 
iteration 18 
([-0.78970602665563461, 1.2177690733663613, 0.30325154139317667, 2.1192692456774438, 1.6154361924299396, 1.3278707809530579], [1, 1, 1, 1, 1, 1], 7) 
hit_rate: 0.75 
iteration 19 
([-0.78970602665563461, 1.2177690733663613, -0.50769452485896616, 2.1192692456774438, 1.6154361924299396, 1.3278707809530579], [1, 1, 1, 1, 1, 1], 7) 
hit_rate: 0.8125 
iteration 20 
([-0.78970602665563461, 1.2177690733663613, -0.50769452485896616, 2.1192692456774438, 1.4613680986397999, 1.3278707809530579], [1, 1, 1, 1, 1, 1], 7) 
hit_rate: 0.8125 
iteration 21 
([-0.78970602665563461, 1.2177690733663613, -0.50769452485896616, 2.1192692456774438, 0.51646156859690273, 1.3278707809530579], [1, 1, 1, 1, 1, 1], 9) 
hit_rate: 0.75 
iteration 22 
([-0.78970602665563461, 1.2177690733663613, -0.50769452485896616, 1.1381071151309725, 0.51646156859690273, 1.3278707809530579], [1, 1, 1, 1, 1, 1], 1) 
hit_rate: 0.6875 
iteration 23 
([-0.78970602665563461, 1.2177690733663613, -0.43175641759797156, 1.1381071151309725, 0.51646156859690273, 1.3278707809530579], [1, 1, 1, 1, 1, 1], 7) 
hit_rate: 0.6875 
iteration 24 
([-0.78970602665563461, 1.2177690733663613, -0.43175641759797156, 1.1381071151309725, 0.16866179970864326, 1.3278707809530579], [1, 1, 1, 1, 1, 1], 1) 
hit_rate: 0.6875 
iteration 25 
([-0.78970602665563461, 1.2177690733663613, 0.52619590483337819, 1.1381071151309725, 0.16866179970864326, 1.3278707809530579], [1, 1, 1, 1, 1, 1], 1) 
hit_rate: 0.6875 
iteration 26 
([-0.5177255287503153, 1.2177690733663613, 0.52619590483337819, 1.1381071151309725, 0.16866179970864326, 1.3278707809530579], [1, 1, 1, 1, 1, 1], 7) 
hit_rate: 0.6875 
iteration 27 
([0.38155754991509716, 1.2177690733663613, 0.52619590483337819, 1.1381071151309725, 0.16866179970864326, 1.3278707809530579], [1, 1, 1, 1, 1, 1], 7) 
hit_rate: 0.6875 
iteration 28 
([0.38155754991509716, 1.2177690733663613, 0.52619590483337819, 1.1381071151309725, -0.24675835848924765, 1.3278707809530579], [1, 1, 1, 1, 1, 1], 7) 
hit_rate: 0.6875 
iteration 29 
([1.1342773221680784, 1.2177690733663613, 0.52619590483337819, 1.1381071151309725, -0.24675835848924765, 1.3278707809530579], [1, 1, 1, 1, 1, 1], 7) 
hit_rate: 0.6875 
iteration 30 
([1.1342773221680784, 1.2177690733663613, 0.52619590483337819, 1.1381071151309725, -0.68833626744597654, 1.3278707809530579], [1, 1, 1, 1, 1, 1], 7) 
hit_rate: 0.75 
iteration 31 
([1.6422436180254856, 1.2177690733663613, 0.52619590483337819, 1.1381071151309725, -0.68833626744597654, 1.3278707809530579], [1, 1, 1, 1, 1, 1], 7) 
hit_rate: 0.6875 
iteration 32 
([1.6422436180254856, 1.2177690733663613, 0.52619590483337819, 2.136161491586769, -0.68833626744597654, 1.3278707809530579], [1, 1, 1, 1, 1, 1], 9) 
hit_rate: 0.6875 
iteration 33 
([1.1446766951857068, 1.2177690733663613, 0.52619590483337819, 2.136161491586769, -0.68833626744597654, 1.3278707809530579], [1, 1, 1, 1, 1, 1], 9) 
hit_rate: 0.75 
iteration 34 
([1.1446766951857068, 1.2177690733663613, 0.52619590483337819, 2.136161491586769, -0.68833626744597654, 1.3459449818365523], [1, 1, 1, 1, 1, 1], 9) 
hit_rate: 0.75 
iteration 35 
([1.1446766951857068, 1.4120591103648865, 0.52619590483337819, 2.136161491586769, -0.68833626744597654, 1.3459449818365523], [1, 1, 1, 1, 1, 1], 7) 
hit_rate: 0.75 
iteration 36 
([1.1446766951857068, 1.4120591103648865, 0.52619590483337819, 2.1916834496996707, -0.68833626744597654, 1.3459449818365523], [1, 1, 1, 1, 1, 1], 7) 
hit_rate: 0.75 
iteration 37 
([1.1446766951857068, 1.4120591103648865, 0.52619590483337819, 2.4027570904073077, -0.68833626744597654, 1.3459449818365523], [1, 1, 1, 1, 1, 1], 7) 
hit_rate: 0.75 
iteration 38 
([1.1446766951857068, 1.9658825472104957, 0.52619590483337819, 2.4027570904073077, -0.68833626744597654, 1.3459449818365523], [1, 1, 1, 1, 1, 1], 7) 
hit_rate: 0.6875 
iteration 39 
([1.1446766951857068, 1.1649233953778033, 0.52619590483337819, 2.4027570904073077, -0.68833626744597654, 1.3459449818365523], [1, 1, 1, 1, 1, 1], 7) 
hit_rate: 0.75 
iteration 40 
([1.1446766951857068, 1.1649233953778033, 0.52619590483337819, 2.4027570904073077, -0.68833626744597654, 1.4167868643688213], [1, 1, 1, 1, 1, 1], 7) 
hit_rate: 0.75 
iteration 41 
([1.1446766951857068, 1.1649233953778033, 0.97208732148979915, 2.4027570904073077, -0.68833626744597654, 1.4167868643688213], [1, 1, 1, 1, 1, 1], 7) 
hit_rate: 0.75 
iteration 42 
([1.1446766951857068, 1.1649233953778033, 0.97208732148979915, 2.4027570904073077, -1.5889118658424985, 1.4167868643688213], [1, 1, 1, 1, 1, 1], 9) 
hit_rate: 0.75 
iteration 43 
([1.1446766951857068, 1.1649233953778033, 0.97208732148979915, 2.0937147388756605, -1.5889118658424985, 1.4167868643688213], [1, 1, 1, 1, 1, 1], 9) 
hit_rate: 0.75 
iteration 44 
([1.1446766951857068, 1.1649233953778033, 0.97208732148979915, 2.0937147388756605, -2.2066794197958934, 1.4167868643688213], [1, 1, 1, 1, 1, 1], 9) 
hit_rate: 0.75 
iteration 45 
([1.1446766951857068, 1.1649233953778033, 0.97208732148979915, 2.929811347140038, -2.2066794197958934, 1.4167868643688213], [1, 1, 1, 1, 1, 1], 9) 
hit_rate: 0.8125 
iteration 46 
([1.1446766951857068, 1.1649233953778033, 0.97208732148979915, 2.929811347140038, -1.8951056511275464, 1.4167868643688213], [1, 1, 1, 1, 1, 1], 7) 
hit_rate: 0.8125 
iteration 47 
([1.1446766951857068, 1.1649233953778033, 1.0198074068769993, 2.929811347140038, -1.8951056511275464, 1.4167868643688213], [1, 1, 1, 1, 1, 1], 9) 
hit_rate: 0.75 
iteration 48 
([1.1446766951857068, 1.1649233953778033, 1.0198074068769993, 2.929811347140038, -1.4339961186799812, 1.4167868643688213], [1, 1, 1, 1, 1, 1], 9) 
hit_rate: 0.75 
iteration 49 
([1.1446766951857068, 1.1649233953778033, 1.0198074068769993, 2.6979074111256578, -1.4339961186799812, 1.4167868643688213], [1, 1, 1, 1, 1, 1], 9) 
hit_rate: 0.8125 
iteration 50 
([1.1446766951857068, 1.1649233953778033, 1.6864906312010974, 2.6979074111256578, -1.4339961186799812, 1.4167868643688213], [1, 1, 1, 1, 1, 1], 9) 
hit_rate: 0.75 
iteration 51 
([1.1446766951857068, 1.1649233953778033, 1.6864906312010974, 2.2670780006379965, -1.4339961186799812, 1.4167868643688213], [1, 1, 1, 1, 1, 1], 9) 
hit_rate: 0.75 
iteration 52 
([1.1446766951857068, 1.1649233953778033, 1.6864906312010974, 2.2670780006379965, -2.1579081604917256, 1.4167868643688213], [1, 1, 1, 1, 1, 1], 7) 
hit_rate: 0.8125 
iteration 53 
([1.1446766951857068, 1.1649233953778033, 1.6864906312010974, 1.9515039148479394, -2.1579081604917256, 1.4167868643688213], [1, 1, 1, 1, 1, 1], 7) 
hit_rate: 0.8125 
iteration 54 
([1.1446766951857068, 1.1649233953778033, 1.9054224556345385, 1.9515039148479394, -2.1579081604917256, 1.4167868643688213], [1, 1, 1, 1, 1, 1], 7) 
hit_rate: 0.8125 
iteration 55 
([1.1446766951857068, 1.1649233953778033, 1.5684968260997449, 1.9515039148479394, -2.1579081604917256, 1.4167868643688213], [1, 1, 1, 1, 1, 1], 9) 
hit_rate: 0.8125 
iteration 56 
([1.1446766951857068, 1.1649233953778033, 1.5684968260997449, 1.9515039148479394, -2.4069656865097402, 1.4167868643688213], [1, 1, 1, 1, 1, 1], 9) 
hit_rate: 0.8125 
iteration 57 
([1.1446766951857068, 1.1649233953778033, 1.5684968260997449, 2.0399091683534394, -2.4069656865097402, 1.4167868643688213], [1, 1, 1, 1, 1, 1], 9) 
hit_rate: 0.8125 
iteration 58 
([1.1446766951857068, 1.1649233953778033, 1.5684968260997449, 1.4520279000401188, -2.4069656865097402, 1.4167868643688213], [1, 1, 1, 1, 1, 1], 9) 
hit_rate: 0.8125 
iteration 59 
([1.1446766951857068, 1.1649233953778033, 2.3107564418276381, 1.4520279000401188, -2.4069656865097402, 1.4167868643688213], [1, 1, 1, 1, 1, 1], 9) 
hit_rate: 0.875 
iteration 60 
([1.1446766951857068, 1.1649233953778033, 2.630790518829734, 1.4520279000401188, -2.4069656865097402, 1.4167868643688213], [1, 1, 1, 1, 1, 1], 9) 
hit_rate: 0.875 
iteration 61 
([1.1446766951857068, 1.1649233953778033, 2.630790518829734, 1.4520279000401188, -2.4069656865097402, 0.7545269705363884], [1, 1, 1, 1, 1, 1], 5) 
hit_rate: 0.8125 
iteration 62 
([1.1446766951857068, 1.1649233953778033, 2.630790518829734, 1.4520279000401188, -2.4438874828264563, 0.7545269705363884], [1, 1, 1, 1, 1, 1], 5) 
hit_rate: 0.8125 
iteration 63 
([1.1446766951857068, 1.1649233953778033, 2.630790518829734, 1.4520279000401188, -2.4438874828264563, 1.5874291189737362], [1, 1, 1, 1, 1, 1], 9) 
hit_rate: 0.875 
iteration 64 
([1.1446766951857068, 0.90985623607018518, 2.630790518829734, 1.4520279000401188, -2.4438874828264563, 1.5874291189737362], [1, 1, 1, 1, 1, 1], 9) 
hit_rate: 0.8125 
iteration 65 
([1.1446766951857068, 1.1954380384401537, 2.630790518829734, 1.4520279000401188, -2.4438874828264563, 1.5874291189737362], [1, 1, 1, 1, 1, 1], 9) 
hit_rate: 0.875 
iteration 66 
([1.1446766951857068, 1.1954380384401537, 2.6777228720763944, 1.4520279000401188, -2.4438874828264563, 1.5874291189737362], [1, 1, 1, 1, 1, 1], 9) 
hit_rate: 0.875 
iteration 67 
([1.1446766951857068, 1.1954380384401537, 2.6777228720763944, 1.4520279000401188, -2.8486978819574773, 1.5874291189737362], [1, 1, 1, 1, 1, 1], 9) 
hit_rate: 0.875 
iteration 68 
([1.1446766951857068, 1.1954380384401537, 2.6777228720763944, 2.2198715211144284, -2.8486978819574773, 1.5874291189737362], [1, 1, 1, 1, 1, 1], 9) 
hit_rate: 0.75 
iteration 69 
([1.1446766951857068, 1.1954380384401537, 2.6777228720763944, 2.2198715211144284, -3.4068627071725541, 1.5874291189737362], [1, 1, 1, 1, 1, 1], 9) 
hit_rate: 0.8125 
iteration 70 
([1.1446766951857068, 1.1954380384401537, 2.6777228720763944, 2.2198715211144284, -3.4068627071725541, 1.8684237710729852], [1, 1, 1, 1, 1, 1], 7) 
hit_rate: 0.75 
iteration 71 
([1.1446766951857068, 1.1954380384401537, 2.6777228720763944, 2.2198715211144284, -4.189029213946565, 1.8684237710729852], [1, 1, 1, 1, 1, 1], 9) 
hit_rate: 0.75 
iteration 72 
([1.1446766951857068, 1.1954380384401537, 3.1555718773090082, 2.2198715211144284, -4.189029213946565, 1.8684237710729852], [1, 1, 1, 1, 1, 1], 9) 
hit_rate: 0.75 
iteration 73 
([1.1446766951857068, 1.1954380384401537, 3.1555718773090082, 2.2198715211144284, -4.189029213946565, 2.5845274186851657], [1, 1, 1, 1, 1, 1], 9) 
hit_rate: 0.75 
iteration 74 
([1.1446766951857068, 1.1954380384401537, 2.5992865481898555, 2.2198715211144284, -4.189029213946565, 2.5845274186851657], [1, 1, 1, 1, 1, 1], 9) 
hit_rate: 0.75 
iteration 75 
([1.1446766951857068, 1.1954380384401537, 2.5992865481898555, 2.2198715211144284, -4.189029213946565, 2.8173567111190398], [1, 1, 1, 1, 1, 1], 9) 
hit_rate: 0.75 
iteration 76 
([1.1446766951857068, 1.1954380384401537, 2.5992865481898555, 2.6412405099809861, -4.189029213946565, 2.8173567111190398], [1, 1, 1, 1, 1, 1], 9) 
hit_rate: 0.8125 
iteration 77 
([1.1446766951857068, 1.1954380384401537, 2.5992865481898555, 2.837028104677195, -4.189029213946565, 2.8173567111190398], [1, 1, 1, 1, 1, 1], 7) 
hit_rate: 0.75 
iteration 78 
([1.1446766951857068, 1.1954380384401537, 2.5992865481898555, 2.8464700425041967, -4.189029213946565, 2.8173567111190398], [1, 1, 1, 1, 1, 1], 9) 
hit_rate: 0.8125 
iteration 79 
([1.1446766951857068, 1.1954380384401537, 2.5992865481898555, 2.8464700425041967, -3.696693110511859, 2.8173567111190398], [1, 1, 1, 1, 1, 1], 7) 
hit_rate: 0.8125 
iteration 80 
([1.1446766951857068, 1.1954380384401537, 2.5992865481898555, 2.7079004258608421, -3.696693110511859, 2.8173567111190398], [1, 1, 1, 1, 1, 1], 9) 
hit_rate: 0.8125 
iteration 81 
([1.1446766951857068, 1.1954380384401537, 2.5992865481898555, 3.0094569571721284, -3.696693110511859, 2.8173567111190398], [1, 1, 1, 1, 1, 1], 7) 
hit_rate: 0.8125 
iteration 82 
([1.1446766951857068, 0.78636906268372075, 2.5992865481898555, 3.0094569571721284, -3.696693110511859, 2.8173567111190398], [1, 1, 1, 1, 1, 1], 7) 
hit_rate: 0.8125 
iteration 83 
([1.1446766951857068, 0.78636906268372075, 2.5992865481898555, 2.8756689867327809, -3.696693110511859, 2.8173567111190398], [1, 1, 1, 1, 1, 1], 9) 
hit_rate: 0.8125 
iteration 84 
([1.1446766951857068, 0.78636906268372075, 2.5992865481898555, 2.8756689867327809, -3.696693110511859, 2.1468300911833578], [1, 1, 1, 1, 1, 1], 9) 
hit_rate: 0.75 
iteration 85 
([1.1446766951857068, 0.78636906268372075, 3.1754351957459273, 2.8756689867327809, -3.696693110511859, 2.1468300911833578], [1, 1, 1, 1, 1, 1], 9) 
hit_rate: 0.75 
iteration 86 
([1.1446766951857068, 1.6966114728758726, 3.1754351957459273, 2.8756689867327809, -3.696693110511859, 2.1468300911833578], [1, 1, 1, 1, 1, 1], 7) 
hit_rate: 0.6875 
iteration 87 
([1.1446766951857068, 1.6966114728758726, 3.1754351957459273, 2.8756689867327809, -3.696693110511859, 2.2945177152823923], [1, 1, 1, 1, 1, 1], 9) 
hit_rate: 0.6875 
iteration 88 
([1.1446766951857068, 1.6966114728758726, 3.1754351957459273, 2.2979212051757609, -3.696693110511859, 2.2945177152823923], [1, 1, 1, 1, 1, 1], 9) 
hit_rate: 0.75 
iteration 89 
([0.61245405865396974, 1.6966114728758726, 3.1754351957459273, 2.2979212051757609, -3.696693110511859, 2.2945177152823923], [1, 1, 1, 1, 1, 1], 7) 
hit_rate: 0.8125 
iteration 90 
([0.61245405865396974, 1.6966114728758726, 2.7905480692786586, 2.2979212051757609, -3.696693110511859, 2.2945177152823923], [1, 1, 1, 1, 1, 1], 9) 
hit_rate: 0.6875 
iteration 91 
([0.61245405865396974, 1.6966114728758726, 1.918415915996398, 2.2979212051757609, -3.696693110511859, 2.2945177152823923], [1, 1, 1, 1, 1, 1], 7) 
hit_rate: 0.8125 
iteration 92 
([0.61245405865396974, 1.7095386222004469, 1.918415915996398, 2.2979212051757609, -3.696693110511859, 2.2945177152823923], [1, 1, 1, 1, 1, 1], 7) 
hit_rate: 0.8125 
iteration 93 
([0.61245405865396974, 1.7095386222004469, 1.918415915996398, 2.2979212051757609, -4.2746191594275365, 2.2945177152823923], [1, 1, 1, 1, 1, 1], 7) 
hit_rate: 0.75 
iteration 94 
([0.61245405865396974, 1.7095386222004469, 1.4509608410390633, 2.2979212051757609, -4.2746191594275365, 2.2945177152823923], [1, 1, 1, 1, 1, 1], 7) 
hit_rate: 0.75 
iteration 95 
([0.61245405865396974, 1.7095386222004469, 1.4509608410390633, 2.0539766261451637, -4.2746191594275365, 2.2945177152823923], [1, 1, 1, 1, 1, 1], 7) 
hit_rate: 0.75 
iteration 96 
([0.61245405865396974, 1.7095386222004469, 2.3000669325526939, 2.0539766261451637, -4.2746191594275365, 2.2945177152823923], [1, 1, 1, 1, 1, 1], 7) 
hit_rate: 0.8125 
iteration 97 
([0.63818130025207798, 1.7095386222004469, 2.3000669325526939, 2.0539766261451637, -4.2746191594275365, 2.2945177152823923], [1, 1, 1, 1, 1, 1], 7) 
hit_rate: 0.8125 
iteration 98 
([0.63818130025207798, 1.7095386222004469, 2.3000669325526939, 2.0539766261451637, -4.2746191594275365, 2.119391374948342], [1, 1, 1, 1, 1, 1], 7) 
hit_rate: 0.8125 
iteration 99 
([0.63818130025207798, 1.7095386222004469, 2.2530341651704848, 2.0539766261451637, -4.2746191594275365, 2.119391374948342], [1, 1, 1, 1, 1, 1], 7) 
hit_rate: 0.8125 
best solution: ([0.63818130025207798, 1.7095386222004469, 2.2530341651704848, 2.0539766261451637, -4.2746191594275365, 2.119391374948342], [1, 1, 1, 1, 1, 1], 7)
Hits for the best solution: 0.8125
TS Spent time: 446.257218122
k-NN Spent time: 0.196783065796
