iteration 0 
([1.0, 1.0, 1.0, 1.0, 1.0, 1.1962402399479337], [1, 1, 1, 1, 1, 1], 1) 
hit_rate: 0.75 
iteration 1 
([1.0, 1.0, 1.0, 1.0, 1.0, 1.1962402399479337], [0, 1, 1, 1, 1, 1], 3) 
hit_rate: 0.875 
iteration 2 
([0.65307457524747026, 1.0, 1.0, 1.0, 1.0, 1.1962402399479337], [0, 1, 1, 1, 1, 1], 3) 
hit_rate: 0.875 
iteration 3 
([1.3729995715691858, 1.0, 1.0, 1.0, 1.0, 1.1962402399479337], [0, 1, 1, 1, 1, 1], 3) 
hit_rate: 0.875 
iteration 4 
([1.3729995715691858, 1.0886576124455438, 1.0, 1.0, 1.0, 1.1962402399479337], [0, 1, 1, 1, 1, 1], 3) 
hit_rate: 0.875 
iteration 5 
([1.3729995715691858, 1.0886576124455438, 1.0, 1.0, 0.73805295510488267, 1.1962402399479337], [0, 1, 1, 1, 1, 1], 3) 
hit_rate: 0.8125 
iteration 6 
([1.3729995715691858, 1.0886576124455438, 1.0, 1.0, 0.73805295510488267, 1.4920193973457101], [0, 1, 1, 1, 1, 1], 5) 
hit_rate: 0.875 
iteration 7 
([1.2982800907914591, 1.0886576124455438, 1.0, 1.0, 0.73805295510488267, 1.4920193973457101], [0, 1, 1, 1, 1, 1], 5) 
hit_rate: 0.875 
iteration 8 
([0.93397705825814636, 1.0886576124455438, 1.0, 1.0, 0.73805295510488267, 1.4920193973457101], [0, 1, 1, 1, 1, 1], 5) 
hit_rate: 0.875 
iteration 9 
([0.93397705825814636, 1.0886576124455438, 1.0, 1.0, 0.73805295510488267, 1.6264280575401899], [0, 1, 1, 1, 1, 1], 5) 
hit_rate: 0.875 
iteration 10 
([0.93397705825814636, 1.0886576124455438, 1.0, 1.0, 0.73805295510488267, 1.6264280575401899], [0, 1, 0, 1, 1, 1], 3) 
hit_rate: 0.875 
iteration 11 
([0.93397705825814636, 1.0886576124455438, 1.0, 1.0, 0.80631882061535221, 1.6264280575401899], [0, 1, 0, 1, 1, 1], 3) 
hit_rate: 0.8125 
iteration 12 
([0.93397705825814636, 1.4105339309446436, 1.0, 1.0, 0.80631882061535221, 1.6264280575401899], [0, 1, 0, 1, 1, 1], 3) 
hit_rate: 0.875 
iteration 13 
([0.68168111610840221, 1.4105339309446436, 1.0, 1.0, 0.80631882061535221, 1.6264280575401899], [0, 1, 0, 1, 1, 1], 3) 
hit_rate: 0.875 
iteration 14 
([0.68168111610840221, 1.4105339309446436, 1.0, 1.0, 0.80631882061535221, 1.6120174865341586], [0, 1, 0, 1, 1, 1], 3) 
hit_rate: 0.875 
iteration 15 
([0.68168111610840221, 1.4105339309446436, 1.9127037736885499, 1.0, 0.80631882061535221, 1.6120174865341586], [0, 1, 0, 1, 1, 1], 3) 
hit_rate: 0.875 
iteration 16 
([-0.088038755801544744, 1.4105339309446436, 1.9127037736885499, 1.0, 0.80631882061535221, 1.6120174865341586], [0, 1, 0, 1, 1, 1], 3) 
hit_rate: 0.875 
iteration 17 
([-0.088038755801544744, 1.4105339309446436, 1.9127037736885499, 1.0, 0.47769446868390442, 1.6120174865341586], [0, 1, 0, 1, 1, 1], 3) 
hit_rate: 0.8125 
iteration 18 
([-0.088038755801544744, 1.021462875722519, 1.9127037736885499, 1.0, 0.47769446868390442, 1.6120174865341586], [0, 1, 0, 1, 1, 1], 3) 
hit_rate: 0.875 
iteration 19 
([-0.088038755801544744, 1.021462875722519, 1.3962469259295531, 1.0, 0.47769446868390442, 1.6120174865341586], [0, 1, 0, 1, 1, 1], 3) 
hit_rate: 0.875 
iteration 20 
([-0.088038755801544744, 1.021462875722519, 1.3962469259295531, 1.0, 0.47769446868390442, 2.4717999659226617], [0, 1, 0, 1, 1, 1], 5) 
hit_rate: 0.8125 
iteration 21 
([-0.088038755801544744, 1.021462875722519, 1.3962469259295531, 0.06414038810480438, 0.47769446868390442, 2.4717999659226617], [0, 1, 0, 1, 1, 1], 5) 
hit_rate: 0.8125 
iteration 22 
([0.36782779597323367, 1.021462875722519, 1.3962469259295531, 0.06414038810480438, 0.47769446868390442, 2.4717999659226617], [0, 1, 0, 1, 1, 1], 5) 
hit_rate: 0.8125 
iteration 23 
([0.36782779597323367, 1.021462875722519, 1.3962469259295531, -0.90570037257167546, 0.47769446868390442, 2.4717999659226617], [0, 1, 0, 1, 1, 1], 5) 
hit_rate: 0.8125 
iteration 24 
([0.36782779597323367, 1.021462875722519, 1.3962469259295531, -0.31771886055341714, 0.47769446868390442, 2.4717999659226617], [0, 1, 0, 1, 1, 1], 7) 
hit_rate: 0.8125 
iteration 25 
([0.36782779597323367, 1.021462875722519, 0.95049339198839067, -0.31771886055341714, 0.47769446868390442, 2.4717999659226617], [0, 1, 0, 1, 1, 1], 7) 
hit_rate: 0.8125 
iteration 26 
([0.36782779597323367, 1.021462875722519, 0.95049339198839067, -0.31771886055341714, -0.35904623400254132, 2.4717999659226617], [0, 1, 0, 1, 1, 1], 5) 
hit_rate: 0.8125 
iteration 27 
([0.36782779597323367, 1.021462875722519, 1.2594613237803018, -0.31771886055341714, -0.35904623400254132, 2.4717999659226617], [0, 1, 0, 1, 1, 1], 7) 
hit_rate: 0.8125 
iteration 28 
([0.36782779597323367, 1.021462875722519, 1.2594613237803018, -0.31771886055341714, -0.35904623400254132, 2.8782909605990743], [0, 1, 0, 1, 1, 1], 5) 
hit_rate: 0.8125 
iteration 29 
([0.36782779597323367, 1.021462875722519, 1.2594613237803018, -0.30865819929180227, -0.35904623400254132, 2.8782909605990743], [0, 1, 0, 1, 1, 1], 5) 
hit_rate: 0.8125 
iteration 30 
([0.49843681112898364, 1.021462875722519, 1.2594613237803018, -0.30865819929180227, -0.35904623400254132, 2.8782909605990743], [0, 1, 0, 1, 1, 1], 7) 
hit_rate: 0.8125 
iteration 31 
([0.49843681112898364, 1.3594838738243367, 1.2594613237803018, -0.30865819929180227, -0.35904623400254132, 2.8782909605990743], [0, 1, 0, 1, 1, 1], 7) 
hit_rate: 0.9375 
iteration 32 
([0.49843681112898364, 1.3594838738243367, 1.3724447391351629, -0.30865819929180227, -0.35904623400254132, 2.8782909605990743], [0, 1, 0, 1, 1, 1], 7) 
hit_rate: 0.9375 
iteration 33 
([0.49843681112898364, 1.3594838738243367, 1.3724447391351629, -0.69216201013651268, -0.35904623400254132, 2.8782909605990743], [0, 1, 0, 1, 1, 1], 5) 
hit_rate: 0.8125 
iteration 34 
([0.49843681112898364, 1.3594838738243367, 1.4146405493736287, -0.69216201013651268, -0.35904623400254132, 2.8782909605990743], [0, 1, 0, 1, 1, 1], 9) 
hit_rate: 0.8125 
iteration 35 
([0.49843681112898364, 1.3594838738243367, 1.4146405493736287, -0.31774492363515527, -0.35904623400254132, 2.8782909605990743], [0, 1, 0, 1, 1, 1], 7) 
hit_rate: 0.9375 
iteration 36 
([-0.37326524739490807, 1.3594838738243367, 1.4146405493736287, -0.31774492363515527, -0.35904623400254132, 2.8782909605990743], [0, 1, 0, 1, 1, 1], 7) 
hit_rate: 0.9375 
iteration 37 
([-0.37326524739490807, 1.3594838738243367, 2.0640536935238254, -0.31774492363515527, -0.35904623400254132, 2.8782909605990743], [0, 1, 0, 1, 1, 1], 7) 
hit_rate: 0.9375 
iteration 38 
([-0.14699657293613599, 1.3594838738243367, 2.0640536935238254, -0.31774492363515527, -0.35904623400254132, 2.8782909605990743], [0, 1, 0, 1, 1, 1], 7) 
hit_rate: 0.9375 
iteration 39 
([-0.14699657293613599, 1.3594838738243367, 1.6141152090733595, -0.31774492363515527, -0.35904623400254132, 2.8782909605990743], [0, 1, 0, 1, 1, 1], 7) 
hit_rate: 0.9375 
iteration 40 
([-1.0141683555149617, 1.3594838738243367, 1.6141152090733595, -0.31774492363515527, -0.35904623400254132, 2.8782909605990743], [0, 1, 0, 1, 1, 1], 7) 
hit_rate: 0.9375 
iteration 41 
([-1.0141683555149617, 1.3594838738243367, 1.1330050162668428, -0.31774492363515527, -0.35904623400254132, 2.8782909605990743], [0, 1, 0, 1, 1, 1], 7) 
hit_rate: 0.9375 
iteration 42 
([-1.0141683555149617, 1.3594838738243367, 1.4449264535511466, -0.31774492363515527, -0.35904623400254132, 2.8782909605990743], [0, 1, 0, 1, 1, 1], 7) 
hit_rate: 0.9375 
iteration 43 
([-1.0141683555149617, 1.3594838738243367, 1.4304019912123715, -0.31774492363515527, -0.35904623400254132, 2.8782909605990743], [0, 1, 0, 1, 1, 1], 9) 
hit_rate: 0.75 
iteration 44 
([-1.986416897224736, 1.3594838738243367, 1.4304019912123715, -0.31774492363515527, -0.35904623400254132, 2.8782909605990743], [0, 1, 0, 1, 1, 1], 7) 
hit_rate: 0.9375 
iteration 45 
([-1.986416897224736, 1.3113936637298742, 1.4304019912123715, -0.31774492363515527, -0.35904623400254132, 2.8782909605990743], [0, 1, 0, 1, 1, 1], 7) 
hit_rate: 0.9375 
iteration 46 
([-1.986416897224736, 1.3113936637298742, 0.8433142821393298, -0.31774492363515527, -0.35904623400254132, 2.8782909605990743], [0, 1, 0, 1, 1, 1], 7) 
hit_rate: 0.9375 
iteration 47 
([-1.2818404284778431, 1.3113936637298742, 0.8433142821393298, -0.31774492363515527, -0.35904623400254132, 2.8782909605990743], [0, 1, 0, 1, 1, 1], 7) 
hit_rate: 0.9375 
iteration 48 
([-1.2818404284778431, 1.3113936637298742, 0.8433142821393298, -0.31774492363515527, -0.35904623400254132, 2.8222296871823263], [0, 1, 0, 1, 1, 1], 7) 
hit_rate: 0.9375 
iteration 49 
([-2.2101216827969248, 1.3113936637298742, 0.8433142821393298, -0.31774492363515527, -0.35904623400254132, 2.8222296871823263], [0, 1, 0, 1, 1, 1], 7) 
hit_rate: 0.9375 
iteration 50 
([-2.2101216827969248, 1.3113936637298742, 0.8433142821393298, -0.58193808124170743, -0.35904623400254132, 2.8222296871823263], [0, 1, 0, 1, 1, 1], 9) 
hit_rate: 0.8125 
iteration 51 
([-2.7617187283734026, 1.3113936637298742, 0.8433142821393298, -0.58193808124170743, -0.35904623400254132, 2.8222296871823263], [0, 1, 0, 1, 1, 1], 9) 
hit_rate: 0.8125 
iteration 52 
([-2.7617187283734026, 2.23756397277484, 0.8433142821393298, -0.58193808124170743, -0.35904623400254132, 2.8222296871823263], [0, 1, 0, 1, 1, 1], 3) 
hit_rate: 0.875 
iteration 53 
([-2.7617187283734026, 2.23756397277484, 0.8433142821393298, -1.5160168781305012, -0.35904623400254132, 2.8222296871823263], [0, 1, 0, 1, 1, 1], 3) 
hit_rate: 0.8125 
iteration 54 
([-2.7617187283734026, 2.23756397277484, 0.8433142821393298, -1.5160168781305012, -0.35904623400254132, 2.8222296871823263], [0, 1, 1, 1, 1, 1], 4) 
hit_rate: 0.875 
iteration 55 
([-3.5551240490398301, 2.23756397277484, 0.8433142821393298, -1.5160168781305012, -0.35904623400254132, 2.8222296871823263], [0, 1, 1, 1, 1, 1], 3) 
hit_rate: 0.875 
iteration 56 
([-4.0454635245016615, 2.23756397277484, 0.8433142821393298, -1.5160168781305012, -0.35904623400254132, 2.8222296871823263], [0, 1, 1, 1, 1, 1], 3) 
hit_rate: 0.875 
iteration 57 
([-4.0454635245016615, 2.23756397277484, 0.8433142821393298, -1.2184879088052509, -0.35904623400254132, 2.8222296871823263], [0, 1, 1, 1, 1, 1], 3) 
hit_rate: 0.875 
iteration 58 
([-4.0454635245016615, 2.23756397277484, 0.8433142821393298, -1.2184879088052509, -0.35904623400254132, 2.8222296871823263], [0, 1, 0, 1, 1, 1], 4) 
hit_rate: 0.8125 
iteration 59 
([-4.0454635245016615, 2.23756397277484, 0.8433142821393298, -1.2184879088052509, -0.35904623400254132, 3.2104750590300206], [0, 1, 0, 1, 1, 1], 3) 
hit_rate: 0.875 
iteration 60 
([-4.0454635245016615, 2.23756397277484, 0.8433142821393298, -1.2184879088052509, 0.17268141396769554, 3.2104750590300206], [0, 1, 0, 1, 1, 1], 3) 
hit_rate: 0.875 
iteration 61 
([-4.0454635245016615, 2.23756397277484, 0.056823821235369998, -1.2184879088052509, 0.17268141396769554, 3.2104750590300206], [0, 1, 0, 1, 1, 1], 3) 
hit_rate: 0.875 
iteration 62 
([-4.0454635245016615, 2.23756397277484, 0.056823821235369998, -1.2184879088052509, 0.17268141396769554, 3.8603683826506892], [0, 1, 0, 1, 1, 1], 5) 
hit_rate: 0.8125 
iteration 63 
([-4.0454635245016615, 2.23756397277484, 0.056823821235369998, -1.2184879088052509, -0.43293541857453222, 3.8603683826506892], [0, 1, 0, 1, 1, 1], 5) 
hit_rate: 0.9375 
iteration 64 
([-4.5210384290596348, 2.23756397277484, 0.056823821235369998, -1.2184879088052509, -0.43293541857453222, 3.8603683826506892], [0, 1, 0, 1, 1, 1], 5) 
hit_rate: 0.9375 
iteration 65 
([-4.5210384290596348, 2.23756397277484, 0.056823821235369998, -1.2184879088052509, -0.43293541857453222, 4.2488703378071326], [0, 1, 0, 1, 1, 1], 5) 
hit_rate: 0.9375 
iteration 66 
([-3.6737980637453909, 2.23756397277484, 0.056823821235369998, -1.2184879088052509, -0.43293541857453222, 4.2488703378071326], [0, 1, 0, 1, 1, 1], 5) 
hit_rate: 0.9375 
iteration 67 
([-3.6737980637453909, 2.23756397277484, 0.056823821235369998, -1.2184879088052509, 0.5176550245235183, 4.2488703378071326], [0, 1, 0, 1, 1, 1], 5) 
hit_rate: 0.9375 
iteration 68 
([-3.3476367470308626, 2.23756397277484, 0.056823821235369998, -1.2184879088052509, 0.5176550245235183, 4.2488703378071326], [0, 1, 0, 1, 1, 1], 5) 
hit_rate: 0.9375 
iteration 69 
([-2.4632157111013715, 2.23756397277484, 0.056823821235369998, -1.2184879088052509, 0.5176550245235183, 4.2488703378071326], [0, 1, 0, 1, 1, 1], 5) 
hit_rate: 0.9375 
iteration 70 
([-3.3377827843474446, 2.23756397277484, 0.056823821235369998, -1.2184879088052509, 0.5176550245235183, 4.2488703378071326], [0, 1, 0, 1, 1, 1], 5) 
hit_rate: 0.9375 
iteration 71 
([-3.308974330631802, 2.23756397277484, 0.056823821235369998, -1.2184879088052509, 0.5176550245235183, 4.2488703378071326], [0, 1, 0, 1, 1, 1], 5) 
hit_rate: 0.9375 
iteration 72 
([-3.308974330631802, 2.23756397277484, -0.33910072851342976, -1.2184879088052509, 0.5176550245235183, 4.2488703378071326], [0, 1, 0, 1, 1, 1], 5) 
hit_rate: 0.9375 
iteration 73 
([-3.4292728935970258, 2.23756397277484, -0.33910072851342976, -1.2184879088052509, 0.5176550245235183, 4.2488703378071326], [0, 1, 0, 1, 1, 1], 5) 
hit_rate: 0.9375 
iteration 74 
([-3.4292728935970258, 2.23756397277484, -0.24727835702855527, -1.2184879088052509, 0.5176550245235183, 4.2488703378071326], [0, 1, 0, 1, 1, 1], 5) 
hit_rate: 0.9375 
iteration 75 
([-3.4292728935970258, 2.23756397277484, 0.66290549280179811, -1.2184879088052509, 0.5176550245235183, 4.2488703378071326], [0, 1, 0, 1, 1, 1], 5) 
hit_rate: 0.9375 
iteration 76 
([-3.4292728935970258, 2.23756397277484, 1.5345655254617068, -1.2184879088052509, 0.5176550245235183, 4.2488703378071326], [0, 1, 0, 1, 1, 1], 5) 
hit_rate: 0.9375 
iteration 77 
([-3.4292728935970258, 2.23756397277484, 1.5345655254617068, -1.0390685002654361, 0.5176550245235183, 4.2488703378071326], [0, 1, 0, 1, 1, 1], 5) 
hit_rate: 0.9375 
iteration 78 
([-3.4292728935970258, 2.23756397277484, 0.71400603021843723, -1.0390685002654361, 0.5176550245235183, 4.2488703378071326], [0, 1, 0, 1, 1, 1], 5) 
hit_rate: 0.9375 
iteration 79 
([-3.4292728935970258, 2.1352753453591324, 0.71400603021843723, -1.0390685002654361, 0.5176550245235183, 4.2488703378071326], [0, 1, 0, 1, 1, 1], 5) 
hit_rate: 0.9375 
iteration 80 
([-4.31318562591483, 2.1352753453591324, 0.71400603021843723, -1.0390685002654361, 0.5176550245235183, 4.2488703378071326], [0, 1, 0, 1, 1, 1], 5) 
hit_rate: 0.9375 
iteration 81 
([-4.31318562591483, 2.1352753453591324, 0.71400603021843723, -1.4717082619451436, 0.5176550245235183, 4.2488703378071326], [0, 1, 0, 1, 1, 1], 5) 
hit_rate: 0.875 
iteration 82 
([-4.31318562591483, 2.1352753453591324, 0.71400603021843723, -1.3245771676070113, 0.5176550245235183, 4.2488703378071326], [0, 1, 0, 1, 1, 1], 5) 
hit_rate: 0.9375 
iteration 83 
([-3.5514961506950273, 2.1352753453591324, 0.71400603021843723, -1.3245771676070113, 0.5176550245235183, 4.2488703378071326], [0, 1, 0, 1, 1, 1], 5) 
hit_rate: 0.9375 
iteration 84 
([-3.5514961506950273, 2.1352753453591324, 0.71400603021843723, -1.251872468746736, 0.5176550245235183, 4.2488703378071326], [0, 1, 0, 1, 1, 1], 5) 
hit_rate: 0.9375 
iteration 85 
([-4.1225898961002638, 2.1352753453591324, 0.71400603021843723, -1.251872468746736, 0.5176550245235183, 4.2488703378071326], [0, 1, 0, 1, 1, 1], 5) 
hit_rate: 0.9375 
iteration 86 
([-4.1225898961002638, 2.1352753453591324, 1.3008773951372674, -1.251872468746736, 0.5176550245235183, 4.2488703378071326], [0, 1, 0, 1, 1, 1], 5) 
hit_rate: 0.9375 
iteration 87 
([-4.1225898961002638, 2.1352753453591324, 1.3008773951372674, -1.251872468746736, 0.2433501522439725, 4.2488703378071326], [0, 1, 0, 1, 1, 1], 5) 
hit_rate: 0.8125 
iteration 88 
([-4.1225898961002638, 2.1352753453591324, 1.3008773951372674, -1.251872468746736, 0.57046455007994301, 4.2488703378071326], [0, 1, 0, 1, 1, 1], 5) 
hit_rate: 0.9375 
iteration 89 
([-3.5063153758368157, 2.1352753453591324, 1.3008773951372674, -1.251872468746736, 0.57046455007994301, 4.2488703378071326], [0, 1, 0, 1, 1, 1], 5) 
hit_rate: 0.9375 
iteration 90 
([-3.1768646544823893, 2.1352753453591324, 1.3008773951372674, -1.251872468746736, 0.57046455007994301, 4.2488703378071326], [0, 1, 0, 1, 1, 1], 5) 
hit_rate: 0.9375 
iteration 91 
([-3.3067863258037624, 2.1352753453591324, 1.3008773951372674, -1.251872468746736, 0.57046455007994301, 4.2488703378071326], [0, 1, 0, 1, 1, 1], 5) 
hit_rate: 0.9375 
iteration 92 
([-3.3067863258037624, 2.1352753453591324, 0.32347015602872586, -1.251872468746736, 0.57046455007994301, 4.2488703378071326], [0, 1, 0, 1, 1, 1], 5) 
hit_rate: 0.9375 
iteration 93 
([-3.3067863258037624, 2.1352753453591324, -0.51170611318082426, -1.251872468746736, 0.57046455007994301, 4.2488703378071326], [0, 1, 0, 1, 1, 1], 5) 
hit_rate: 0.9375 
iteration 94 
([-3.3067863258037624, 2.1352753453591324, 0.33662158484949645, -1.251872468746736, 0.57046455007994301, 4.2488703378071326], [0, 1, 0, 1, 1, 1], 5) 
hit_rate: 0.9375 
iteration 95 
([-3.3067863258037624, 2.1352753453591324, 0.33662158484949645, -1.2399590788652046, 0.57046455007994301, 4.2488703378071326], [0, 1, 0, 1, 1, 1], 5) 
hit_rate: 0.9375 
iteration 96 
([-3.3067863258037624, 2.1352753453591324, 0.33662158484949645, -1.2399590788652046, 0.57046455007994301, 4.2488703378071326], [0, 1, 0, 1, 0, 1], 2) 
hit_rate: 0.9375 
iteration 97 
([-3.3067863258037624, 2.1352753453591324, 0.33662158484949645, -1.3704312890616339, 0.57046455007994301, 4.2488703378071326], [0, 1, 0, 1, 0, 1], 9) 
hit_rate: 0.8125 
iteration 98 
([-3.3067863258037624, 2.1352753453591324, 0.53490661824714625, -1.3704312890616339, 0.57046455007994301, 4.2488703378071326], [0, 1, 0, 1, 0, 1], 5) 
hit_rate: 0.8125 
iteration 99 
([-3.3067863258037624, 2.1352753453591324, 0.53490661824714625, -1.3704312890616339, 0.57046455007994301, 4.2488703378071326], [0, 1, 0, 1, 1, 1], 2) 
hit_rate: 0.875 
best solution: ([-3.3067863258037624, 2.1352753453591324, 0.53490661824714625, -1.3704312890616339, 0.57046455007994301, 4.2488703378071326], [0, 1, 0, 1, 1, 1], 2)
Hits for the best solution: 0.875
TS Spent time: 395.19145298
k-NN Spent time: 0.169502019882
