iteration 0 
([1.0, 1.0, 1.0, 0.84574210891513091, 1.0, 1.0], [1, 1, 1, 1, 1, 1], 9) 
hit_rate: 0.6 
iteration 1 
([1.0, 1.0, 1.0, 0.84574210891513091, 1.0, 0.49697426845607406], [1, 1, 1, 1, 1, 1], 9) 
hit_rate: 0.666666666667 
iteration 2 
([1.3466018553962544, 1.0, 1.0, 0.84574210891513091, 1.0, 0.49697426845607406], [1, 1, 1, 1, 1, 1], 9) 
hit_rate: 0.666666666667 
iteration 3 
([1.3466018553962544, 0.94108197080389289, 1.0, 0.84574210891513091, 1.0, 0.49697426845607406], [1, 1, 1, 1, 1, 1], 9) 
hit_rate: 0.666666666667 
iteration 4 
([1.3466018553962544, 0.94108197080389289, 1.0, 0.84574210891513091, 1.5707279281982893, 0.49697426845607406], [1, 1, 1, 1, 1, 1], 9) 
hit_rate: 0.666666666667 
iteration 5 
([1.3466018553962544, 0.94108197080389289, 1.0, 0.84574210891513091, 1.5707279281982893, 0.49697426845607406], [1, 1, 1, 1, 1, 0], 1) 
hit_rate: 0.8 
iteration 6 
([1.3466018553962544, 0.94108197080389289, 1.0, 0.84574210891513091, 1.7734956289331836, 0.49697426845607406], [1, 1, 1, 1, 1, 0], 1) 
hit_rate: 0.8 
iteration 7 
([1.3466018553962544, 0.94108197080389289, 1.0, 0.84574210891513091, 1.7734956289331836, 0.45257869077638091], [1, 1, 1, 1, 1, 0], 1) 
hit_rate: 0.8 
iteration 8 
([2.3116516236445532, 0.94108197080389289, 1.0, 0.84574210891513091, 1.7734956289331836, 0.45257869077638091], [1, 1, 1, 1, 1, 0], 1) 
hit_rate: 0.866666666667 
iteration 9 
([2.3116516236445532, 0.83994641221660982, 1.0, 0.84574210891513091, 1.7734956289331836, 0.45257869077638091], [1, 1, 1, 1, 1, 0], 1) 
hit_rate: 0.866666666667 
iteration 10 
([2.3116516236445532, 0.83994641221660982, 1.0, 0.84574210891513091, 2.0217971289723904, 0.45257869077638091], [1, 1, 1, 1, 1, 0], 1) 
hit_rate: 0.866666666667 
iteration 11 
([2.3116516236445532, 0.83994641221660982, 1.0, 0.15355536887258014, 2.0217971289723904, 0.45257869077638091], [1, 1, 1, 1, 1, 0], 1) 
hit_rate: 0.866666666667 
iteration 12 
([2.3116516236445532, 0.81978734022754374, 1.0, 0.15355536887258014, 2.0217971289723904, 0.45257869077638091], [1, 1, 1, 1, 1, 0], 1) 
hit_rate: 0.866666666667 
iteration 13 
([2.3116516236445532, 0.308168388724958, 1.0, 0.15355536887258014, 2.0217971289723904, 0.45257869077638091], [1, 1, 1, 1, 1, 0], 1) 
hit_rate: 0.866666666667 
iteration 14 
([2.3116516236445532, 0.308168388724958, 0.57920225771998912, 0.15355536887258014, 2.0217971289723904, 0.45257869077638091], [1, 1, 1, 1, 1, 0], 1) 
hit_rate: 0.866666666667 
iteration 15 
([2.3116516236445532, 0.308168388724958, 0.57920225771998912, 0.15355536887258014, 2.0217971289723904, -0.44004984853822227], [1, 1, 1, 1, 1, 0], 1) 
hit_rate: 0.866666666667 
iteration 16 
([2.3116516236445532, 0.308168388724958, 0.57920225771998912, 0.091924065260109877, 2.0217971289723904, -0.44004984853822227], [1, 1, 1, 1, 1, 0], 1) 
hit_rate: 0.866666666667 
iteration 17 
([2.3116516236445532, 0.308168388724958, 0.57920225771998912, 0.21839065701377658, 2.0217971289723904, -0.44004984853822227], [1, 1, 1, 1, 1, 0], 1) 
hit_rate: 0.866666666667 
iteration 18 
([2.3116516236445532, 0.308168388724958, 0.57920225771998912, 0.21839065701377658, 1.9995269239903155, -0.44004984853822227], [1, 1, 1, 1, 1, 0], 1) 
hit_rate: 0.866666666667 
iteration 19 
([2.3116516236445532, 0.308168388724958, 0.57920225771998912, 0.21839065701377658, 2.8875335460435156, -0.44004984853822227], [1, 1, 1, 1, 1, 0], 1) 
hit_rate: 0.866666666667 
iteration 20 
([2.3116516236445532, 0.308168388724958, 0.57920225771998912, -0.26754434994686926, 2.8875335460435156, -0.44004984853822227], [1, 1, 1, 1, 1, 0], 1) 
hit_rate: 0.866666666667 
iteration 21 
([2.3116516236445532, 0.308168388724958, 0.57920225771998912, -0.26754434994686926, 2.58230492582017, -0.44004984853822227], [1, 1, 1, 1, 1, 0], 1) 
hit_rate: 0.866666666667 
iteration 22 
([2.3116516236445532, 0.308168388724958, 0.57920225771998912, -0.26754434994686926, 3.3165890251553973, -0.44004984853822227], [1, 1, 1, 1, 1, 0], 1) 
hit_rate: 0.866666666667 
iteration 23 
([2.3116516236445532, 0.308168388724958, 0.57920225771998912, -0.26754434994686926, 3.3165890251553973, -0.40718736984641479], [1, 1, 1, 1, 1, 0], 1) 
hit_rate: 0.866666666667 
iteration 24 
([2.3116516236445532, 0.308168388724958, 1.0887927919989899, -0.26754434994686926, 3.3165890251553973, -0.40718736984641479], [1, 1, 1, 1, 1, 0], 1) 
hit_rate: 0.866666666667 
iteration 25 
([2.3116516236445532, 0.308168388724958, 1.0887927919989899, -0.15201152452267097, 3.3165890251553973, -0.40718736984641479], [1, 1, 1, 1, 1, 0], 1) 
hit_rate: 0.866666666667 
iteration 26 
([2.3116516236445532, -0.080281703124355674, 1.0887927919989899, -0.15201152452267097, 3.3165890251553973, -0.40718736984641479], [1, 1, 1, 1, 1, 0], 1) 
hit_rate: 0.866666666667 
iteration 27 
([2.3116516236445532, -0.080281703124355674, 1.0887927919989899, -0.15201152452267097, 3.3165890251553973, 0.52031884059230937], [1, 1, 1, 1, 1, 0], 1) 
hit_rate: 0.866666666667 
iteration 28 
([2.3116516236445532, -0.080281703124355674, 1.0887927919989899, -0.082281484516567582, 3.3165890251553973, 0.52031884059230937], [1, 1, 1, 1, 1, 0], 1) 
hit_rate: 0.866666666667 
iteration 29 
([2.3116516236445532, -0.6087085817291813, 1.0887927919989899, -0.082281484516567582, 3.3165890251553973, 0.52031884059230937], [1, 1, 1, 1, 1, 0], 1) 
hit_rate: 0.866666666667 
iteration 30 
([2.3116516236445532, -0.6087085817291813, 1.0887927919989899, -0.082281484516567582, 3.3165890251553973, 0.92987181100404692], [1, 1, 1, 1, 1, 0], 1) 
hit_rate: 0.866666666667 
iteration 31 
([2.3116516236445532, 0.049097173066063426, 1.0887927919989899, -0.082281484516567582, 3.3165890251553973, 0.92987181100404692], [1, 1, 1, 1, 1, 0], 1) 
hit_rate: 0.866666666667 
iteration 32 
([2.3116516236445532, -0.8843241732219782, 1.0887927919989899, -0.082281484516567582, 3.3165890251553973, 0.92987181100404692], [1, 1, 1, 1, 1, 0], 1) 
hit_rate: 0.866666666667 
iteration 33 
([2.3116516236445532, -0.8843241732219782, 1.0887927919989899, -0.082281484516567582, 3.3165890251553973, 1.8310483174867105], [1, 1, 1, 1, 1, 0], 1) 
hit_rate: 0.866666666667 
iteration 34 
([2.3116516236445532, -0.88139010700376463, 1.0887927919989899, -0.082281484516567582, 3.3165890251553973, 1.8310483174867105], [1, 1, 1, 1, 1, 0], 5) 
hit_rate: 0.866666666667 
iteration 35 
([2.3116516236445532, -0.88139010700376463, 0.86710792118854063, -0.082281484516567582, 3.3165890251553973, 1.8310483174867105], [1, 1, 1, 1, 1, 0], 5) 
hit_rate: 0.866666666667 
iteration 36 
([2.3116516236445532, -0.88139010700376463, 0.86710792118854063, 0.89951831687041217, 3.3165890251553973, 1.8310483174867105], [1, 1, 1, 1, 1, 0], 1) 
hit_rate: 0.866666666667 
iteration 37 
([2.3116516236445532, -0.88139010700376463, 0.86710792118854063, 0.89951831687041217, 3.3165890251553973, 2.3415023590910433], [1, 1, 1, 1, 1, 0], 1) 
hit_rate: 0.866666666667 
iteration 38 
([2.3116516236445532, -0.88139010700376463, 0.86710792118854063, 0.89951831687041217, 3.3165890251553973, 2.1996440211123858], [1, 1, 1, 1, 1, 0], 1) 
hit_rate: 0.866666666667 
iteration 39 
([2.3116516236445532, -0.88139010700376463, 0.86710792118854063, 0.89951831687041217, 3.3165890251553973, 1.8307266116188208], [1, 1, 1, 1, 1, 0], 1) 
hit_rate: 0.866666666667 
iteration 40 
([2.3116516236445532, -0.88139010700376463, 0.86710792118854063, 0.89951831687041217, 3.3165890251553973, 1.8307266116188208], [1, 1, 1, 0, 1, 0], 5) 
hit_rate: 0.866666666667 
iteration 41 
([2.3116516236445532, -0.88139010700376463, 0.92037066018192415, 0.89951831687041217, 3.3165890251553973, 1.8307266116188208], [1, 1, 1, 0, 1, 0], 5) 
hit_rate: 0.866666666667 
iteration 42 
([2.3116516236445532, -0.88139010700376463, 0.92037066018192415, 0.89951831687041217, 3.0672630224213444, 1.8307266116188208], [1, 1, 1, 0, 1, 0], 5) 
hit_rate: 0.866666666667 
iteration 43 
([1.9342687995579284, -0.88139010700376463, 0.92037066018192415, 0.89951831687041217, 3.0672630224213444, 1.8307266116188208], [1, 1, 1, 0, 1, 0], 3) 
hit_rate: 0.866666666667 
iteration 44 
([1.9342687995579284, -0.47263003961732797, 0.92037066018192415, 0.89951831687041217, 3.0672630224213444, 1.8307266116188208], [1, 1, 1, 0, 1, 0], 1) 
hit_rate: 0.866666666667 
iteration 45 
([2.8597883862545608, -0.47263003961732797, 0.92037066018192415, 0.89951831687041217, 3.0672630224213444, 1.8307266116188208], [1, 1, 1, 0, 1, 0], 1) 
hit_rate: 0.866666666667 
iteration 46 
([2.8597883862545608, -0.69045699579597319, 0.92037066018192415, 0.89951831687041217, 3.0672630224213444, 1.8307266116188208], [1, 1, 1, 0, 1, 0], 1) 
hit_rate: 0.866666666667 
iteration 47 
([2.8597883862545608, -1.3189627185545842, 0.92037066018192415, 0.89951831687041217, 3.0672630224213444, 1.8307266116188208], [1, 1, 1, 0, 1, 0], 5) 
hit_rate: 0.866666666667 
iteration 48 
([2.8597883862545608, -1.3189627185545842, 0.92037066018192415, 0.89951831687041217, 3.0672630224213444, 1.1591364167968201], [1, 1, 1, 0, 1, 0], 1) 
hit_rate: 0.866666666667 
iteration 49 
([2.8597883862545608, -1.3189627185545842, 0.92037066018192415, 1.4150274617080134, 3.0672630224213444, 1.1591364167968201], [1, 1, 1, 0, 1, 0], 5) 
hit_rate: 0.866666666667 
iteration 50 
([2.8597883862545608, -1.0184077022011033, 0.92037066018192415, 1.4150274617080134, 3.0672630224213444, 1.1591364167968201], [1, 1, 1, 0, 1, 0], 1) 
hit_rate: 0.866666666667 
iteration 51 
([2.8597883862545608, -1.0184077022011033, 0.92037066018192415, 1.4150274617080134, 2.6112323458110716, 1.1591364167968201], [1, 1, 1, 0, 1, 0], 1) 
hit_rate: 0.866666666667 
iteration 52 
([2.8597883862545608, -1.0184077022011033, 0.92037066018192415, 2.0037593311708468, 2.6112323458110716, 1.1591364167968201], [1, 1, 1, 0, 1, 0], 5) 
hit_rate: 0.866666666667 
iteration 53 
([2.8597883862545608, -1.0184077022011033, 0.92037066018192415, 2.0037593311708468, 2.6112323458110716, 1.2113128813341114], [1, 1, 1, 0, 1, 0], 1) 
hit_rate: 0.866666666667 
iteration 54 
([2.8597883862545608, -1.1561510117963336, 0.92037066018192415, 2.0037593311708468, 2.6112323458110716, 1.2113128813341114], [1, 1, 1, 0, 1, 0], 1) 
hit_rate: 0.866666666667 
iteration 55 
([3.1253845883700864, -1.1561510117963336, 0.92037066018192415, 2.0037593311708468, 2.6112323458110716, 1.2113128813341114], [1, 1, 1, 0, 1, 0], 1) 
hit_rate: 0.866666666667 
iteration 56 
([3.1253845883700864, -1.1561510117963336, 0.92037066018192415, 2.0037593311708468, 2.6112323458110716, 2.1922467782130663], [1, 1, 1, 0, 1, 0], 1) 
hit_rate: 0.866666666667 
iteration 57 
([3.1253845883700864, -1.1561510117963336, 0.90744190230607935, 2.0037593311708468, 2.6112323458110716, 2.1922467782130663], [1, 1, 1, 0, 1, 0], 1) 
hit_rate: 0.866666666667 
iteration 58 
([3.1253845883700864, -0.82144080334612557, 0.90744190230607935, 2.0037593311708468, 2.6112323458110716, 2.1922467782130663], [1, 1, 1, 0, 1, 0], 1) 
hit_rate: 0.866666666667 
iteration 59 
([3.1253845883700864, -0.43950393751838845, 0.90744190230607935, 2.0037593311708468, 2.6112323458110716, 2.1922467782130663], [1, 1, 1, 0, 1, 0], 1) 
hit_rate: 0.866666666667 
iteration 60 
([3.1253845883700864, -0.43950393751838845, 0.90744190230607935, 2.0037593311708468, 2.6112323458110716, 1.2951651517231435], [1, 1, 1, 0, 1, 0], 1) 
hit_rate: 0.866666666667 
iteration 61 
([3.1253845883700864, -0.43950393751838845, 0.80743623481227211, 2.0037593311708468, 2.6112323458110716, 1.2951651517231435], [1, 1, 1, 0, 1, 0], 1) 
hit_rate: 0.866666666667 
iteration 62 
([3.1253845883700864, -0.43950393751838845, 0.80743623481227211, 2.0037593311708468, 3.0940273664923539, 1.2951651517231435], [1, 1, 1, 0, 1, 0], 1) 
hit_rate: 0.866666666667 
iteration 63 
([3.1253845883700864, 0.015028861974644814, 0.80743623481227211, 2.0037593311708468, 3.0940273664923539, 1.2951651517231435], [1, 1, 1, 0, 1, 0], 1) 
hit_rate: 0.8 
iteration 64 
([3.1253845883700864, 0.015028861974644814, 0.80743623481227211, 2.0037593311708468, 3.1218048091549093, 1.2951651517231435], [1, 1, 1, 0, 1, 0], 3) 
hit_rate: 0.8 
iteration 65 
([3.1253845883700864, -0.2329115384923095, 0.80743623481227211, 2.0037593311708468, 3.1218048091549093, 1.2951651517231435], [1, 1, 1, 0, 1, 0], 1) 
hit_rate: 0.8 
iteration 66 
([3.1253845883700864, -0.39442612131075538, 0.80743623481227211, 2.0037593311708468, 3.1218048091549093, 1.2951651517231435], [1, 1, 1, 0, 1, 0], 1) 
hit_rate: 0.866666666667 
iteration 67 
([3.1253845883700864, -0.39442612131075538, 0.80743623481227211, 1.2054324272938182, 3.1218048091549093, 1.2951651517231435], [1, 1, 1, 0, 1, 0], 1) 
hit_rate: 0.866666666667 
iteration 68 
([3.1253845883700864, -0.39442612131075538, 0.80743623481227211, 1.2054324272938182, 3.1218048091549093, 1.1503822920331208], [1, 1, 1, 0, 1, 0], 1) 
hit_rate: 0.866666666667 
iteration 69 
([3.1253845883700864, -0.39442612131075538, 0.80743623481227211, 1.2054324272938182, 3.8758878161135963, 1.1503822920331208], [1, 1, 1, 0, 1, 0], 1) 
hit_rate: 0.866666666667 
iteration 70 
([3.1253845883700864, -0.39442612131075538, 0.80743623481227211, 1.2054324272938182, 3.8758878161135963, 0.40943039306914342], [1, 1, 1, 0, 1, 0], 1) 
hit_rate: 0.866666666667 
iteration 71 
([3.1253845883700864, -0.39442612131075538, 0.80743623481227211, 0.86551070753616743, 3.8758878161135963, 0.40943039306914342], [1, 1, 1, 0, 1, 0], 1) 
hit_rate: 0.866666666667 
iteration 72 
([2.4111141727701808, -0.39442612131075538, 0.80743623481227211, 0.86551070753616743, 3.8758878161135963, 0.40943039306914342], [1, 1, 1, 0, 1, 0], 1) 
hit_rate: 0.866666666667 
iteration 73 
([2.4111141727701808, -0.39442612131075538, 0.80743623481227211, 0.86551070753616743, 3.8758878161135963, -0.4661817838847413], [1, 1, 1, 0, 1, 0], 1) 
hit_rate: 0.866666666667 
iteration 74 
([2.4111141727701808, -0.39442612131075538, 0.58397742119064011, 0.86551070753616743, 3.8758878161135963, -0.4661817838847413], [1, 1, 1, 0, 1, 0], 1) 
hit_rate: 0.866666666667 
iteration 75 
([2.4111141727701808, -0.39442612131075538, 0.58397742119064011, 0.86551070753616743, 3.7388180849931123, -0.4661817838847413], [1, 1, 1, 0, 1, 0], 1) 
hit_rate: 0.866666666667 
iteration 76 
([2.4111141727701808, -0.39442612131075538, 0.58397742119064011, 0.43365522748655971, 3.7388180849931123, -0.4661817838847413], [1, 1, 1, 0, 1, 0], 1) 
hit_rate: 0.866666666667 
iteration 77 
([2.4111141727701808, -0.39442612131075538, 0.58397742119064011, -0.14412469633321523, 3.7388180849931123, -0.4661817838847413], [1, 1, 1, 0, 1, 0], 1) 
hit_rate: 0.866666666667 
iteration 78 
([2.4111141727701808, -0.39442612131075538, 0.58397742119064011, -0.14412469633321523, 3.0369252677445777, -0.4661817838847413], [1, 1, 1, 0, 1, 0], 1) 
hit_rate: 0.866666666667 
iteration 79 
([2.4111141727701808, -0.39442612131075538, 0.58397742119064011, -0.14412469633321523, 3.2271674397705623, -0.4661817838847413], [1, 1, 1, 0, 1, 0], 1) 
hit_rate: 0.866666666667 
iteration 80 
([2.4111141727701808, -0.39442612131075538, 0.58397742119064011, -1.0429198083218716, 3.2271674397705623, -0.4661817838847413], [1, 1, 1, 0, 1, 0], 1) 
hit_rate: 0.866666666667 
iteration 81 
([2.4111141727701808, -0.39442612131075538, 0.76287257967631938, -1.0429198083218716, 3.2271674397705623, -0.4661817838847413], [1, 1, 1, 0, 1, 0], 1) 
hit_rate: 0.866666666667 
iteration 82 
([2.4111141727701808, -0.39442612131075538, 0.76287257967631938, -1.1798510512106983, 3.2271674397705623, -0.4661817838847413], [1, 1, 1, 0, 1, 0], 1) 
hit_rate: 0.866666666667 
iteration 83 
([2.4111141727701808, -0.39442612131075538, 0.62341666820245556, -1.1798510512106983, 3.2271674397705623, -0.4661817838847413], [1, 1, 1, 0, 1, 0], 1) 
hit_rate: 0.866666666667 
iteration 84 
([2.4111141727701808, -0.39442612131075538, 0.62341666820245556, -1.1798510512106983, 3.1804042912850874, -0.4661817838847413], [1, 1, 1, 0, 1, 0], 1) 
hit_rate: 0.866666666667 
iteration 85 
([2.7367603984239022, -0.39442612131075538, 0.62341666820245556, -1.1798510512106983, 3.1804042912850874, -0.4661817838847413], [1, 1, 1, 0, 1, 0], 5) 
hit_rate: 0.8 
iteration 86 
([2.7367603984239022, -0.39442612131075538, 0.62341666820245556, -0.18913578090541994, 3.1804042912850874, -0.4661817838847413], [1, 1, 1, 0, 1, 0], 1) 
hit_rate: 0.866666666667 
iteration 87 
([2.7367603984239022, -0.39442612131075538, 0.90920822857874817, -0.18913578090541994, 3.1804042912850874, -0.4661817838847413], [1, 1, 1, 0, 1, 0], 1) 
hit_rate: 0.866666666667 
iteration 88 
([2.8025066165108257, -0.39442612131075538, 0.90920822857874817, -0.18913578090541994, 3.1804042912850874, -0.4661817838847413], [1, 1, 1, 0, 1, 0], 1) 
hit_rate: 0.866666666667 
iteration 89 
([2.8025066165108257, -0.39442612131075538, 0.90920822857874817, -0.18913578090541994, 3.1804042912850874, 0.18232336675105332], [1, 1, 1, 0, 1, 0], 1) 
hit_rate: 0.866666666667 
iteration 90 
([3.4188111018054936, -0.39442612131075538, 0.90920822857874817, -0.18913578090541994, 3.1804042912850874, 0.18232336675105332], [1, 1, 1, 0, 1, 0], 1) 
hit_rate: 0.866666666667 
iteration 91 
([3.4188111018054936, -0.39442612131075538, 1.6387650532124005, -0.18913578090541994, 3.1804042912850874, 0.18232336675105332], [1, 1, 1, 0, 1, 0], 1) 
hit_rate: 0.866666666667 
iteration 92 
([3.4188111018054936, -0.39442612131075538, 0.94351848602886434, -0.18913578090541994, 3.1804042912850874, 0.18232336675105332], [1, 1, 1, 0, 1, 0], 1) 
hit_rate: 0.866666666667 
iteration 93 
([3.4188111018054936, -0.99066765086375064, 0.94351848602886434, -0.18913578090541994, 3.1804042912850874, 0.18232336675105332], [1, 1, 1, 0, 1, 0], 5) 
hit_rate: 0.866666666667 
iteration 94 
([2.9011835183946539, -0.99066765086375064, 0.94351848602886434, -0.18913578090541994, 3.1804042912850874, 0.18232336675105332], [1, 1, 1, 0, 1, 0], 5) 
hit_rate: 0.866666666667 
iteration 95 
([2.9011835183946539, -0.99066765086375064, 0.94351848602886434, -0.18913578090541994, 3.1804042912850874, 0.87544089100207456], [1, 1, 1, 0, 1, 0], 1) 
hit_rate: 0.866666666667 
iteration 96 
([2.9011835183946539, -0.99066765086375064, 0.94351848602886434, -0.18913578090541994, 3.1804042912850874, 0.20289126290972748], [1, 1, 1, 0, 1, 0], 5) 
hit_rate: 0.866666666667 
iteration 97 
([2.2341791509314608, -0.99066765086375064, 0.94351848602886434, -0.18913578090541994, 3.1804042912850874, 0.20289126290972748], [1, 1, 1, 0, 1, 0], 5) 
hit_rate: 0.866666666667 
iteration 98 
([2.2341791509314608, -0.99066765086375064, 0.94351848602886434, 0.69166320559151129, 3.1804042912850874, 0.20289126290972748], [1, 1, 1, 0, 1, 0], 5) 
hit_rate: 0.866666666667 
iteration 99 
([2.2341791509314608, -0.99066765086375064, 0.94351848602886434, 0.69166320559151129, 3.1804042912850874, 0.66613417476432257], [1, 1, 1, 0, 1, 0], 1) 
hit_rate: 0.866666666667 
best solution: ([2.2341791509314608, -0.99066765086375064, 0.94351848602886434, 0.69166320559151129, 3.1804042912850874, 0.66613417476432257], [1, 1, 1, 0, 1, 0], 1)
Hits for the best solution: 0.866666666667
TS Spent time: 341.829128981
k-NN Spent time: 0.136713027954
