iteration 0 
([1.0, 1.0, 1.0, 1.0, 1.0, 1.6303695751805845], [1, 1, 1, 1, 1, 1], 1) 
hit_rate: 0.6875 
iteration 1 
([1.0, 1.0, 1.0, 1.6182785979402079, 1.0, 1.6303695751805845], [1, 1, 1, 1, 1, 1], 1) 
hit_rate: 0.6875 
iteration 2 
([1.0, 1.0, 1.0, 1.6182785979402079, 1.0, 1.3990559202461861], [1, 1, 1, 1, 1, 1], 1) 
hit_rate: 0.625 
iteration 3 
([1.0, 1.0, 1.0, 1.3061246373995861, 1.0, 1.3990559202461861], [1, 1, 1, 1, 1, 1], 1) 
hit_rate: 0.6875 
iteration 4 
([1.0, 0.54585421432654635, 1.0, 1.3061246373995861, 1.0, 1.3990559202461861], [1, 1, 1, 1, 1, 1], 1) 
hit_rate: 0.625 
iteration 5 
([1.0, 0.54585421432654635, 1.0, 1.3061246373995861, 1.0, 1.4156407826301727], [1, 1, 1, 1, 1, 1], 1) 
hit_rate: 0.625 
iteration 6 
([1.0, 0.54585421432654635, 1.0, 1.3061246373995861, 1.0, 0.89301226016339474], [1, 1, 1, 1, 1, 1], 1) 
hit_rate: 0.5625 
iteration 7 
([1.0, 0.54585421432654635, 1.0, 1.3061246373995861, 1.0, 0.014273669997196148], [1, 1, 1, 1, 1, 1], 7) 
hit_rate: 0.625 
iteration 8 
([1.0, 0.54585421432654635, 1.0, 1.4276022286951573, 1.0, 0.014273669997196148], [1, 1, 1, 1, 1, 1], 7) 
hit_rate: 0.6875 
iteration 9 
([1.0, 0.54585421432654635, 1.0, 1.4276022286951573, 1.0, 0.014273669997196148], [1, 1, 1, 1, 1, 0], 4) 
hit_rate: 0.75 
iteration 10 
([0.53424559243982861, 0.54585421432654635, 1.0, 1.4276022286951573, 1.0, 0.014273669997196148], [1, 1, 1, 1, 1, 0], 9) 
hit_rate: 0.6875 
iteration 11 
([0.9699336187192551, 0.54585421432654635, 1.0, 1.4276022286951573, 1.0, 0.014273669997196148], [1, 1, 1, 1, 1, 0], 7) 
hit_rate: 0.6875 
iteration 12 
([0.9699336187192551, 0.54585421432654635, 0.69852409119244907, 1.4276022286951573, 1.0, 0.014273669997196148], [1, 1, 1, 1, 1, 0], 7) 
hit_rate: 0.6875 
iteration 13 
([0.9699336187192551, 0.54585421432654635, 0.69852409119244907, 1.4276022286951573, 0.91421909270114199, 0.014273669997196148], [1, 1, 1, 1, 1, 0], 7) 
hit_rate: 0.6875 
iteration 14 
([0.9699336187192551, 0.54585421432654635, 0.69852409119244907, 1.4276022286951573, 0.70525822813848538, 0.014273669997196148], [1, 1, 1, 1, 1, 0], 9) 
hit_rate: 0.6875 
iteration 15 
([-0.022099475948286651, 0.54585421432654635, 0.69852409119244907, 1.4276022286951573, 0.70525822813848538, 0.014273669997196148], [1, 1, 1, 1, 1, 0], 7) 
hit_rate: 0.75 
iteration 16 
([-0.022099475948286651, -0.16447444066379591, 0.69852409119244907, 1.4276022286951573, 0.70525822813848538, 0.014273669997196148], [1, 1, 1, 1, 1, 0], 3) 
hit_rate: 0.875 
iteration 17 
([-0.022099475948286651, -0.16447444066379591, 0.65351964656010075, 1.4276022286951573, 0.70525822813848538, 0.014273669997196148], [1, 1, 1, 1, 1, 0], 3) 
hit_rate: 0.875 
iteration 18 
([-0.022099475948286651, -0.16447444066379591, 0.65351964656010075, 1.178965294609551, 0.70525822813848538, 0.014273669997196148], [1, 1, 1, 1, 1, 0], 3) 
hit_rate: 0.875 
iteration 19 
([-0.022099475948286651, -0.16447444066379591, 0.65351964656010075, 1.5753740896514494, 0.70525822813848538, 0.014273669997196148], [1, 1, 1, 1, 1, 0], 1) 
hit_rate: 0.875 
iteration 20 
([-0.022099475948286651, -0.16447444066379591, 0.65351964656010075, 1.5753740896514494, 0.55433890237531425, 0.014273669997196148], [1, 1, 1, 1, 1, 0], 1) 
hit_rate: 0.875 
iteration 21 
([-0.022099475948286651, 0.074127874185261566, 0.65351964656010075, 1.5753740896514494, 0.55433890237531425, 0.014273669997196148], [1, 1, 1, 1, 1, 0], 3) 
hit_rate: 0.8125 
iteration 22 
([-0.022099475948286651, 0.074127874185261566, 0.65351964656010075, 1.5753740896514494, 0.65440819637476944, 0.014273669997196148], [1, 1, 1, 1, 1, 0], 7) 
hit_rate: 0.875 
iteration 23 
([-0.022099475948286651, 0.074127874185261566, 0.65351964656010075, 0.9904776118202947, 0.65440819637476944, 0.014273669997196148], [1, 1, 1, 1, 1, 0], 7) 
hit_rate: 0.875 
iteration 24 
([0.11163298771892793, 0.074127874185261566, 0.65351964656010075, 0.9904776118202947, 0.65440819637476944, 0.014273669997196148], [1, 1, 1, 1, 1, 0], 1) 
hit_rate: 0.875 
iteration 25 
([0.11163298771892793, 0.074127874185261566, 0.65351964656010075, 0.9904776118202947, 0.65440819637476944, 0.061827874315375286], [1, 1, 1, 1, 1, 0], 1) 
hit_rate: 0.875 
iteration 26 
([0.11163298771892793, 0.074127874185261566, 0.65351964656010075, 1.0404665485265898, 0.65440819637476944, 0.061827874315375286], [1, 1, 1, 1, 1, 0], 1) 
hit_rate: 0.875 
iteration 27 
([0.11163298771892793, 0.074127874185261566, 0.65351964656010075, 0.90266232148029935, 0.65440819637476944, 0.061827874315375286], [1, 1, 1, 1, 1, 0], 3) 
hit_rate: 0.875 
iteration 28 
([0.11163298771892793, 0.074127874185261566, 0.65351964656010075, 0.90266232148029935, 0.70683214627846791, 0.061827874315375286], [1, 1, 1, 1, 1, 0], 3) 
hit_rate: 0.875 
iteration 29 
([0.11163298771892793, 0.074127874185261566, 0.65351964656010075, 0.90266232148029935, 0.70683214627846791, -0.75472578373296728], [1, 1, 1, 1, 1, 0], 3) 
hit_rate: 0.875 
iteration 30 
([0.11163298771892793, 0.074127874185261566, 0.65351964656010075, 0.75684382128959893, 0.70683214627846791, -0.75472578373296728], [1, 1, 1, 1, 1, 0], 1) 
hit_rate: 0.875 
iteration 31 
([0.11163298771892793, 0.074127874185261566, 0.65351964656010075, 0.75684382128959893, 1.2433555006277681, -0.75472578373296728], [1, 1, 1, 1, 1, 0], 3) 
hit_rate: 0.875 
iteration 32 
([0.11163298771892793, 0.074127874185261566, 1.0276171040531623, 0.75684382128959893, 1.2433555006277681, -0.75472578373296728], [1, 1, 1, 1, 1, 0], 5) 
hit_rate: 0.875 
iteration 33 
([0.11163298771892793, 0.074127874185261566, 1.0276171040531623, 0.75684382128959893, 1.2433555006277681, -0.011551745285450332], [1, 1, 1, 1, 1, 0], 5) 
hit_rate: 0.875 
iteration 34 
([0.11163298771892793, 0.074127874185261566, 1.7005865205357671, 0.75684382128959893, 1.2433555006277681, -0.011551745285450332], [1, 1, 1, 1, 1, 0], 7) 
hit_rate: 0.9375 
iteration 35 
([0.11163298771892793, 0.074127874185261566, 1.7005865205357671, 0.75684382128959893, 1.3927970912158261, -0.011551745285450332], [1, 1, 1, 1, 1, 0], 7) 
hit_rate: 0.9375 
iteration 36 
([0.11163298771892793, 0.074127874185261566, 1.5919026059411001, 0.75684382128959893, 1.3927970912158261, -0.011551745285450332], [1, 1, 1, 1, 1, 0], 9) 
hit_rate: 0.9375 
iteration 37 
([0.11163298771892793, 0.074127874185261566, 1.5919026059411001, 0.75684382128959893, 1.2560590800831894, -0.011551745285450332], [1, 1, 1, 1, 1, 0], 7) 
hit_rate: 0.9375 
iteration 38 
([0.11163298771892793, 0.074127874185261566, 1.5919026059411001, 0.87012663752914166, 1.2560590800831894, -0.011551745285450332], [1, 1, 1, 1, 1, 0], 7) 
hit_rate: 0.9375 
iteration 39 
([0.11163298771892793, 0.074127874185261566, 1.046237201781252, 0.87012663752914166, 1.2560590800831894, -0.011551745285450332], [1, 1, 1, 1, 1, 0], 9) 
hit_rate: 0.875 
iteration 40 
([0.11163298771892793, 0.074127874185261566, 1.046237201781252, 0.47258570970011915, 1.2560590800831894, -0.011551745285450332], [1, 1, 1, 1, 1, 0], 7) 
hit_rate: 0.9375 
iteration 41 
([0.11163298771892793, 0.074127874185261566, 1.046237201781252, 0.47258570970011915, 1.4242727687924888, -0.011551745285450332], [1, 1, 1, 1, 1, 0], 9) 
hit_rate: 0.9375 
iteration 42 
([0.11163298771892793, 0.074127874185261566, 1.046237201781252, 0.47258570970011915, 1.4242727687924888, -0.8339567439903639], [1, 1, 1, 1, 1, 0], 3) 
hit_rate: 0.875 
iteration 43 
([0.11163298771892793, 0.13426871286737763, 1.046237201781252, 0.47258570970011915, 1.4242727687924888, -0.8339567439903639], [1, 1, 1, 1, 1, 0], 9) 
hit_rate: 0.9375 
iteration 44 
([0.11163298771892793, 0.13426871286737763, 0.82730689665162216, 0.47258570970011915, 1.4242727687924888, -0.8339567439903639], [1, 1, 1, 1, 1, 0], 7) 
hit_rate: 0.9375 
iteration 45 
([0.11163298771892793, 0.13426871286737763, 0.82730689665162216, 0.47258570970011915, 1.4242727687924888, -0.20905231155522097], [1, 1, 1, 1, 1, 0], 7) 
hit_rate: 0.9375 
iteration 46 
([0.092078076696238575, 0.13426871286737763, 0.82730689665162216, 0.47258570970011915, 1.4242727687924888, -0.20905231155522097], [1, 1, 1, 1, 1, 0], 9) 
hit_rate: 0.9375 
iteration 47 
([0.092078076696238575, 0.13426871286737763, 0.82730689665162216, 0.70619574729241075, 1.4242727687924888, -0.20905231155522097], [1, 1, 1, 1, 1, 0], 7) 
hit_rate: 0.875 
iteration 48 
([0.092078076696238575, 0.13426871286737763, 0.82730689665162216, 0.44379431987891826, 1.4242727687924888, -0.20905231155522097], [1, 1, 1, 1, 1, 0], 7) 
hit_rate: 0.875 
iteration 49 
([0.092078076696238575, 0.13426871286737763, 0.82730689665162216, 0.44379431987891826, 1.4242727687924888, 0.6050587999218624], [1, 1, 1, 1, 1, 0], 9) 
hit_rate: 0.875 
iteration 50 
([0.092078076696238575, 0.13426871286737763, 0.82730689665162216, 0.44379431987891826, 1.4242727687924888, 1.3620249767887209], [1, 1, 1, 1, 1, 0], 7) 
hit_rate: 0.875 
iteration 51 
([0.092078076696238575, 0.13426871286737763, 0.82730689665162216, 0.44379431987891826, 1.1197857621701277, 1.3620249767887209], [1, 1, 1, 1, 1, 0], 9) 
hit_rate: 0.9375 
iteration 52 
([0.092078076696238575, 0.13426871286737763, 0.82730689665162216, 0.44379431987891826, 1.1197857621701277, 1.8314955688476178], [1, 1, 1, 1, 1, 0], 9) 
hit_rate: 0.9375 
iteration 53 
([0.092078076696238575, 0.13426871286737763, 1.0718770765892616, 0.44379431987891826, 1.1197857621701277, 1.8314955688476178], [1, 1, 1, 1, 1, 0], 7) 
hit_rate: 0.9375 
iteration 54 
([0.092078076696238575, 0.13426871286737763, 1.0718770765892616, 0.44379431987891826, 1.1197857621701277, 1.7824936817332877], [1, 1, 1, 1, 1, 0], 7) 
hit_rate: 0.9375 
iteration 55 
([0.092078076696238575, 0.13426871286737763, 1.0718770765892616, 0.44379431987891826, 1.1197857621701277, 1.5369012932590098], [1, 1, 1, 1, 1, 0], 7) 
hit_rate: 0.9375 
iteration 56 
([0.092078076696238575, 0.13426871286737763, 1.0718770765892616, 0.44379431987891826, 1.1197857621701277, 0.72924510848782953], [1, 1, 1, 1, 1, 0], 7) 
hit_rate: 0.9375 
iteration 57 
([0.092078076696238575, 0.13426871286737763, 1.0718770765892616, 0.44379431987891826, 1.1197857621701277, 0.95044099442344843], [1, 1, 1, 1, 1, 0], 7) 
hit_rate: 0.9375 
iteration 58 
([0.092078076696238575, 0.13426871286737763, 1.0718770765892616, 0.44379431987891826, 1.1197857621701277, 0.99494840408343932], [1, 1, 1, 1, 1, 0], 7) 
hit_rate: 0.9375 
iteration 59 
([0.092078076696238575, 0.13426871286737763, 1.0718770765892616, 0.44379431987891826, 1.2920396936425214, 0.99494840408343932], [1, 1, 1, 1, 1, 0], 9) 
hit_rate: 0.9375 
iteration 60 
([0.092078076696238575, 0.13426871286737763, 1.0718770765892616, 0.44379431987891826, 1.2920396936425214, 1.6130515152148983], [1, 1, 1, 1, 1, 0], 7) 
hit_rate: 0.9375 
iteration 61 
([0.092078076696238575, 0.13426871286737763, 1.0718770765892616, 0.44379431987891826, 1.2797722942474377, 1.6130515152148983], [1, 1, 1, 1, 1, 0], 9) 
hit_rate: 0.9375 
iteration 62 
([0.092078076696238575, 0.13426871286737763, 1.0718770765892616, 0.44379431987891826, 1.359634334096713, 1.6130515152148983], [1, 1, 1, 1, 1, 0], 7) 
hit_rate: 0.9375 
iteration 63 
([0.092078076696238575, 0.13426871286737763, 1.0718770765892616, 0.44379431987891826, 1.359634334096713, 1.5381842650331066], [1, 1, 1, 1, 1, 0], 9) 
hit_rate: 0.9375 
iteration 64 
([0.092078076696238575, 0.13426871286737763, 1.1687455802898887, 0.44379431987891826, 1.359634334096713, 1.5381842650331066], [1, 1, 1, 1, 1, 0], 9) 
hit_rate: 0.9375 
iteration 65 
([-0.027495921263341883, 0.13426871286737763, 1.1687455802898887, 0.44379431987891826, 1.359634334096713, 1.5381842650331066], [1, 1, 1, 1, 1, 0], 9) 
hit_rate: 0.9375 
iteration 66 
([-0.027495921263341883, 0.13426871286737763, 1.1687455802898887, 0.44379431987891826, 1.2986637472696541, 1.5381842650331066], [1, 1, 1, 1, 1, 0], 9) 
hit_rate: 0.9375 
iteration 67 
([-0.027495921263341883, 0.033324495846972502, 1.1687455802898887, 0.44379431987891826, 1.2986637472696541, 1.5381842650331066], [1, 1, 1, 1, 1, 0], 7) 
hit_rate: 0.9375 
iteration 68 
([-0.027495921263341883, 0.033324495846972502, 1.1687455802898887, 0.44379431987891826, 1.2986637472696541, 1.3435931537203758], [1, 1, 1, 1, 1, 0], 9) 
hit_rate: 0.9375 
iteration 69 
([-0.027495921263341883, 0.033324495846972502, 1.5398220631378337, 0.44379431987891826, 1.2986637472696541, 1.3435931537203758], [1, 1, 1, 1, 1, 0], 7) 
hit_rate: 0.9375 
iteration 70 
([-0.027495921263341883, 0.033324495846972502, 1.5398220631378337, 0.73592254577632565, 1.2986637472696541, 1.3435931537203758], [1, 1, 1, 1, 1, 0], 7) 
hit_rate: 0.9375 
iteration 71 
([-0.027495921263341883, 0.033324495846972502, 1.5398220631378337, 0.88846668536812423, 1.2986637472696541, 1.3435931537203758], [1, 1, 1, 1, 1, 0], 7) 
hit_rate: 0.9375 
iteration 72 
([-0.027495921263341883, 0.033324495846972502, 1.9258841686700956, 0.88846668536812423, 1.2986637472696541, 1.3435931537203758], [1, 1, 1, 1, 1, 0], 7) 
hit_rate: 0.9375 
iteration 73 
([-0.027495921263341883, 0.033324495846972502, 1.9258841686700956, 0.88846668536812423, 1.9903495584670108, 1.3435931537203758], [1, 1, 1, 1, 1, 0], 9) 
hit_rate: 0.9375 
iteration 74 
([-0.027495921263341883, 0.29890237997406, 1.9258841686700956, 0.88846668536812423, 1.9903495584670108, 1.3435931537203758], [1, 1, 1, 1, 1, 0], 9) 
hit_rate: 0.9375 
iteration 75 
([-0.027495921263341883, 0.29890237997406, 1.9258841686700956, 0.88846668536812423, 2.2707816709153184, 1.3435931537203758], [1, 1, 1, 1, 1, 0], 7) 
hit_rate: 0.9375 
iteration 76 
([-0.027495921263341883, 0.29890237997406, 1.9258841686700956, 1.1665244932634855, 2.2707816709153184, 1.3435931537203758], [1, 1, 1, 1, 1, 0], 7) 
hit_rate: 0.9375 
iteration 77 
([-0.027495921263341883, 0.29890237997406, 1.9258841686700956, 1.1665244932634855, 2.2707816709153184, 0.34496291783567679], [1, 1, 1, 1, 1, 0], 7) 
hit_rate: 0.9375 
iteration 78 
([-0.027495921263341883, 0.29890237997406, 1.9258841686700956, 1.1665244932634855, 2.2707816709153184, 0.12314674008641568], [1, 1, 1, 1, 1, 0], 7) 
hit_rate: 0.9375 
iteration 79 
([-0.027495921263341883, 0.29890237997406, 1.9258841686700956, 1.1665244932634855, 2.2707816709153184, -0.60227357092676659], [1, 1, 1, 1, 1, 0], 7) 
hit_rate: 0.9375 
iteration 80 
([-0.027495921263341883, 0.29890237997406, 1.9258841686700956, 1.1665244932634855, 2.3647711367637929, -0.60227357092676659], [1, 1, 1, 1, 1, 0], 7) 
hit_rate: 0.9375 
iteration 81 
([-0.027495921263341883, 0.23833935317143529, 1.9258841686700956, 1.1665244932634855, 2.3647711367637929, -0.60227357092676659], [1, 1, 1, 1, 1, 0], 7) 
hit_rate: 0.9375 
iteration 82 
([-0.027495921263341883, 0.23833935317143529, 2.2314015379894481, 1.1665244932634855, 2.3647711367637929, -0.60227357092676659], [1, 1, 1, 1, 1, 0], 9) 
hit_rate: 0.9375 
iteration 83 
([-0.027495921263341883, 0.23833935317143529, 2.2314015379894481, 1.1665244932634855, 2.3647711367637929, -0.34724504955426716], [1, 1, 1, 1, 1, 0], 7) 
hit_rate: 0.9375 
iteration 84 
([-0.027495921263341883, 0.23833935317143529, 2.2314015379894481, 1.1665244932634855, 2.3647711367637929, -1.0356503419026235], [1, 1, 1, 1, 1, 0], 9) 
hit_rate: 0.9375 
iteration 85 
([-0.06231342847250354, 0.23833935317143529, 2.2314015379894481, 1.1665244932634855, 2.3647711367637929, -1.0356503419026235], [1, 1, 1, 1, 1, 0], 9) 
hit_rate: 0.9375 
iteration 86 
([-0.06231342847250354, 0.23833935317143529, 2.2314015379894481, 1.1665244932634855, 2.3647711367637929, -1.5090577412298667], [1, 1, 1, 1, 1, 0], 9) 
hit_rate: 0.9375 
iteration 87 
([-0.06231342847250354, 0.23833935317143529, 2.2314015379894481, 1.1665244932634855, 2.0419614783603541, -1.5090577412298667], [1, 1, 1, 1, 1, 0], 9) 
hit_rate: 0.9375 
iteration 88 
([-0.06231342847250354, 0.23833935317143529, 2.2314015379894481, 1.1950636040082343, 2.0419614783603541, -1.5090577412298667], [1, 1, 1, 1, 1, 0], 9) 
hit_rate: 0.9375 
iteration 89 
([0.032130459313426618, 0.23833935317143529, 2.2314015379894481, 1.1950636040082343, 2.0419614783603541, -1.5090577412298667], [1, 1, 1, 1, 1, 0], 7) 
hit_rate: 0.9375 
iteration 90 
([0.032130459313426618, 0.23833935317143529, 2.2314015379894481, 1.4683751574847805, 2.0419614783603541, -1.5090577412298667], [1, 1, 1, 1, 1, 0], 3) 
hit_rate: 0.875 
iteration 91 
([0.032130459313426618, 0.23833935317143529, 2.2314015379894481, 0.95417798257140163, 2.0419614783603541, -1.5090577412298667], [1, 1, 1, 1, 1, 0], 9) 
hit_rate: 0.9375 
iteration 92 
([0.032130459313426618, 0.23833935317143529, 2.4933347789875615, 0.95417798257140163, 2.0419614783603541, -1.5090577412298667], [1, 1, 1, 1, 1, 0], 7) 
hit_rate: 0.9375 
iteration 93 
([0.032130459313426618, 0.23833935317143529, 2.4933347789875615, 0.95417798257140163, 2.0419614783603541, -1.8517086319600191], [1, 1, 1, 1, 1, 0], 7) 
hit_rate: 0.9375 
iteration 94 
([0.032130459313426618, 0.23833935317143529, 2.4933347789875615, 0.95417798257140163, 2.0419614783603541, -2.033299334485144], [1, 1, 1, 1, 1, 0], 7) 
hit_rate: 0.9375 
iteration 95 
([0.032130459313426618, 0.23833935317143529, 2.4933347789875615, 0.95417798257140163, 2.0419614783603541, -2.2617777260669114], [1, 1, 1, 1, 1, 0], 7) 
hit_rate: 0.9375 
iteration 96 
([0.032130459313426618, 0.23833935317143529, 2.4933347789875615, 0.95417798257140163, 2.1186646135791261, -2.2617777260669114], [1, 1, 1, 1, 1, 0], 9) 
hit_rate: 0.9375 
iteration 97 
([0.032130459313426618, 0.23833935317143529, 2.4933347789875615, 0.95417798257140163, 2.1186646135791261, -1.4289477980423424], [1, 1, 1, 1, 1, 0], 7) 
hit_rate: 0.9375 
iteration 98 
([0.032130459313426618, 0.23833935317143529, 2.4933347789875615, 0.95417798257140163, 2.1186646135791261, -2.3181705112980699], [1, 1, 1, 1, 1, 0], 9) 
hit_rate: 0.9375 
iteration 99 
([0.032130459313426618, 0.23833935317143529, 2.4933347789875615, 0.95417798257140163, 2.1186646135791261, -2.1318001859845834], [1, 1, 1, 1, 1, 0], 9) 
hit_rate: 0.9375 
best solution: ([0.032130459313426618, 0.23833935317143529, 2.4933347789875615, 0.95417798257140163, 2.1186646135791261, -2.1318001859845834], [1, 1, 1, 1, 1, 0], 9)
Hits for the best solution: 0.9375
TS Spent time: 404.054722071
k-NN Spent time: 0.170601129532
