iteration 0 
([0.42857765605369136, 1.0, 1.0, 1.0, 1.0, 1.0], [1, 1, 1, 1, 1, 1], 3) 
hit_rate: 0.722222222222 
iteration 1 
([0.42857765605369136, 1.0, 1.0, 0.84305469673073175, 1.0, 1.0], [1, 1, 1, 1, 1, 1], 1) 
hit_rate: 0.722222222222 
iteration 2 
([0.42857765605369136, 1.0, 1.0, 1.3291056114439803, 1.0, 1.0], [1, 1, 1, 1, 1, 1], 1) 
hit_rate: 0.777777777778 
iteration 3 
([0.42857765605369136, 1.0, 1.0, 1.3291056114439803, 0.97024459283044018, 1.0], [1, 1, 1, 1, 1, 1], 1) 
hit_rate: 0.833333333333 
iteration 4 
([0.42857765605369136, 1.0, 1.0, 1.3291056114439803, 0.81104748579068997, 1.0], [1, 1, 1, 1, 1, 1], 1) 
hit_rate: 0.833333333333 
iteration 5 
([0.42857765605369136, 1.0, 1.0, 1.3291056114439803, 0.81104748579068997, 1.0659242417040051], [1, 1, 1, 1, 1, 1], 1) 
hit_rate: 0.833333333333 
iteration 6 
([0.42857765605369136, 1.0408523280989501, 1.0, 1.3291056114439803, 0.81104748579068997, 1.0659242417040051], [1, 1, 1, 1, 1, 1], 1) 
hit_rate: 0.833333333333 
iteration 7 
([0.42857765605369136, 1.0408523280989501, 1.0, 1.3291056114439803, 0.81104748579068997, 1.0751274438789193], [1, 1, 1, 1, 1, 1], 1) 
hit_rate: 0.833333333333 
iteration 8 
([0.42857765605369136, 1.0408523280989501, 1.0892889557934335, 1.3291056114439803, 0.81104748579068997, 1.0751274438789193], [1, 1, 1, 1, 1, 1], 1) 
hit_rate: 0.833333333333 
iteration 9 
([0.42857765605369136, 0.72866050811951633, 1.0892889557934335, 1.3291056114439803, 0.81104748579068997, 1.0751274438789193], [1, 1, 1, 1, 1, 1], 1) 
hit_rate: 0.777777777778 
iteration 10 
([0.42857765605369136, 1.0388439254707262, 1.0892889557934335, 1.3291056114439803, 0.81104748579068997, 1.0751274438789193], [1, 1, 1, 1, 1, 1], 1) 
hit_rate: 0.833333333333 
iteration 11 
([0.42857765605369136, 1.0388439254707262, 0.66174804301514856, 1.3291056114439803, 0.81104748579068997, 1.0751274438789193], [1, 1, 1, 1, 1, 1], 1) 
hit_rate: 0.833333333333 
iteration 12 
([0.42857765605369136, 1.0388439254707262, 0.66174804301514856, 1.3291056114439803, 0.78305415056158378, 1.0751274438789193], [1, 1, 1, 1, 1, 1], 1) 
hit_rate: 0.833333333333 
iteration 13 
([0.42857765605369136, 1.0886516932121759, 0.66174804301514856, 1.3291056114439803, 0.78305415056158378, 1.0751274438789193], [1, 1, 1, 1, 1, 1], 1) 
hit_rate: 0.833333333333 
iteration 14 
([0.42857765605369136, 1.0886516932121759, 0.66174804301514856, 1.3291056114439803, 0.78305415056158378, 1.626103829051295], [1, 1, 1, 1, 1, 1], 1) 
hit_rate: 0.833333333333 
iteration 15 
([0.42857765605369136, 1.0886516932121759, 0.66174804301514856, 1.3291056114439803, 1.0225970324753522, 1.626103829051295], [1, 1, 1, 1, 1, 1], 1) 
hit_rate: 0.777777777778 
iteration 16 
([0.42857765605369136, 1.0886516932121759, 0.66174804301514856, 1.3291056114439803, 1.0225970324753522, 1.4423157492957497], [1, 1, 1, 1, 1, 1], 1) 
hit_rate: 0.777777777778 
iteration 17 
([-0.065454614222534957, 1.0886516932121759, 0.66174804301514856, 1.3291056114439803, 1.0225970324753522, 1.4423157492957497], [1, 1, 1, 1, 1, 1], 1) 
hit_rate: 0.833333333333 
iteration 18 
([-0.065454614222534957, 1.0886516932121759, 0.66174804301514856, 1.3940597307386942, 1.0225970324753522, 1.4423157492957497], [1, 1, 1, 1, 1, 1], 1) 
hit_rate: 0.833333333333 
iteration 19 
([-0.065454614222534957, 1.0886516932121759, 0.66174804301514856, 0.92106233517816927, 1.0225970324753522, 1.4423157492957497], [1, 1, 1, 1, 1, 1], 1) 
hit_rate: 0.666666666667 
iteration 20 
([-0.065454614222534957, 1.0886516932121759, 0.66174804301514856, 0.62611928821385421, 1.0225970324753522, 1.4423157492957497], [1, 1, 1, 1, 1, 1], 1) 
hit_rate: 0.777777777778 
iteration 21 
([-0.065454614222534957, 1.0886516932121759, 0.66174804301514856, 1.261311821267656, 1.0225970324753522, 1.4423157492957497], [1, 1, 1, 1, 1, 1], 1) 
hit_rate: 0.833333333333 
iteration 22 
([-0.065454614222534957, 1.0886516932121759, 0.41744492541432177, 1.261311821267656, 1.0225970324753522, 1.4423157492957497], [1, 1, 1, 1, 1, 1], 1) 
hit_rate: 0.833333333333 
iteration 23 
([-0.065454614222534957, 1.0886516932121759, 0.41744492541432177, 1.261311821267656, 1.0225970324753522, 1.4423157492957497], [1, 1, 1, 0, 1, 1], 1) 
hit_rate: 0.777777777778 
iteration 24 
([-0.065454614222534957, 1.0886516932121759, 0.41744492541432177, 1.261311821267656, 1.0225970324753522, 1.9366188804777269], [1, 1, 1, 0, 1, 1], 1) 
hit_rate: 0.722222222222 
iteration 25 
([0.25609887086105076, 1.0886516932121759, 0.41744492541432177, 1.261311821267656, 1.0225970324753522, 1.9366188804777269], [1, 1, 1, 0, 1, 1], 1) 
hit_rate: 0.722222222222 
iteration 26 
([-0.23498204921484178, 1.0886516932121759, 0.41744492541432177, 1.261311821267656, 1.0225970324753522, 1.9366188804777269], [1, 1, 1, 0, 1, 1], 1) 
hit_rate: 0.722222222222 
iteration 27 
([-0.93587653804438942, 1.0886516932121759, 0.41744492541432177, 1.261311821267656, 1.0225970324753522, 1.9366188804777269], [1, 1, 1, 0, 1, 1], 1) 
hit_rate: 0.722222222222 
iteration 28 
([-0.93587653804438942, 1.0886516932121759, 0.41744492541432177, 1.261311821267656, 0.76133057339160981, 1.9366188804777269], [1, 1, 1, 0, 1, 1], 1) 
hit_rate: 0.722222222222 
iteration 29 
([-0.93587653804438942, 1.0886516932121759, 0.41744492541432177, 1.261311821267656, 0.76660526354665603, 1.9366188804777269], [1, 1, 1, 0, 1, 1], 1) 
hit_rate: 0.722222222222 
iteration 30 
([-0.93587653804438942, 1.0886516932121759, -0.089516335911108635, 1.261311821267656, 0.76660526354665603, 1.9366188804777269], [1, 1, 1, 0, 1, 1], 1) 
hit_rate: 0.722222222222 
iteration 31 
([-0.93587653804438942, 1.0886516932121759, -0.089516335911108635, 0.57712565719026521, 0.76660526354665603, 1.9366188804777269], [1, 1, 1, 0, 1, 1], 1) 
hit_rate: 0.722222222222 
iteration 32 
([-0.93587653804438942, 1.0886516932121759, -0.55409638289605168, 0.57712565719026521, 0.76660526354665603, 1.9366188804777269], [1, 1, 1, 0, 1, 1], 1) 
hit_rate: 0.722222222222 
iteration 33 
([-0.93587653804438942, 1.0886516932121759, -0.55409638289605168, 0.42799415297828158, 0.76660526354665603, 1.9366188804777269], [1, 1, 1, 0, 1, 1], 1) 
hit_rate: 0.722222222222 
iteration 34 
([-0.93587653804438942, 1.0886516932121759, -0.074114066157317415, 0.42799415297828158, 0.76660526354665603, 1.9366188804777269], [1, 1, 1, 0, 1, 1], 1) 
hit_rate: 0.722222222222 
iteration 35 
([-0.93587653804438942, 1.0886516932121759, -0.074114066157317415, -0.50431177446606901, 0.76660526354665603, 1.9366188804777269], [1, 1, 1, 0, 1, 1], 1) 
hit_rate: 0.722222222222 
iteration 36 
([-0.93587653804438942, 1.0886516932121759, -0.34900833807348564, -0.50431177446606901, 0.76660526354665603, 1.9366188804777269], [1, 1, 1, 0, 1, 1], 1) 
hit_rate: 0.722222222222 
iteration 37 
([-0.99435604204875405, 1.0886516932121759, -0.34900833807348564, -0.50431177446606901, 0.76660526354665603, 1.9366188804777269], [1, 1, 1, 0, 1, 1], 1) 
hit_rate: 0.722222222222 
iteration 38 
([-0.4659412624319661, 1.0886516932121759, -0.34900833807348564, -0.50431177446606901, 0.76660526354665603, 1.9366188804777269], [1, 1, 1, 0, 1, 1], 1) 
hit_rate: 0.722222222222 
iteration 39 
([-0.4659412624319661, 1.0886516932121759, -0.34900833807348564, -0.50431177446606901, 0.76660526354665603, 1.9366188804777269], [1, 1, 1, 1, 1, 1], 1) 
hit_rate: 0.777777777778 
iteration 40 
([-0.34614312376442702, 1.0886516932121759, -0.34900833807348564, -0.50431177446606901, 0.76660526354665603, 1.9366188804777269], [1, 1, 1, 1, 1, 1], 1) 
hit_rate: 0.777777777778 
iteration 41 
([-0.80043228900556573, 1.0886516932121759, -0.34900833807348564, -0.50431177446606901, 0.76660526354665603, 1.9366188804777269], [1, 1, 1, 1, 1, 1], 1) 
hit_rate: 0.777777777778 
iteration 42 
([-0.80043228900556573, 1.0886516932121759, -0.34900833807348564, -0.50431177446606901, 1.2779717382378863, 1.9366188804777269], [1, 1, 1, 1, 1, 1], 1) 
hit_rate: 0.777777777778 
iteration 43 
([-0.80043228900556573, 1.0886516932121759, 0.61714758589461272, -0.50431177446606901, 1.2779717382378863, 1.9366188804777269], [1, 1, 1, 1, 1, 1], 1) 
hit_rate: 0.777777777778 
iteration 44 
([-0.80043228900556573, 0.95547388492000107, 0.61714758589461272, -0.50431177446606901, 1.2779717382378863, 1.9366188804777269], [1, 1, 1, 1, 1, 1], 1) 
hit_rate: 0.722222222222 
iteration 45 
([-0.80043228900556573, 1.8350291280648816, 0.61714758589461272, -0.50431177446606901, 1.2779717382378863, 1.9366188804777269], [1, 1, 1, 1, 1, 1], 1) 
hit_rate: 0.777777777778 
iteration 46 
([-0.3444203121091165, 1.8350291280648816, 0.61714758589461272, -0.50431177446606901, 1.2779717382378863, 1.9366188804777269], [1, 1, 1, 1, 1, 1], 1) 
hit_rate: 0.722222222222 
iteration 47 
([-0.3444203121091165, 1.8350291280648816, 0.61714758589461272, 0.45085814083516706, 1.2779717382378863, 1.9366188804777269], [1, 1, 1, 1, 1, 1], 1) 
hit_rate: 0.722222222222 
iteration 48 
([-0.8996390348784824, 1.8350291280648816, 0.61714758589461272, 0.45085814083516706, 1.2779717382378863, 1.9366188804777269], [1, 1, 1, 1, 1, 1], 1) 
hit_rate: 0.777777777778 
iteration 49 
([-0.8996390348784824, 1.8350291280648816, 0.61714758589461272, 0.45085814083516706, 1.2779717382378863, 2.6843784765676117], [1, 1, 1, 1, 1, 1], 1) 
hit_rate: 0.777777777778 
iteration 50 
([-0.8996390348784824, 1.8350291280648816, -0.32188391694499496, 0.45085814083516706, 1.2779717382378863, 2.6843784765676117], [1, 1, 1, 1, 1, 1], 1) 
hit_rate: 0.777777777778 
iteration 51 
([-0.8996390348784824, 1.8350291280648816, -0.32188391694499496, 0.45085814083516706, 0.90626850237069201, 2.6843784765676117], [1, 1, 1, 1, 1, 1], 1) 
hit_rate: 0.777777777778 
iteration 52 
([-1.2646535984622462, 1.8350291280648816, -0.32188391694499496, 0.45085814083516706, 0.90626850237069201, 2.6843784765676117], [1, 1, 1, 1, 1, 1], 1) 
hit_rate: 0.777777777778 
iteration 53 
([-1.2646535984622462, 1.7872372494264566, -0.32188391694499496, 0.45085814083516706, 0.90626850237069201, 2.6843784765676117], [1, 1, 1, 1, 1, 1], 1) 
hit_rate: 0.777777777778 
iteration 54 
([-1.2646535984622462, 1.8757344994450771, -0.32188391694499496, 0.45085814083516706, 0.90626850237069201, 2.6843784765676117], [1, 1, 1, 1, 1, 1], 1) 
hit_rate: 0.777777777778 
iteration 55 
([-1.2646535984622462, 1.0054431279039115, -0.32188391694499496, 0.45085814083516706, 0.90626850237069201, 2.6843784765676117], [1, 1, 1, 1, 1, 1], 1) 
hit_rate: 0.722222222222 
iteration 56 
([-0.36081019332641562, 1.0054431279039115, -0.32188391694499496, 0.45085814083516706, 0.90626850237069201, 2.6843784765676117], [1, 1, 1, 1, 1, 1], 1) 
hit_rate: 0.777777777778 
iteration 57 
([-0.36081019332641562, 1.0054431279039115, -0.32188391694499496, 0.45085814083516706, 0.90626850237069201, 3.1089138038772797], [1, 1, 1, 1, 1, 1], 1) 
hit_rate: 0.777777777778 
iteration 58 
([-0.36081019332641562, 1.0054431279039115, -0.32188391694499496, 0.45085814083516706, 0.90626850237069201, 3.3245030088646548], [1, 1, 1, 1, 1, 1], 1) 
hit_rate: 0.777777777778 
iteration 59 
([-0.36081019332641562, 1.0054431279039115, -0.32188391694499496, 0.45085814083516706, 0.90626850237069201, 2.7395901526892485], [1, 1, 1, 1, 1, 1], 1) 
hit_rate: 0.777777777778 
iteration 60 
([-0.36081019332641562, 1.0054431279039115, -0.32188391694499496, 0.45085814083516706, 0.90626850237069201, 2.8002292347962068], [1, 1, 1, 1, 1, 1], 1) 
hit_rate: 0.777777777778 
iteration 61 
([-0.36081019332641562, 0.70015153522856588, -0.32188391694499496, 0.45085814083516706, 0.90626850237069201, 2.8002292347962068], [1, 1, 1, 1, 1, 1], 1) 
hit_rate: 0.722222222222 
iteration 62 
([-0.36081019332641562, 0.70015153522856588, -0.32188391694499496, 0.45085814083516706, 0.90626850237069201, 2.5390973712092419], [1, 1, 1, 1, 1, 1], 1) 
hit_rate: 0.777777777778 
iteration 63 
([-0.36081019332641562, 0.70015153522856588, -0.32188391694499496, 0.45085814083516706, 0.44830830281403711, 2.5390973712092419], [1, 1, 1, 1, 1, 1], 1) 
hit_rate: 0.777777777778 
iteration 64 
([-0.36081019332641562, 0.70015153522856588, -0.32188391694499496, 0.45085814083516706, 0.30673654285332264, 2.5390973712092419], [1, 1, 1, 1, 1, 1], 1) 
hit_rate: 0.777777777778 
iteration 65 
([-0.36081019332641562, 0.70015153522856588, -0.32188391694499496, 0.45085814083516706, 0.30673654285332264, 1.9479862207876459], [1, 1, 1, 1, 1, 1], 1) 
hit_rate: 0.722222222222 
iteration 66 
([0.31535803573866561, 0.70015153522856588, -0.32188391694499496, 0.45085814083516706, 0.30673654285332264, 1.9479862207876459], [1, 1, 1, 1, 1, 1], 1) 
hit_rate: 0.777777777778 
iteration 67 
([0.31535803573866561, 0.70015153522856588, -0.27540515226097906, 0.45085814083516706, 0.30673654285332264, 1.9479862207876459], [1, 1, 1, 1, 1, 1], 1) 
hit_rate: 0.777777777778 
iteration 68 
([0.31535803573866561, 0.70015153522856588, -0.27540515226097906, 0.45085814083516706, 0.30673654285332264, 2.2867851206217695], [1, 1, 1, 1, 1, 1], 1) 
hit_rate: 0.777777777778 
iteration 69 
([0.31535803573866561, 0.70015153522856588, -0.27540515226097906, 0.45085814083516706, 0.30673654285332264, 1.8575419908086828], [1, 1, 1, 1, 1, 1], 1) 
hit_rate: 0.777777777778 
iteration 70 
([0.31535803573866561, 0.70015153522856588, -0.27540515226097906, 0.45085814083516706, 0.30673654285332264, 1.8744389585297538], [1, 1, 1, 1, 1, 1], 1) 
hit_rate: 0.777777777778 
iteration 71 
([0.31535803573866561, 0.70015153522856588, -0.27540515226097906, 0.45085814083516706, 0.39729852797170917, 1.8744389585297538], [1, 1, 1, 1, 1, 1], 1) 
hit_rate: 0.777777777778 
iteration 72 
([0.31535803573866561, 0.70015153522856588, -0.27540515226097906, 0.45085814083516706, 0.82248191980487406, 1.8744389585297538], [1, 1, 1, 1, 1, 1], 1) 
hit_rate: 0.777777777778 
iteration 73 
([0.202836676360729, 0.70015153522856588, -0.27540515226097906, 0.45085814083516706, 0.82248191980487406, 1.8744389585297538], [1, 1, 1, 1, 1, 1], 1) 
hit_rate: 0.777777777778 
iteration 74 
([0.202836676360729, 0.70015153522856588, -0.27540515226097906, -0.071779422767819456, 0.82248191980487406, 1.8744389585297538], [1, 1, 1, 1, 1, 1], 1) 
hit_rate: 0.722222222222 
iteration 75 
([0.202836676360729, 0.70015153522856588, -0.27540515226097906, -0.071779422767819456, 0.82248191980487406, 1.9662029041786222], [1, 1, 1, 1, 1, 1], 1) 
hit_rate: 0.722222222222 
iteration 76 
([0.202836676360729, 0.70015153522856588, -0.27540515226097906, -0.071779422767819456, 0.82248191980487406, 2.1131425894103426], [1, 1, 1, 1, 1, 1], 1) 
hit_rate: 0.722222222222 
iteration 77 
([-0.64762513767676055, 0.70015153522856588, -0.27540515226097906, -0.071779422767819456, 0.82248191980487406, 2.1131425894103426], [1, 1, 1, 1, 1, 1], 1) 
hit_rate: 0.666666666667 
iteration 78 
([-0.64762513767676055, 1.3197916808278796, -0.27540515226097906, -0.071779422767819456, 0.82248191980487406, 2.1131425894103426], [1, 1, 1, 1, 1, 1], 1) 
hit_rate: 0.722222222222 
iteration 79 
([-0.64762513767676055, 1.7568525182057513, -0.27540515226097906, -0.071779422767819456, 0.82248191980487406, 2.1131425894103426], [1, 1, 1, 1, 1, 1], 1) 
hit_rate: 0.722222222222 
iteration 80 
([-0.64762513767676055, 1.7568525182057513, -0.27540515226097906, -0.071779422767819456, 0.82248191980487406, 2.4159245326237544], [1, 1, 1, 1, 1, 1], 1) 
hit_rate: 0.722222222222 
iteration 81 
([-0.64762513767676055, 1.7568525182057513, -0.27540515226097906, 0.77300678091597996, 0.82248191980487406, 2.4159245326237544], [1, 1, 1, 1, 1, 1], 1) 
hit_rate: 0.777777777778 
iteration 82 
([-0.81159174712858162, 1.7568525182057513, -0.27540515226097906, 0.77300678091597996, 0.82248191980487406, 2.4159245326237544], [1, 1, 1, 1, 1, 1], 1) 
hit_rate: 0.777777777778 
iteration 83 
([-0.81159174712858162, 1.7568525182057513, -0.27540515226097906, 0.77300678091597996, 0.82248191980487406, 1.4321190644882364], [1, 1, 1, 1, 1, 1], 1) 
hit_rate: 0.777777777778 
iteration 84 
([-0.74247768345828002, 1.7568525182057513, -0.27540515226097906, 0.77300678091597996, 0.82248191980487406, 1.4321190644882364], [1, 1, 1, 1, 1, 1], 1) 
hit_rate: 0.777777777778 
iteration 85 
([-0.020310710443275592, 1.7568525182057513, -0.27540515226097906, 0.77300678091597996, 0.82248191980487406, 1.4321190644882364], [1, 1, 1, 1, 1, 1], 1) 
hit_rate: 0.777777777778 
iteration 86 
([-0.020310710443275592, 1.7568525182057513, -0.27540515226097906, 0.77300678091597996, 0.9691655623948181, 1.4321190644882364], [1, 1, 1, 1, 1, 1], 1) 
hit_rate: 0.777777777778 
iteration 87 
([-0.02039628776043978, 1.7568525182057513, -0.27540515226097906, 0.77300678091597996, 0.9691655623948181, 1.4321190644882364], [1, 1, 1, 1, 1, 1], 1) 
hit_rate: 0.777777777778 
iteration 88 
([-0.02039628776043978, 1.7568525182057513, -0.27540515226097906, 1.0504993161932843, 0.9691655623948181, 1.4321190644882364], [1, 1, 1, 1, 1, 1], 1) 
hit_rate: 0.777777777778 
iteration 89 
([-0.6534623237948578, 1.7568525182057513, -0.27540515226097906, 1.0504993161932843, 0.9691655623948181, 1.4321190644882364], [1, 1, 1, 1, 1, 1], 1) 
hit_rate: 0.777777777778 
iteration 90 
([-0.48161134090034508, 1.7568525182057513, -0.27540515226097906, 1.0504993161932843, 0.9691655623948181, 1.4321190644882364], [1, 1, 1, 1, 1, 1], 1) 
hit_rate: 0.777777777778 
iteration 91 
([-0.48161134090034508, 1.7568525182057513, -1.1574201313980796, 1.0504993161932843, 0.9691655623948181, 1.4321190644882364], [1, 1, 1, 1, 1, 1], 1) 
hit_rate: 0.777777777778 
iteration 92 
([-0.48161134090034508, 1.3654859944930122, -1.1574201313980796, 1.0504993161932843, 0.9691655623948181, 1.4321190644882364], [1, 1, 1, 1, 1, 1], 1) 
hit_rate: 0.777777777778 
iteration 93 
([-0.48161134090034508, 1.3654859944930122, -0.23731712673345151, 1.0504993161932843, 0.9691655623948181, 1.4321190644882364], [1, 1, 1, 1, 1, 1], 1) 
hit_rate: 0.777777777778 
iteration 94 
([-0.48161134090034508, 1.3654859944930122, -0.23731712673345151, 1.0504993161932843, 0.77637629655539642, 1.4321190644882364], [1, 1, 1, 1, 1, 1], 1) 
hit_rate: 0.777777777778 
iteration 95 
([-0.48161134090034508, 1.3654859944930122, -0.23731712673345151, 1.0504993161932843, 0.77637629655539642, 1.3854957728503281], [1, 1, 1, 1, 1, 1], 1) 
hit_rate: 0.777777777778 
iteration 96 
([-0.48161134090034508, 1.3654859944930122, -0.23731712673345151, 1.0504993161932843, 1.4321043955841914, 1.3854957728503281], [1, 1, 1, 1, 1, 1], 3) 
hit_rate: 0.722222222222 
iteration 97 
([-0.48161134090034508, 1.3677058892417222, -0.23731712673345151, 1.0504993161932843, 1.4321043955841914, 1.3854957728503281], [1, 1, 1, 1, 1, 1], 1) 
hit_rate: 0.833333333333 
iteration 98 
([-0.48161134090034508, 1.3677058892417222, -0.5483479164882834, 1.0504993161932843, 1.4321043955841914, 1.3854957728503281], [1, 1, 1, 1, 1, 1], 1) 
hit_rate: 0.833333333333 
iteration 99 
([-0.48161134090034508, 1.3677058892417222, -0.5483479164882834, 1.0504993161932843, 1.4321043955841914, 1.3929593554227999], [1, 1, 1, 1, 1, 1], 1) 
hit_rate: 0.833333333333 
best solution: ([-0.48161134090034508, 1.3677058892417222, -0.5483479164882834, 1.0504993161932843, 1.4321043955841914, 1.3929593554227999], [1, 1, 1, 1, 1, 1], 1)
Hits for the best solution: 0.833333333333
TS Spent time: 687.672694921
k-NN Spent time: 0.300657987595
