iteration 0 
([1.0, 1.0, 1.0, 1.0, 1.0, 1.0], [1, 1, 1, 1, 0, 1], 1) 
hit_rate: 1.0 
iteration 1 
([1.0, 1.0, 1.0, 1.0, 1.0, 1.4340161088824892], [1, 1, 1, 1, 0, 1], 1) 
hit_rate: 1.0 
iteration 2 
([1.0, 1.0, 1.0, 0.068691399823598731, 1.0, 1.4340161088824892], [1, 1, 1, 1, 0, 1], 1) 
hit_rate: 1.0 
iteration 3 
([1.8503109757426792, 1.0, 1.0, 0.068691399823598731, 1.0, 1.4340161088824892], [1, 1, 1, 1, 0, 1], 1) 
hit_rate: 1.0 
iteration 4 
([1.8503109757426792, 1.0, 1.0, -0.37622054023257401, 1.0, 1.4340161088824892], [1, 1, 1, 1, 0, 1], 1) 
hit_rate: 1.0 
iteration 5 
([0.85222282640007663, 1.0, 1.0, -0.37622054023257401, 1.0, 1.4340161088824892], [1, 1, 1, 1, 0, 1], 1) 
hit_rate: 1.0 
iteration 6 
([0.2267821925321476, 1.0, 1.0, -0.37622054023257401, 1.0, 1.4340161088824892], [1, 1, 1, 1, 0, 1], 1) 
hit_rate: 1.0 
iteration 7 
([0.2267821925321476, 1.0, 1.0, -0.37622054023257401, 1.1147766997559068, 1.4340161088824892], [1, 1, 1, 1, 0, 1], 1) 
hit_rate: 1.0 
iteration 8 
([0.2267821925321476, 1.0, 1.0, -0.37622054023257401, 0.2886414975248206, 1.4340161088824892], [1, 1, 1, 1, 0, 1], 1) 
hit_rate: 1.0 
iteration 9 
([0.2267821925321476, 1.0, 1.2166666215387927, -0.37622054023257401, 0.2886414975248206, 1.4340161088824892], [1, 1, 1, 1, 0, 1], 1) 
hit_rate: 1.0 
iteration 10 
([0.2267821925321476, 1.0, 1.2166666215387927, -0.82889709064169814, 0.2886414975248206, 1.4340161088824892], [1, 1, 1, 1, 0, 1], 1) 
hit_rate: 1.0 
iteration 11 
([0.2267821925321476, 1.0, 1.2166666215387927, -0.47811772749372938, 0.2886414975248206, 1.4340161088824892], [1, 1, 1, 1, 0, 1], 1) 
hit_rate: 1.0 
iteration 12 
([0.2267821925321476, 1.0, 1.2166666215387927, -0.47811772749372938, 0.2886414975248206, 1.0759553065459546], [1, 1, 1, 1, 0, 1], 1) 
hit_rate: 1.0 
iteration 13 
([0.2267821925321476, 1.0, 1.2166666215387927, -0.47811772749372938, 0.2886414975248206, 1.2565617399949849], [1, 1, 1, 1, 0, 1], 1) 
hit_rate: 1.0 
iteration 14 
([0.2267821925321476, 1.0, 1.2166666215387927, -1.1101529500770444, 0.2886414975248206, 1.2565617399949849], [1, 1, 1, 1, 0, 1], 1) 
hit_rate: 1.0 
iteration 15 
([-0.084710967523720537, 1.0, 1.2166666215387927, -1.1101529500770444, 0.2886414975248206, 1.2565617399949849], [1, 1, 1, 1, 0, 1], 1) 
hit_rate: 1.0 
iteration 16 
([-0.084710967523720537, 1.0, 1.2166666215387927, -1.1571954821696215, 0.2886414975248206, 1.2565617399949849], [1, 1, 1, 1, 0, 1], 1) 
hit_rate: 1.0 
iteration 17 
([-0.084710967523720537, 1.0, 1.2166666215387927, -1.1571954821696215, 0.89916331720215448, 1.2565617399949849], [1, 1, 1, 1, 0, 1], 1) 
hit_rate: 1.0 
iteration 18 
([0.77798300503339446, 1.0, 1.2166666215387927, -1.1571954821696215, 0.89916331720215448, 1.2565617399949849], [1, 1, 1, 1, 0, 1], 1) 
hit_rate: 1.0 
iteration 19 
([0.77798300503339446, 1.0, 1.2166666215387927, -1.1571954821696215, 0.89916331720215448, 1.1760406191429622], [1, 1, 1, 1, 0, 1], 1) 
hit_rate: 1.0 
iteration 20 
([0.39309844658147242, 1.0, 1.2166666215387927, -1.1571954821696215, 0.89916331720215448, 1.1760406191429622], [1, 1, 1, 1, 0, 1], 1) 
hit_rate: 1.0 
iteration 21 
([0.39309844658147242, 1.0, 1.2166666215387927, -1.1571954821696215, 0.89916331720215448, 2.0203840607779013], [1, 1, 1, 1, 0, 1], 1) 
hit_rate: 1.0 
iteration 22 
([-0.26561993392389338, 1.0, 1.2166666215387927, -1.1571954821696215, 0.89916331720215448, 2.0203840607779013], [1, 1, 1, 1, 0, 1], 1) 
hit_rate: 1.0 
iteration 23 
([-0.26561993392389338, 1.0, 0.27686606028901872, -1.1571954821696215, 0.89916331720215448, 2.0203840607779013], [1, 1, 1, 1, 0, 1], 1) 
hit_rate: 1.0 
iteration 24 
([-0.26561993392389338, 1.0, 1.0602030164595535, -1.1571954821696215, 0.89916331720215448, 2.0203840607779013], [1, 1, 1, 1, 0, 1], 1) 
hit_rate: 1.0 
iteration 25 
([-0.26561993392389338, 1.0, 1.0602030164595535, -1.1571954821696215, 0.89916331720215448, 2.3292912027215711], [1, 1, 1, 1, 0, 1], 1) 
hit_rate: 1.0 
iteration 26 
([-0.26561993392389338, 1.0, 1.0602030164595535, -0.41682020880332193, 0.89916331720215448, 2.3292912027215711], [1, 1, 1, 1, 0, 1], 1) 
hit_rate: 1.0 
iteration 27 
([-0.26561993392389338, 1.0, 1.0602030164595535, -0.41682020880332193, 1.5919100661795793, 2.3292912027215711], [1, 1, 1, 1, 0, 1], 1) 
hit_rate: 1.0 
iteration 28 
([-0.26561993392389338, 1.8886524879944959, 1.0602030164595535, -0.41682020880332193, 1.5919100661795793, 2.3292912027215711], [1, 1, 1, 1, 0, 1], 1) 
hit_rate: 1.0 
iteration 29 
([-0.26561993392389338, 1.8886524879944959, 1.0602030164595535, -0.41682020880332193, 1.5919100661795793, 1.6128417006825069], [1, 1, 1, 1, 0, 1], 1) 
hit_rate: 1.0 
iteration 30 
([-0.26561993392389338, 1.5259012312405988, 1.0602030164595535, -0.41682020880332193, 1.5919100661795793, 1.6128417006825069], [1, 1, 1, 1, 0, 1], 1) 
hit_rate: 1.0 
iteration 31 
([-0.26561993392389338, 1.5259012312405988, 1.0602030164595535, -0.41682020880332193, 0.80575571337517515, 1.6128417006825069], [1, 1, 1, 1, 0, 1], 1) 
hit_rate: 1.0 
iteration 32 
([0.65101229472794508, 1.5259012312405988, 1.0602030164595535, -0.41682020880332193, 0.80575571337517515, 1.6128417006825069], [1, 1, 1, 1, 0, 1], 1) 
hit_rate: 1.0 
iteration 33 
([0.25516937856305066, 1.5259012312405988, 1.0602030164595535, -0.41682020880332193, 0.80575571337517515, 1.6128417006825069], [1, 1, 1, 1, 0, 1], 1) 
hit_rate: 1.0 
iteration 34 
([0.25516937856305066, 1.5259012312405988, 1.0602030164595535, -0.41682020880332193, 0.80575571337517515, 0.96352878385500662], [1, 1, 1, 1, 0, 1], 1) 
hit_rate: 1.0 
iteration 35 
([0.25516937856305066, 1.5259012312405988, 0.39758008481139551, -0.41682020880332193, 0.80575571337517515, 0.96352878385500662], [1, 1, 1, 1, 0, 1], 1) 
hit_rate: 1.0 
iteration 36 
([0.25516937856305066, 1.5259012312405988, 0.39758008481139551, -1.1779427026489409, 0.80575571337517515, 0.96352878385500662], [1, 1, 1, 1, 0, 1], 1) 
hit_rate: 1.0 
iteration 37 
([0.25516937856305066, 1.5259012312405988, 0.39758008481139551, -1.1779427026489409, 1.3733946467496871, 0.96352878385500662], [1, 1, 1, 1, 0, 1], 1) 
hit_rate: 1.0 
iteration 38 
([0.25516937856305066, 1.5259012312405988, 0.39758008481139551, -1.6855498034511507, 1.3733946467496871, 0.96352878385500662], [1, 1, 1, 1, 0, 1], 1) 
hit_rate: 1.0 
iteration 39 
([0.25516937856305066, 1.5259012312405988, 0.39758008481139551, -0.97518787845897736, 1.3733946467496871, 0.96352878385500662], [1, 1, 1, 1, 0, 1], 1) 
hit_rate: 1.0 
iteration 40 
([0.25516937856305066, 1.5259012312405988, 0.18238879439499511, -0.97518787845897736, 1.3733946467496871, 0.96352878385500662], [1, 1, 1, 1, 0, 1], 1) 
hit_rate: 1.0 
iteration 41 
([-0.16572515550538802, 1.5259012312405988, 0.18238879439499511, -0.97518787845897736, 1.3733946467496871, 0.96352878385500662], [1, 1, 1, 1, 0, 1], 1) 
hit_rate: 1.0 
iteration 42 
([-0.16572515550538802, 1.5259012312405988, 0.18238879439499511, -0.97518787845897736, 0.56952981254502499, 0.96352878385500662], [1, 1, 1, 1, 0, 1], 1) 
hit_rate: 1.0 
iteration 43 
([-0.16572515550538802, 1.5670598833618206, 0.18238879439499511, -0.97518787845897736, 0.56952981254502499, 0.96352878385500662], [1, 1, 1, 1, 0, 1], 1) 
hit_rate: 1.0 
iteration 44 
([-0.16572515550538802, 1.5670598833618206, 0.18238879439499511, -1.7693431630212684, 0.56952981254502499, 0.96352878385500662], [1, 1, 1, 1, 0, 1], 1) 
hit_rate: 1.0 
iteration 45 
([-0.16572515550538802, 1.5670598833618206, 0.18238879439499511, -2.3909607749284536, 0.56952981254502499, 0.96352878385500662], [1, 1, 1, 1, 0, 1], 1) 
hit_rate: 1.0 
iteration 46 
([-0.16572515550538802, 1.5670598833618206, 0.9678134573338113, -2.3909607749284536, 0.56952981254502499, 0.96352878385500662], [1, 1, 1, 1, 0, 1], 1) 
hit_rate: 1.0 
iteration 47 
([-0.16572515550538802, 1.5670598833618206, 0.9678134573338113, -2.3909607749284536, 0.56952981254502499, 1.0765157530108924], [1, 1, 1, 1, 0, 1], 1) 
hit_rate: 1.0 
iteration 48 
([-0.16572515550538802, 1.5670598833618206, 0.9678134573338113, -2.3909607749284536, -0.41499352323171634, 1.0765157530108924], [1, 1, 1, 1, 0, 1], 1) 
hit_rate: 1.0 
iteration 49 
([-0.16572515550538802, 1.5670598833618206, 1.479576747452765, -2.3909607749284536, -0.41499352323171634, 1.0765157530108924], [1, 1, 1, 1, 0, 1], 1) 
hit_rate: 1.0 
iteration 50 
([-0.16572515550538802, 1.5670598833618206, 1.479576747452765, -2.3909607749284536, -1.3000378751563177, 1.0765157530108924], [1, 1, 1, 1, 0, 1], 1) 
hit_rate: 1.0 
iteration 51 
([-0.2664016180184694, 1.5670598833618206, 1.479576747452765, -2.3909607749284536, -1.3000378751563177, 1.0765157530108924], [1, 1, 1, 1, 0, 1], 1) 
hit_rate: 1.0 
iteration 52 
([-0.2664016180184694, 1.5670598833618206, 1.479576747452765, -2.3909607749284536, -1.3000378751563177, 0.80345226765082933], [1, 1, 1, 1, 0, 1], 1) 
hit_rate: 1.0 
iteration 53 
([-0.2664016180184694, 1.5670598833618206, 1.479576747452765, -1.9179242141657249, -1.3000378751563177, 0.80345226765082933], [1, 1, 1, 1, 0, 1], 1) 
hit_rate: 1.0 
iteration 54 
([-0.2664016180184694, 1.5670598833618206, 0.58281225375415113, -1.9179242141657249, -1.3000378751563177, 0.80345226765082933], [1, 1, 1, 1, 0, 1], 1) 
hit_rate: 1.0 
iteration 55 
([-0.2664016180184694, 1.1624974341561018, 0.58281225375415113, -1.9179242141657249, -1.3000378751563177, 0.80345226765082933], [1, 1, 1, 1, 0, 1], 1) 
hit_rate: 1.0 
iteration 56 
([-0.2664016180184694, 1.1624974341561018, 0.58281225375415113, -1.9179242141657249, -1.3000378751563177, 1.3021532754170979], [1, 1, 1, 1, 0, 1], 1) 
hit_rate: 1.0 
iteration 57 
([-0.2664016180184694, 2.0200962235883475, 0.58281225375415113, -1.9179242141657249, -1.3000378751563177, 1.3021532754170979], [1, 1, 1, 1, 0, 1], 1) 
hit_rate: 1.0 
iteration 58 
([-0.2664016180184694, 2.0200962235883475, 0.22603297938274025, -1.9179242141657249, -1.3000378751563177, 1.3021532754170979], [1, 1, 1, 1, 0, 1], 1) 
hit_rate: 1.0 
iteration 59 
([-0.2664016180184694, 2.0200962235883475, -0.69442934366108267, -1.9179242141657249, -1.3000378751563177, 1.3021532754170979], [1, 1, 1, 1, 0, 1], 1) 
hit_rate: 1.0 
iteration 60 
([-0.2664016180184694, 2.0200962235883475, -0.42063035516244285, -1.9179242141657249, -1.3000378751563177, 1.3021532754170979], [1, 1, 1, 1, 0, 1], 1) 
hit_rate: 1.0 
iteration 61 
([-0.2664016180184694, 2.0200962235883475, -0.42063035516244285, -1.2379717479577617, -1.3000378751563177, 1.3021532754170979], [1, 1, 1, 1, 0, 1], 1) 
hit_rate: 1.0 
iteration 62 
([-0.2664016180184694, 1.1566361987628897, -0.42063035516244285, -1.2379717479577617, -1.3000378751563177, 1.3021532754170979], [1, 1, 1, 1, 0, 1], 1) 
hit_rate: 1.0 
iteration 63 
([-0.0025479384933275728, 1.1566361987628897, -0.42063035516244285, -1.2379717479577617, -1.3000378751563177, 1.3021532754170979], [1, 1, 1, 1, 0, 1], 1) 
hit_rate: 1.0 
iteration 64 
([-0.0025479384933275728, 1.1566361987628897, -0.42063035516244285, -1.720141449917856, -1.3000378751563177, 1.3021532754170979], [1, 1, 1, 1, 0, 1], 1) 
hit_rate: 1.0 
iteration 65 
([-0.86327278071203239, 1.1566361987628897, -0.42063035516244285, -1.720141449917856, -1.3000378751563177, 1.3021532754170979], [1, 1, 1, 1, 0, 1], 1) 
hit_rate: 1.0 
iteration 66 
([-0.86327278071203239, 1.1566361987628897, 0.087221812368936558, -1.720141449917856, -1.3000378751563177, 1.3021532754170979], [1, 1, 1, 1, 0, 1], 1) 
hit_rate: 1.0 
iteration 67 
([-0.86327278071203239, 1.1566361987628897, 0.087221812368936558, -1.720141449917856, -1.8945423379977884, 1.3021532754170979], [1, 1, 1, 1, 0, 1], 1) 
hit_rate: 1.0 
iteration 68 
([-0.86327278071203239, 1.1566361987628897, 0.087221812368936558, -1.720141449917856, -1.8945423379977884, 1.3842802173990101], [1, 1, 1, 1, 0, 1], 1) 
hit_rate: 1.0 
iteration 69 
([-0.86327278071203239, 1.1566361987628897, 0.087221812368936558, -1.720141449917856, -1.8329616738857792, 1.3842802173990101], [1, 1, 1, 1, 0, 1], 1) 
hit_rate: 1.0 
iteration 70 
([-0.86327278071203239, 1.1566361987628897, 0.087221812368936558, -1.720141449917856, -1.8329616738857792, 2.2502911805834129], [1, 1, 1, 1, 0, 1], 1) 
hit_rate: 1.0 
iteration 71 
([-0.86327278071203239, 1.1566361987628897, 0.70024073258983366, -1.720141449917856, -1.8329616738857792, 2.2502911805834129], [1, 1, 1, 1, 0, 1], 1) 
hit_rate: 1.0 
iteration 72 
([-0.86327278071203239, 1.1566361987628897, -0.26997454856666692, -1.720141449917856, -1.8329616738857792, 2.2502911805834129], [1, 1, 1, 1, 0, 1], 1) 
hit_rate: 1.0 
iteration 73 
([-0.86327278071203239, 1.1566361987628897, -0.26997454856666692, -1.720141449917856, -1.4207445313321407, 2.2502911805834129], [1, 1, 1, 1, 0, 1], 1) 
hit_rate: 1.0 
iteration 74 
([-0.86327278071203239, 1.1566361987628897, -0.19689905505689587, -1.720141449917856, -1.4207445313321407, 2.2502911805834129], [1, 1, 1, 1, 0, 1], 1) 
hit_rate: 1.0 
iteration 75 
([-0.86327278071203239, 1.1566361987628897, -0.19689905505689587, -1.3271778574028028, -1.4207445313321407, 2.2502911805834129], [1, 1, 1, 1, 0, 1], 1) 
hit_rate: 1.0 
iteration 76 
([-0.86327278071203239, 1.1566361987628897, -0.19689905505689587, -1.4392935996777567, -1.4207445313321407, 2.2502911805834129], [1, 1, 1, 1, 0, 1], 1) 
hit_rate: 1.0 
iteration 77 
([-0.86327278071203239, 1.1566361987628897, -0.19689905505689587, -1.4392935996777567, -1.4207445313321407, 1.8791603615318573], [1, 1, 1, 1, 0, 1], 1) 
hit_rate: 1.0 
iteration 78 
([-0.23607717776421699, 1.1566361987628897, -0.19689905505689587, -1.4392935996777567, -1.4207445313321407, 1.8791603615318573], [1, 1, 1, 1, 0, 1], 1) 
hit_rate: 1.0 
iteration 79 
([-0.23607717776421699, 1.1566361987628897, -0.19689905505689587, -0.44507951113445965, -1.4207445313321407, 1.8791603615318573], [1, 1, 1, 1, 0, 1], 1) 
hit_rate: 1.0 
iteration 80 
([-0.23607717776421699, 1.1566361987628897, -0.19689905505689587, -0.44507951113445965, -1.4207445313321407, 1.2439481457471322], [1, 1, 1, 1, 0, 1], 1) 
hit_rate: 1.0 
iteration 81 
([-0.8876817608684755, 1.1566361987628897, -0.19689905505689587, -0.44507951113445965, -1.4207445313321407, 1.2439481457471322], [1, 1, 1, 1, 0, 1], 1) 
hit_rate: 1.0 
iteration 82 
([-0.8876817608684755, 1.1566361987628897, -0.19689905505689587, -0.44507951113445965, -0.93656402753313417, 1.2439481457471322], [1, 1, 1, 1, 0, 1], 1) 
hit_rate: 1.0 
iteration 83 
([-0.8876817608684755, 1.8119678339510874, -0.19689905505689587, -0.44507951113445965, -0.93656402753313417, 1.2439481457471322], [1, 1, 1, 1, 0, 1], 1) 
hit_rate: 1.0 
iteration 84 
([-0.8876817608684755, 1.9957355318603627, -0.19689905505689587, -0.44507951113445965, -0.93656402753313417, 1.2439481457471322], [1, 1, 1, 1, 0, 1], 1) 
hit_rate: 1.0 
iteration 85 
([-0.8876817608684755, 1.9957355318603627, -0.19689905505689587, 0.24870513754605295, -0.93656402753313417, 1.2439481457471322], [1, 1, 1, 1, 0, 1], 1) 
hit_rate: 1.0 
iteration 86 
([-0.8876817608684755, 1.9957355318603627, -0.19689905505689587, 0.24870513754605295, -0.93656402753313417, 2.1828162269683142], [1, 1, 1, 1, 0, 1], 1) 
hit_rate: 1.0 
iteration 87 
([-0.35162309719750096, 1.9957355318603627, -0.19689905505689587, 0.24870513754605295, -0.93656402753313417, 2.1828162269683142], [1, 1, 1, 1, 0, 1], 1) 
hit_rate: 1.0 
iteration 88 
([-1.1501530454148419, 1.9957355318603627, -0.19689905505689587, 0.24870513754605295, -0.93656402753313417, 2.1828162269683142], [1, 1, 1, 1, 0, 1], 1) 
hit_rate: 1.0 
iteration 89 
([-1.1501530454148419, 1.9957355318603627, -0.19689905505689587, 0.61410240746034184, -0.93656402753313417, 2.1828162269683142], [1, 1, 1, 1, 0, 1], 1) 
hit_rate: 1.0 
iteration 90 
([-1.9302455688634879, 1.9957355318603627, -0.19689905505689587, 0.61410240746034184, -0.93656402753313417, 2.1828162269683142], [1, 1, 1, 1, 0, 1], 1) 
hit_rate: 1.0 
iteration 91 
([-1.9302455688634879, 2.1168822960250795, -0.19689905505689587, 0.61410240746034184, -0.93656402753313417, 2.1828162269683142], [1, 1, 1, 1, 0, 1], 1) 
hit_rate: 1.0 
iteration 92 
([-1.7208739360904648, 2.1168822960250795, -0.19689905505689587, 0.61410240746034184, -0.93656402753313417, 2.1828162269683142], [1, 1, 1, 1, 0, 1], 1) 
hit_rate: 1.0 
iteration 93 
([-1.7208739360904648, 2.509360504384599, -0.19689905505689587, 0.61410240746034184, -0.93656402753313417, 2.1828162269683142], [1, 1, 1, 1, 0, 1], 1) 
hit_rate: 1.0 
iteration 94 
([-1.7208739360904648, 2.509360504384599, -0.19689905505689587, -0.3746412874885181, -0.93656402753313417, 2.1828162269683142], [1, 1, 1, 1, 0, 1], 1) 
hit_rate: 1.0 
iteration 95 
([-1.7208739360904648, 2.509360504384599, -0.19689905505689587, -0.3746412874885181, -0.23537522321244619, 2.1828162269683142], [1, 1, 1, 1, 0, 1], 1) 
hit_rate: 1.0 
iteration 96 
([-1.7208739360904648, 1.5579838158616848, -0.19689905505689587, -0.3746412874885181, -0.23537522321244619, 2.1828162269683142], [1, 1, 1, 1, 0, 1], 1) 
hit_rate: 1.0 
iteration 97 
([-1.7208739360904648, 1.5579838158616848, -0.19689905505689587, -0.3746412874885181, -0.23537522321244619, 2.1828162269683142], [0, 1, 1, 1, 0, 1], 1) 
hit_rate: 1.0 
iteration 98 
([-1.7208739360904648, 1.5579838158616848, -0.76642611546352235, -0.3746412874885181, -0.23537522321244619, 2.1828162269683142], [0, 1, 1, 1, 0, 1], 1) 
hit_rate: 1.0 
iteration 99 
([-1.7208739360904648, 1.2813920089365949, -0.76642611546352235, -0.3746412874885181, -0.23537522321244619, 2.1828162269683142], [0, 1, 1, 1, 0, 1], 1) 
hit_rate: 1.0 
best solution: ([-1.7208739360904648, 1.2813920089365949, -0.76642611546352235, -0.3746412874885181, -0.23537522321244619, 2.1828162269683142], [0, 1, 1, 1, 0, 1], 1)
Hits for the best solution: 1.0
TS Spent time: 0.588380098343
k-NN Spent time: 0.000147104263306
