iteration 0 
([1.0, 1.0, 1.0, 1.0, 1.2333548030084904, 1.0], [1, 1, 1, 1, 1, 1], 5) 
hit_rate: 0.5 
iteration 1 
([1.0, 1.0, 1.0, 1.3344952841044793, 1.2333548030084904, 1.0], [1, 1, 1, 1, 1, 1], 5) 
hit_rate: 0.5 
iteration 2 
([1.0, 1.0, 1.0, 1.9042940572051499, 1.2333548030084904, 1.0], [1, 1, 1, 1, 1, 1], 3) 
hit_rate: 0.5 
iteration 3 
([1.0, 1.0, 1.0, 1.8825567834546684, 1.2333548030084904, 1.0], [1, 1, 1, 1, 1, 1], 1) 
hit_rate: 0.5 
iteration 4 
([1.0, 0.73678471013195068, 1.0, 1.8825567834546684, 1.2333548030084904, 1.0], [1, 1, 1, 1, 1, 1], 9) 
hit_rate: 0.5 
iteration 5 
([1.0, 0.73678471013195068, 1.0, 2.7820204831570541, 1.2333548030084904, 1.0], [1, 1, 1, 1, 1, 1], 9) 
hit_rate: 0.5 
iteration 6 
([1.0, 0.73678471013195068, 1.0, 2.7820204831570541, 1.1165779946829626, 1.0], [1, 1, 1, 1, 1, 1], 1) 
hit_rate: 0.5 
iteration 7 
([1.0, 0.2675823140612994, 1.0, 2.7820204831570541, 1.1165779946829626, 1.0], [1, 1, 1, 1, 1, 1], 9) 
hit_rate: 0.5 
iteration 8 
([1.0, 0.2675823140612994, 1.0, 2.7820204831570541, 0.65249784473032557, 1.0], [1, 1, 1, 1, 1, 1], 9) 
hit_rate: 0.5 
iteration 9 
([1.0, 0.2675823140612994, 1.0, 2.7820204831570541, 0.65249784473032557, 0.08493969784482136], [1, 1, 1, 1, 1, 1], 3) 
hit_rate: 0.5 
iteration 10 
([1.0, 0.2675823140612994, 1.0, 2.7820204831570541, 0.65249784473032557, 0.72283158001173642], [1, 1, 1, 1, 1, 1], 9) 
hit_rate: 0.5 
iteration 11 
([1.0, 0.2675823140612994, 1.0, 2.7820204831570541, 0.65249784473032557, -0.077906918508573009], [1, 1, 1, 1, 1, 1], 5) 
hit_rate: 0.5 
iteration 12 
([1.0, 0.2675823140612994, 0.50793746252609373, 2.7820204831570541, 0.65249784473032557, -0.077906918508573009], [1, 1, 1, 1, 1, 1], 1) 
hit_rate: 0.5 
iteration 13 
([1.0, 0.79226053640468597, 0.50793746252609373, 2.7820204831570541, 0.65249784473032557, -0.077906918508573009], [1, 1, 1, 1, 1, 1], 9) 
hit_rate: 0.5 
iteration 14 
([1.0, 0.71147613175577651, 0.50793746252609373, 2.7820204831570541, 0.65249784473032557, -0.077906918508573009], [1, 1, 1, 1, 1, 1], 5) 
hit_rate: 0.5 
iteration 15 
([1.0, 0.71147613175577651, 0.50793746252609373, 2.9390134505077379, 0.65249784473032557, -0.077906918508573009], [1, 1, 1, 1, 1, 1], 3) 
hit_rate: 0.5 
iteration 16 
([1.0, 0.71147613175577651, 0.50793746252609373, 2.9390134505077379, 0.65249784473032557, -0.52298959615929252], [1, 1, 1, 1, 1, 1], 3) 
hit_rate: 0.5 
iteration 17 
([1.0, 0.71147613175577651, 0.50793746252609373, 2.9390134505077379, 0.23992219054666619, -0.52298959615929252], [1, 1, 1, 1, 1, 1], 9) 
hit_rate: 0.5 
iteration 18 
([1.0, 0.71147613175577651, 1.1701278698582638, 2.9390134505077379, 0.23992219054666619, -0.52298959615929252], [1, 1, 1, 1, 1, 1], 1) 
hit_rate: 0.5 
iteration 19 
([1.0, 1.1300938073752269, 1.1701278698582638, 2.9390134505077379, 0.23992219054666619, -0.52298959615929252], [1, 1, 1, 1, 1, 1], 9) 
hit_rate: 0.5 
iteration 20 
([1.0, 1.1300938073752269, 1.1701278698582638, 2.9390134505077379, 1.1287796493340134, -0.52298959615929252], [1, 1, 1, 1, 1, 1], 5) 
hit_rate: 0.5 
iteration 21 
([1.0, 1.1300938073752269, 1.9708628021759829, 2.9390134505077379, 1.1287796493340134, -0.52298959615929252], [1, 1, 1, 1, 1, 1], 3) 
hit_rate: 0.5 
iteration 22 
([1.0, 1.0136251423627625, 1.9708628021759829, 2.9390134505077379, 1.1287796493340134, -0.52298959615929252], [1, 1, 1, 1, 1, 1], 3) 
hit_rate: 0.5 
iteration 23 
([1.0, 1.0136251423627625, 1.9708628021759829, 2.9390134505077379, 0.99679442104127558, -0.52298959615929252], [1, 1, 1, 1, 1, 1], 9) 
hit_rate: 0.5 
iteration 24 
([1.0, 1.0136251423627625, 2.1860497922112265, 2.9390134505077379, 0.99679442104127558, -0.52298959615929252], [1, 1, 1, 1, 1, 1], 3) 
hit_rate: 0.5 
iteration 25 
([0.35718194788496094, 1.0136251423627625, 2.1860497922112265, 2.9390134505077379, 0.99679442104127558, -0.52298959615929252], [1, 1, 1, 1, 1, 1], 9) 
hit_rate: 0.5 
iteration 26 
([0.54914035495159963, 1.0136251423627625, 2.1860497922112265, 2.9390134505077379, 0.99679442104127558, -0.52298959615929252], [1, 1, 1, 1, 1, 1], 9) 
hit_rate: 0.5 
iteration 27 
([0.54914035495159963, 1.0136251423627625, 2.1860497922112265, 2.9390134505077379, 0.5357229916876074, -0.52298959615929252], [1, 1, 1, 1, 1, 1], 5) 
hit_rate: 0.5 
iteration 28 
([0.54914035495159963, 1.0136251423627625, 1.603029226344554, 2.9390134505077379, 0.5357229916876074, -0.52298959615929252], [1, 1, 1, 1, 1, 1], 9) 
hit_rate: 0.5 
iteration 29 
([0.54914035495159963, 1.0136251423627625, 1.603029226344554, 3.4671348582777295, 0.5357229916876074, -0.52298959615929252], [1, 1, 1, 1, 1, 1], 7) 
hit_rate: 0.5 
iteration 30 
([0.54914035495159963, 1.0136251423627625, 1.603029226344554, 3.2312153999897277, 0.5357229916876074, -0.52298959615929252], [1, 1, 1, 1, 1, 1], 9) 
hit_rate: 0.5 
iteration 31 
([0.54914035495159963, 1.0136251423627625, 1.603029226344554, 3.2312153999897277, 0.5357229916876074, -0.035360782678032221], [1, 1, 1, 1, 1, 1], 7) 
hit_rate: 0.5 
iteration 32 
([0.54914035495159963, 1.0136251423627625, 1.603029226344554, 3.2312153999897277, -0.33190627052003285, -0.035360782678032221], [1, 1, 1, 1, 1, 1], 5) 
hit_rate: 0.5 
iteration 33 
([0.54914035495159963, 1.3554415547492678, 1.603029226344554, 3.2312153999897277, -0.33190627052003285, -0.035360782678032221], [1, 1, 1, 1, 1, 1], 1) 
hit_rate: 0.5 
iteration 34 
([0.54914035495159963, 1.3554415547492678, 1.603029226344554, 3.2312153999897277, -0.33190627052003285, 0.3188538973822741], [1, 1, 1, 1, 1, 1], 7) 
hit_rate: 0.5 
iteration 35 
([0.54914035495159963, 1.3554415547492678, 1.9814890742346367, 3.2312153999897277, -0.33190627052003285, 0.3188538973822741], [1, 1, 1, 1, 1, 1], 3) 
hit_rate: 0.5 
iteration 36 
([0.54914035495159963, 1.0902963514972801, 1.9814890742346367, 3.2312153999897277, -0.33190627052003285, 0.3188538973822741], [1, 1, 1, 1, 1, 1], 9) 
hit_rate: 0.5 
iteration 37 
([0.54914035495159963, 0.32434877542432439, 1.9814890742346367, 3.2312153999897277, -0.33190627052003285, 0.3188538973822741], [1, 1, 1, 1, 1, 1], 1) 
hit_rate: 0.5 
iteration 38 
([0.54914035495159963, 0.32434877542432439, 1.9814890742346367, 3.2312153999897277, -0.33190627052003285, -0.29577896223805356], [1, 1, 1, 1, 1, 1], 7) 
hit_rate: 0.5 
iteration 39 
([-0.039628210837955091, 0.32434877542432439, 1.9814890742346367, 3.2312153999897277, -0.33190627052003285, -0.29577896223805356], [1, 1, 1, 1, 1, 1], 3) 
hit_rate: 0.5 
iteration 40 
([0.046461377613789212, 0.32434877542432439, 1.9814890742346367, 3.2312153999897277, -0.33190627052003285, -0.29577896223805356], [1, 1, 1, 1, 1, 1], 1) 
hit_rate: 0.5 
iteration 41 
([0.046461377613789212, 0.32434877542432439, 1.9814890742346367, 3.1389713822978482, -0.33190627052003285, -0.29577896223805356], [1, 1, 1, 1, 1, 1], 9) 
hit_rate: 0.5 
iteration 42 
([0.046461377613789212, 0.32434877542432439, 1.9814890742346367, 3.1389713822978482, -0.66882638417055196, -0.29577896223805356], [1, 1, 1, 1, 1, 1], 3) 
hit_rate: 0.5 
iteration 43 
([0.046461377613789212, 0.32434877542432439, 1.9814890742346367, 3.1389713822978482, -0.66882638417055196, -0.51790568438650242], [1, 1, 1, 1, 1, 1], 1) 
hit_rate: 0.5 
iteration 44 
([0.046461377613789212, 0.32434877542432439, 1.9814890742346367, 3.8953247632718764, -0.66882638417055196, -0.51790568438650242], [1, 1, 1, 1, 1, 1], 7) 
hit_rate: 0.5 
iteration 45 
([0.046461377613789212, 0.32434877542432439, 1.9814890742346367, 4.0047392075694441, -0.66882638417055196, -0.51790568438650242], [1, 1, 1, 1, 1, 1], 3) 
hit_rate: 0.5 
iteration 46 
([-0.084460909568279785, 0.32434877542432439, 1.9814890742346367, 4.0047392075694441, -0.66882638417055196, -0.51790568438650242], [1, 1, 1, 1, 1, 1], 3) 
hit_rate: 0.5 
iteration 47 
([0.78037180472573886, 0.32434877542432439, 1.9814890742346367, 4.0047392075694441, -0.66882638417055196, -0.51790568438650242], [1, 1, 1, 1, 1, 1], 5) 
hit_rate: 0.5 
iteration 48 
([0.78037180472573886, 0.32434877542432439, 2.3765127641442234, 4.0047392075694441, -0.66882638417055196, -0.51790568438650242], [1, 1, 1, 1, 1, 1], 3) 
hit_rate: 0.5 
iteration 49 
([0.78037180472573886, 0.32434877542432439, 2.4100370821678783, 4.0047392075694441, -0.66882638417055196, -0.51790568438650242], [1, 1, 1, 1, 1, 1], 5) 
hit_rate: 0.5 
iteration 50 
([0.78037180472573886, -0.34767273245259966, 2.4100370821678783, 4.0047392075694441, -0.66882638417055196, -0.51790568438650242], [1, 1, 1, 1, 1, 1], 9) 
hit_rate: 0.5 
iteration 51 
([0.78037180472573886, -0.34767273245259966, 2.4100370821678783, 4.0047392075694441, -0.66882638417055196, -1.0925673212554641], [1, 1, 1, 1, 1, 1], 9) 
hit_rate: 0.5 
iteration 52 
([0.78037180472573886, -0.34767273245259966, 2.4100370821678783, 4.0047392075694441, -1.5097022602250574, -1.0925673212554641], [1, 1, 1, 1, 1, 1], 5) 
hit_rate: 0.5 
iteration 53 
([0.78037180472573886, 0.15834843085692296, 2.4100370821678783, 4.0047392075694441, -1.5097022602250574, -1.0925673212554641], [1, 1, 1, 1, 1, 1], 9) 
hit_rate: 0.5 
iteration 54 
([0.78037180472573886, 0.15834843085692296, 2.4100370821678783, 4.0047392075694441, -1.907575541074763, -1.0925673212554641], [1, 1, 1, 1, 1, 1], 3) 
hit_rate: 0.5 
iteration 55 
([0.78037180472573886, 0.15834843085692296, 3.3959621473999961, 4.0047392075694441, -1.907575541074763, -1.0925673212554641], [1, 1, 1, 1, 1, 1], 5) 
hit_rate: 0.5 
iteration 56 
([0.78037180472573886, 0.15834843085692296, 3.3959621473999961, 4.0047392075694441, -1.1734187021826326, -1.0925673212554641], [1, 1, 1, 1, 1, 1], 9) 
hit_rate: 0.5 
iteration 57 
([0.78037180472573886, 0.15834843085692296, 3.3959621473999961, 4.0047392075694441, -0.80200482999892575, -1.0925673212554641], [1, 1, 1, 1, 1, 1], 7) 
hit_rate: 0.5 
iteration 58 
([0.78037180472573886, -0.49099295744162452, 3.3959621473999961, 4.0047392075694441, -0.80200482999892575, -1.0925673212554641], [1, 1, 1, 1, 1, 1], 3) 
hit_rate: 0.5 
iteration 59 
([0.78037180472573886, -0.49099295744162452, 3.3959621473999961, 4.0047392075694441, -0.80200482999892575, -1.9797018456109656], [1, 1, 1, 1, 1, 1], 1) 
hit_rate: 0.5 
iteration 60 
([0.78037180472573886, -0.61263865502604542, 3.3959621473999961, 4.0047392075694441, -0.80200482999892575, -1.9797018456109656], [1, 1, 1, 1, 1, 1], 1) 
hit_rate: 0.5 
iteration 61 
([0.78037180472573886, -0.47259728822626657, 3.3959621473999961, 4.0047392075694441, -0.80200482999892575, -1.9797018456109656], [1, 1, 1, 1, 1, 1], 9) 
hit_rate: 0.5 
iteration 62 
([0.78037180472573886, -0.47259728822626657, 3.3959621473999961, 4.0047392075694441, -0.80200482999892575, -2.5596183663526721], [1, 1, 1, 1, 1, 1], 1) 
hit_rate: 0.5 
iteration 63 
([0.78037180472573886, -0.47259728822626657, 3.3959621473999961, 4.0047392075694441, -1.6590782169171592, -2.5596183663526721], [1, 1, 1, 1, 1, 1], 3) 
hit_rate: 0.5 
iteration 64 
([0.78037180472573886, -0.47259728822626657, 3.3959621473999961, 4.0047392075694441, -1.6590782169171592, -1.9438894389694685], [1, 1, 1, 1, 1, 1], 5) 
hit_rate: 0.5 
iteration 65 
([1.412216738885921, -0.47259728822626657, 3.3959621473999961, 4.0047392075694441, -1.6590782169171592, -1.9438894389694685], [1, 1, 1, 1, 1, 1], 5) 
hit_rate: 0.5 
iteration 66 
([1.412216738885921, 0.51433639360082983, 3.3959621473999961, 4.0047392075694441, -1.6590782169171592, -1.9438894389694685], [1, 1, 1, 1, 1, 1], 9) 
hit_rate: 0.5 
iteration 67 
([1.8416738079575463, 0.51433639360082983, 3.3959621473999961, 4.0047392075694441, -1.6590782169171592, -1.9438894389694685], [1, 1, 1, 1, 1, 1], 7) 
hit_rate: 0.5 
iteration 68 
([1.5145823420895477, 0.51433639360082983, 3.3959621473999961, 4.0047392075694441, -1.6590782169171592, -1.9438894389694685], [1, 1, 1, 1, 1, 1], 1) 
hit_rate: 0.5 
iteration 69 
([2.3831209310996231, 0.51433639360082983, 3.3959621473999961, 4.0047392075694441, -1.6590782169171592, -1.9438894389694685], [1, 1, 1, 1, 1, 1], 9) 
hit_rate: 0.5 
iteration 70 
([2.3831209310996231, 0.51433639360082983, 3.3959621473999961, 4.0047392075694441, -1.8196172529158292, -1.9438894389694685], [1, 1, 1, 1, 1, 1], 9) 
hit_rate: 0.5 
iteration 71 
([2.3831209310996231, 0.51433639360082983, 3.3959621473999961, 4.0047392075694441, -2.3143181457573387, -1.9438894389694685], [1, 1, 1, 1, 1, 1], 1) 
hit_rate: 0.5 
iteration 72 
([1.9342316826574302, 0.51433639360082983, 3.3959621473999961, 4.0047392075694441, -2.3143181457573387, -1.9438894389694685], [1, 1, 1, 1, 1, 1], 1) 
hit_rate: 0.5 
iteration 73 
([1.9342316826574302, 0.51433639360082983, 3.4302687540349921, 4.0047392075694441, -2.3143181457573387, -1.9438894389694685], [1, 1, 1, 1, 1, 1], 9) 
hit_rate: 0.5 
iteration 74 
([1.9342316826574302, 0.51433639360082983, 3.4302687540349921, 4.0047392075694441, -1.8013035385311476, -1.9438894389694685], [1, 1, 1, 1, 1, 1], 9) 
hit_rate: 0.5 
iteration 75 
([1.9342316826574302, 0.51433639360082983, 4.3943690534838122, 4.0047392075694441, -1.8013035385311476, -1.9438894389694685], [1, 1, 1, 1, 1, 1], 3) 
hit_rate: 0.5 
iteration 76 
([1.9342316826574302, 0.51433639360082983, 4.3943690534838122, 4.0047392075694441, -1.8013035385311476, -1.0310870963876808], [1, 1, 1, 1, 1, 1], 9) 
hit_rate: 0.5 
iteration 77 
([1.9342316826574302, 0.51433639360082983, 4.2519674325195211, 4.0047392075694441, -1.8013035385311476, -1.0310870963876808], [1, 1, 1, 1, 1, 1], 9) 
hit_rate: 0.5 
iteration 78 
([1.9342316826574302, 0.99520299675166113, 4.2519674325195211, 4.0047392075694441, -1.8013035385311476, -1.0310870963876808], [1, 1, 1, 1, 1, 1], 1) 
hit_rate: 0.5 
iteration 79 
([1.9342316826574302, 1.9541481909622196, 4.2519674325195211, 4.0047392075694441, -1.8013035385311476, -1.0310870963876808], [1, 1, 1, 1, 1, 1], 1) 
hit_rate: 0.5 
iteration 80 
([2.2310137415440616, 1.9541481909622196, 4.2519674325195211, 4.0047392075694441, -1.8013035385311476, -1.0310870963876808], [1, 1, 1, 1, 1, 1], 7) 
hit_rate: 0.5 
iteration 81 
([2.2310137415440616, 1.9541481909622196, 5.0710608226502849, 4.0047392075694441, -1.8013035385311476, -1.0310870963876808], [1, 1, 1, 1, 1, 1], 7) 
hit_rate: 0.5 
iteration 82 
([2.2310137415440616, 1.9541481909622196, 4.2506418497482015, 4.0047392075694441, -1.8013035385311476, -1.0310870963876808], [1, 1, 1, 1, 1, 1], 7) 
hit_rate: 0.5 
iteration 83 
([2.2310137415440616, 1.9541481909622196, 4.2506418497482015, 4.0047392075694441, -1.8013035385311476, -2.0278224714645829], [1, 1, 1, 1, 1, 1], 1) 
hit_rate: 0.5 
iteration 84 
([2.2310137415440616, 1.9659179979018235, 4.2506418497482015, 4.0047392075694441, -1.8013035385311476, -2.0278224714645829], [1, 1, 1, 1, 1, 1], 7) 
hit_rate: 0.5 
iteration 85 
([2.2310137415440616, 1.9659179979018235, 4.2506418497482015, 4.0047392075694441, -2.1468906112468478, -2.0278224714645829], [1, 1, 1, 1, 1, 1], 5) 
hit_rate: 0.5 
iteration 86 
([2.2310137415440616, 1.9659179979018235, 4.2506418497482015, 3.1833412701899584, -2.1468906112468478, -2.0278224714645829], [1, 1, 1, 1, 1, 1], 7) 
hit_rate: 0.5 
iteration 87 
([2.2310137415440616, 2.0033072966915277, 4.2506418497482015, 3.1833412701899584, -2.1468906112468478, -2.0278224714645829], [1, 1, 1, 1, 1, 1], 7) 
hit_rate: 0.5 
iteration 88 
([2.2310137415440616, 2.0033072966915277, 4.2506418497482015, 3.1833412701899584, -2.2197197036943845, -2.0278224714645829], [1, 1, 1, 1, 1, 1], 9) 
hit_rate: 0.5 
iteration 89 
([2.2310137415440616, 2.0033072966915277, 4.2506418497482015, 3.1833412701899584, -1.3505712090815107, -2.0278224714645829], [1, 1, 1, 1, 1, 1], 1) 
hit_rate: 0.5 
iteration 90 
([2.2310137415440616, 2.0033072966915277, 4.2506418497482015, 3.1833412701899584, -1.3505712090815107, -2.8783219782589393], [1, 1, 1, 1, 1, 1], 3) 
hit_rate: 0.5 
iteration 91 
([2.2310137415440616, 2.9718241643855308, 4.2506418497482015, 3.1833412701899584, -1.3505712090815107, -2.8783219782589393], [1, 1, 1, 1, 1, 1], 7) 
hit_rate: 0.5 
iteration 92 
([2.2310137415440616, 2.9718241643855308, 4.2506418497482015, 2.8242131121546974, -1.3505712090815107, -2.8783219782589393], [1, 1, 1, 1, 1, 1], 9) 
hit_rate: 0.5 
iteration 93 
([1.3513669840417564, 2.9718241643855308, 4.2506418497482015, 2.8242131121546974, -1.3505712090815107, -2.8783219782589393], [1, 1, 1, 1, 1, 1], 9) 
hit_rate: 0.5 
iteration 94 
([1.3513669840417564, 3.8525384384663592, 4.2506418497482015, 2.8242131121546974, -1.3505712090815107, -2.8783219782589393], [1, 1, 1, 1, 1, 1], 3) 
hit_rate: 0.5 
iteration 95 
([1.3513669840417564, 3.8525384384663592, 4.431533987489499, 2.8242131121546974, -1.3505712090815107, -2.8783219782589393], [1, 1, 1, 1, 1, 1], 9) 
hit_rate: 0.5 
iteration 96 
([1.3513669840417564, 3.8525384384663592, 4.431533987489499, 2.8242131121546974, -1.3505712090815107, -3.4175302005249755], [1, 1, 1, 1, 1, 1], 1) 
hit_rate: 0.5 
iteration 97 
([1.9833281320030709, 3.8525384384663592, 4.431533987489499, 2.8242131121546974, -1.3505712090815107, -3.4175302005249755], [1, 1, 1, 1, 1, 1], 1) 
hit_rate: 0.5 
iteration 98 
([2.0964689790790514, 3.8525384384663592, 4.431533987489499, 2.8242131121546974, -1.3505712090815107, -3.4175302005249755], [1, 1, 1, 1, 1, 1], 5) 
hit_rate: 0.5 
iteration 99 
([2.0964689790790514, 3.8525384384663592, 4.431533987489499, 2.8242131121546974, -1.2984259733191723, -3.4175302005249755], [1, 1, 1, 1, 1, 1], 1) 
hit_rate: 0.5 
best solution: ([2.0964689790790514, 3.8525384384663592, 4.431533987489499, 2.8242131121546974, -1.2984259733191723, -3.4175302005249755], [1, 1, 1, 1, 1, 1], 1)
Hits for the best solution: 0.5
TS Spent time: 0.326598167419
k-NN Spent time: 6.19888305664e-05
