iteration 0 
iteration 1 
iteration 2 
iteration 3 
iteration 4 
iteration 5 
iteration 6 
iteration 7 
iteration 8 
iteration 9 
iteration 10 
iteration 11 
iteration 12 
iteration 13 
iteration 14 
iteration 15 
iteration 16 
iteration 17 
iteration 18 
iteration 19 
iteration 20 
iteration 21 
iteration 22 
iteration 23 
iteration 24 
iteration 25 
iteration 26 
iteration 27 
iteration 28 
iteration 29 
iteration 30 
iteration 31 
iteration 32 
iteration 33 
iteration 34 
iteration 35 
iteration 36 
iteration 37 
iteration 38 
iteration 39 
iteration 40 
iteration 41 
iteration 42 
iteration 43 
iteration 44 
iteration 45 
iteration 46 
iteration 47 
iteration 48 
iteration 49 
iteration 50 
iteration 51 
iteration 52 
iteration 53 
iteration 54 
iteration 55 
iteration 56 
iteration 57 
iteration 58 
iteration 59 
iteration 60 
iteration 61 
iteration 62 
iteration 63 
iteration 64 
iteration 65 
iteration 66 
iteration 67 
iteration 68 
iteration 69 
iteration 70 
iteration 71 
iteration 72 
iteration 73 
iteration 74 
iteration 75 
iteration 76 
iteration 77 
iteration 78 
iteration 79 
iteration 80 
iteration 81 
iteration 82 
iteration 83 
iteration 84 
iteration 85 
iteration 86 
iteration 87 
iteration 88 
iteration 89 
iteration 90 
iteration 91 
iteration 92 
iteration 93 
iteration 94 
iteration 95 
iteration 96 
iteration 97 
iteration 98 
iteration 99 
best solution: ([1.0, 1.0, 1.0, 1.0, 1.0, 1.0], [1, 1, 1, 1, 1, 1], 1)
Hits for the best solution: 0.0
TS Spent time: 0.186733961105
k-NN Spent time: 4.29153442383e-05
