iteration 0 
([1.0, 1.0, 1.0, 1.0, 0.78007095576447272, 1.0], [1, 1, 1, 1, 1, 1], 3) 
hit_rate: 1.0 
iteration 1 
([0.44377974708705881, 1.0, 1.0, 1.0, 0.78007095576447272, 1.0], [1, 1, 1, 1, 1, 1], 1) 
hit_rate: 1.0 
iteration 2 
([0.44377974708705881, 1.0, 1.0, 0.48369682090429711, 0.78007095576447272, 1.0], [1, 1, 1, 1, 1, 1], 1) 
hit_rate: 1.0 
iteration 3 
([0.6866628432073465, 1.0, 1.0, 0.48369682090429711, 0.78007095576447272, 1.0], [1, 1, 1, 1, 1, 1], 1) 
hit_rate: 1.0 
iteration 4 
([1.1326828173006929, 1.0, 1.0, 0.48369682090429711, 0.78007095576447272, 1.0], [1, 1, 1, 1, 1, 1], 3) 
hit_rate: 1.0 
iteration 5 
([1.1326828173006929, 1.0, 1.0, 1.441101978179737, 0.78007095576447272, 1.0], [1, 1, 1, 1, 1, 1], 3) 
hit_rate: 1.0 
iteration 6 
([1.1326828173006929, 1.0, 1.0, 1.441101978179737, 0.78007095576447272, 0.0023981632609613168], [1, 1, 1, 1, 1, 1], 3) 
hit_rate: 1.0 
iteration 7 
([1.1326828173006929, 0.58545013000509116, 1.0, 1.441101978179737, 0.78007095576447272, 0.0023981632609613168], [1, 1, 1, 1, 1, 1], 3) 
hit_rate: 1.0 
iteration 8 
([1.1326828173006929, 0.76281385632654675, 1.0, 1.441101978179737, 0.78007095576447272, 0.0023981632609613168], [1, 1, 1, 1, 1, 1], 3) 
hit_rate: 1.0 
iteration 9 
([1.1326828173006929, 0.76281385632654675, 1.3830901701887146, 1.441101978179737, 0.78007095576447272, 0.0023981632609613168], [1, 1, 1, 1, 1, 1], 3) 
hit_rate: 1.0 
iteration 10 
([1.1326828173006929, 1.7179755235626284, 1.3830901701887146, 1.441101978179737, 0.78007095576447272, 0.0023981632609613168], [1, 1, 1, 1, 1, 1], 3) 
hit_rate: 1.0 
iteration 11 
([1.1326828173006929, 1.7179755235626284, 1.2958628946473618, 1.441101978179737, 0.78007095576447272, 0.0023981632609613168], [1, 1, 1, 1, 1, 1], 3) 
hit_rate: 1.0 
iteration 12 
([1.1326828173006929, 2.367766846118081, 1.2958628946473618, 1.441101978179737, 0.78007095576447272, 0.0023981632609613168], [1, 1, 1, 1, 1, 1], 3) 
hit_rate: 1.0 
iteration 13 
([1.1326828173006929, 2.367766846118081, 1.3921180764574097, 1.441101978179737, 0.78007095576447272, 0.0023981632609613168], [1, 1, 1, 1, 1, 1], 1) 
hit_rate: 1.0 
iteration 14 
([1.1326828173006929, 2.367766846118081, 1.3921180764574097, 1.441101978179737, 1.0575145458966144, 0.0023981632609613168], [1, 1, 1, 1, 1, 1], 3) 
hit_rate: 1.0 
iteration 15 
([1.1326828173006929, 2.367766846118081, 1.3921180764574097, 1.2438577744079915, 1.0575145458966144, 0.0023981632609613168], [1, 1, 1, 1, 1, 1], 1) 
hit_rate: 1.0 
iteration 16 
([1.1326828173006929, 2.7331753703945827, 1.3921180764574097, 1.2438577744079915, 1.0575145458966144, 0.0023981632609613168], [1, 1, 1, 1, 1, 1], 3) 
hit_rate: 1.0 
iteration 17 
([1.1326828173006929, 2.3549978214796834, 1.3921180764574097, 1.2438577744079915, 1.0575145458966144, 0.0023981632609613168], [1, 1, 1, 1, 1, 1], 3) 
hit_rate: 1.0 
iteration 18 
([1.1326828173006929, 2.3549978214796834, 1.3921180764574097, 1.2438577744079915, 1.0575145458966144, 0.64549212209707507], [1, 1, 1, 1, 1, 1], 3) 
hit_rate: 1.0 
iteration 19 
([1.1326828173006929, 2.3549978214796834, 1.3921180764574097, 1.2438577744079915, 1.0575145458966144, 1.539836142600634], [1, 1, 1, 1, 1, 1], 1) 
hit_rate: 1.0 
iteration 20 
([1.1326828173006929, 2.3549978214796834, 1.3921180764574097, 1.2438577744079915, 1.6515406507459596, 1.539836142600634], [1, 1, 1, 1, 1, 1], 3) 
hit_rate: 1.0 
iteration 21 
([1.1326828173006929, 2.3549978214796834, 1.3921180764574097, 1.2438577744079915, 1.6515406507459596, 1.5972123360131867], [1, 1, 1, 1, 1, 1], 3) 
hit_rate: 1.0 
iteration 22 
([1.1326828173006929, 2.3549978214796834, 1.3921180764574097, 1.1847446065533773, 1.6515406507459596, 1.5972123360131867], [1, 1, 1, 1, 1, 1], 1) 
hit_rate: 1.0 
iteration 23 
([1.1326828173006929, 2.3549978214796834, 1.3921180764574097, 1.1847446065533773, 2.580454256029185, 1.5972123360131867], [1, 1, 1, 1, 1, 1], 1) 
hit_rate: 1.0 
iteration 24 
([1.1326828173006929, 2.3549978214796834, 1.3921180764574097, 1.1847446065533773, 2.6889787387799498, 1.5972123360131867], [1, 1, 1, 1, 1, 1], 1) 
hit_rate: 1.0 
iteration 25 
([1.1326828173006929, 2.3549978214796834, 1.3921180764574097, 0.90862938788016834, 2.6889787387799498, 1.5972123360131867], [1, 1, 1, 1, 1, 1], 1) 
hit_rate: 1.0 
iteration 26 
([2.0723769584885421, 2.3549978214796834, 1.3921180764574097, 0.90862938788016834, 2.6889787387799498, 1.5972123360131867], [1, 1, 1, 1, 1, 1], 1) 
hit_rate: 1.0 
iteration 27 
([2.101334296783909, 2.3549978214796834, 1.3921180764574097, 0.90862938788016834, 2.6889787387799498, 1.5972123360131867], [1, 1, 1, 1, 1, 1], 1) 
hit_rate: 1.0 
iteration 28 
([2.101334296783909, 2.3549978214796834, 1.3921180764574097, 0.90862938788016834, 3.3914825699111968, 1.5972123360131867], [1, 1, 1, 1, 1, 1], 1) 
hit_rate: 1.0 
iteration 29 
([2.101334296783909, 2.3549978214796834, 1.3921180764574097, 0.90862938788016834, 2.4715768135428053, 1.5972123360131867], [1, 1, 1, 1, 1, 1], 1) 
hit_rate: 1.0 
iteration 30 
([2.101334296783909, 2.3549978214796834, 0.488129113149397, 0.90862938788016834, 2.4715768135428053, 1.5972123360131867], [1, 1, 1, 1, 1, 1], 1) 
hit_rate: 1.0 
iteration 31 
([1.8585022364558177, 2.3549978214796834, 0.488129113149397, 0.90862938788016834, 2.4715768135428053, 1.5972123360131867], [1, 1, 1, 1, 1, 1], 1) 
hit_rate: 1.0 
iteration 32 
([1.8585022364558177, 2.3549978214796834, 0.488129113149397, 0.90862938788016834, 2.4715768135428053, 1.5067235205686376], [1, 1, 1, 1, 1, 1], 1) 
hit_rate: 1.0 
iteration 33 
([1.8585022364558177, 2.3549978214796834, 0.488129113149397, 0.63884297934618428, 2.4715768135428053, 1.5067235205686376], [1, 1, 1, 1, 1, 1], 1) 
hit_rate: 1.0 
iteration 34 
([1.8585022364558177, 2.3549978214796834, 1.0225614922154971, 0.63884297934618428, 2.4715768135428053, 1.5067235205686376], [1, 1, 1, 1, 1, 1], 1) 
hit_rate: 1.0 
iteration 35 
([1.8585022364558177, 2.3549978214796834, 1.0225614922154971, 0.63884297934618428, 1.9594901018106352, 1.5067235205686376], [1, 1, 1, 1, 1, 1], 1) 
hit_rate: 1.0 
iteration 36 
([1.8585022364558177, 2.3549978214796834, 1.0225614922154971, 0.63884297934618428, 1.9594901018106352, 1.1695091599761747], [1, 1, 1, 1, 1, 1], 1) 
hit_rate: 1.0 
iteration 37 
([1.8585022364558177, 2.3549978214796834, 0.050155696404711181, 0.63884297934618428, 1.9594901018106352, 1.1695091599761747], [1, 1, 1, 1, 1, 1], 1) 
hit_rate: 1.0 
iteration 38 
([1.8585022364558177, 2.2266241354462526, 0.050155696404711181, 0.63884297934618428, 1.9594901018106352, 1.1695091599761747], [1, 1, 1, 1, 1, 1], 1) 
hit_rate: 1.0 
iteration 39 
([1.8585022364558177, 2.2266241354462526, 0.050155696404711181, -0.23963549006945617, 1.9594901018106352, 1.1695091599761747], [1, 1, 1, 1, 1, 1], 1) 
hit_rate: 1.0 
iteration 40 
([2.66091005844059, 2.2266241354462526, 0.050155696404711181, -0.23963549006945617, 1.9594901018106352, 1.1695091599761747], [1, 1, 1, 1, 1, 1], 1) 
hit_rate: 1.0 
iteration 41 
([2.66091005844059, 2.2266241354462526, -0.71911789473990173, -0.23963549006945617, 1.9594901018106352, 1.1695091599761747], [1, 1, 1, 1, 1, 1], 1) 
hit_rate: 1.0 
iteration 42 
([3.2842176043903488, 2.2266241354462526, -0.71911789473990173, -0.23963549006945617, 1.9594901018106352, 1.1695091599761747], [1, 1, 1, 1, 1, 1], 1) 
hit_rate: 1.0 
iteration 43 
([3.2842176043903488, 2.2266241354462526, -0.71911789473990173, -0.23963549006945617, 1.9594901018106352, 1.5018428876613497], [1, 1, 1, 1, 1, 1], 1) 
hit_rate: 1.0 
iteration 44 
([3.2842176043903488, 2.2266241354462526, -0.71911789473990173, -0.23963549006945617, 0.98237485534428992, 1.5018428876613497], [1, 1, 1, 1, 1, 1], 1) 
hit_rate: 1.0 
iteration 45 
([3.2842176043903488, 2.2266241354462526, -0.71911789473990173, -0.23963549006945617, 1.4638507762146094, 1.5018428876613497], [1, 1, 1, 1, 1, 1], 3) 
hit_rate: 1.0 
iteration 46 
([3.2842176043903488, 2.2266241354462526, -0.05680713639460877, -0.23963549006945617, 1.4638507762146094, 1.5018428876613497], [1, 1, 1, 1, 1, 1], 1) 
hit_rate: 1.0 
iteration 47 
([2.4952007168281218, 2.2266241354462526, -0.05680713639460877, -0.23963549006945617, 1.4638507762146094, 1.5018428876613497], [1, 1, 1, 1, 1, 1], 1) 
hit_rate: 1.0 
iteration 48 
([2.8762942534448181, 2.2266241354462526, -0.05680713639460877, -0.23963549006945617, 1.4638507762146094, 1.5018428876613497], [1, 1, 1, 1, 1, 1], 3) 
hit_rate: 1.0 
iteration 49 
([2.8762942534448181, 2.2266241354462526, -0.05680713639460877, -0.48388637461534634, 1.4638507762146094, 1.5018428876613497], [1, 1, 1, 1, 1, 1], 3) 
hit_rate: 1.0 
iteration 50 
([2.8762942534448181, 2.2266241354462526, -0.05680713639460877, -1.2826192880392278, 1.4638507762146094, 1.5018428876613497], [1, 1, 1, 1, 1, 1], 3) 
hit_rate: 1.0 
iteration 51 
([2.8762942534448181, 1.66399362628381, -0.05680713639460877, -1.2826192880392278, 1.4638507762146094, 1.5018428876613497], [1, 1, 1, 1, 1, 1], 1) 
hit_rate: 1.0 
iteration 52 
([2.8762942534448181, 2.0738742005967152, -0.05680713639460877, -1.2826192880392278, 1.4638507762146094, 1.5018428876613497], [1, 1, 1, 1, 1, 1], 3) 
hit_rate: 1.0 
iteration 53 
([2.8762942534448181, 2.0738742005967152, -0.05680713639460877, -1.2826192880392278, 1.4638507762146094, 2.0306943604330021], [1, 1, 1, 1, 1, 1], 1) 
hit_rate: 1.0 
iteration 54 
([2.8762942534448181, 2.0738742005967152, -0.05680713639460877, -0.37169069630665108, 1.4638507762146094, 2.0306943604330021], [1, 1, 1, 1, 1, 1], 1) 
hit_rate: 1.0 
iteration 55 
([3.8335447599245462, 2.0738742005967152, -0.05680713639460877, -0.37169069630665108, 1.4638507762146094, 2.0306943604330021], [1, 1, 1, 1, 1, 1], 1) 
hit_rate: 1.0 
iteration 56 
([3.8335447599245462, 2.0738742005967152, -0.05680713639460877, -0.37169069630665108, 2.0354972127674653, 2.0306943604330021], [1, 1, 1, 1, 1, 1], 1) 
hit_rate: 1.0 
iteration 57 
([3.8335447599245462, 2.6257095020977443, -0.05680713639460877, -0.37169069630665108, 2.0354972127674653, 2.0306943604330021], [1, 1, 1, 1, 1, 1], 1) 
hit_rate: 1.0 
iteration 58 
([3.8335447599245462, 1.828423977848445, -0.05680713639460877, -0.37169069630665108, 2.0354972127674653, 2.0306943604330021], [1, 1, 1, 1, 1, 1], 1) 
hit_rate: 1.0 
iteration 59 
([3.8335447599245462, 1.828423977848445, -0.05680713639460877, -0.37169069630665108, 1.9127267061562518, 2.0306943604330021], [1, 1, 1, 1, 1, 1], 1) 
hit_rate: 1.0 
iteration 60 
([3.8335447599245462, 1.828423977848445, 0.62541829183515407, -0.37169069630665108, 1.9127267061562518, 2.0306943604330021], [1, 1, 1, 1, 1, 1], 1) 
hit_rate: 1.0 
iteration 61 
([3.8335447599245462, 1.828423977848445, 0.62541829183515407, -0.37169069630665108, 1.2896775399782689, 2.0306943604330021], [1, 1, 1, 1, 1, 1], 1) 
hit_rate: 1.0 
iteration 62 
([3.8335447599245462, 1.828423977848445, 0.7603431315603546, -0.37169069630665108, 1.2896775399782689, 2.0306943604330021], [1, 1, 1, 1, 1, 1], 3) 
hit_rate: 1.0 
iteration 63 
([4.8077545715185241, 1.828423977848445, 0.7603431315603546, -0.37169069630665108, 1.2896775399782689, 2.0306943604330021], [1, 1, 1, 1, 1, 1], 1) 
hit_rate: 1.0 
iteration 64 
([4.7113641489883022, 1.828423977848445, 0.7603431315603546, -0.37169069630665108, 1.2896775399782689, 2.0306943604330021], [1, 1, 1, 1, 1, 1], 1) 
hit_rate: 1.0 
iteration 65 
([4.7113641489883022, 1.1945102747504697, 0.7603431315603546, -0.37169069630665108, 1.2896775399782689, 2.0306943604330021], [1, 1, 1, 1, 1, 1], 1) 
hit_rate: 1.0 
iteration 66 
([4.8712171970889031, 1.1945102747504697, 0.7603431315603546, -0.37169069630665108, 1.2896775399782689, 2.0306943604330021], [1, 1, 1, 1, 1, 1], 1) 
hit_rate: 1.0 
iteration 67 
([4.8712171970889031, 2.0910013448492029, 0.7603431315603546, -0.37169069630665108, 1.2896775399782689, 2.0306943604330021], [1, 1, 1, 1, 1, 1], 1) 
hit_rate: 1.0 
iteration 68 
([4.8712171970889031, 2.0910013448492029, 0.7603431315603546, -0.37169069630665108, 1.2896775399782689, 1.2745957202785709], [1, 1, 1, 1, 1, 1], 3) 
hit_rate: 1.0 
iteration 69 
([4.8357258524163607, 2.0910013448492029, 0.7603431315603546, -0.37169069630665108, 1.2896775399782689, 1.2745957202785709], [1, 1, 1, 1, 1, 1], 3) 
hit_rate: 1.0 
iteration 70 
([3.880224623480121, 2.0910013448492029, 0.7603431315603546, -0.37169069630665108, 1.2896775399782689, 1.2745957202785709], [1, 1, 1, 1, 1, 1], 1) 
hit_rate: 1.0 
iteration 71 
([3.880224623480121, 2.0910013448492029, 0.38311427798042952, -0.37169069630665108, 1.2896775399782689, 1.2745957202785709], [1, 1, 1, 1, 1, 1], 3) 
hit_rate: 1.0 
iteration 72 
([3.880224623480121, 2.0910013448492029, 0.38311427798042952, -0.37169069630665108, 2.0386297822129773, 1.2745957202785709], [1, 1, 1, 1, 1, 1], 1) 
hit_rate: 1.0 
iteration 73 
([3.880224623480121, 2.0910013448492029, 0.38311427798042952, 0.60958238895099637, 2.0386297822129773, 1.2745957202785709], [1, 1, 1, 1, 1, 1], 1) 
hit_rate: 1.0 
iteration 74 
([3.880224623480121, 2.0910013448492029, 0.38311427798042952, 0.60958238895099637, 1.6327811788850515, 1.2745957202785709], [1, 1, 1, 1, 1, 1], 1) 
hit_rate: 1.0 
iteration 75 
([3.880224623480121, 2.0910013448492029, 0.38311427798042952, 1.5804622598481923, 1.6327811788850515, 1.2745957202785709], [1, 1, 1, 1, 1, 1], 3) 
hit_rate: 1.0 
iteration 76 
([4.5767231375740316, 2.0910013448492029, 0.38311427798042952, 1.5804622598481923, 1.6327811788850515, 1.2745957202785709], [1, 1, 1, 1, 1, 1], 3) 
hit_rate: 1.0 
iteration 77 
([4.5963071022562492, 2.0910013448492029, 0.38311427798042952, 1.5804622598481923, 1.6327811788850515, 1.2745957202785709], [1, 1, 1, 1, 1, 1], 3) 
hit_rate: 1.0 
iteration 78 
([4.5963071022562492, 2.0910013448492029, 0.38311427798042952, 1.5804622598481923, 1.1107288723051765, 1.2745957202785709], [1, 1, 1, 1, 1, 1], 3) 
hit_rate: 1.0 
iteration 79 
([4.5963071022562492, 2.0910013448492029, 0.64533102184685909, 1.5804622598481923, 1.1107288723051765, 1.2745957202785709], [1, 1, 1, 1, 1, 1], 1) 
hit_rate: 1.0 
iteration 80 
([4.5963071022562492, 2.0910013448492029, 0.64533102184685909, 1.5804622598481923, 1.1107288723051765, 0.55941267293986008], [1, 1, 1, 1, 1, 1], 1) 
hit_rate: 1.0 
iteration 81 
([4.5963071022562492, 2.642228440845197, 0.64533102184685909, 1.5804622598481923, 1.1107288723051765, 0.55941267293986008], [1, 1, 1, 1, 1, 1], 3) 
hit_rate: 1.0 
iteration 82 
([4.5963071022562492, 2.642228440845197, 0.92309547139174297, 1.5804622598481923, 1.1107288723051765, 0.55941267293986008], [1, 1, 1, 1, 1, 1], 3) 
hit_rate: 1.0 
iteration 83 
([4.5963071022562492, 2.642228440845197, 1.4234347847096405, 1.5804622598481923, 1.1107288723051765, 0.55941267293986008], [1, 1, 1, 1, 1, 1], 1) 
hit_rate: 1.0 
iteration 84 
([4.5963071022562492, 2.642228440845197, 0.89642088068906589, 1.5804622598481923, 1.1107288723051765, 0.55941267293986008], [1, 1, 1, 1, 1, 1], 1) 
hit_rate: 1.0 
iteration 85 
([4.5963071022562492, 2.642228440845197, 0.89642088068906589, 1.3480649282640138, 1.1107288723051765, 0.55941267293986008], [1, 1, 1, 1, 1, 1], 3) 
hit_rate: 1.0 
iteration 86 
([4.5963071022562492, 2.642228440845197, 0.89642088068906589, 1.1187596376698175, 1.1107288723051765, 0.55941267293986008], [1, 1, 1, 1, 1, 1], 3) 
hit_rate: 1.0 
iteration 87 
([4.5963071022562492, 2.642228440845197, 0.89642088068906589, 1.1187596376698175, 1.150749299808167, 0.55941267293986008], [1, 1, 1, 1, 1, 1], 1) 
hit_rate: 1.0 
iteration 88 
([4.5963071022562492, 2.642228440845197, 0.89642088068906589, 1.1187596376698175, 1.150749299808167, 0.1471978924660915], [1, 1, 1, 1, 1, 1], 3) 
hit_rate: 1.0 
iteration 89 
([4.5963071022562492, 2.642228440845197, 1.2175067138996867, 1.1187596376698175, 1.150749299808167, 0.1471978924660915], [1, 1, 1, 1, 1, 1], 1) 
hit_rate: 1.0 
iteration 90 
([4.5963071022562492, 1.6509276139894342, 1.2175067138996867, 1.1187596376698175, 1.150749299808167, 0.1471978924660915], [1, 1, 1, 1, 1, 1], 1) 
hit_rate: 1.0 
iteration 91 
([4.5963071022562492, 1.6509276139894342, 1.2175067138996867, 1.1187596376698175, 1.150749299808167, -0.20141093065526827], [1, 1, 1, 1, 1, 1], 1) 
hit_rate: 1.0 
iteration 92 
([4.5963071022562492, 1.6509276139894342, 0.9666795672322106, 1.1187596376698175, 1.150749299808167, -0.20141093065526827], [1, 1, 1, 1, 1, 1], 1) 
hit_rate: 1.0 
iteration 93 
([5.1960757345783044, 1.6509276139894342, 0.9666795672322106, 1.1187596376698175, 1.150749299808167, -0.20141093065526827], [1, 1, 1, 1, 1, 1], 1) 
hit_rate: 1.0 
iteration 94 
([5.1960757345783044, 1.6509276139894342, 1.3411075184008356, 1.1187596376698175, 1.150749299808167, -0.20141093065526827], [1, 1, 1, 1, 1, 1], 3) 
hit_rate: 1.0 
iteration 95 
([5.1960757345783044, 1.6509276139894342, 1.3411075184008356, 1.1187596376698175, 0.30412270524320717, -0.20141093065526827], [1, 1, 1, 1, 1, 1], 1) 
hit_rate: 1.0 
iteration 96 
([5.1960757345783044, 1.6509276139894342, 0.35127639619727957, 1.1187596376698175, 0.30412270524320717, -0.20141093065526827], [1, 1, 1, 1, 1, 1], 3) 
hit_rate: 1.0 
iteration 97 
([5.1960757345783044, 1.6509276139894342, 0.35127639619727957, 1.1187596376698175, -0.60326804842522197, -0.20141093065526827], [1, 1, 1, 1, 1, 1], 1) 
hit_rate: 1.0 
iteration 98 
([5.1960757345783044, 1.6509276139894342, 0.35127639619727957, 1.1187596376698175, -0.60326804842522197, -0.37269293059743624], [1, 1, 1, 1, 1, 1], 1) 
hit_rate: 1.0 
iteration 99 
([5.1960757345783044, 1.6509276139894342, 1.2056161013065494, 1.1187596376698175, -0.60326804842522197, -0.37269293059743624], [1, 1, 1, 1, 1, 1], 1) 
hit_rate: 1.0 
best solution: ([5.1960757345783044, 1.6509276139894342, 1.2056161013065494, 1.1187596376698175, -0.60326804842522197, -0.37269293059743624], [1, 1, 1, 1, 1, 1], 1)
Hits for the best solution: 1.0
TS Spent time: 1.85906505585
k-NN Spent time: 0.00236892700195
