iteration 0 
([1.0, 1.0, 1.0, 1.0, 0.15090753692658576, 1.0], [1, 1, 1, 1, 1, 1], 5) 
hit_rate: 0.5 
iteration 1 
([1.0, 1.0, 1.0, 1.0, 0.75765486551746042, 1.0], [1, 1, 1, 1, 1, 1], 1) 
hit_rate: 0.5 
iteration 2 
([1.0, 1.0, 1.0497725022216491, 1.0, 0.75765486551746042, 1.0], [1, 1, 1, 1, 1, 1], 9) 
hit_rate: 0.5 
iteration 3 
([1.0, 1.0, 1.0497725022216491, 1.0, 0.75765486551746042, 1.8143944767970486], [1, 1, 1, 1, 1, 1], 9) 
hit_rate: 0.5 
iteration 4 
([1.0, 1.0, 1.0497725022216491, 1.0, 0.75765486551746042, 1.2963721575527454], [1, 1, 1, 1, 1, 1], 9) 
hit_rate: 0.5 
iteration 5 
([1.0, 1.5490042325650848, 1.0497725022216491, 1.0, 0.75765486551746042, 1.2963721575527454], [1, 1, 1, 1, 1, 1], 9) 
hit_rate: 0.5 
iteration 6 
([1.0, 1.5490042325650848, 1.0497725022216491, 1.0, 0.75765486551746042, 1.2963721575527454], [1, 1, 1, 1, 1, 0], 2) 
hit_rate: 1.0 
iteration 7 
([1.0, 1.5490042325650848, 1.0497725022216491, 1.0, 0.75765486551746042, 1.2963721575527454], [1, 1, 1, 0, 1, 0], 2) 
hit_rate: 1.0 
iteration 8 
([1.0, 1.5490042325650848, 1.0497725022216491, 1.0, 0.75765486551746042, 1.8086393174485149], [1, 1, 1, 0, 1, 0], 9) 
hit_rate: 0.5 
iteration 9 
([1.0, 1.5490042325650848, 1.0497725022216491, 1.0, 0.75765486551746042, 2.0634667534054576], [1, 1, 1, 0, 1, 0], 5) 
hit_rate: 0.5 
iteration 10 
([1.0, 1.5490042325650848, 1.0497725022216491, 1.0, 0.75765486551746042, 2.0634667534054576], [1, 1, 1, 1, 1, 0], 2) 
hit_rate: 1.0 
iteration 11 
([1.0, 1.5490042325650848, 1.0497725022216491, 1.0, 0.38914655130022813, 2.0634667534054576], [1, 1, 1, 1, 1, 0], 5) 
hit_rate: 0.5 
iteration 12 
([1.0, 1.5490042325650848, 1.0497725022216491, 1.0, 0.38914655130022813, 2.0634667534054576], [1, 1, 1, 1, 1, 1], 2) 
hit_rate: 1.0 
iteration 13 
([1.0, 1.5490042325650848, 1.0497725022216491, 1.0, 0.38914655130022813, 2.4921155378600508], [1, 1, 1, 1, 1, 1], 7) 
hit_rate: 0.5 
iteration 14 
([1.0, 1.2255290378147234, 1.0497725022216491, 1.0, 0.38914655130022813, 2.4921155378600508], [1, 1, 1, 1, 1, 1], 5) 
hit_rate: 0.5 
iteration 15 
([1.0, 1.2255290378147234, 1.0497725022216491, 1.0, 0.38914655130022813, 2.4921155378600508], [1, 1, 1, 1, 0, 1], 2) 
hit_rate: 1.0 
iteration 16 
([1.0, 1.2255290378147234, 1.0497725022216491, 1.7169976475055511, 0.38914655130022813, 2.4921155378600508], [1, 1, 1, 1, 0, 1], 9) 
hit_rate: 0.5 
iteration 17 
([1.0, 0.61675544942024807, 1.0497725022216491, 1.7169976475055511, 0.38914655130022813, 2.4921155378600508], [1, 1, 1, 1, 0, 1], 1) 
hit_rate: 1.0 
iteration 18 
([1.0, 0.61675544942024807, 1.0497725022216491, 1.7169976475055511, 0.38914655130022813, 1.8120068555185656], [1, 1, 1, 1, 0, 1], 1) 
hit_rate: 1.0 
iteration 19 
([0.87187081743071548, 0.61675544942024807, 1.0497725022216491, 1.7169976475055511, 0.38914655130022813, 1.8120068555185656], [1, 1, 1, 1, 0, 1], 1) 
hit_rate: 1.0 
iteration 20 
([0.20973730728471041, 0.61675544942024807, 1.0497725022216491, 1.7169976475055511, 0.38914655130022813, 1.8120068555185656], [1, 1, 1, 1, 0, 1], 1) 
hit_rate: 1.0 
iteration 21 
([0.20973730728471041, 0.61675544942024807, 1.0497725022216491, 1.7169976475055511, 0.38914655130022813, 1.2656387906750435], [1, 1, 1, 1, 0, 1], 1) 
hit_rate: 1.0 
iteration 22 
([0.20973730728471041, 0.61675544942024807, 1.2905694413356796, 1.7169976475055511, 0.38914655130022813, 1.2656387906750435], [1, 1, 1, 1, 0, 1], 1) 
hit_rate: 1.0 
iteration 23 
([0.20973730728471041, 0.61675544942024807, 1.2905694413356796, 1.7169976475055511, -0.21496588480466827, 1.2656387906750435], [1, 1, 1, 1, 0, 1], 1) 
hit_rate: 1.0 
iteration 24 
([0.20973730728471041, 0.61675544942024807, 1.2905694413356796, 1.7169976475055511, -0.37730565132914595, 1.2656387906750435], [1, 1, 1, 1, 0, 1], 1) 
hit_rate: 1.0 
iteration 25 
([-0.032652546783963787, 0.61675544942024807, 1.2905694413356796, 1.7169976475055511, -0.37730565132914595, 1.2656387906750435], [1, 1, 1, 1, 0, 1], 1) 
hit_rate: 1.0 
iteration 26 
([-0.032652546783963787, 0.61675544942024807, 1.2905694413356796, 1.7169976475055511, 0.47477496693019372, 1.2656387906750435], [1, 1, 1, 1, 0, 1], 1) 
hit_rate: 1.0 
iteration 27 
([-0.97673874461395838, 0.61675544942024807, 1.2905694413356796, 1.7169976475055511, 0.47477496693019372, 1.2656387906750435], [1, 1, 1, 1, 0, 1], 1) 
hit_rate: 1.0 
iteration 28 
([-0.97673874461395838, 0.61675544942024807, 1.2905694413356796, 2.1191124949852682, 0.47477496693019372, 1.2656387906750435], [1, 1, 1, 1, 0, 1], 1) 
hit_rate: 1.0 
iteration 29 
([-0.6273428823134557, 0.61675544942024807, 1.2905694413356796, 2.1191124949852682, 0.47477496693019372, 1.2656387906750435], [1, 1, 1, 1, 0, 1], 1) 
hit_rate: 1.0 
iteration 30 
([-0.75111323812865982, 0.61675544942024807, 1.2905694413356796, 2.1191124949852682, 0.47477496693019372, 1.2656387906750435], [1, 1, 1, 1, 0, 1], 1) 
hit_rate: 1.0 
iteration 31 
([-1.0811215281100719, 0.61675544942024807, 1.2905694413356796, 2.1191124949852682, 0.47477496693019372, 1.2656387906750435], [1, 1, 1, 1, 0, 1], 1) 
hit_rate: 1.0 
iteration 32 
([-1.0811215281100719, 0.61675544942024807, 1.2905694413356796, 2.8683324159362327, 0.47477496693019372, 1.2656387906750435], [1, 1, 1, 1, 0, 1], 1) 
hit_rate: 1.0 
iteration 33 
([-1.0811215281100719, 0.61675544942024807, 1.2905694413356796, 1.954745033061936, 0.47477496693019372, 1.2656387906750435], [1, 1, 1, 1, 0, 1], 1) 
hit_rate: 1.0 
iteration 34 
([-0.31981766120721988, 0.61675544942024807, 1.2905694413356796, 1.954745033061936, 0.47477496693019372, 1.2656387906750435], [1, 1, 1, 1, 0, 1], 1) 
hit_rate: 1.0 
iteration 35 
([-0.31981766120721988, 0.61675544942024807, 1.2905694413356796, 1.954745033061936, -0.0073285575120896063, 1.2656387906750435], [1, 1, 1, 1, 0, 1], 1) 
hit_rate: 1.0 
iteration 36 
([-0.31981766120721988, 0.61675544942024807, 1.2905694413356796, 1.954745033061936, 0.58233591999875634, 1.2656387906750435], [1, 1, 1, 1, 0, 1], 1) 
hit_rate: 1.0 
iteration 37 
([-0.31981766120721988, 0.1523448646275416, 1.2905694413356796, 1.954745033061936, 0.58233591999875634, 1.2656387906750435], [1, 1, 1, 1, 0, 1], 1) 
hit_rate: 1.0 
iteration 38 
([-0.31981766120721988, 0.1523448646275416, 1.2905694413356796, 1.954745033061936, 0.093508277987042643, 1.2656387906750435], [1, 1, 1, 1, 0, 1], 1) 
hit_rate: 1.0 
iteration 39 
([-1.2528055167284196, 0.1523448646275416, 1.2905694413356796, 1.954745033061936, 0.093508277987042643, 1.2656387906750435], [1, 1, 1, 1, 0, 1], 1) 
hit_rate: 1.0 
iteration 40 
([-1.2528055167284196, 0.1523448646275416, 1.2905694413356796, 1.954745033061936, 0.093508277987042643, 0.64116198681493586], [1, 1, 1, 1, 0, 1], 1) 
hit_rate: 1.0 
iteration 41 
([-1.2528055167284196, 0.1523448646275416, 1.2905694413356796, 1.954745033061936, 1.076127532182225, 0.64116198681493586], [1, 1, 1, 1, 0, 1], 1) 
hit_rate: 1.0 
iteration 42 
([-1.2528055167284196, 0.5527680600759548, 1.2905694413356796, 1.954745033061936, 1.076127532182225, 0.64116198681493586], [1, 1, 1, 1, 0, 1], 1) 
hit_rate: 1.0 
iteration 43 
([-1.2528055167284196, 0.5527680600759548, 1.2905694413356796, 1.954745033061936, 1.076127532182225, 0.94117507003705492], [1, 1, 1, 1, 0, 1], 1) 
hit_rate: 1.0 
iteration 44 
([-1.2528055167284196, 0.5527680600759548, 1.2905694413356796, 1.954745033061936, 1.076127532182225, 0.99954074164120255], [1, 1, 1, 1, 0, 1], 1) 
hit_rate: 1.0 
iteration 45 
([-2.1755656415966915, 0.5527680600759548, 1.2905694413356796, 1.954745033061936, 1.076127532182225, 0.99954074164120255], [1, 1, 1, 1, 0, 1], 1) 
hit_rate: 1.0 
iteration 46 
([-2.1241418831634031, 0.5527680600759548, 1.2905694413356796, 1.954745033061936, 1.076127532182225, 0.99954074164120255], [1, 1, 1, 1, 0, 1], 1) 
hit_rate: 1.0 
iteration 47 
([-2.1241418831634031, 0.5527680600759548, 1.2905694413356796, 1.1352167321718807, 1.076127532182225, 0.99954074164120255], [1, 1, 1, 1, 0, 1], 1) 
hit_rate: 1.0 
iteration 48 
([-2.1241418831634031, 0.5527680600759548, 1.2905694413356796, 1.1352167321718807, 0.098048829982148922, 0.99954074164120255], [1, 1, 1, 1, 0, 1], 1) 
hit_rate: 1.0 
iteration 49 
([-1.8620541692333568, 0.5527680600759548, 1.2905694413356796, 1.1352167321718807, 0.098048829982148922, 0.99954074164120255], [1, 1, 1, 1, 0, 1], 1) 
hit_rate: 1.0 
iteration 50 
([-1.8620541692333568, 0.5527680600759548, 1.2905694413356796, 0.17487269233342939, 0.098048829982148922, 0.99954074164120255], [1, 1, 1, 1, 0, 1], 1) 
hit_rate: 1.0 
iteration 51 
([-2.8099151771842141, 0.5527680600759548, 1.2905694413356796, 0.17487269233342939, 0.098048829982148922, 0.99954074164120255], [1, 1, 1, 1, 0, 1], 1) 
hit_rate: 1.0 
iteration 52 
([-2.8099151771842141, 0.5527680600759548, 1.2905694413356796, 1.035267350437687, 0.098048829982148922, 0.99954074164120255], [1, 1, 1, 1, 0, 1], 1) 
hit_rate: 1.0 
iteration 53 
([-2.8099151771842141, 0.5527680600759548, 1.2905694413356796, 1.035267350437687, 0.098048829982148922, 0.29082006864578647], [1, 1, 1, 1, 0, 1], 1) 
hit_rate: 1.0 
iteration 54 
([-2.8099151771842141, 0.5527680600759548, 1.2905694413356796, 1.035267350437687, -0.42294511502978049, 0.29082006864578647], [1, 1, 1, 1, 0, 1], 1) 
hit_rate: 1.0 
iteration 55 
([-2.8099151771842141, 0.5527680600759548, 1.2905694413356796, 1.035267350437687, -1.4034578745767221, 0.29082006864578647], [1, 1, 1, 1, 0, 1], 1) 
hit_rate: 1.0 
iteration 56 
([-2.9156512590096932, 0.5527680600759548, 1.2905694413356796, 1.035267350437687, -1.4034578745767221, 0.29082006864578647], [1, 1, 1, 1, 0, 1], 1) 
hit_rate: 1.0 
iteration 57 
([-2.4122321038170078, 0.5527680600759548, 1.2905694413356796, 1.035267350437687, -1.4034578745767221, 0.29082006864578647], [1, 1, 1, 1, 0, 1], 1) 
hit_rate: 1.0 
iteration 58 
([-2.4122321038170078, 0.5527680600759548, 2.0214105461955052, 1.035267350437687, -1.4034578745767221, 0.29082006864578647], [1, 1, 1, 1, 0, 1], 7) 
hit_rate: 0.5 
iteration 59 
([-2.4122321038170078, 0.5527680600759548, 1.7199429963599902, 1.035267350437687, -1.4034578745767221, 0.29082006864578647], [1, 1, 1, 1, 0, 1], 1) 
hit_rate: 1.0 
iteration 60 
([-2.4122321038170078, 0.5527680600759548, 1.7199429963599902, 1.035267350437687, -1.3290759590615497, 0.29082006864578647], [1, 1, 1, 1, 0, 1], 1) 
hit_rate: 1.0 
iteration 61 
([-2.5130198588150012, 0.5527680600759548, 1.7199429963599902, 1.035267350437687, -1.3290759590615497, 0.29082006864578647], [1, 1, 1, 1, 0, 1], 1) 
hit_rate: 1.0 
iteration 62 
([-2.5130198588150012, 0.5527680600759548, 1.7199429963599902, 1.035267350437687, -2.2849835532713372, 0.29082006864578647], [1, 1, 1, 1, 0, 1], 1) 
hit_rate: 1.0 
iteration 63 
([-2.5130198588150012, 0.5527680600759548, 1.7199429963599902, 1.035267350437687, -3.2177936106862557, 0.29082006864578647], [1, 1, 1, 1, 0, 1], 1) 
hit_rate: 1.0 
iteration 64 
([-2.5130198588150012, 0.5527680600759548, 1.7199429963599902, 1.035267350437687, -3.2177936106862557, -0.28970830025665473], [1, 1, 1, 1, 0, 1], 1) 
hit_rate: 1.0 
iteration 65 
([-2.5130198588150012, 0.5527680600759548, 1.7199429963599902, 1.035267350437687, -2.2879918944485791, -0.28970830025665473], [1, 1, 1, 1, 0, 1], 1) 
hit_rate: 1.0 
iteration 66 
([-2.5130198588150012, 0.5527680600759548, 0.82055733793811614, 1.035267350437687, -2.2879918944485791, -0.28970830025665473], [1, 1, 1, 1, 0, 1], 1) 
hit_rate: 1.0 
iteration 67 
([-2.5130198588150012, 0.5527680600759548, 0.82055733793811614, 1.035267350437687, -1.4104431542065285, -0.28970830025665473], [1, 1, 1, 1, 0, 1], 1) 
hit_rate: 1.0 
iteration 68 
([-2.5130198588150012, 0.5527680600759548, 0.82055733793811614, 1.035267350437687, -1.4104431542065285, 0.54909927832533523], [1, 1, 1, 1, 0, 1], 1) 
hit_rate: 1.0 
iteration 69 
([-1.6715035261962055, 0.5527680600759548, 0.82055733793811614, 1.035267350437687, -1.4104431542065285, 0.54909927832533523], [1, 1, 1, 1, 0, 1], 1) 
hit_rate: 1.0 
iteration 70 
([-1.6715035261962055, 0.5527680600759548, 0.22858288982743047, 1.035267350437687, -1.4104431542065285, 0.54909927832533523], [1, 1, 1, 1, 0, 1], 1) 
hit_rate: 1.0 
iteration 71 
([-1.6715035261962055, 0.5527680600759548, 0.22858288982743047, 1.035267350437687, -1.4104431542065285, -0.24553223273835978], [1, 1, 1, 1, 0, 1], 1) 
hit_rate: 1.0 
iteration 72 
([-1.6715035261962055, 0.5527680600759548, 0.22858288982743047, 1.035267350437687, -0.9197902501266042, -0.24553223273835978], [1, 1, 1, 1, 0, 1], 1) 
hit_rate: 1.0 
iteration 73 
([-2.4095489669529151, 0.5527680600759548, 0.22858288982743047, 1.035267350437687, -0.9197902501266042, -0.24553223273835978], [1, 1, 1, 1, 0, 1], 1) 
hit_rate: 1.0 
iteration 74 
([-2.4095489669529151, 0.5527680600759548, 0.80561917237981184, 1.035267350437687, -0.9197902501266042, -0.24553223273835978], [1, 1, 1, 1, 0, 1], 1) 
hit_rate: 1.0 
iteration 75 
([-2.4095489669529151, 0.5527680600759548, 0.73432875175681578, 1.035267350437687, -0.9197902501266042, -0.24553223273835978], [1, 1, 1, 1, 0, 1], 1) 
hit_rate: 1.0 
iteration 76 
([-1.5480724887448822, 0.5527680600759548, 0.73432875175681578, 1.035267350437687, -0.9197902501266042, -0.24553223273835978], [1, 1, 1, 1, 0, 1], 1) 
hit_rate: 1.0 
iteration 77 
([-1.5480724887448822, 0.53774262265153716, 0.73432875175681578, 1.035267350437687, -0.9197902501266042, -0.24553223273835978], [1, 1, 1, 1, 0, 1], 1) 
hit_rate: 1.0 
iteration 78 
([-1.5480724887448822, 0.53774262265153716, 0.73432875175681578, 1.035267350437687, -0.9197902501266042, -0.76865224594454218], [1, 1, 1, 1, 0, 1], 1) 
hit_rate: 1.0 
iteration 79 
([-1.3154141324653226, 0.53774262265153716, 0.73432875175681578, 1.035267350437687, -0.9197902501266042, -0.76865224594454218], [1, 1, 1, 1, 0, 1], 1) 
hit_rate: 1.0 
iteration 80 
([-1.3154141324653226, 0.53774262265153716, 0.73432875175681578, 1.035267350437687, -0.9197902501266042, -0.5108887725924125], [1, 1, 1, 1, 0, 1], 1) 
hit_rate: 1.0 
iteration 81 
([-1.3154141324653226, 0.53774262265153716, 0.73432875175681578, 1.035267350437687, -1.5017980043346788, -0.5108887725924125], [1, 1, 1, 1, 0, 1], 1) 
hit_rate: 1.0 
iteration 82 
([-1.3154141324653226, -0.43419689192943456, 0.73432875175681578, 1.035267350437687, -1.5017980043346788, -0.5108887725924125], [1, 1, 1, 1, 0, 1], 1) 
hit_rate: 1.0 
iteration 83 
([-0.98788265557767407, -0.43419689192943456, 0.73432875175681578, 1.035267350437687, -1.5017980043346788, -0.5108887725924125], [1, 1, 1, 1, 0, 1], 1) 
hit_rate: 1.0 
iteration 84 
([-0.98788265557767407, 0.34119836898697131, 0.73432875175681578, 1.035267350437687, -1.5017980043346788, -0.5108887725924125], [1, 1, 1, 1, 0, 1], 1) 
hit_rate: 1.0 
iteration 85 
([-0.98788265557767407, 0.34119836898697131, 0.73432875175681578, 1.5645597282123371, -1.5017980043346788, -0.5108887725924125], [1, 1, 1, 1, 0, 1], 1) 
hit_rate: 1.0 
iteration 86 
([-0.98788265557767407, 0.34119836898697131, 0.73432875175681578, 2.2969756707014977, -1.5017980043346788, -0.5108887725924125], [1, 1, 1, 1, 0, 1], 1) 
hit_rate: 1.0 
iteration 87 
([-1.3967286751584267, 0.34119836898697131, 0.73432875175681578, 2.2969756707014977, -1.5017980043346788, -0.5108887725924125], [1, 1, 1, 1, 0, 1], 1) 
hit_rate: 1.0 
iteration 88 
([-1.3967286751584267, 0.34797336486155905, 0.73432875175681578, 2.2969756707014977, -1.5017980043346788, -0.5108887725924125], [1, 1, 1, 1, 0, 1], 1) 
hit_rate: 1.0 
iteration 89 
([-1.3967286751584267, 0.34797336486155905, 0.73432875175681578, 2.5086565161784389, -1.5017980043346788, -0.5108887725924125], [1, 1, 1, 1, 0, 1], 1) 
hit_rate: 1.0 
iteration 90 
([-1.3967286751584267, 0.34797336486155905, 0.97361631646977442, 2.5086565161784389, -1.5017980043346788, -0.5108887725924125], [1, 1, 1, 1, 0, 1], 1) 
hit_rate: 1.0 
iteration 91 
([-1.3967286751584267, 0.34797336486155905, 0.20134676283230091, 2.5086565161784389, -1.5017980043346788, -0.5108887725924125], [1, 1, 1, 1, 0, 1], 1) 
hit_rate: 1.0 
iteration 92 
([-1.2354080183928189, 0.34797336486155905, 0.20134676283230091, 2.5086565161784389, -1.5017980043346788, -0.5108887725924125], [1, 1, 1, 1, 0, 1], 1) 
hit_rate: 1.0 
iteration 93 
([-1.2354080183928189, 0.34797336486155905, 0.20134676283230091, 2.469350999055222, -1.5017980043346788, -0.5108887725924125], [1, 1, 1, 1, 0, 1], 1) 
hit_rate: 1.0 
iteration 94 
([-1.2354080183928189, 0.34797336486155905, -0.76097956857841687, 2.469350999055222, -1.5017980043346788, -0.5108887725924125], [1, 1, 1, 1, 0, 1], 1) 
hit_rate: 1.0 
iteration 95 
([-1.2354080183928189, 0.34797336486155905, -0.76097956857841687, 2.469350999055222, -1.5017980043346788, -0.12890000724137818], [1, 1, 1, 1, 0, 1], 1) 
hit_rate: 1.0 
iteration 96 
([-1.2354080183928189, 0.21070033631360485, -0.76097956857841687, 2.469350999055222, -1.5017980043346788, -0.12890000724137818], [1, 1, 1, 1, 0, 1], 1) 
hit_rate: 1.0 
iteration 97 
([-1.2354080183928189, 0.21070033631360485, -1.1888241492422447, 2.469350999055222, -1.5017980043346788, -0.12890000724137818], [1, 1, 1, 1, 0, 1], 1) 
hit_rate: 1.0 
iteration 98 
([-1.2354080183928189, -0.78179164173812787, -1.1888241492422447, 2.469350999055222, -1.5017980043346788, -0.12890000724137818], [1, 1, 1, 1, 0, 1], 1) 
hit_rate: 1.0 
iteration 99 
([-1.9694905483829013, -0.78179164173812787, -1.1888241492422447, 2.469350999055222, -1.5017980043346788, -0.12890000724137818], [1, 1, 1, 1, 0, 1], 1) 
hit_rate: 1.0 
best solution: ([-1.9694905483829013, -0.78179164173812787, -1.1888241492422447, 2.469350999055222, -1.5017980043346788, -0.12890000724137818], [1, 1, 1, 1, 0, 1], 1)
Hits for the best solution: 1.0
TS Spent time: 0.582653045654
k-NN Spent time: 0.000156879425049
